12:49:03.350  INFO  manager.ApplicationManager - All tests run in Chrome Browser
12:49:06.980  INFO  manager.ApplicationManager - The link --->https://ilcarro.web.app/search
12:49:07.039  INFO  tests.TestBase - Name of method ---> loginSuccess
12:49:07.043  INFO  manager.ListenerWD - Before Find Element---> By.xpath: //a[text()=' Logout ']
12:49:12.061  INFO  manager.ListenerWD - After Find Element---> By.xpath: //a[text()=' Logout ']
12:49:12.066  INFO  manager.ListenerWD - List of elements is ---> 0
12:49:12.671  INFO  manager.HelperBase - Refresh
12:49:12.674  INFO  tests.TestBase - Start test name 'loginSuccess'
12:49:12.675  INFO  tests.TestBase - Test data ---> email: 'ssa@gmail.com' & password: 'Ssa12345$'
12:49:12.676  INFO  manager.ListenerWD - Before Find Element---> By.xpath: //*[text()=' Log in ']
12:49:12.738  INFO  manager.ListenerWD - After Find Element---> By.xpath: //*[text()=' Log in ']
12:49:12.763  INFO  manager.ListenerWD - Location of element ---> (1287, 24)
12:49:12.920  INFO  manager.ListenerWD - Before Find Element---> By.cssSelector: #email
12:49:12.974  INFO  manager.ListenerWD - After Find Element---> By.cssSelector: #email
12:49:12.992  INFO  manager.ListenerWD - Location of element ---> (1070, 258)
12:49:13.261  INFO  manager.ListenerWD - Before Find Element---> By.id: password
12:49:13.320  INFO  manager.ListenerWD - After Find Element---> By.id: password
12:49:13.340  INFO  manager.ListenerWD - Location of element ---> (1070, 332)
12:49:13.538  INFO  manager.ListenerWD - Before Find Element---> By.xpath: //button[@type='submit']
12:49:13.586  INFO  manager.ListenerWD - After Find Element---> By.xpath: //button[@type='submit']
12:49:13.607  INFO  manager.ListenerWD - Location of element ---> (1070, 401)
12:49:13.691  INFO  manager.ListenerWD - Before Find Element---> By.cssSelector: .dialog-container
12:49:14.696  INFO  manager.ListenerWD - After Find Element---> By.cssSelector: .dialog-container
12:49:14.718  INFO  manager.ListenerWD - Location of element ---> (608, 309)
12:49:14.781  INFO  manager.ListenerWD - Before Find Element---> By.cssSelector: .dialog-container>h2
12:49:14.832  INFO  manager.ListenerWD - After Find Element---> By.cssSelector: .dialog-container>h2
12:49:14.857  INFO  manager.ListenerWD - Location of element ---> (583, 344)
12:49:14.895  INFO  tests.TestBase - Assert check is Element present with text 'Logged in success'
12:49:14.901  INFO  manager.ListenerWD - Before Find Element---> By.cssSelector: .dialog-container
12:49:14.949  INFO  manager.ListenerWD - After Find Element---> By.cssSelector: .dialog-container
12:49:14.950  INFO  manager.ListenerWD - List of elements is ---> 1
12:49:14.951  INFO  manager.ListenerWD - Before Find Element---> By.xpath: //button[text()='Ok']
12:49:15.008  INFO  manager.ListenerWD - After Find Element---> By.xpath: //button[text()='Ok']
12:49:15.026  INFO  manager.ListenerWD - Location of element ---> (793, 398)
12:49:15.089  INFO  tests.TestBase - The window is closed
12:49:15.103  INFO  tests.TestBase - Name of method ---> loginSuccess1
12:49:15.104  INFO  manager.ListenerWD - Before Find Element---> By.xpath: //a[text()=' Logout ']
12:49:15.139  INFO  manager.ListenerWD - After Find Element---> By.xpath: //a[text()=' Logout ']
12:49:15.140  INFO  manager.ListenerWD - List of elements is ---> 1
12:49:15.141  INFO  manager.ListenerWD - Before Find Element---> By.xpath: //a[text()=' Logout ']
12:49:15.178  INFO  manager.ListenerWD - After Find Element---> By.xpath: //a[text()=' Logout ']
12:49:15.196  INFO  manager.ListenerWD - Location of element ---> (1099, 24)
12:49:15.363  INFO  tests.TestBase - Before method finish logout
12:49:15.391  INFO  tests.TestBase - Test data from object --->User{firstName='null', lastName='null', email='ssa@gmail.com', password='Ssa12345$'}
12:49:15.391  INFO  manager.ListenerWD - Before Find Element---> By.xpath: //*[text()=' Log in ']
12:49:15.422  INFO  manager.ListenerWD - After Find Element---> By.xpath: //*[text()=' Log in ']
12:49:15.442  INFO  manager.ListenerWD - Location of element ---> (1287, 24)
12:49:15.534  INFO  manager.ListenerWD - Before Find Element---> By.cssSelector: #email
12:49:15.573  INFO  manager.ListenerWD - After Find Element---> By.cssSelector: #email
12:49:15.591  INFO  manager.ListenerWD - Location of element ---> (1070, 258)
12:49:15.827  INFO  manager.ListenerWD - Before Find Element---> By.id: password
12:49:15.859  INFO  manager.ListenerWD - After Find Element---> By.id: password
12:49:15.877  INFO  manager.ListenerWD - Location of element ---> (1070, 332)
12:49:16.065  INFO  manager.ListenerWD - Before Find Element---> By.xpath: //button[@type='submit']
12:49:16.097  INFO  manager.ListenerWD - After Find Element---> By.xpath: //button[@type='submit']
12:49:16.115  INFO  manager.ListenerWD - Location of element ---> (1070, 401)
12:49:16.183  INFO  manager.ListenerWD - Before Find Element---> By.cssSelector: .dialog-container
12:49:16.476  INFO  manager.ListenerWD - After Find Element---> By.cssSelector: .dialog-container
12:49:16.492  INFO  manager.ListenerWD - Location of element ---> (608, 309)
12:49:16.524  INFO  manager.ListenerWD - Before Find Element---> By.cssSelector: .dialog-container>h2
12:49:16.549  INFO  manager.ListenerWD - After Find Element---> By.cssSelector: .dialog-container>h2
12:49:16.567  INFO  manager.ListenerWD - Location of element ---> (587, 345)
12:49:16.593  INFO  tests.TestBase - Assert check is Element present with text 'Logged in success'
12:49:16.595  INFO  manager.ListenerWD - Before Find Element---> By.cssSelector: .dialog-container
12:49:16.622  INFO  manager.ListenerWD - After Find Element---> By.cssSelector: .dialog-container
12:49:16.622  INFO  manager.ListenerWD - List of elements is ---> 1
12:49:16.622  INFO  manager.ListenerWD - Before Find Element---> By.xpath: //button[text()='Ok']
12:49:16.649  INFO  manager.ListenerWD - After Find Element---> By.xpath: //button[text()='Ok']
12:49:16.667  INFO  manager.ListenerWD - Location of element ---> (793, 398)
12:49:16.727  INFO  tests.TestBase - The window is closed
12:49:16.729  INFO  tests.TestBase - Name of method ---> loginSuccess1
12:49:16.730  INFO  manager.ListenerWD - Before Find Element---> By.xpath: //a[text()=' Logout ']
12:49:16.760  INFO  manager.ListenerWD - After Find Element---> By.xpath: //a[text()=' Logout ']
12:49:16.760  INFO  manager.ListenerWD - List of elements is ---> 1
12:49:16.762  INFO  manager.ListenerWD - Before Find Element---> By.xpath: //a[text()=' Logout ']
12:49:16.791  INFO  manager.ListenerWD - After Find Element---> By.xpath: //a[text()=' Logout ']
12:49:16.811  INFO  manager.ListenerWD - Location of element ---> (1099, 24)
12:49:16.940  INFO  tests.TestBase - Before method finish logout
12:49:16.941  INFO  tests.TestBase - Test data from object --->User{firstName='null', lastName='null', email='saa@gmail.com', password='Saa12345$'}
12:49:16.941  INFO  manager.ListenerWD - Before Find Element---> By.xpath: //*[text()=' Log in ']
12:49:16.967  INFO  manager.ListenerWD - After Find Element---> By.xpath: //*[text()=' Log in ']
12:49:16.982  INFO  manager.ListenerWD - Location of element ---> (1287, 24)
12:49:17.060  INFO  manager.ListenerWD - Before Find Element---> By.cssSelector: #email
12:49:17.085  INFO  manager.ListenerWD - After Find Element---> By.cssSelector: #email
12:49:17.100  INFO  manager.ListenerWD - Location of element ---> (1070, 258)
12:49:17.307  INFO  manager.ListenerWD - Before Find Element---> By.id: password
12:49:17.332  INFO  manager.ListenerWD - After Find Element---> By.id: password
12:49:17.347  INFO  manager.ListenerWD - Location of element ---> (1070, 332)
12:49:17.515  INFO  manager.ListenerWD - Before Find Element---> By.xpath: //button[@type='submit']
12:49:17.543  INFO  manager.ListenerWD - After Find Element---> By.xpath: //button[@type='submit']
12:49:17.560  INFO  manager.ListenerWD - Location of element ---> (1070, 401)
12:49:17.630  INFO  manager.ListenerWD - Before Find Element---> By.cssSelector: .dialog-container
12:49:17.939  INFO  manager.ListenerWD - After Find Element---> By.cssSelector: .dialog-container
12:49:17.955  INFO  manager.ListenerWD - Location of element ---> (607, 308)
12:49:17.977  INFO  manager.ListenerWD - Before Find Element---> By.cssSelector: .dialog-container>h2
12:49:18.000  INFO  manager.ListenerWD - After Find Element---> By.cssSelector: .dialog-container>h2
12:49:18.015  INFO  manager.ListenerWD - Location of element ---> (587, 345)
12:49:18.040  INFO  tests.TestBase - Assert check is Element present with text 'Logged in success'
12:49:18.041  INFO  manager.ListenerWD - Before Find Element---> By.cssSelector: .dialog-container
12:49:18.065  INFO  manager.ListenerWD - After Find Element---> By.cssSelector: .dialog-container
12:49:18.065  INFO  manager.ListenerWD - List of elements is ---> 1
12:49:18.065  INFO  manager.ListenerWD - Before Find Element---> By.xpath: //button[text()='Ok']
12:49:18.092  INFO  manager.ListenerWD - After Find Element---> By.xpath: //button[text()='Ok']
12:49:18.108  INFO  manager.ListenerWD - Location of element ---> (793, 398)
12:49:18.163  INFO  tests.TestBase - The window is closed
12:49:18.164  INFO  tests.TestBase - Name of method ---> loginSuccessModel
12:49:18.166  INFO  manager.ListenerWD - Before Find Element---> By.xpath: //a[text()=' Logout ']
12:49:18.191  INFO  manager.ListenerWD - After Find Element---> By.xpath: //a[text()=' Logout ']
12:49:18.191  INFO  manager.ListenerWD - List of elements is ---> 1
12:49:18.192  INFO  manager.ListenerWD - Before Find Element---> By.xpath: //a[text()=' Logout ']
12:49:18.217  INFO  manager.ListenerWD - After Find Element---> By.xpath: //a[text()=' Logout ']
12:49:18.232  INFO  manager.ListenerWD - Location of element ---> (1099, 24)
12:49:18.365  INFO  tests.TestBase - Before method finish logout
12:49:18.367  INFO  tests.TestBase - Test data ---> email: 'ssa@gmail.com' & password: 'Ssa12345$'
12:49:18.368  INFO  manager.ListenerWD - Before Find Element---> By.xpath: //*[text()=' Log in ']
12:49:18.393  INFO  manager.ListenerWD - After Find Element---> By.xpath: //*[text()=' Log in ']
12:49:18.410  INFO  manager.ListenerWD - Location of element ---> (1287, 24)
12:49:18.490  INFO  manager.ListenerWD - Before Find Element---> By.cssSelector: #email
12:49:18.513  INFO  manager.ListenerWD - After Find Element---> By.cssSelector: #email
12:49:18.528  INFO  manager.ListenerWD - Location of element ---> (1070, 258)
12:49:18.730  INFO  manager.ListenerWD - Before Find Element---> By.id: password
12:49:18.753  INFO  manager.ListenerWD - After Find Element---> By.id: password
12:49:18.773  INFO  manager.ListenerWD - Location of element ---> (1070, 332)
12:49:18.947  INFO  manager.ListenerWD - Before Find Element---> By.xpath: //button[@type='submit']
12:49:18.977  INFO  manager.ListenerWD - After Find Element---> By.xpath: //button[@type='submit']
12:49:18.994  INFO  manager.ListenerWD - Location of element ---> (1070, 401)
12:49:19.059  INFO  manager.ListenerWD - Before Find Element---> By.cssSelector: .dialog-container
12:49:19.351  INFO  manager.ListenerWD - After Find Element---> By.cssSelector: .dialog-container
12:49:19.367  INFO  manager.ListenerWD - Location of element ---> (618, 312)
12:49:19.387  INFO  manager.ListenerWD - Before Find Element---> By.cssSelector: .dialog-container>h2
12:49:19.409  INFO  manager.ListenerWD - After Find Element---> By.cssSelector: .dialog-container>h2
12:49:19.424  INFO  manager.ListenerWD - Location of element ---> (590, 345)
12:49:19.448  INFO  tests.TestBase - Assert check is Element present with text 'Logged in success'
12:49:19.450  INFO  manager.ListenerWD - Before Find Element---> By.cssSelector: .dialog-container
12:49:19.473  INFO  manager.ListenerWD - After Find Element---> By.cssSelector: .dialog-container
12:49:19.474  INFO  manager.ListenerWD - List of elements is ---> 1
12:49:19.474  INFO  manager.ListenerWD - Before Find Element---> By.xpath: //button[text()='Ok']
12:49:19.500  INFO  manager.ListenerWD - After Find Element---> By.xpath: //button[text()='Ok']
12:49:19.515  INFO  manager.ListenerWD - Location of element ---> (793, 398)
12:49:19.571  INFO  tests.TestBase - The window is closed
12:49:19.573  INFO  tests.TestBase - Name of method ---> loginUnregisteredUser
12:49:19.574  INFO  manager.ListenerWD - Before Find Element---> By.xpath: //a[text()=' Logout ']
12:49:19.596  INFO  manager.ListenerWD - After Find Element---> By.xpath: //a[text()=' Logout ']
12:49:19.596  INFO  manager.ListenerWD - List of elements is ---> 1
12:49:19.596  INFO  manager.ListenerWD - Before Find Element---> By.xpath: //a[text()=' Logout ']
12:49:19.618  INFO  manager.ListenerWD - After Find Element---> By.xpath: //a[text()=' Logout ']
12:49:19.633  INFO  manager.ListenerWD - Location of element ---> (1099, 24)
12:49:19.769  INFO  tests.TestBase - Before method finish logout
12:49:19.771  INFO  tests.TestBase - Test data ---> email: 'abc@gmail.com' & password: 'Abc12345$'
12:49:19.771  INFO  manager.ListenerWD - Before Find Element---> By.xpath: //*[text()=' Log in ']
12:49:19.796  INFO  manager.ListenerWD - After Find Element---> By.xpath: //*[text()=' Log in ']
12:49:19.810  INFO  manager.ListenerWD - Location of element ---> (1287, 24)
12:49:19.894  INFO  manager.ListenerWD - Before Find Element---> By.cssSelector: #email
12:49:19.923  INFO  manager.ListenerWD - After Find Element---> By.cssSelector: #email
12:49:19.940  INFO  manager.ListenerWD - Location of element ---> (1070, 258)
12:49:20.167  INFO  manager.ListenerWD - Before Find Element---> By.id: password
12:49:20.190  INFO  manager.ListenerWD - After Find Element---> By.id: password
12:49:20.206  INFO  manager.ListenerWD - Location of element ---> (1070, 332)
12:49:20.408  INFO  manager.ListenerWD - Before Find Element---> By.xpath: //button[@type='submit']
12:49:20.434  INFO  manager.ListenerWD - After Find Element---> By.xpath: //button[@type='submit']
12:49:20.448  INFO  manager.ListenerWD - Location of element ---> (1070, 401)
12:49:20.519  INFO  manager.ListenerWD - Before Find Element---> By.cssSelector: .dialog-container
12:49:22.482  INFO  manager.ListenerWD - After Find Element---> By.cssSelector: .dialog-container
12:49:22.501  INFO  manager.ListenerWD - Location of element ---> (608, 309)
12:49:22.527  INFO  manager.ListenerWD - Before Find Element---> By.cssSelector: .dialog-container>h2
12:49:22.552  INFO  manager.ListenerWD - After Find Element---> By.cssSelector: .dialog-container>h2
12:49:22.568  INFO  manager.ListenerWD - Location of element ---> (587, 345)
12:49:22.594  INFO  tests.TestBase - Assert check is Error present with text '"Login or Password incorrect"'
12:49:22.596  INFO  manager.ListenerWD - Before Find Element---> By.cssSelector: .dialog-container
12:49:22.620  INFO  manager.ListenerWD - After Find Element---> By.cssSelector: .dialog-container
12:49:22.620  INFO  manager.ListenerWD - List of elements is ---> 1
12:49:22.621  INFO  manager.ListenerWD - Before Find Element---> By.xpath: //button[text()='Ok']
12:49:22.650  INFO  manager.ListenerWD - After Find Element---> By.xpath: //button[text()='Ok']
12:49:22.665  INFO  manager.ListenerWD - Location of element ---> (793, 398)
12:49:22.726  INFO  tests.TestBase - The window is closed
12:49:22.729  INFO  tests.TestBase - Name of method ---> loginWrongEmail
12:49:22.731  INFO  manager.ListenerWD - Before Find Element---> By.xpath: //a[text()=' Logout ']
12:49:27.795  INFO  manager.ListenerWD - After Find Element---> By.xpath: //a[text()=' Logout ']
12:49:27.796  INFO  manager.ListenerWD - List of elements is ---> 0
12:49:28.124  INFO  manager.HelperBase - Refresh
12:49:28.127  INFO  tests.TestBase - Test data --->User{firstName='null', lastName='null', email='ssagmail.com', password='Ssa12345$'}
12:49:28.128  INFO  manager.ListenerWD - Before Find Element---> By.xpath: //*[text()=' Log in ']
12:49:28.154  INFO  manager.ListenerWD - After Find Element---> By.xpath: //*[text()=' Log in ']
12:49:28.174  INFO  manager.ListenerWD - Location of element ---> (1287, 24)
12:49:28.239  INFO  manager.ListenerWD - Before Find Element---> By.cssSelector: #email
12:49:28.286  INFO  manager.ListenerWD - After Find Element---> By.cssSelector: #email
12:49:28.301  INFO  manager.ListenerWD - Location of element ---> (1070, 258)
12:49:28.519  INFO  manager.ListenerWD - Before Find Element---> By.id: password
12:49:28.541  INFO  manager.ListenerWD - After Find Element---> By.id: password
12:49:28.557  INFO  manager.ListenerWD - Location of element ---> (1070, 332)
12:49:28.738  INFO  manager.ListenerWD - Before Find Element---> By.xpath: //button[@type='submit']
12:49:28.763  INFO  manager.ListenerWD - After Find Element---> By.xpath: //button[@type='submit']
12:49:28.780  INFO  manager.ListenerWD - Location of element ---> (1070, 421)
12:49:28.835  INFO  manager.ListenerWD - Before Find Element---> By.cssSelector: .error
12:49:28.864  INFO  manager.ListenerWD - After Find Element---> By.cssSelector: .error
12:49:28.878  INFO  manager.ListenerWD - Location of element ---> (1070, 302)
12:49:28.903  INFO  tests.TestBase - Assert check is Error present with text 'It'snot look like email'
12:49:28.903  INFO  manager.ListenerWD - Before Find Element---> By.xpath: //button[@disabled]
12:49:28.933  INFO  manager.ListenerWD - After Find Element---> By.xpath: //button[@disabled]
12:49:28.933  INFO  manager.ListenerWD - List of elements is ---> 1
12:49:28.934  INFO  manager.ListenerWD - Before Find Element---> By.cssSelector: button[type = 'submit']
12:49:28.963  INFO  manager.ListenerWD - After Find Element---> By.cssSelector: button[type = 'submit']
12:49:28.974  INFO  manager.ListenerWD - Location of element ---> (1070, 421)
12:49:28.990  INFO  tests.TestBase - Assert check is Element button 'Yalla' not clickable
12:49:28.991  INFO  manager.ListenerWD - Before Find Element---> By.cssSelector: .dialog-container
12:49:34.004  INFO  manager.ListenerWD - After Find Element---> By.cssSelector: .dialog-container
12:49:34.005  INFO  manager.ListenerWD - List of elements is ---> 0
12:49:34.006  INFO  tests.TestBase - Name of method ---> loginWrongEmail
12:49:34.007  INFO  manager.ListenerWD - Before Find Element---> By.xpath: //a[text()=' Logout ']
12:49:39.026  INFO  manager.ListenerWD - After Find Element---> By.xpath: //a[text()=' Logout ']
12:49:39.027  INFO  manager.ListenerWD - List of elements is ---> 0
12:49:39.329  INFO  manager.HelperBase - Refresh
12:49:39.330  INFO  tests.TestBase - Test data --->User{firstName='null', lastName='null', email='@gmail.com', password='Ssa12345$'}
12:49:39.330  INFO  manager.ListenerWD - Before Find Element---> By.xpath: //*[text()=' Log in ']
12:49:39.354  INFO  manager.ListenerWD - After Find Element---> By.xpath: //*[text()=' Log in ']
12:49:39.372  INFO  manager.ListenerWD - Location of element ---> (1287, 24)
12:49:39.455  INFO  manager.ListenerWD - Before Find Element---> By.cssSelector: #email
12:49:39.488  INFO  manager.ListenerWD - After Find Element---> By.cssSelector: #email
12:49:39.503  INFO  manager.ListenerWD - Location of element ---> (1070, 258)
12:49:39.709  INFO  manager.ListenerWD - Before Find Element---> By.id: password
12:49:39.731  INFO  manager.ListenerWD - After Find Element---> By.id: password
12:49:39.746  INFO  manager.ListenerWD - Location of element ---> (1070, 332)
12:49:39.929  INFO  manager.ListenerWD - Before Find Element---> By.xpath: //button[@type='submit']
12:49:39.953  INFO  manager.ListenerWD - After Find Element---> By.xpath: //button[@type='submit']
12:49:39.969  INFO  manager.ListenerWD - Location of element ---> (1070, 421)
12:49:40.025  INFO  manager.ListenerWD - Before Find Element---> By.cssSelector: .error
12:49:40.047  INFO  manager.ListenerWD - After Find Element---> By.cssSelector: .error
12:49:40.062  INFO  manager.ListenerWD - Location of element ---> (1070, 302)
12:49:40.086  INFO  tests.TestBase - Assert check is Error present with text 'It'snot look like email'
12:49:40.086  INFO  manager.ListenerWD - Before Find Element---> By.xpath: //button[@disabled]
12:49:40.108  INFO  manager.ListenerWD - After Find Element---> By.xpath: //button[@disabled]
12:49:40.108  INFO  manager.ListenerWD - List of elements is ---> 1
12:49:40.109  INFO  manager.ListenerWD - Before Find Element---> By.cssSelector: button[type = 'submit']
12:49:40.140  INFO  manager.ListenerWD - After Find Element---> By.cssSelector: button[type = 'submit']
12:49:40.150  INFO  manager.ListenerWD - Location of element ---> (1070, 421)
12:49:40.164  INFO  tests.TestBase - Assert check is Element button 'Yalla' not clickable
12:49:40.166  INFO  manager.ListenerWD - Before Find Element---> By.cssSelector: .dialog-container
12:49:45.228  INFO  manager.ListenerWD - After Find Element---> By.cssSelector: .dialog-container
12:49:45.229  INFO  manager.ListenerWD - List of elements is ---> 0
12:49:45.231  INFO  tests.TestBase - Name of method ---> loginWrongEmailEmpty
12:49:45.231  INFO  manager.ListenerWD - Before Find Element---> By.xpath: //a[text()=' Logout ']
12:49:50.290  INFO  manager.ListenerWD - After Find Element---> By.xpath: //a[text()=' Logout ']
12:49:50.290  INFO  manager.ListenerWD - List of elements is ---> 0
12:49:51.412  INFO  manager.HelperBase - Refresh
12:49:51.414  INFO  tests.TestBase - Test data --->User{firstName='null', lastName='null', email='', password='Ssa12345$'}
12:49:51.414  INFO  manager.ListenerWD - Before Find Element---> By.xpath: //*[text()=' Log in ']
12:49:51.437  INFO  manager.ListenerWD - After Find Element---> By.xpath: //*[text()=' Log in ']
12:49:51.457  INFO  manager.ListenerWD - Location of element ---> (1287, 24)
12:49:51.538  INFO  manager.ListenerWD - Before Find Element---> By.cssSelector: #email
12:49:51.566  INFO  manager.ListenerWD - After Find Element---> By.cssSelector: #email
12:49:51.582  INFO  manager.ListenerWD - Location of element ---> (1070, 258)
12:49:51.773  INFO  manager.ListenerWD - Before Find Element---> By.id: password
12:49:51.795  INFO  manager.ListenerWD - After Find Element---> By.id: password
12:49:51.811  INFO  manager.ListenerWD - Location of element ---> (1070, 332)
12:49:51.999  INFO  manager.ListenerWD - Before Find Element---> By.xpath: //button[@type='submit']
12:49:52.024  INFO  manager.ListenerWD - After Find Element---> By.xpath: //button[@type='submit']
12:49:52.041  INFO  manager.ListenerWD - Location of element ---> (1070, 421)
12:49:52.095  INFO  manager.ListenerWD - Before Find Element---> By.cssSelector: .error
12:49:52.120  INFO  manager.ListenerWD - After Find Element---> By.cssSelector: .error
12:49:52.134  INFO  manager.ListenerWD - Location of element ---> (1070, 302)
12:49:52.159  INFO  tests.TestBase - Assert check is Error present with text 'Email is required'
12:49:52.161  INFO  manager.ListenerWD - Before Find Element---> By.cssSelector: .dialog-container
12:49:57.219  INFO  manager.ListenerWD - After Find Element---> By.cssSelector: .dialog-container
12:49:57.220  INFO  manager.ListenerWD - List of elements is ---> 0
12:49:57.221  INFO  tests.TestBase - Name of method ---> loginWrongPassword
12:49:57.222  INFO  manager.ListenerWD - Before Find Element---> By.xpath: //a[text()=' Logout ']
12:50:02.237  INFO  manager.ListenerWD - After Find Element---> By.xpath: //a[text()=' Logout ']
12:50:02.237  INFO  manager.ListenerWD - List of elements is ---> 0
12:50:02.624  INFO  manager.HelperBase - Refresh
12:50:02.625  INFO  tests.TestBase - Test data ---> email: 'ssa@gmail.com' & password: 'Ssa'
12:50:02.626  INFO  manager.ListenerWD - Before Find Element---> By.xpath: //*[text()=' Log in ']
12:50:02.666  INFO  manager.ListenerWD - After Find Element---> By.xpath: //*[text()=' Log in ']
12:50:02.685  INFO  manager.ListenerWD - Location of element ---> (1287, 24)
12:50:02.763  INFO  manager.ListenerWD - Before Find Element---> By.cssSelector: #email
12:50:02.795  INFO  manager.ListenerWD - After Find Element---> By.cssSelector: #email
12:50:02.814  INFO  manager.ListenerWD - Location of element ---> (1070, 258)
12:50:03.052  INFO  manager.ListenerWD - Before Find Element---> By.id: password
12:50:03.077  INFO  manager.ListenerWD - After Find Element---> By.id: password
12:50:03.095  INFO  manager.ListenerWD - Location of element ---> (1070, 332)
12:50:03.277  INFO  manager.ListenerWD - Before Find Element---> By.xpath: //button[@type='submit']
12:50:03.303  INFO  manager.ListenerWD - After Find Element---> By.xpath: //button[@type='submit']
12:50:03.323  INFO  manager.ListenerWD - Location of element ---> (1070, 401)
12:50:03.425  INFO  manager.ListenerWD - Before Find Element---> By.cssSelector: .dialog-container
12:50:04.049  INFO  manager.ListenerWD - After Find Element---> By.cssSelector: .dialog-container
12:50:04.065  INFO  manager.ListenerWD - Location of element ---> (619, 312)
12:50:04.099  INFO  manager.ListenerWD - Before Find Element---> By.cssSelector: .dialog-container>h2
12:50:04.138  INFO  manager.ListenerWD - After Find Element---> By.cssSelector: .dialog-container>h2
12:50:04.160  INFO  manager.ListenerWD - Location of element ---> (585, 345)
12:50:04.185  INFO  tests.TestBase - Assert check is Error present with text '"Login or Password incorrect"'
12:50:04.186  INFO  manager.ListenerWD - Before Find Element---> By.cssSelector: .dialog-container
12:50:04.206  INFO  manager.ListenerWD - After Find Element---> By.cssSelector: .dialog-container
12:50:04.206  INFO  manager.ListenerWD - List of elements is ---> 1
12:50:04.206  INFO  manager.ListenerWD - Before Find Element---> By.xpath: //button[text()='Ok']
12:50:04.234  INFO  manager.ListenerWD - After Find Element---> By.xpath: //button[text()='Ok']
12:50:04.251  INFO  manager.ListenerWD - Location of element ---> (793, 398)
12:50:04.311  INFO  tests.TestBase - The window is closed
12:50:04.312  INFO  tests.TestBase - Name of method ---> loginWrongPasswordEmpty
12:50:04.313  INFO  manager.ListenerWD - Before Find Element---> By.xpath: //a[text()=' Logout ']
12:50:09.342  INFO  manager.ListenerWD - After Find Element---> By.xpath: //a[text()=' Logout ']
12:50:09.343  INFO  manager.ListenerWD - List of elements is ---> 0
12:50:10.191  INFO  manager.HelperBase - Refresh
12:50:10.192  INFO  tests.TestBase - Test data ---> email: 'ssa@gmail.com' & password: ''
12:50:10.192  INFO  manager.ListenerWD - Before Find Element---> By.xpath: //*[text()=' Log in ']
12:50:10.213  INFO  manager.ListenerWD - After Find Element---> By.xpath: //*[text()=' Log in ']
12:50:10.226  INFO  manager.ListenerWD - Location of element ---> (1287, 24)
12:50:10.283  INFO  manager.ListenerWD - Before Find Element---> By.cssSelector: #email
12:50:10.303  INFO  manager.ListenerWD - After Find Element---> By.cssSelector: #email
12:50:10.319  INFO  manager.ListenerWD - Location of element ---> (1070, 258)
12:50:10.517  INFO  manager.ListenerWD - Before Find Element---> By.id: password
12:50:10.538  INFO  manager.ListenerWD - After Find Element---> By.id: password
12:50:10.552  INFO  manager.ListenerWD - Location of element ---> (1070, 332)
12:50:10.694  INFO  manager.ListenerWD - Before Find Element---> By.xpath: //button[@type='submit']
12:50:10.714  INFO  manager.ListenerWD - After Find Element---> By.xpath: //button[@type='submit']
12:50:10.727  INFO  manager.ListenerWD - Location of element ---> (1070, 401)
12:50:10.779  INFO  manager.ListenerWD - Before Find Element---> By.xpath: //button[@disabled]
12:50:10.808  INFO  manager.ListenerWD - After Find Element---> By.xpath: //button[@disabled]
12:50:10.808  INFO  manager.ListenerWD - List of elements is ---> 1
12:50:10.809  INFO  manager.ListenerWD - Before Find Element---> By.cssSelector: button[type = 'submit']
12:50:10.835  INFO  manager.ListenerWD - After Find Element---> By.cssSelector: button[type = 'submit']
12:50:10.846  INFO  manager.ListenerWD - Location of element ---> (1070, 401)
12:50:10.860  INFO  tests.TestBase - Assert check is Element button 'Yalla' not clickable
12:50:10.861  INFO  manager.ListenerWD - Before Find Element---> By.cssSelector: .dialog-container
12:50:15.890  INFO  manager.ListenerWD - After Find Element---> By.cssSelector: .dialog-container
12:50:15.891  INFO  manager.ListenerWD - List of elements is ---> 0
