20:48:47.015  INFO  manager.ApplicationManager - All tests run in Chrome Browser
20:48:49.531  INFO  manager.ApplicationManager - The link --->https://ilcarro.web.app/search
20:48:49.607  INFO  tests.TestBase - Name of method ---> negativeSearch
20:48:49.614  INFO  manager.ListenerWD - Before Find Element---> By.cssSelector: a.logo
20:48:49.680  INFO  manager.ListenerWD - After Find Element---> By.cssSelector: a.logo
20:48:49.707  INFO  manager.ListenerWD - Location of element ---> (153, 16)
20:48:50.135  INFO  manager.ListenerWD - Before Find Element---> By.id: city
20:48:50.188  INFO  manager.ListenerWD - After Find Element---> By.id: city
20:48:50.213  INFO  manager.ListenerWD - Location of element ---> (153, 234)
20:48:50.558  INFO  manager.ListenerWD - Before Find Element---> By.cssSelector: .pac-item
20:48:51.239  INFO  manager.ListenerWD - After Find Element---> By.cssSelector: .pac-item
20:48:51.262  INFO  manager.ListenerWD - Location of element ---> (154, 279)
20:48:51.347  INFO  manager.ListenerWD - Before Find Element---> By.id: dates
20:48:51.395  INFO  manager.ListenerWD - After Find Element---> By.id: dates
20:48:51.413  INFO  manager.ListenerWD - Location of element ---> (153, 327)
20:48:51.539  INFO  manager.ListenerWD - Before Find Element---> By.id: dates
20:48:51.576  INFO  manager.ListenerWD - After Find Element---> By.id: dates
20:48:51.591  INFO  manager.ListenerWD - Location of element ---> (153, 308)
20:48:51.693  INFO  manager.ListenerWD - Before Find Element---> By.id: city
20:48:51.732  INFO  manager.ListenerWD - After Find Element---> By.id: city
20:48:51.750  INFO  manager.ListenerWD - Location of element ---> (153, 234)
20:48:51.835  INFO  manager.ListenerWD - Before Find Element---> By.xpath: //button[@type='submit']
20:48:51.890  INFO  manager.ListenerWD - After Find Element---> By.xpath: //button[@type='submit']
20:48:51.909  INFO  manager.ListenerWD - Location of element ---> (153, 385)
20:48:51.963  INFO  manager.ListenerWD - Before Find Element---> By.xpath: //button[@disabled]
20:48:52.010  INFO  manager.ListenerWD - After Find Element---> By.xpath: //button[@disabled]
20:48:52.015  INFO  manager.ListenerWD - List of elements is ---> 1
20:48:52.016  INFO  manager.ListenerWD - Before Find Element---> By.cssSelector: button[type = 'submit']
20:48:52.058  INFO  manager.ListenerWD - After Find Element---> By.cssSelector: button[type = 'submit']
20:48:52.073  INFO  manager.ListenerWD - Location of element ---> (153, 385)
20:48:52.096  INFO  manager.ListenerWD - Before Find Element---> By.cssSelector: .error
20:48:52.138  INFO  manager.ListenerWD - After Find Element---> By.cssSelector: .error
20:48:52.161  INFO  manager.ListenerWD - Location of element ---> (153, 352)
