19:31:41.178  INFO  manager.ApplicationManager - All tests run in Chrome Browser
19:31:43.653  INFO  manager.ApplicationManager - The link --->https://ilcarro.web.app/search
19:31:43.735  INFO  tests.TestBase - Name of method ---> searchCurrentYearSuccess
19:31:43.743  INFO  manager.ListenerWD - Before Find Element---> By.id: city
19:31:43.800  INFO  manager.ListenerWD - After Find Element---> By.id: city
19:31:43.830  INFO  manager.ListenerWD - Location of element ---> (153, 234)
19:31:44.144  INFO  manager.ListenerWD - Before Find Element---> By.cssSelector: .pac-item
19:31:44.456  INFO  manager.ListenerWD - After Find Element---> By.cssSelector: .pac-item
19:31:44.475  INFO  manager.ListenerWD - Location of element ---> (154, 279)
19:31:44.542  INFO  manager.ListenerWD - Before Find Element---> By.id: dates
19:31:44.588  INFO  manager.ListenerWD - After Find Element---> By.id: dates
19:31:44.607  INFO  manager.ListenerWD - Location of element ---> (153, 327)
19:31:44.811  INFO  manager.ListenerWD - Before Find Element---> By.cssSelector: [aria-label='Next month']
19:31:44.855  INFO  manager.ListenerWD - After Find Element---> By.cssSelector: [aria-label='Next month']
19:31:44.881  INFO  manager.ListenerWD - Location of element ---> (404, 367)
19:31:44.993  INFO  manager.ListenerWD - Before Find Element---> By.cssSelector: [aria-label='Next month']
19:31:45.034  INFO  manager.ListenerWD - After Find Element---> By.cssSelector: [aria-label='Next month']
19:31:45.049  INFO  manager.ListenerWD - Location of element ---> (404, 368)
19:31:45.153  INFO  manager.ListenerWD - Before Find Element---> By.xpath: //div[text()=' 27 ']
19:31:45.198  INFO  manager.ListenerWD - After Find Element---> By.xpath: //div[text()=' 27 ']
19:31:45.217  INFO  manager.ListenerWD - Location of element ---> (243, 612)
19:31:45.316  INFO  manager.ListenerWD - Before Find Element---> By.cssSelector: [aria-label='Next month']
19:31:45.351  INFO  manager.ListenerWD - After Find Element---> By.cssSelector: [aria-label='Next month']
19:31:45.365  INFO  manager.ListenerWD - Location of element ---> (404, 368)
19:31:45.452  INFO  manager.ListenerWD - Before Find Element---> By.cssSelector: [aria-label='Next month']
19:31:45.486  INFO  manager.ListenerWD - After Find Element---> By.cssSelector: [aria-label='Next month']
19:31:45.500  INFO  manager.ListenerWD - Location of element ---> (404, 368)
19:31:45.582  INFO  manager.ListenerWD - Before Find Element---> By.cssSelector: [aria-label='Next month']
19:31:45.616  INFO  manager.ListenerWD - After Find Element---> By.cssSelector: [aria-label='Next month']
19:31:45.631  INFO  manager.ListenerWD - Location of element ---> (404, 368)
19:31:45.714  INFO  manager.ListenerWD - Before Find Element---> By.cssSelector: [aria-label='Next month']
19:31:45.754  INFO  manager.ListenerWD - After Find Element---> By.cssSelector: [aria-label='Next month']
19:31:45.770  INFO  manager.ListenerWD - Location of element ---> (404, 368)
19:31:45.852  INFO  manager.ListenerWD - Before Find Element---> By.xpath: //div[text()=' 28 ']
19:31:45.892  INFO  manager.ListenerWD - After Find Element---> By.xpath: //div[text()=' 28 ']
19:31:45.909  INFO  manager.ListenerWD - Location of element ---> (403, 612)
19:31:46.010  INFO  manager.ListenerWD - Before Find Element---> By.xpath: //button[@type='submit']
19:31:46.048  INFO  manager.ListenerWD - After Find Element---> By.xpath: //button[@type='submit']
19:31:46.067  INFO  manager.ListenerWD - Location of element ---> (153, 366)
19:31:46.209  INFO  manager.ListenerWD - Before Find Element---> By.cssSelector: .car-container
19:31:53.314  INFO  manager.ListenerWD - After Find Element---> By.cssSelector: .car-container
19:31:53.319  INFO  manager.ListenerWD - List of elements is ---> 442
