12:46:27.362  INFO  manager.ApplicationManager - All tests run in Chrome Browser
12:46:30.180  INFO  manager.ApplicationManager - The link --->https://ilcarro.web.app/search
12:46:30.259  INFO  tests.TestBase - Name of method ---> searchCurrentMonthSuccess
12:46:30.265  INFO  manager.ListenerWD - Before Find Element---> By.id: city
12:46:30.329  INFO  manager.ListenerWD - After Find Element---> By.id: city
12:46:30.365  INFO  manager.ListenerWD - Location of element ---> (153, 234)
12:46:30.733  INFO  manager.ListenerWD - Before Find Element---> By.cssSelector: .pac-item
12:46:31.116  INFO  manager.ListenerWD - After Find Element---> By.cssSelector: .pac-item
12:46:31.141  INFO  manager.ListenerWD - Location of element ---> (154, 279)
12:46:31.224  INFO  manager.ListenerWD - Before Find Element---> By.id: dates
12:46:31.280  INFO  manager.ListenerWD - After Find Element---> By.id: dates
12:46:31.304  INFO  manager.ListenerWD - Location of element ---> (153, 327)
12:46:31.537  INFO  manager.ListenerWD - Before Find Element---> By.xpath: //div[text()=' 26 ']
12:46:31.593  INFO  manager.ListenerWD - After Find Element---> By.xpath: //div[text()=' 26 ']
12:46:31.627  INFO  manager.ListenerWD - Location of element ---> (283, 609)
12:46:31.781  INFO  manager.ListenerWD - Before Find Element---> By.xpath: //div[text()=' 26 ']
12:46:31.821  INFO  manager.ListenerWD - After Find Element---> By.xpath: //div[text()=' 26 ']
12:46:31.840  INFO  manager.ListenerWD - Location of element ---> (283, 612)
12:46:31.955  INFO  manager.ListenerWD - Before Find Element---> By.xpath: //button[@type='submit']
12:46:32.005  INFO  manager.ListenerWD - After Find Element---> By.xpath: //button[@type='submit']
12:46:32.028  INFO  manager.ListenerWD - Location of element ---> (153, 385)
12:46:32.103  INFO  manager.ListenerWD - Before Find Element---> By.cssSelector: .car-container
12:46:37.173  INFO  manager.ListenerWD - After Find Element---> By.cssSelector: .car-container
12:46:37.179  INFO  manager.ListenerWD - List of elements is ---> 0
