21:30:04.830  INFO  manager.ApplicationManager - All tests run in Chrome Browser
21:30:07.516  INFO  manager.ApplicationManager - The link --->https://ilcarro.web.app/search
21:30:07.589  INFO  tests.TestBase - Name of method ---> negativeSearch
21:30:07.593  INFO  manager.ListenerWD - Before Find Element---> By.cssSelector: a.logo
21:30:07.658  INFO  manager.ListenerWD - After Find Element---> By.cssSelector: a.logo
21:30:07.682  INFO  manager.ListenerWD - Location of element ---> (153, 16)
21:30:08.069  INFO  manager.ListenerWD - Before Find Element---> By.id: city
21:30:08.118  INFO  manager.ListenerWD - After Find Element---> By.id: city
21:30:08.136  INFO  manager.ListenerWD - Location of element ---> (153, 234)
21:30:08.421  INFO  manager.ListenerWD - Before Find Element---> By.cssSelector: .pac-item
21:30:08.848  INFO  manager.ListenerWD - After Find Element---> By.cssSelector: .pac-item
21:30:08.864  INFO  manager.ListenerWD - Location of element ---> (154, 279)
21:30:08.931  INFO  manager.ListenerWD - Before Find Element---> By.id: dates
21:30:08.973  INFO  manager.ListenerWD - After Find Element---> By.id: dates
21:30:08.989  INFO  manager.ListenerWD - Location of element ---> (153, 327)
21:30:09.121  INFO  manager.ListenerWD - Before Find Element---> By.id: dates
21:30:09.154  INFO  manager.ListenerWD - After Find Element---> By.id: dates
21:30:09.169  INFO  manager.ListenerWD - Location of element ---> (153, 308)
21:30:09.265  INFO  manager.ListenerWD - Before Find Element---> By.id: city
21:30:09.299  INFO  manager.ListenerWD - After Find Element---> By.id: city
21:30:09.314  INFO  manager.ListenerWD - Location of element ---> (153, 234)
21:30:09.400  INFO  manager.ListenerWD - Before Find Element---> By.xpath: //button[@type='submit']
21:30:09.447  INFO  manager.ListenerWD - After Find Element---> By.xpath: //button[@type='submit']
21:30:09.465  INFO  manager.ListenerWD - Location of element ---> (153, 385)
21:30:09.524  INFO  manager.ListenerWD - Before Find Element---> By.xpath: //button[@disabled]
21:30:09.569  INFO  manager.ListenerWD - After Find Element---> By.xpath: //button[@disabled]
21:30:09.574  INFO  manager.ListenerWD - List of elements is ---> 1
21:30:09.574  INFO  manager.ListenerWD - Before Find Element---> By.cssSelector: button[type = 'submit']
21:30:09.610  INFO  manager.ListenerWD - After Find Element---> By.cssSelector: button[type = 'submit']
21:30:09.624  INFO  manager.ListenerWD - Location of element ---> (153, 385)
21:30:09.646  INFO  manager.ListenerWD - Before Find Element---> By.className: error
21:30:09.687  INFO  manager.ListenerWD - After Find Element---> By.className: error
21:30:09.688  INFO  manager.ListenerWD - List of elements is ---> 1
21:30:09.696  INFO  tests.TestBase - Name of method ---> searchAnyPeriodSuccess
21:30:09.698  INFO  manager.ListenerWD - Before Find Element---> By.cssSelector: a.logo
21:30:09.727  INFO  manager.ListenerWD - After Find Element---> By.cssSelector: a.logo
21:30:09.744  INFO  manager.ListenerWD - Location of element ---> (153, 16)
21:30:10.207  INFO  manager.ListenerWD - Before Find Element---> By.id: city
21:30:10.241  INFO  manager.ListenerWD - After Find Element---> By.id: city
21:30:10.260  INFO  manager.ListenerWD - Location of element ---> (153, 234)
21:30:10.497  INFO  manager.ListenerWD - Before Find Element---> By.cssSelector: .pac-item
21:30:10.835  INFO  manager.ListenerWD - After Find Element---> By.cssSelector: .pac-item
21:30:10.850  INFO  manager.ListenerWD - Location of element ---> (154, 279)
21:30:10.907  INFO  manager.ListenerWD - Before Find Element---> By.id: dates
21:30:10.934  INFO  manager.ListenerWD - After Find Element---> By.id: dates
21:30:10.949  INFO  manager.ListenerWD - Location of element ---> (153, 327)
21:30:11.063  INFO  manager.ListenerWD - Before Find Element---> By.id: dates
21:30:11.093  INFO  manager.ListenerWD - After Find Element---> By.id: dates
21:30:11.108  INFO  manager.ListenerWD - Location of element ---> (153, 327)
21:30:11.276  INFO  manager.ListenerWD - Before Find Element---> By.cssSelector: [aria-label='Next month']
21:30:11.310  INFO  manager.ListenerWD - After Find Element---> By.cssSelector: [aria-label='Next month']
21:30:11.335  INFO  manager.ListenerWD - Location of element ---> (404, 366)
21:30:11.462  INFO  manager.ListenerWD - Before Find Element---> By.cssSelector: [aria-label='Next month']
21:30:11.496  INFO  manager.ListenerWD - After Find Element---> By.cssSelector: [aria-label='Next month']
21:30:11.509  INFO  manager.ListenerWD - Location of element ---> (404, 368)
21:30:11.592  INFO  manager.ListenerWD - Before Find Element---> By.cssSelector: [aria-label='Next month']
21:30:11.619  INFO  manager.ListenerWD - After Find Element---> By.cssSelector: [aria-label='Next month']
21:30:11.634  INFO  manager.ListenerWD - Location of element ---> (404, 368)
21:30:11.709  INFO  manager.ListenerWD - Before Find Element---> By.cssSelector: [aria-label='Next month']
21:30:11.736  INFO  manager.ListenerWD - After Find Element---> By.cssSelector: [aria-label='Next month']
21:30:11.749  INFO  manager.ListenerWD - Location of element ---> (404, 368)
21:30:11.831  INFO  manager.ListenerWD - Before Find Element---> By.cssSelector: [aria-label='Next month']
21:30:11.858  INFO  manager.ListenerWD - After Find Element---> By.cssSelector: [aria-label='Next month']
21:30:11.870  INFO  manager.ListenerWD - Location of element ---> (404, 368)
21:30:11.948  INFO  manager.ListenerWD - Before Find Element---> By.cssSelector: [aria-label='Next month']
21:30:11.975  INFO  manager.ListenerWD - After Find Element---> By.cssSelector: [aria-label='Next month']
21:30:11.987  INFO  manager.ListenerWD - Location of element ---> (404, 368)
21:30:12.064  INFO  manager.ListenerWD - Before Find Element---> By.xpath: //div[text()=' 27 ']
21:30:12.099  INFO  manager.ListenerWD - After Find Element---> By.xpath: //div[text()=' 27 ']
21:30:12.115  INFO  manager.ListenerWD - Location of element ---> (363, 612)
21:30:12.228  INFO  manager.ListenerWD - Before Find Element---> By.cssSelector: [aria-label='Next month']
21:30:12.260  INFO  manager.ListenerWD - After Find Element---> By.cssSelector: [aria-label='Next month']
21:30:12.282  INFO  manager.ListenerWD - Location of element ---> (404, 368)
21:30:12.371  INFO  manager.ListenerWD - Before Find Element---> By.cssSelector: [aria-label='Next month']
21:30:12.396  INFO  manager.ListenerWD - After Find Element---> By.cssSelector: [aria-label='Next month']
21:30:12.410  INFO  manager.ListenerWD - Location of element ---> (404, 368)
21:30:12.489  INFO  manager.ListenerWD - Before Find Element---> By.cssSelector: [aria-label='Next month']
21:30:12.516  INFO  manager.ListenerWD - After Find Element---> By.cssSelector: [aria-label='Next month']
21:30:12.531  INFO  manager.ListenerWD - Location of element ---> (404, 368)
21:30:12.616  INFO  manager.ListenerWD - Before Find Element---> By.cssSelector: [aria-label='Next month']
21:30:12.642  INFO  manager.ListenerWD - After Find Element---> By.cssSelector: [aria-label='Next month']
21:30:12.655  INFO  manager.ListenerWD - Location of element ---> (404, 368)
21:30:12.730  INFO  manager.ListenerWD - Before Find Element---> By.cssSelector: [aria-label='Next month']
21:30:12.757  INFO  manager.ListenerWD - After Find Element---> By.cssSelector: [aria-label='Next month']
21:30:12.770  INFO  manager.ListenerWD - Location of element ---> (404, 368)
21:30:12.842  INFO  manager.ListenerWD - Before Find Element---> By.cssSelector: [aria-label='Next month']
21:30:12.866  INFO  manager.ListenerWD - After Find Element---> By.cssSelector: [aria-label='Next month']
21:30:12.880  INFO  manager.ListenerWD - Location of element ---> (404, 368)
21:30:12.957  INFO  manager.ListenerWD - Before Find Element---> By.xpath: //div[text()=' 20 ']
21:30:12.993  INFO  manager.ListenerWD - After Find Element---> By.xpath: //div[text()=' 20 ']
21:30:13.017  INFO  manager.ListenerWD - Location of element ---> (403, 572)
21:30:13.118  INFO  manager.ListenerWD - Before Find Element---> By.xpath: //button[@type='submit']
21:30:13.145  INFO  manager.ListenerWD - After Find Element---> By.xpath: //button[@type='submit']
21:30:13.164  INFO  manager.ListenerWD - Location of element ---> (153, 366)
21:30:13.341  INFO  manager.ListenerWD - Before Find Element---> By.cssSelector: .car-container
21:30:40.497  INFO  manager.ListenerWD - After Find Element---> By.cssSelector: .car-container
21:30:40.497  INFO  manager.ListenerWD - List of elements is ---> 470
21:30:40.502  INFO  tests.TestBase - Name of method ---> searchCurrentMonthSuccess
21:30:40.507  INFO  manager.ListenerWD - Before Find Element---> By.cssSelector: a.logo
21:30:40.562  INFO  manager.ListenerWD - After Find Element---> By.cssSelector: a.logo
21:30:40.589  INFO  manager.ListenerWD - Location of element ---> (153, 16)
21:30:41.454  INFO  manager.ListenerWD - Before Find Element---> By.id: city
21:30:41.485  INFO  manager.ListenerWD - After Find Element---> By.id: city
21:30:41.514  INFO  manager.ListenerWD - Location of element ---> (153, 234)
21:30:41.923  INFO  manager.ListenerWD - Before Find Element---> By.cssSelector: .pac-item
21:30:41.957  INFO  manager.ListenerWD - After Find Element---> By.cssSelector: .pac-item
21:30:41.975  INFO  manager.ListenerWD - Location of element ---> (154, 279)
21:30:42.051  INFO  manager.ListenerWD - Huston we have a problem
21:30:42.052  INFO  manager.ListenerWD - Object target ---> [[ChromeDriver: chrome on WINDOWS (958373da773de3d46e175392e6b61208)] -> css selector: .pac-item]
21:30:42.052  INFO  manager.ListenerWD - ********************
21:30:42.053  INFO  manager.ListenerWD - Method name--->click
21:30:42.053  INFO  manager.ListenerWD - ********************
21:30:42.053  INFO  manager.ListenerWD - ********************
21:30:42.053  INFO  manager.ListenerWD - ********************
21:30:42.054  INFO  manager.ListenerWD - ********************
21:30:42.057  INFO  manager.ListenerWD - InvocationTargetException3org.openqa.selenium.StaleElementReferenceException: stale element reference: element is not attached to the page document
  (Session info: chrome=112.0.5615.138)
For documentation on this error, please visit: https://selenium.dev/exceptions/#stale_element_reference
Build info: version: '4.7.0', revision: '0a5b49d16f'
System info: os.name: 'Windows 10', os.arch: 'amd64', os.version: '10.0', java.version: '11.0.18'
Driver info: org.openqa.selenium.chrome.ChromeDriver
Command: [958373da773de3d46e175392e6b61208, clickElement {id=3e9a7a42-d443-4a14-ae49-a0616868b630}]
Capabilities {acceptInsecureCerts: false, browserName: chrome, browserVersion: 112.0.5615.138, chrome: {chromedriverVersion: 112.0.5615.49 (bd2a7bcb881c..., userDataDir: C:\Users\honor\AppData\Loca...}, goog:chromeOptions: {debuggerAddress: localhost:56520}, networkConnectionEnabled: false, pageLoadStrategy: normal, platformName: WINDOWS, proxy: Proxy(), se:cdp: ws://localhost:56520/devtoo..., se:cdpVersion: 112.0.5615.138, setWindowRect: true, strictFileInteractability: false, timeouts: {implicit: 0, pageLoad: 300000, script: 30000}, unhandledPromptBehavior: dismiss and notify, webauthn:extension:credBlob: true, webauthn:extension:largeBlob: true, webauthn:extension:minPinLength: true, webauthn:extension:prf: true, webauthn:virtualAuthenticators: true}
Element: [[ChromeDriver: chrome on WINDOWS (958373da773de3d46e175392e6b61208)] -> css selector: .pac-item]
Session ID: 958373da773de3d46e175392e6b61208
21:30:42.059  INFO  manager.ListenerWD - ********************
21:30:42.067  INFO  manager.ListenerWD - Screen with error is--->src/test/screenshots/screen-719.png
21:30:42.079  INFO  tests.TestBase - Name of method ---> searchCurrentYearSuccess
21:30:42.080  INFO  manager.ListenerWD - Before Find Element---> By.cssSelector: a.logo
21:30:42.112  INFO  manager.ListenerWD - After Find Element---> By.cssSelector: a.logo
21:30:42.133  INFO  manager.ListenerWD - Location of element ---> (153, 16)
21:30:42.646  INFO  manager.ListenerWD - Before Find Element---> By.id: city
21:30:42.684  INFO  manager.ListenerWD - After Find Element---> By.id: city
21:30:42.706  INFO  manager.ListenerWD - Location of element ---> (153, 234)
21:30:43.059  INFO  manager.ListenerWD - Before Find Element---> By.cssSelector: .pac-item
21:30:43.152  INFO  manager.ListenerWD - After Find Element---> By.cssSelector: .pac-item
21:30:43.168  INFO  manager.ListenerWD - Huston we have a problem
21:30:43.169  INFO  manager.ListenerWD - Object target ---> [[ChromeDriver: chrome on WINDOWS (958373da773de3d46e175392e6b61208)] -> css selector: .pac-item]
21:30:43.169  INFO  manager.ListenerWD - ********************
21:30:43.169  INFO  manager.ListenerWD - Method name--->getLocation
21:30:43.169  INFO  manager.ListenerWD - ********************
21:30:43.169  INFO  manager.ListenerWD - ********************
21:30:43.169  INFO  manager.ListenerWD - ********************
21:30:43.169  INFO  manager.ListenerWD - ********************
21:30:43.170  INFO  manager.ListenerWD - InvocationTargetException3org.openqa.selenium.StaleElementReferenceException: stale element reference: element is not attached to the page document
  (Session info: chrome=112.0.5615.138)
For documentation on this error, please visit: https://selenium.dev/exceptions/#stale_element_reference
Build info: version: '4.7.0', revision: '0a5b49d16f'
System info: os.name: 'Windows 10', os.arch: 'amd64', os.version: '10.0', java.version: '11.0.18'
Driver info: org.openqa.selenium.chrome.ChromeDriver
Command: [958373da773de3d46e175392e6b61208, getElementRect {id=a03e5df5-7f99-4502-8f1d-04be25011338}]
Capabilities {acceptInsecureCerts: false, browserName: chrome, browserVersion: 112.0.5615.138, chrome: {chromedriverVersion: 112.0.5615.49 (bd2a7bcb881c..., userDataDir: C:\Users\honor\AppData\Loca...}, goog:chromeOptions: {debuggerAddress: localhost:56520}, networkConnectionEnabled: false, pageLoadStrategy: normal, platformName: WINDOWS, proxy: Proxy(), se:cdp: ws://localhost:56520/devtoo..., se:cdpVersion: 112.0.5615.138, setWindowRect: true, strictFileInteractability: false, timeouts: {implicit: 0, pageLoad: 300000, script: 30000}, unhandledPromptBehavior: dismiss and notify, webauthn:extension:credBlob: true, webauthn:extension:largeBlob: true, webauthn:extension:minPinLength: true, webauthn:extension:prf: true, webauthn:virtualAuthenticators: true}
Element: [[ChromeDriver: chrome on WINDOWS (958373da773de3d46e175392e6b61208)] -> css selector: .pac-item]
Session ID: 958373da773de3d46e175392e6b61208
21:30:43.170  INFO  manager.ListenerWD - ********************
21:30:43.170  INFO  manager.ListenerWD - Screen with error is--->src/test/screenshots/screen-443.png
21:30:43.197  INFO  manager.ListenerWD - Huston we have a problem
21:30:43.198  INFO  manager.ListenerWD - Object target ---> [[ChromeDriver: chrome on WINDOWS (958373da773de3d46e175392e6b61208)] -> css selector: .pac-item]
21:30:43.198  INFO  manager.ListenerWD - ********************
21:30:43.198  INFO  manager.ListenerWD - Method name--->click
21:30:43.199  INFO  manager.ListenerWD - ********************
21:30:43.199  INFO  manager.ListenerWD - ********************
21:30:43.199  INFO  manager.ListenerWD - ********************
21:30:43.199  INFO  manager.ListenerWD - ********************
21:30:43.200  INFO  manager.ListenerWD - InvocationTargetException3org.openqa.selenium.StaleElementReferenceException: stale element reference: element is not attached to the page document
  (Session info: chrome=112.0.5615.138)
For documentation on this error, please visit: https://selenium.dev/exceptions/#stale_element_reference
Build info: version: '4.7.0', revision: '0a5b49d16f'
System info: os.name: 'Windows 10', os.arch: 'amd64', os.version: '10.0', java.version: '11.0.18'
Driver info: org.openqa.selenium.chrome.ChromeDriver
Command: [958373da773de3d46e175392e6b61208, clickElement {id=a03e5df5-7f99-4502-8f1d-04be25011338}]
Capabilities {acceptInsecureCerts: false, browserName: chrome, browserVersion: 112.0.5615.138, chrome: {chromedriverVersion: 112.0.5615.49 (bd2a7bcb881c..., userDataDir: C:\Users\honor\AppData\Loca...}, goog:chromeOptions: {debuggerAddress: localhost:56520}, networkConnectionEnabled: false, pageLoadStrategy: normal, platformName: WINDOWS, proxy: Proxy(), se:cdp: ws://localhost:56520/devtoo..., se:cdpVersion: 112.0.5615.138, setWindowRect: true, strictFileInteractability: false, timeouts: {implicit: 0, pageLoad: 300000, script: 30000}, unhandledPromptBehavior: dismiss and notify, webauthn:extension:credBlob: true, webauthn:extension:largeBlob: true, webauthn:extension:minPinLength: true, webauthn:extension:prf: true, webauthn:virtualAuthenticators: true}
Element: [[ChromeDriver: chrome on WINDOWS (958373da773de3d46e175392e6b61208)] -> css selector: .pac-item]
Session ID: 958373da773de3d46e175392e6b61208
21:30:43.201  INFO  manager.ListenerWD - ********************
21:30:43.201  INFO  manager.ListenerWD - Screen with error is--->src/test/screenshots/screen-539.png
