21:16:12.704  INFO  manager.ApplicationManager - All tests run in Chrome Browser
21:16:15.593  INFO  manager.ApplicationManager - The link --->https://ilcarro.web.app/search
21:16:15.667  INFO  tests.TestBase - Name of method ---> negativeSearch
21:16:15.673  INFO  manager.ListenerWD - Before Find Element---> By.cssSelector: a.logo
21:16:15.748  INFO  manager.ListenerWD - After Find Element---> By.cssSelector: a.logo
21:16:15.779  INFO  manager.ListenerWD - Location of element ---> (153, 16)
21:16:16.246  INFO  manager.ListenerWD - Before Find Element---> By.id: city
21:16:16.301  INFO  manager.ListenerWD - After Find Element---> By.id: city
21:16:16.328  INFO  manager.ListenerWD - Location of element ---> (153, 234)
21:16:16.704  INFO  manager.ListenerWD - Before Find Element---> By.cssSelector: .pac-item
21:16:17.324  INFO  manager.ListenerWD - After Find Element---> By.cssSelector: .pac-item
21:16:17.343  INFO  manager.ListenerWD - Location of element ---> (154, 279)
21:16:17.420  INFO  manager.ListenerWD - Before Find Element---> By.id: dates
21:16:17.467  INFO  manager.ListenerWD - After Find Element---> By.id: dates
21:16:17.486  INFO  manager.ListenerWD - Location of element ---> (153, 327)
21:16:17.616  INFO  manager.ListenerWD - Before Find Element---> By.id: dates
21:16:17.657  INFO  manager.ListenerWD - After Find Element---> By.id: dates
21:16:17.674  INFO  manager.ListenerWD - Location of element ---> (153, 308)
21:16:17.785  INFO  manager.ListenerWD - Before Find Element---> By.id: city
21:16:17.824  INFO  manager.ListenerWD - After Find Element---> By.id: city
21:16:17.843  INFO  manager.ListenerWD - Location of element ---> (153, 234)
21:16:17.938  INFO  manager.ListenerWD - Before Find Element---> By.xpath: //button[@type='submit']
21:16:17.993  INFO  manager.ListenerWD - After Find Element---> By.xpath: //button[@type='submit']
21:16:18.011  INFO  manager.ListenerWD - Location of element ---> (153, 385)
21:16:18.068  INFO  manager.ListenerWD - Before Find Element---> By.xpath: //button[@disabled]
21:16:18.116  INFO  manager.ListenerWD - After Find Element---> By.xpath: //button[@disabled]
21:16:18.121  INFO  manager.ListenerWD - List of elements is ---> 1
21:16:18.122  INFO  manager.ListenerWD - Before Find Element---> By.cssSelector: button[type = 'submit']
21:16:18.166  INFO  manager.ListenerWD - After Find Element---> By.cssSelector: button[type = 'submit']
21:16:18.182  INFO  manager.ListenerWD - Location of element ---> (153, 385)
21:16:18.205  INFO  manager.ListenerWD - Before Find Element---> By.className: error
21:16:18.244  INFO  manager.ListenerWD - After Find Element---> By.className: error
21:16:18.244  INFO  manager.ListenerWD - List of elements is ---> 1
21:16:18.254  INFO  tests.TestBase - Name of method ---> searchAnyPeriodSuccess
21:16:18.257  INFO  manager.ListenerWD - Before Find Element---> By.cssSelector: a.logo
21:16:18.289  INFO  manager.ListenerWD - After Find Element---> By.cssSelector: a.logo
21:16:18.307  INFO  manager.ListenerWD - Location of element ---> (153, 16)
21:16:18.796  INFO  manager.ListenerWD - Before Find Element---> By.id: city
21:16:18.832  INFO  manager.ListenerWD - After Find Element---> By.id: city
21:16:18.853  INFO  manager.ListenerWD - Location of element ---> (153, 234)
21:16:19.138  INFO  manager.ListenerWD - Before Find Element---> By.cssSelector: .pac-item
21:16:19.484  INFO  manager.ListenerWD - After Find Element---> By.cssSelector: .pac-item
21:16:19.501  INFO  manager.ListenerWD - Location of element ---> (154, 279)
21:16:19.566  INFO  manager.ListenerWD - Before Find Element---> By.id: dates
21:16:19.601  INFO  manager.ListenerWD - After Find Element---> By.id: dates
21:16:19.620  INFO  manager.ListenerWD - Location of element ---> (153, 327)
21:16:19.748  INFO  manager.ListenerWD - Before Find Element---> By.id: dates
21:16:19.781  INFO  manager.ListenerWD - After Find Element---> By.id: dates
21:16:19.801  INFO  manager.ListenerWD - Location of element ---> (153, 308)
21:16:20.012  INFO  manager.ListenerWD - Before Find Element---> By.cssSelector: [aria-label='Next month']
21:16:20.060  INFO  manager.ListenerWD - After Find Element---> By.cssSelector: [aria-label='Next month']
21:16:20.093  INFO  manager.ListenerWD - Location of element ---> (404, 367)
21:16:20.226  INFO  manager.ListenerWD - Before Find Element---> By.cssSelector: [aria-label='Next month']
21:16:20.266  INFO  manager.ListenerWD - After Find Element---> By.cssSelector: [aria-label='Next month']
21:16:20.281  INFO  manager.ListenerWD - Location of element ---> (404, 368)
21:16:20.399  INFO  manager.ListenerWD - Before Find Element---> By.cssSelector: [aria-label='Next month']
21:16:20.441  INFO  manager.ListenerWD - After Find Element---> By.cssSelector: [aria-label='Next month']
21:16:20.460  INFO  manager.ListenerWD - Location of element ---> (404, 368)
21:16:20.551  INFO  manager.ListenerWD - Before Find Element---> By.cssSelector: [aria-label='Next month']
21:16:20.589  INFO  manager.ListenerWD - After Find Element---> By.cssSelector: [aria-label='Next month']
21:16:20.606  INFO  manager.ListenerWD - Location of element ---> (404, 368)
21:16:20.710  INFO  manager.ListenerWD - Before Find Element---> By.cssSelector: [aria-label='Next month']
21:16:20.744  INFO  manager.ListenerWD - After Find Element---> By.cssSelector: [aria-label='Next month']
21:16:20.758  INFO  manager.ListenerWD - Location of element ---> (404, 368)
21:16:20.854  INFO  manager.ListenerWD - Before Find Element---> By.cssSelector: [aria-label='Next month']
21:16:20.889  INFO  manager.ListenerWD - After Find Element---> By.cssSelector: [aria-label='Next month']
21:16:20.905  INFO  manager.ListenerWD - Location of element ---> (404, 368)
21:16:20.990  INFO  manager.ListenerWD - Before Find Element---> By.xpath: //div[text()=' 27 ']
21:16:21.027  INFO  manager.ListenerWD - After Find Element---> By.xpath: //div[text()=' 27 ']
21:16:21.046  INFO  manager.ListenerWD - Location of element ---> (363, 612)
21:16:21.159  INFO  manager.ListenerWD - Before Find Element---> By.cssSelector: [aria-label='Next month']
21:16:21.191  INFO  manager.ListenerWD - After Find Element---> By.cssSelector: [aria-label='Next month']
21:16:21.205  INFO  manager.ListenerWD - Location of element ---> (404, 368)
21:16:21.292  INFO  manager.ListenerWD - Before Find Element---> By.cssSelector: [aria-label='Next month']
21:16:21.319  INFO  manager.ListenerWD - After Find Element---> By.cssSelector: [aria-label='Next month']
21:16:21.335  INFO  manager.ListenerWD - Location of element ---> (404, 368)
21:16:21.414  INFO  manager.ListenerWD - Before Find Element---> By.cssSelector: [aria-label='Next month']
21:16:21.443  INFO  manager.ListenerWD - After Find Element---> By.cssSelector: [aria-label='Next month']
21:16:21.459  INFO  manager.ListenerWD - Location of element ---> (404, 368)
21:16:21.546  INFO  manager.ListenerWD - Before Find Element---> By.cssSelector: [aria-label='Next month']
21:16:21.571  INFO  manager.ListenerWD - After Find Element---> By.cssSelector: [aria-label='Next month']
21:16:21.584  INFO  manager.ListenerWD - Location of element ---> (404, 368)
21:16:21.658  INFO  manager.ListenerWD - Before Find Element---> By.cssSelector: [aria-label='Next month']
21:16:21.683  INFO  manager.ListenerWD - After Find Element---> By.cssSelector: [aria-label='Next month']
21:16:21.697  INFO  manager.ListenerWD - Location of element ---> (404, 368)
21:16:21.779  INFO  manager.ListenerWD - Before Find Element---> By.cssSelector: [aria-label='Next month']
21:16:21.813  INFO  manager.ListenerWD - After Find Element---> By.cssSelector: [aria-label='Next month']
21:16:21.828  INFO  manager.ListenerWD - Location of element ---> (404, 368)
21:16:21.916  INFO  manager.ListenerWD - Before Find Element---> By.xpath: //div[text()=' 20 ']
21:16:21.959  INFO  manager.ListenerWD - After Find Element---> By.xpath: //div[text()=' 20 ']
21:16:21.979  INFO  manager.ListenerWD - Location of element ---> (403, 572)
21:16:22.098  INFO  manager.ListenerWD - Before Find Element---> By.xpath: //button[@type='submit']
21:16:22.145  INFO  manager.ListenerWD - After Find Element---> By.xpath: //button[@type='submit']
21:16:22.167  INFO  manager.ListenerWD - Location of element ---> (153, 366)
21:16:22.332  INFO  manager.ListenerWD - Before Find Element---> By.cssSelector: .car-container
21:16:28.951  INFO  manager.ListenerWD - After Find Element---> By.cssSelector: .car-container
21:16:28.952  INFO  manager.ListenerWD - List of elements is ---> 470
21:16:28.955  INFO  tests.TestBase - Name of method ---> searchCurrentMonthSuccess
21:16:28.957  INFO  manager.ListenerWD - Before Find Element---> By.cssSelector: a.logo
21:16:28.980  INFO  manager.ListenerWD - After Find Element---> By.cssSelector: a.logo
21:16:28.998  INFO  manager.ListenerWD - Location of element ---> (153, 16)
21:16:29.565  INFO  manager.ListenerWD - Before Find Element---> By.id: city
21:16:29.600  INFO  manager.ListenerWD - After Find Element---> By.id: city
21:16:29.621  INFO  manager.ListenerWD - Location of element ---> (153, 234)
21:16:29.942  INFO  manager.ListenerWD - Before Find Element---> By.cssSelector: .pac-item
21:16:30.085  INFO  manager.ListenerWD - After Find Element---> By.cssSelector: .pac-item
21:16:30.101  INFO  manager.ListenerWD - Location of element ---> (154, 279)
21:16:30.164  INFO  manager.ListenerWD - Before Find Element---> By.id: dates
21:16:30.187  INFO  manager.ListenerWD - After Find Element---> By.id: dates
21:16:30.204  INFO  manager.ListenerWD - Location of element ---> (153, 308)
21:16:30.340  INFO  manager.ListenerWD - Before Find Element---> By.id: dates
21:16:30.368  INFO  manager.ListenerWD - After Find Element---> By.id: dates
21:16:30.382  INFO  manager.ListenerWD - Location of element ---> (153, 308)
21:16:30.527  INFO  manager.ListenerWD - Before Find Element---> By.xpath: //div[text()=' 27 ']
21:16:30.559  INFO  manager.ListenerWD - After Find Element---> By.xpath: //div[text()=' 27 ']
21:16:30.600  INFO  manager.ListenerWD - Location of element ---> (323, 600)
21:16:30.739  INFO  manager.ListenerWD - Before Find Element---> By.xpath: //div[text()=' 30 ']
21:16:30.768  INFO  manager.ListenerWD - After Find Element---> By.xpath: //div[text()=' 30 ']
21:16:30.786  INFO  manager.ListenerWD - Location of element ---> (163, 652)
21:16:30.882  INFO  manager.ListenerWD - Before Find Element---> By.xpath: //button[@type='submit']
21:16:30.907  INFO  manager.ListenerWD - After Find Element---> By.xpath: //button[@type='submit']
21:16:30.931  INFO  manager.ListenerWD - Location of element ---> (153, 366)
21:16:31.066  INFO  manager.ListenerWD - Before Find Element---> By.cssSelector: .car-container
21:16:35.922  INFO  manager.ListenerWD - After Find Element---> By.cssSelector: .car-container
21:16:35.922  INFO  manager.ListenerWD - List of elements is ---> 470
21:16:35.925  INFO  tests.TestBase - Name of method ---> searchCurrentYearSuccess
21:16:35.927  INFO  manager.ListenerWD - Before Find Element---> By.cssSelector: a.logo
21:16:46.293  INFO  manager.ListenerWD - After Find Element---> By.cssSelector: a.logo
21:16:46.320  INFO  manager.ListenerWD - Location of element ---> (153, 16)
21:16:46.919  INFO  manager.ListenerWD - Before Find Element---> By.id: city
21:16:46.950  INFO  manager.ListenerWD - After Find Element---> By.id: city
21:16:46.966  INFO  manager.ListenerWD - Location of element ---> (153, 234)
21:16:47.334  INFO  manager.ListenerWD - Before Find Element---> By.cssSelector: .pac-item
21:16:47.494  INFO  manager.ListenerWD - After Find Element---> By.cssSelector: .pac-item
21:16:47.510  INFO  manager.ListenerWD - Location of element ---> (154, 279)
21:16:47.584  INFO  manager.ListenerWD - Before Find Element---> By.id: dates
21:16:47.618  INFO  manager.ListenerWD - After Find Element---> By.id: dates
21:16:47.634  INFO  manager.ListenerWD - Location of element ---> (153, 308)
21:16:47.766  INFO  manager.ListenerWD - Before Find Element---> By.id: dates
21:16:47.787  INFO  manager.ListenerWD - After Find Element---> By.id: dates
21:16:47.800  INFO  manager.ListenerWD - Location of element ---> (153, 308)
21:16:47.957  INFO  manager.ListenerWD - Before Find Element---> By.cssSelector: [aria-label='Next month']
21:16:47.991  INFO  manager.ListenerWD - After Find Element---> By.cssSelector: [aria-label='Next month']
21:16:48.010  INFO  manager.ListenerWD - Location of element ---> (404, 366)
21:16:48.119  INFO  manager.ListenerWD - Before Find Element---> By.cssSelector: [aria-label='Next month']
21:16:48.144  INFO  manager.ListenerWD - After Find Element---> By.cssSelector: [aria-label='Next month']
21:16:48.163  INFO  manager.ListenerWD - Location of element ---> (404, 368)
21:16:48.259  INFO  manager.ListenerWD - Before Find Element---> By.xpath: //div[text()=' 27 ']
21:16:48.292  INFO  manager.ListenerWD - After Find Element---> By.xpath: //div[text()=' 27 ']
21:16:48.310  INFO  manager.ListenerWD - Location of element ---> (243, 612)
21:16:48.422  INFO  manager.ListenerWD - Before Find Element---> By.cssSelector: [aria-label='Next month']
21:16:48.443  INFO  manager.ListenerWD - After Find Element---> By.cssSelector: [aria-label='Next month']
21:16:48.454  INFO  manager.ListenerWD - Location of element ---> (404, 368)
21:16:48.534  INFO  manager.ListenerWD - Before Find Element---> By.cssSelector: [aria-label='Next month']
21:16:48.554  INFO  manager.ListenerWD - After Find Element---> By.cssSelector: [aria-label='Next month']
21:16:48.564  INFO  manager.ListenerWD - Location of element ---> (404, 368)
21:16:48.641  INFO  manager.ListenerWD - Before Find Element---> By.cssSelector: [aria-label='Next month']
21:16:48.713  INFO  manager.ListenerWD - After Find Element---> By.cssSelector: [aria-label='Next month']
21:16:48.725  INFO  manager.ListenerWD - Location of element ---> (404, 368)
21:16:48.802  INFO  manager.ListenerWD - Before Find Element---> By.cssSelector: [aria-label='Next month']
21:16:48.829  INFO  manager.ListenerWD - After Find Element---> By.cssSelector: [aria-label='Next month']
21:16:48.842  INFO  manager.ListenerWD - Location of element ---> (404, 368)
21:16:48.935  INFO  manager.ListenerWD - Before Find Element---> By.xpath: //div[text()=' 28 ']
21:16:48.967  INFO  manager.ListenerWD - After Find Element---> By.xpath: //div[text()=' 28 ']
21:16:48.986  INFO  manager.ListenerWD - Location of element ---> (403, 612)
21:16:49.102  INFO  manager.ListenerWD - Before Find Element---> By.xpath: //button[@type='submit']
21:16:49.136  INFO  manager.ListenerWD - After Find Element---> By.xpath: //button[@type='submit']
21:16:49.159  INFO  manager.ListenerWD - Location of element ---> (153, 366)
21:16:49.322  INFO  manager.ListenerWD - Before Find Element---> By.cssSelector: .car-container
21:16:54.288  INFO  manager.ListenerWD - After Find Element---> By.cssSelector: .car-container
21:16:54.289  INFO  manager.ListenerWD - List of elements is ---> 470
