18:49:04.244  INFO  manager.ApplicationManager - All tests run in Chrome Browser
18:49:07.015  INFO  manager.ApplicationManager - The link --->https://ilcarro.web.app/search
18:49:07.077  INFO  tests.TestBase - Name of method ---> searchAnyPeriodSuccess
18:49:07.081  INFO  manager.ListenerWD - Before Find Element---> By.cssSelector: a.logo
18:49:07.146  INFO  manager.ListenerWD - After Find Element---> By.cssSelector: a.logo
18:49:07.173  INFO  manager.ListenerWD - Location of element ---> (153, 16)
18:49:07.564  INFO  manager.ListenerWD - Before Find Element---> By.id: city
18:49:07.612  INFO  manager.ListenerWD - After Find Element---> By.id: city
18:49:07.631  INFO  manager.ListenerWD - Location of element ---> (153, 234)
18:49:07.913  INFO  manager.ListenerWD - Before Find Element---> By.cssSelector: .pac-item
18:49:08.277  INFO  manager.ListenerWD - After Find Element---> By.cssSelector: .pac-item
18:49:08.297  INFO  manager.ListenerWD - Location of element ---> (154, 279)
18:49:08.368  INFO  manager.ListenerWD - Before Find Element---> By.id: dates
18:49:08.416  INFO  manager.ListenerWD - After Find Element---> By.id: dates
18:49:08.435  INFO  manager.ListenerWD - Location of element ---> (153, 327)
18:49:08.655  INFO  manager.ListenerWD - Before Find Element---> By.cssSelector: [aria-label='Next month']
18:49:08.708  INFO  manager.ListenerWD - After Find Element---> By.cssSelector: [aria-label='Next month']
18:49:08.738  INFO  manager.ListenerWD - Location of element ---> (404, 367)
18:49:08.854  INFO  manager.ListenerWD - Before Find Element---> By.cssSelector: [aria-label='Next month']
18:49:08.890  INFO  manager.ListenerWD - After Find Element---> By.cssSelector: [aria-label='Next month']
18:49:08.904  INFO  manager.ListenerWD - Location of element ---> (404, 368)
18:49:08.994  INFO  manager.ListenerWD - Before Find Element---> By.cssSelector: [aria-label='Next month']
18:49:09.031  INFO  manager.ListenerWD - After Find Element---> By.cssSelector: [aria-label='Next month']
18:49:09.045  INFO  manager.ListenerWD - Location of element ---> (404, 368)
18:49:09.119  INFO  manager.ListenerWD - Before Find Element---> By.cssSelector: [aria-label='Next month']
18:49:09.149  INFO  manager.ListenerWD - After Find Element---> By.cssSelector: [aria-label='Next month']
18:49:09.165  INFO  manager.ListenerWD - Location of element ---> (404, 368)
18:49:09.242  INFO  manager.ListenerWD - Before Find Element---> By.cssSelector: [aria-label='Next month']
18:49:09.290  INFO  manager.ListenerWD - After Find Element---> By.cssSelector: [aria-label='Next month']
18:49:09.311  INFO  manager.ListenerWD - Location of element ---> (404, 368)
18:49:09.387  INFO  manager.ListenerWD - Before Find Element---> By.cssSelector: [aria-label='Next month']
18:49:09.421  INFO  manager.ListenerWD - After Find Element---> By.cssSelector: [aria-label='Next month']
18:49:09.437  INFO  manager.ListenerWD - Location of element ---> (404, 368)
18:49:09.520  INFO  manager.ListenerWD - Before Find Element---> By.xpath: //div[text()=' 27 ']
18:49:09.571  INFO  manager.ListenerWD - After Find Element---> By.xpath: //div[text()=' 27 ']
18:49:09.592  INFO  manager.ListenerWD - Location of element ---> (363, 612)
18:49:09.695  INFO  manager.ListenerWD - Before Find Element---> By.cssSelector: [aria-label='Next month']
18:49:09.726  INFO  manager.ListenerWD - After Find Element---> By.cssSelector: [aria-label='Next month']
18:49:09.745  INFO  manager.ListenerWD - Location of element ---> (404, 368)
18:49:09.841  INFO  manager.ListenerWD - Before Find Element---> By.cssSelector: [aria-label='Next month']
18:49:09.878  INFO  manager.ListenerWD - After Find Element---> By.cssSelector: [aria-label='Next month']
18:49:09.894  INFO  manager.ListenerWD - Location of element ---> (404, 368)
18:49:09.966  INFO  manager.ListenerWD - Before Find Element---> By.cssSelector: [aria-label='Next month']
18:49:09.995  INFO  manager.ListenerWD - After Find Element---> By.cssSelector: [aria-label='Next month']
18:49:10.007  INFO  manager.ListenerWD - Location of element ---> (404, 368)
18:49:10.084  INFO  manager.ListenerWD - Before Find Element---> By.cssSelector: [aria-label='Next month']
18:49:10.112  INFO  manager.ListenerWD - After Find Element---> By.cssSelector: [aria-label='Next month']
18:49:10.124  INFO  manager.ListenerWD - Location of element ---> (404, 368)
18:49:10.204  INFO  manager.ListenerWD - Before Find Element---> By.cssSelector: [aria-label='Next month']
18:49:10.234  INFO  manager.ListenerWD - After Find Element---> By.cssSelector: [aria-label='Next month']
18:49:10.249  INFO  manager.ListenerWD - Location of element ---> (404, 368)
18:49:10.323  INFO  manager.ListenerWD - Before Find Element---> By.cssSelector: [aria-label='Next month']
18:49:10.348  INFO  manager.ListenerWD - After Find Element---> By.cssSelector: [aria-label='Next month']
18:49:10.361  INFO  manager.ListenerWD - Location of element ---> (404, 368)
18:49:10.444  INFO  manager.ListenerWD - Before Find Element---> By.xpath: //div[text()=' 20 ']
18:49:10.486  INFO  manager.ListenerWD - After Find Element---> By.xpath: //div[text()=' 20 ']
18:49:10.504  INFO  manager.ListenerWD - Location of element ---> (403, 572)
18:49:10.620  INFO  manager.ListenerWD - Before Find Element---> By.xpath: //button[@type='submit']
18:49:10.655  INFO  manager.ListenerWD - After Find Element---> By.xpath: //button[@type='submit']
18:49:10.677  INFO  manager.ListenerWD - Location of element ---> (153, 366)
18:49:10.878  INFO  manager.ListenerWD - Before Find Element---> By.cssSelector: .car-container
18:49:16.969  INFO  manager.ListenerWD - After Find Element---> By.cssSelector: .car-container
18:49:16.977  INFO  manager.ListenerWD - List of elements is ---> 454
18:49:16.995  INFO  tests.TestBase - Name of method ---> searchCurrentMonthSuccess
18:49:16.997  INFO  manager.ListenerWD - Before Find Element---> By.cssSelector: a.logo
18:49:17.024  INFO  manager.ListenerWD - After Find Element---> By.cssSelector: a.logo
18:49:17.043  INFO  manager.ListenerWD - Location of element ---> (153, 16)
18:49:17.555  INFO  manager.ListenerWD - Before Find Element---> By.id: city
18:49:17.582  INFO  manager.ListenerWD - After Find Element---> By.id: city
18:49:17.602  INFO  manager.ListenerWD - Location of element ---> (153, 234)
18:49:17.923  INFO  manager.ListenerWD - Before Find Element---> By.cssSelector: .pac-item
18:49:18.068  INFO  manager.ListenerWD - After Find Element---> By.cssSelector: .pac-item
18:49:18.084  INFO  manager.ListenerWD - Location of element ---> (154, 279)
18:49:18.145  INFO  manager.ListenerWD - Before Find Element---> By.id: dates
18:49:18.166  INFO  manager.ListenerWD - After Find Element---> By.id: dates
18:49:18.182  INFO  manager.ListenerWD - Location of element ---> (153, 308)
18:49:18.338  INFO  manager.ListenerWD - Before Find Element---> By.xpath: //div[text()=' 27 ']
18:49:18.361  INFO  manager.ListenerWD - After Find Element---> By.xpath: //div[text()=' 27 ']
18:49:18.377  INFO  manager.ListenerWD - Location of element ---> (363, 592)
18:49:18.474  INFO  manager.ListenerWD - Before Find Element---> By.xpath: //div[text()=' 30 ']
18:49:18.501  INFO  manager.ListenerWD - After Find Element---> By.xpath: //div[text()=' 30 ']
18:49:18.517  INFO  manager.ListenerWD - Location of element ---> (203, 652)
18:49:18.602  INFO  manager.ListenerWD - Before Find Element---> By.xpath: //button[@type='submit']
18:49:18.623  INFO  manager.ListenerWD - After Find Element---> By.xpath: //button[@type='submit']
18:49:18.640  INFO  manager.ListenerWD - Location of element ---> (153, 366)
18:49:18.776  INFO  manager.ListenerWD - Before Find Element---> By.cssSelector: .car-container
18:49:23.172  INFO  manager.ListenerWD - After Find Element---> By.cssSelector: .car-container
18:49:23.172  INFO  manager.ListenerWD - List of elements is ---> 454
18:49:23.174  INFO  tests.TestBase - Name of method ---> searchCurrentYearSuccess
18:49:23.175  INFO  manager.ListenerWD - Before Find Element---> By.cssSelector: a.logo
18:49:23.194  INFO  manager.ListenerWD - After Find Element---> By.cssSelector: a.logo
18:49:23.208  INFO  manager.ListenerWD - Location of element ---> (153, 16)
18:49:23.533  INFO  manager.ListenerWD - Before Find Element---> By.id: city
18:49:23.563  INFO  manager.ListenerWD - After Find Element---> By.id: city
18:49:23.584  INFO  manager.ListenerWD - Location of element ---> (153, 234)
18:49:23.855  INFO  manager.ListenerWD - Before Find Element---> By.cssSelector: .pac-item
18:49:24.006  INFO  manager.ListenerWD - After Find Element---> By.cssSelector: .pac-item
18:49:24.020  INFO  manager.ListenerWD - Location of element ---> (154, 279)
18:49:24.074  INFO  manager.ListenerWD - Before Find Element---> By.id: dates
18:49:24.092  INFO  manager.ListenerWD - After Find Element---> By.id: dates
18:49:24.106  INFO  manager.ListenerWD - Location of element ---> (153, 308)
18:49:24.243  INFO  manager.ListenerWD - Before Find Element---> By.cssSelector: [aria-label='Next month']
18:49:24.261  INFO  manager.ListenerWD - After Find Element---> By.cssSelector: [aria-label='Next month']
18:49:24.275  INFO  manager.ListenerWD - Location of element ---> (404, 366)
18:49:24.367  INFO  manager.ListenerWD - Before Find Element---> By.cssSelector: [aria-label='Next month']
18:49:24.385  INFO  manager.ListenerWD - After Find Element---> By.cssSelector: [aria-label='Next month']
18:49:24.396  INFO  manager.ListenerWD - Location of element ---> (404, 368)
18:49:24.476  INFO  manager.ListenerWD - Before Find Element---> By.xpath: //div[text()=' 27 ']
18:49:24.495  INFO  manager.ListenerWD - After Find Element---> By.xpath: //div[text()=' 27 ']
18:49:24.509  INFO  manager.ListenerWD - Location of element ---> (283, 612)
18:49:24.640  INFO  manager.ListenerWD - Before Find Element---> By.cssSelector: [aria-label='Next month']
18:49:24.679  INFO  manager.ListenerWD - After Find Element---> By.cssSelector: [aria-label='Next month']
18:49:24.691  INFO  manager.ListenerWD - Location of element ---> (404, 368)
18:49:24.759  INFO  manager.ListenerWD - Before Find Element---> By.cssSelector: [aria-label='Next month']
18:49:24.778  INFO  manager.ListenerWD - After Find Element---> By.cssSelector: [aria-label='Next month']
18:49:24.789  INFO  manager.ListenerWD - Location of element ---> (404, 368)
18:49:24.852  INFO  manager.ListenerWD - Before Find Element---> By.cssSelector: [aria-label='Next month']
18:49:24.871  INFO  manager.ListenerWD - After Find Element---> By.cssSelector: [aria-label='Next month']
18:49:24.881  INFO  manager.ListenerWD - Location of element ---> (404, 368)
18:49:24.954  INFO  manager.ListenerWD - Before Find Element---> By.cssSelector: [aria-label='Next month']
18:49:24.974  INFO  manager.ListenerWD - After Find Element---> By.cssSelector: [aria-label='Next month']
18:49:24.986  INFO  manager.ListenerWD - Location of element ---> (404, 368)
18:49:25.058  INFO  manager.ListenerWD - Before Find Element---> By.xpath: //div[text()=' 28 ']
18:49:25.089  INFO  manager.ListenerWD - After Find Element---> By.xpath: //div[text()=' 28 ']
18:49:25.105  INFO  manager.ListenerWD - Location of element ---> (163, 652)
18:49:25.166  INFO  manager.ListenerWD - Before Find Element---> By.xpath: //button[@type='submit']
18:49:25.191  INFO  manager.ListenerWD - After Find Element---> By.xpath: //button[@type='submit']
18:49:25.208  INFO  manager.ListenerWD - Location of element ---> (153, 366)
18:49:26.297  INFO  manager.ListenerWD - Huston we have a problem
18:49:26.298  INFO  manager.ListenerWD - Object target ---> [[ChromeDriver: chrome on WINDOWS (a4092bfa11ef7b154d182f459ea48ffb)] -> xpath: //button[@type='submit']]
18:49:26.298  INFO  manager.ListenerWD - ********************
18:49:26.299  INFO  manager.ListenerWD - Method name--->click
18:49:26.299  INFO  manager.ListenerWD - ********************
18:49:26.299  INFO  manager.ListenerWD - ********************
18:49:26.299  INFO  manager.ListenerWD - ********************
18:49:26.299  INFO  manager.ListenerWD - ********************
18:49:26.302  INFO  manager.ListenerWD - InvocationTargetException3org.openqa.selenium.ElementClickInterceptedException: element click intercepted: Element <button _ngcontent-cul-c106="" type="submit">...</button> is not clickable at point (220, 381). Other element would receive the click: <span class="mat-button-wrapper">...</span>
  (Session info: chrome=112.0.5615.138)
Build info: version: '4.7.0', revision: '0a5b49d16f'
System info: os.name: 'Windows 10', os.arch: 'amd64', os.version: '10.0', java.version: '11.0.18'
Driver info: org.openqa.selenium.chrome.ChromeDriver
Command: [a4092bfa11ef7b154d182f459ea48ffb, clickElement {id=0e9409d7-2dfd-4a5f-a0e3-5ce5171eb33c}]
Capabilities {acceptInsecureCerts: false, browserName: chrome, browserVersion: 112.0.5615.138, chrome: {chromedriverVersion: 112.0.5615.49 (bd2a7bcb881c..., userDataDir: C:\Users\honor\AppData\Loca...}, goog:chromeOptions: {debuggerAddress: localhost:51051}, networkConnectionEnabled: false, pageLoadStrategy: normal, platformName: WINDOWS, proxy: Proxy(), se:cdp: ws://localhost:51051/devtoo..., se:cdpVersion: 112.0.5615.138, setWindowRect: true, strictFileInteractability: false, timeouts: {implicit: 0, pageLoad: 300000, script: 30000}, unhandledPromptBehavior: dismiss and notify, webauthn:extension:credBlob: true, webauthn:extension:largeBlob: true, webauthn:extension:minPinLength: true, webauthn:extension:prf: true, webauthn:virtualAuthenticators: true}
Element: [[ChromeDriver: chrome on WINDOWS (a4092bfa11ef7b154d182f459ea48ffb)] -> xpath: //button[@type='submit']]
Session ID: a4092bfa11ef7b154d182f459ea48ffb
18:49:26.302  INFO  manager.ListenerWD - ********************
18:49:26.303  INFO  manager.ListenerWD - Screen with error is--->src/test/screenshots/screen-18.png
