20:35:45.133  INFO  manager.ApplicationManager - All tests run in Chrome Browser
20:35:47.961  INFO  manager.ApplicationManager - The link --->https://ilcarro.web.app/search
20:35:48.075  INFO  tests.TestBase - Name of method ---> negativeSearch
20:35:48.082  INFO  manager.ListenerWD - Before Find Element---> By.cssSelector: a.logo
20:35:48.152  INFO  manager.ListenerWD - After Find Element---> By.cssSelector: a.logo
20:35:48.188  INFO  manager.ListenerWD - Location of element ---> (153, 16)
20:35:48.609  INFO  manager.ListenerWD - Before Find Element---> By.id: city
20:35:48.660  INFO  manager.ListenerWD - After Find Element---> By.id: city
20:35:48.679  INFO  manager.ListenerWD - Location of element ---> (153, 234)
20:35:49.018  INFO  manager.ListenerWD - Before Find Element---> By.cssSelector: .pac-item
20:35:49.645  INFO  manager.ListenerWD - After Find Element---> By.cssSelector: .pac-item
20:35:49.666  INFO  manager.ListenerWD - Location of element ---> (154, 279)
20:35:49.742  INFO  manager.ListenerWD - Before Find Element---> By.id: dates
20:35:49.789  INFO  manager.ListenerWD - After Find Element---> By.id: dates
20:35:49.809  INFO  manager.ListenerWD - Location of element ---> (153, 327)
20:35:49.942  INFO  manager.ListenerWD - Before Find Element---> By.id: dates
20:35:49.980  INFO  manager.ListenerWD - After Find Element---> By.id: dates
20:35:49.997  INFO  manager.ListenerWD - Location of element ---> (153, 308)
20:35:50.213  INFO  manager.ListenerWD - Before Find Element---> By.id: dates
20:35:50.256  INFO  manager.ListenerWD - After Find Element---> By.id: dates
20:35:50.281  INFO  manager.ListenerWD - Location of element ---> (153, 308)
20:35:50.504  INFO  manager.ListenerWD - Before Find Element---> By.xpath: //button[@type='submit']
20:35:50.573  INFO  manager.ListenerWD - After Find Element---> By.xpath: //button[@type='submit']
20:35:50.597  INFO  manager.ListenerWD - Location of element ---> (153, 385)
20:35:51.718  INFO  manager.ListenerWD - Huston we have a problem
20:35:51.720  INFO  manager.ListenerWD - Object target ---> [[ChromeDriver: chrome on WINDOWS (ebe65a8d4a9699993bac4a2694f51aa7)] -> xpath: //button[@type='submit']]
20:35:51.720  INFO  manager.ListenerWD - ********************
20:35:51.721  INFO  manager.ListenerWD - Method name--->click
20:35:51.722  INFO  manager.ListenerWD - ********************
20:35:51.722  INFO  manager.ListenerWD - ********************
20:35:51.722  INFO  manager.ListenerWD - ********************
20:35:51.722  INFO  manager.ListenerWD - ********************
20:35:51.728  INFO  manager.ListenerWD - InvocationTargetException3org.openqa.selenium.ElementClickInterceptedException: element click intercepted: Element <button _ngcontent-krw-c106="" type="submit" disabled="">...</button> is not clickable at point (220, 400). Other element would receive the click: <button mat-button="" type="button" cdkarialive="polite" class="mat-focus-indicator mat-calendar-period-button mat-button mat-button-base" ng-reflect-politeness="polite" aria-label="Choose month and year">...</button>
  (Session info: chrome=112.0.5615.138)
Build info: version: '4.7.0', revision: '0a5b49d16f'
System info: os.name: 'Windows 10', os.arch: 'amd64', os.version: '10.0', java.version: '11.0.18'
Driver info: org.openqa.selenium.chrome.ChromeDriver
Command: [ebe65a8d4a9699993bac4a2694f51aa7, clickElement {id=73524e11-df2d-487e-b506-73cff9daf89a}]
Capabilities {acceptInsecureCerts: false, browserName: chrome, browserVersion: 112.0.5615.138, chrome: {chromedriverVersion: 112.0.5615.49 (bd2a7bcb881c..., userDataDir: C:\Users\honor\AppData\Loca...}, goog:chromeOptions: {debuggerAddress: localhost:53472}, networkConnectionEnabled: false, pageLoadStrategy: normal, platformName: WINDOWS, proxy: Proxy(), se:cdp: ws://localhost:53472/devtoo..., se:cdpVersion: 112.0.5615.138, setWindowRect: true, strictFileInteractability: false, timeouts: {implicit: 0, pageLoad: 300000, script: 30000}, unhandledPromptBehavior: dismiss and notify, webauthn:extension:credBlob: true, webauthn:extension:largeBlob: true, webauthn:extension:minPinLength: true, webauthn:extension:prf: true, webauthn:virtualAuthenticators: true}
Element: [[ChromeDriver: chrome on WINDOWS (ebe65a8d4a9699993bac4a2694f51aa7)] -> xpath: //button[@type='submit']]
Session ID: ebe65a8d4a9699993bac4a2694f51aa7
20:35:51.730  INFO  manager.ListenerWD - ********************
20:35:51.746  INFO  manager.ListenerWD - Screen with error is--->src/test/screenshots/screen-299.png
