09:50:37.383  INFO  manager.ApplicationManager - All tests run in Chrome Browser
09:50:40.738  INFO  manager.ApplicationManager - The link --->https://ilcarro.web.app/search
09:50:40.821  INFO  manager.ListenerWD - Before Find Element---> By.xpath: //a[text()=' Logout ']
09:50:45.856  INFO  manager.ListenerWD - After Find Element---> By.xpath: //a[text()=' Logout ']
09:50:45.865  INFO  manager.ListenerWD - List of elements is ---> 0
09:50:45.867  INFO  manager.ListenerWD - Before Find Element---> By.xpath: //*[text()=' Log in ']
09:50:45.980  INFO  manager.ListenerWD - After Find Element---> By.xpath: //*[text()=' Log in ']
09:50:46.019  INFO  manager.ListenerWD - Location of element ---> (1287, 24)
09:50:46.149  INFO  manager.ListenerWD - Before Find Element---> By.cssSelector: #email
09:50:46.216  INFO  manager.ListenerWD - After Find Element---> By.cssSelector: #email
09:50:46.247  INFO  manager.ListenerWD - Location of element ---> (1070, 258)
09:50:46.566  INFO  manager.ListenerWD - Before Find Element---> By.id: password
09:50:46.616  INFO  manager.ListenerWD - After Find Element---> By.id: password
09:50:46.637  INFO  manager.ListenerWD - Location of element ---> (1070, 332)
09:50:46.859  INFO  manager.ListenerWD - Before Find Element---> By.xpath: //button[@type='submit']
09:50:46.912  INFO  manager.ListenerWD - After Find Element---> By.xpath: //button[@type='submit']
09:50:46.935  INFO  manager.ListenerWD - Location of element ---> (1070, 401)
09:50:47.028  INFO  manager.ListenerWD - Before Find Element---> By.xpath: //button[text()='Ok']
09:50:48.261  INFO  manager.ListenerWD - After Find Element---> By.xpath: //button[text()='Ok']
09:50:48.290  INFO  manager.ListenerWD - Location of element ---> (790, 394)
09:50:48.367  INFO  tests.TestBase - Before class logged in account with data ---> email: 'ssa@gmail.com', password: 'Ssa12345$'
09:50:48.396  INFO  tests.TestBase - Name of method ---> addNewCarSuccess
09:50:48.411  INFO  tests.TestBase - Test data ---> location: 'Tel Aviv, Israel', manufacture: 'Nissan', model: 'A2', year: '2004', fuel: 'Petrol', seats: '5', carClass: 'C', carRegNumber: 198-72613-1034, price: '50'
09:50:48.924  INFO  manager.ListenerWD - Before Find Element---> By.xpath: //a[text()=' Let the car work ']
09:50:48.993  INFO  manager.ListenerWD - After Find Element---> By.xpath: //a[text()=' Let the car work ']
09:50:49.018  INFO  manager.ListenerWD - Location of element ---> (753, 24)
09:50:49.168  INFO  manager.ListenerWD - Before Find Element---> By.id: pickUpPlace
09:50:49.217  INFO  manager.ListenerWD - After Find Element---> By.id: pickUpPlace
09:50:49.237  INFO  manager.ListenerWD - Location of element ---> (138, 324)
09:50:49.547  INFO  manager.ListenerWD - Before Find Element---> By.cssSelector: .pac-item
09:50:50.002  INFO  manager.ListenerWD - After Find Element---> By.cssSelector: .pac-item
09:50:50.049  INFO  manager.ListenerWD - Location of element ---> (138, 368)
09:50:50.143  INFO  manager.ListenerWD - Before Find Element---> By.id: make
09:50:50.193  INFO  manager.ListenerWD - After Find Element---> By.id: make
09:50:50.221  INFO  manager.ListenerWD - Location of element ---> (138, 505)
09:50:50.470  INFO  manager.ListenerWD - Before Find Element---> By.cssSelector: #model
09:50:50.521  INFO  manager.ListenerWD - After Find Element---> By.cssSelector: #model
09:50:50.545  INFO  manager.ListenerWD - Location of element ---> (138, 585)
09:50:50.787  INFO  manager.ListenerWD - Before Find Element---> By.cssSelector: #year
09:50:50.838  INFO  manager.ListenerWD - After Find Element---> By.cssSelector: #year
09:50:50.858  INFO  manager.ListenerWD - Location of element ---> (138, 659)
09:50:51.147  INFO  manager.ListenerWD - Before Find Element---> By.id: fuel
09:50:51.201  INFO  manager.ListenerWD - After Find Element---> By.id: fuel
09:50:51.225  INFO  manager.ListenerWD - Location of element ---> (138, 733)
09:50:51.430  INFO  manager.ListenerWD - Before Find Element---> By.id: seats
09:50:51.475  INFO  manager.ListenerWD - After Find Element---> By.id: seats
09:50:51.497  INFO  manager.ListenerWD - Location of element ---> (138, 808)
09:50:51.723  INFO  manager.ListenerWD - Before Find Element---> By.id: class
09:50:51.766  INFO  manager.ListenerWD - After Find Element---> By.id: class
09:50:51.792  INFO  manager.ListenerWD - Location of element ---> (138, 882)
09:50:51.996  INFO  manager.ListenerWD - Before Find Element---> By.id: serialNumber
09:50:52.041  INFO  manager.ListenerWD - After Find Element---> By.id: serialNumber
09:50:52.063  INFO  manager.ListenerWD - Location of element ---> (138, 956)
09:50:52.344  INFO  manager.ListenerWD - Before Find Element---> By.id: price
09:50:52.389  INFO  manager.ListenerWD - After Find Element---> By.id: price
09:50:52.416  INFO  manager.ListenerWD - Location of element ---> (138, 1030)
09:50:52.679  INFO  manager.ListenerWD - Before Find Element---> By.id: about
09:50:52.730  INFO  manager.ListenerWD - After Find Element---> By.id: about
09:50:52.752  INFO  manager.ListenerWD - Location of element ---> (138, 1137)
09:50:52.877  INFO  manager.ListenerWD - Before Find Element---> By.xpath: //button[@type='submit']
09:50:52.904  INFO  manager.ListenerWD - After Find Element---> By.xpath: //button[@type='submit']
09:50:52.923  INFO  manager.ListenerWD - Location of element ---> (138, 1512)
09:50:53.033  INFO  manager.ListenerWD - Before Find Element---> By.cssSelector: .dialog-container
09:50:53.642  INFO  manager.ListenerWD - After Find Element---> By.cssSelector: .dialog-container
09:50:53.667  INFO  manager.ListenerWD - Location of element ---> (608, 308)
09:50:53.729  INFO  manager.ListenerWD - Before Find Element---> By.cssSelector: .dialog-container>h2
09:50:53.780  INFO  manager.ListenerWD - After Find Element---> By.cssSelector: .dialog-container>h2
09:50:53.804  INFO  manager.ListenerWD - Location of element ---> (583, 344)
09:50:53.844  INFO  tests.TestBase - Assert check is Element with text 'added successful' present
09:50:53.844  INFO  manager.ListenerWD - Before Find Element---> By.cssSelector: .dialog-container
09:50:53.876  INFO  manager.ListenerWD - After Find Element---> By.cssSelector: .dialog-container
09:50:53.894  INFO  manager.ListenerWD - Location of element ---> (583, 301)
09:50:53.933  INFO  manager.ListenerWD - Before Find Element---> By.cssSelector: .dialog-container>h2
09:50:53.964  INFO  manager.ListenerWD - After Find Element---> By.cssSelector: .dialog-container>h2
09:50:53.980  INFO  manager.ListenerWD - Location of element ---> (583, 344)
09:50:54.011  INFO  manager.ListenerWD - Before Find Element---> By.xpath: //button[text()='Search cars']
09:50:54.049  INFO  manager.ListenerWD - After Find Element---> By.xpath: //button[text()='Search cars']
09:50:54.066  INFO  manager.ListenerWD - Location of element ---> (729, 398)
09:50:54.129  INFO  tests.TestBase - Assert check is home page displayed
09:50:54.144  INFO  tests.TestBase - Name of method ---> addNewCarSuccessAll
09:50:54.218  INFO  tests.TestBase - Test data ---> Car(location=Tel Aviv, Israel, manufacture=Mazda, model=M3, year=2022, fuel=Petrol, seats=5, carClass=C, carRegNumber=198-72613-006, price=50.0, about=Very nice car)
09:50:54.725  INFO  manager.ListenerWD - Before Find Element---> By.xpath: //a[text()=' Let the car work ']
09:50:54.756  INFO  manager.ListenerWD - After Find Element---> By.xpath: //a[text()=' Let the car work ']
09:50:54.777  INFO  manager.ListenerWD - Location of element ---> (753, 24)
09:50:54.888  INFO  manager.ListenerWD - Before Find Element---> By.id: pickUpPlace
09:50:54.914  INFO  manager.ListenerWD - After Find Element---> By.id: pickUpPlace
09:50:54.930  INFO  manager.ListenerWD - Location of element ---> (138, 324)
09:50:55.187  INFO  manager.ListenerWD - Before Find Element---> By.cssSelector: .pac-item
09:50:55.495  INFO  manager.ListenerWD - After Find Element---> By.cssSelector: .pac-item
09:50:55.517  INFO  manager.ListenerWD - Location of element ---> (138, 368)
09:50:55.602  INFO  manager.ListenerWD - Before Find Element---> By.id: make
09:50:55.629  INFO  manager.ListenerWD - After Find Element---> By.id: make
09:50:55.647  INFO  manager.ListenerWD - Location of element ---> (138, 505)
09:50:55.894  INFO  manager.ListenerWD - Before Find Element---> By.cssSelector: #model
09:50:55.934  INFO  manager.ListenerWD - After Find Element---> By.cssSelector: #model
09:50:55.954  INFO  manager.ListenerWD - Location of element ---> (138, 585)
09:50:56.215  INFO  manager.ListenerWD - Before Find Element---> By.cssSelector: #year
09:50:56.243  INFO  manager.ListenerWD - After Find Element---> By.cssSelector: #year
09:50:56.265  INFO  manager.ListenerWD - Location of element ---> (138, 659)
09:50:56.501  INFO  manager.ListenerWD - Before Find Element---> By.id: fuel
09:50:56.537  INFO  manager.ListenerWD - After Find Element---> By.id: fuel
09:50:56.558  INFO  manager.ListenerWD - Location of element ---> (138, 733)
09:50:56.724  INFO  manager.ListenerWD - Before Find Element---> By.id: seats
09:50:56.770  INFO  manager.ListenerWD - After Find Element---> By.id: seats
09:50:56.803  INFO  manager.ListenerWD - Location of element ---> (138, 808)
09:50:57.035  INFO  manager.ListenerWD - Before Find Element---> By.id: class
09:50:57.068  INFO  manager.ListenerWD - After Find Element---> By.id: class
09:50:57.096  INFO  manager.ListenerWD - Location of element ---> (138, 882)
09:50:57.319  INFO  manager.ListenerWD - Before Find Element---> By.id: serialNumber
09:50:57.348  INFO  manager.ListenerWD - After Find Element---> By.id: serialNumber
09:50:57.369  INFO  manager.ListenerWD - Location of element ---> (138, 956)
09:50:57.632  INFO  manager.ListenerWD - Before Find Element---> By.id: price
09:50:57.661  INFO  manager.ListenerWD - After Find Element---> By.id: price
09:50:57.686  INFO  manager.ListenerWD - Location of element ---> (138, 1030)
09:50:57.946  INFO  manager.ListenerWD - Before Find Element---> By.id: about
09:50:57.973  INFO  manager.ListenerWD - After Find Element---> By.id: about
09:50:57.992  INFO  manager.ListenerWD - Location of element ---> (138, 1137)
09:50:58.189  INFO  manager.ListenerWD - Before Find Element---> By.cssSelector: #photos
09:50:58.227  INFO  manager.ListenerWD - After Find Element---> By.cssSelector: #photos
09:50:58.244  INFO  manager.ListenerWD - Location of element ---> (138, 1467)
09:50:58.336  INFO  manager.ListenerWD - Before Find Element---> By.xpath: //button[@type='submit']
09:50:58.368  INFO  manager.ListenerWD - After Find Element---> By.xpath: //button[@type='submit']
09:50:58.388  INFO  manager.ListenerWD - Location of element ---> (138, 1563)
09:50:58.470  INFO  manager.ListenerWD - Before Find Element---> By.cssSelector: .dialog-container
09:50:58.813  INFO  manager.ListenerWD - After Find Element---> By.cssSelector: .dialog-container
09:50:58.834  INFO  manager.ListenerWD - Location of element ---> (608, 309)
09:50:58.863  INFO  manager.ListenerWD - Before Find Element---> By.cssSelector: .dialog-container>h2
09:50:58.892  INFO  manager.ListenerWD - After Find Element---> By.cssSelector: .dialog-container>h2
09:50:58.912  INFO  manager.ListenerWD - Location of element ---> (585, 345)
09:50:58.947  INFO  tests.TestBase - Assert check is Element with text 'added successful' present
09:50:58.947  INFO  manager.ListenerWD - Before Find Element---> By.cssSelector: .dialog-container
09:50:58.975  INFO  manager.ListenerWD - After Find Element---> By.cssSelector: .dialog-container
09:50:58.990  INFO  manager.ListenerWD - Location of element ---> (583, 301)
09:50:59.015  INFO  manager.ListenerWD - Before Find Element---> By.cssSelector: .dialog-container>h2
09:50:59.043  INFO  manager.ListenerWD - After Find Element---> By.cssSelector: .dialog-container>h2
09:50:59.060  INFO  manager.ListenerWD - Location of element ---> (583, 344)
09:50:59.088  INFO  manager.ListenerWD - Before Find Element---> By.xpath: //button[text()='Search cars']
09:50:59.124  INFO  manager.ListenerWD - After Find Element---> By.xpath: //button[text()='Search cars']
09:50:59.147  INFO  manager.ListenerWD - Location of element ---> (729, 398)
09:50:59.224  INFO  tests.TestBase - Assert check is home page displayed
09:50:59.226  INFO  tests.TestBase - Name of method ---> addNewCarSuccessAll
09:50:59.227  INFO  tests.TestBase - Test data ---> Car(location=Tel Aviv, Israel, manufacture=Nissan, model=A2, year=2004, fuel=Petrol, seats=5, carClass=C, carRegNumber=198-72613-004, price=50.0, about=null)
09:50:59.741  INFO  manager.ListenerWD - Before Find Element---> By.xpath: //a[text()=' Let the car work ']
09:50:59.770  INFO  manager.ListenerWD - After Find Element---> By.xpath: //a[text()=' Let the car work ']
09:50:59.787  INFO  manager.ListenerWD - Location of element ---> (753, 24)
09:50:59.878  INFO  manager.ListenerWD - Before Find Element---> By.id: pickUpPlace
09:50:59.908  INFO  manager.ListenerWD - After Find Element---> By.id: pickUpPlace
09:50:59.927  INFO  manager.ListenerWD - Location of element ---> (138, 324)
09:51:00.255  INFO  manager.ListenerWD - Before Find Element---> By.cssSelector: .pac-item
09:51:00.488  INFO  manager.ListenerWD - After Find Element---> By.cssSelector: .pac-item
09:51:00.510  INFO  manager.ListenerWD - Location of element ---> (138, 368)
09:51:00.609  INFO  manager.ListenerWD - Before Find Element---> By.id: make
09:51:00.637  INFO  manager.ListenerWD - After Find Element---> By.id: make
09:51:00.657  INFO  manager.ListenerWD - Location of element ---> (138, 505)
09:51:00.899  INFO  manager.ListenerWD - Before Find Element---> By.cssSelector: #model
09:51:00.930  INFO  manager.ListenerWD - After Find Element---> By.cssSelector: #model
09:51:00.952  INFO  manager.ListenerWD - Location of element ---> (138, 585)
09:51:01.223  INFO  manager.ListenerWD - Before Find Element---> By.cssSelector: #year
09:51:01.257  INFO  manager.ListenerWD - After Find Element---> By.cssSelector: #year
09:51:01.282  INFO  manager.ListenerWD - Location of element ---> (138, 659)
09:51:01.578  INFO  manager.ListenerWD - Before Find Element---> By.id: fuel
09:51:01.613  INFO  manager.ListenerWD - After Find Element---> By.id: fuel
09:51:01.633  INFO  manager.ListenerWD - Location of element ---> (138, 733)
09:51:01.790  INFO  manager.ListenerWD - Before Find Element---> By.id: seats
09:51:01.820  INFO  manager.ListenerWD - After Find Element---> By.id: seats
09:51:01.842  INFO  manager.ListenerWD - Location of element ---> (138, 808)
09:51:02.092  INFO  manager.ListenerWD - Before Find Element---> By.id: class
09:51:02.123  INFO  manager.ListenerWD - After Find Element---> By.id: class
09:51:02.149  INFO  manager.ListenerWD - Location of element ---> (138, 882)
09:51:02.365  INFO  manager.ListenerWD - Before Find Element---> By.id: serialNumber
09:51:02.399  INFO  manager.ListenerWD - After Find Element---> By.id: serialNumber
09:51:02.420  INFO  manager.ListenerWD - Location of element ---> (138, 956)
09:51:02.729  INFO  manager.ListenerWD - Before Find Element---> By.id: price
09:51:02.763  INFO  manager.ListenerWD - After Find Element---> By.id: price
09:51:02.787  INFO  manager.ListenerWD - Location of element ---> (138, 1030)
09:51:03.061  INFO  manager.ListenerWD - Before Find Element---> By.id: about
09:51:03.088  INFO  manager.ListenerWD - After Find Element---> By.id: about
09:51:03.107  INFO  manager.ListenerWD - Location of element ---> (138, 1137)
09:51:03.234  INFO  manager.ListenerWD - Before Find Element---> By.cssSelector: #photos
09:51:03.258  INFO  manager.ListenerWD - After Find Element---> By.cssSelector: #photos
09:51:03.275  INFO  manager.ListenerWD - Location of element ---> (138, 1467)
09:51:03.344  INFO  manager.ListenerWD - Before Find Element---> By.xpath: //button[@type='submit']
09:51:03.372  INFO  manager.ListenerWD - After Find Element---> By.xpath: //button[@type='submit']
09:51:03.389  INFO  manager.ListenerWD - Location of element ---> (138, 1563)
09:51:03.467  INFO  manager.ListenerWD - Before Find Element---> By.cssSelector: .dialog-container
09:51:03.705  INFO  manager.ListenerWD - After Find Element---> By.cssSelector: .dialog-container
09:51:03.726  INFO  manager.ListenerWD - Location of element ---> (619, 303)
09:51:03.752  INFO  manager.ListenerWD - Before Find Element---> By.cssSelector: .dialog-container>h2
09:51:03.777  INFO  manager.ListenerWD - After Find Element---> By.cssSelector: .dialog-container>h2
09:51:03.796  INFO  manager.ListenerWD - Location of element ---> (590, 334)
09:51:03.824  INFO  manager.ListenerWD - Before Find Element---> By.xpath: //button[text()='Search cars']
09:51:08.896  INFO  manager.ListenerWD - Huston we have a problem
09:51:08.897  INFO  manager.ListenerWD - Object target ---> ChromeDriver: chrome on WINDOWS (2715c860a148ada700e3996004a72feb)
09:51:08.898  INFO  manager.ListenerWD - ********************
09:51:08.899  INFO  manager.ListenerWD - Method name--->findElement
09:51:08.899  INFO  manager.ListenerWD - ********************
09:51:08.899  INFO  manager.ListenerWD - ********************
09:51:08.899  INFO  manager.ListenerWD - ********************
09:51:08.899  INFO  manager.ListenerWD - ********************
09:51:08.903  INFO  manager.ListenerWD - InvocationTargetException3org.openqa.selenium.NoSuchElementException: no such element: Unable to locate element: {"method":"xpath","selector":"//button[text()='Search cars']"}
  (Session info: chrome=112.0.5615.138)
For documentation on this error, please visit: https://selenium.dev/exceptions/#no_such_element
Build info: version: '4.7.0', revision: '0a5b49d16f'
System info: os.name: 'Windows 10', os.arch: 'amd64', os.version: '10.0', java.version: '11.0.18'
Driver info: org.openqa.selenium.chrome.ChromeDriver
Command: [2715c860a148ada700e3996004a72feb, findElement {using=xpath, value=//button[text()='Search cars']}]
Capabilities {acceptInsecureCerts: false, browserName: chrome, browserVersion: 112.0.5615.138, chrome: {chromedriverVersion: 112.0.5615.49 (bd2a7bcb881c..., userDataDir: C:\Users\honor\AppData\Loca...}, goog:chromeOptions: {debuggerAddress: localhost:58361}, networkConnectionEnabled: false, pageLoadStrategy: normal, platformName: WINDOWS, proxy: Proxy(), se:cdp: ws://localhost:58361/devtoo..., se:cdpVersion: 112.0.5615.138, setWindowRect: true, strictFileInteractability: false, timeouts: {implicit: 0, pageLoad: 300000, script: 30000}, unhandledPromptBehavior: dismiss and notify, webauthn:extension:credBlob: true, webauthn:extension:largeBlob: true, webauthn:extension:minPinLength: true, webauthn:extension:prf: true, webauthn:virtualAuthenticators: true}
Session ID: 2715c860a148ada700e3996004a72feb
09:51:08.904  INFO  manager.ListenerWD - ********************
09:51:08.905  INFO  manager.ListenerWD - Screen with error is--->src/test/screenshots/screen-310.png
09:51:09.306  INFO  tests.TestBase - Name of method ---> loginSuccess
09:51:09.309  INFO  manager.ListenerWD - Before Find Element---> By.xpath: //a[text()=' Logout ']
09:51:09.349  INFO  manager.ListenerWD - After Find Element---> By.xpath: //a[text()=' Logout ']
09:51:09.350  INFO  manager.ListenerWD - List of elements is ---> 1
09:51:09.350  INFO  manager.ListenerWD - Before Find Element---> By.xpath: //a[text()=' Logout ']
09:51:09.383  INFO  manager.ListenerWD - After Find Element---> By.xpath: //a[text()=' Logout ']
09:51:09.400  INFO  manager.ListenerWD - Location of element ---> (1099, 24)
09:51:09.519  INFO  tests.TestBase - Before method finish logout
09:51:09.521  INFO  tests.TestBase - Start test name 'loginSuccess'
09:51:09.521  INFO  tests.TestBase - Test data ---> email: 'ssa@gmail.com' & password: 'Ssa12345$'
09:51:09.521  INFO  manager.ListenerWD - Before Find Element---> By.xpath: //*[text()=' Log in ']
09:51:09.555  INFO  manager.ListenerWD - After Find Element---> By.xpath: //*[text()=' Log in ']
09:51:09.579  INFO  manager.ListenerWD - Location of element ---> (1287, 24)
09:51:09.683  INFO  manager.ListenerWD - Before Find Element---> By.cssSelector: #email
09:51:09.713  INFO  manager.ListenerWD - After Find Element---> By.cssSelector: #email
09:51:09.732  INFO  manager.ListenerWD - Location of element ---> (1070, 258)
09:51:10.018  INFO  manager.ListenerWD - Before Find Element---> By.id: password
09:51:10.048  INFO  manager.ListenerWD - After Find Element---> By.id: password
09:51:10.069  INFO  manager.ListenerWD - Location of element ---> (1070, 332)
09:51:10.310  INFO  manager.ListenerWD - Before Find Element---> By.xpath: //button[@type='submit']
09:51:10.344  INFO  manager.ListenerWD - After Find Element---> By.xpath: //button[@type='submit']
09:51:10.366  INFO  manager.ListenerWD - Location of element ---> (1070, 401)
09:51:10.456  INFO  manager.ListenerWD - Before Find Element---> By.cssSelector: .dialog-container
09:51:10.803  INFO  manager.ListenerWD - After Find Element---> By.cssSelector: .dialog-container
09:51:10.828  INFO  manager.ListenerWD - Location of element ---> (600, 306)
09:51:10.854  INFO  manager.ListenerWD - Before Find Element---> By.cssSelector: .dialog-container>h2
09:51:10.884  INFO  manager.ListenerWD - After Find Element---> By.cssSelector: .dialog-container>h2
09:51:10.903  INFO  manager.ListenerWD - Location of element ---> (583, 344)
09:51:10.936  INFO  tests.TestBase - Assert check is Element present with text 'Logged in success'
09:51:10.938  INFO  manager.ListenerWD - Before Find Element---> By.cssSelector: .dialog-container
09:51:10.977  INFO  manager.ListenerWD - After Find Element---> By.cssSelector: .dialog-container
09:51:10.978  INFO  manager.ListenerWD - List of elements is ---> 1
09:51:10.978  INFO  manager.ListenerWD - Before Find Element---> By.xpath: //button[text()='Ok']
09:51:11.006  INFO  manager.ListenerWD - After Find Element---> By.xpath: //button[text()='Ok']
09:51:11.029  INFO  manager.ListenerWD - Location of element ---> (793, 398)
09:51:11.122  INFO  tests.TestBase - The window is closed
09:51:11.128  INFO  tests.TestBase - Name of method ---> loginSuccess1
09:51:11.130  INFO  manager.ListenerWD - Before Find Element---> By.xpath: //a[text()=' Logout ']
09:51:11.157  INFO  manager.ListenerWD - After Find Element---> By.xpath: //a[text()=' Logout ']
09:51:11.157  INFO  manager.ListenerWD - List of elements is ---> 1
09:51:11.157  INFO  manager.ListenerWD - Before Find Element---> By.xpath: //a[text()=' Logout ']
09:51:11.185  INFO  manager.ListenerWD - After Find Element---> By.xpath: //a[text()=' Logout ']
09:51:11.254  INFO  manager.ListenerWD - Location of element ---> (1099, 0)
09:51:11.363  INFO  tests.TestBase - Before method finish logout
09:51:11.379  INFO  tests.TestBase - Test data from object --->User{firstName='null', lastName='null', email='ssa@gmail.com', password='Ssa12345$'}
09:51:11.379  INFO  manager.ListenerWD - Before Find Element---> By.xpath: //*[text()=' Log in ']
09:51:11.406  INFO  manager.ListenerWD - After Find Element---> By.xpath: //*[text()=' Log in ']
09:51:11.426  INFO  manager.ListenerWD - Location of element ---> (1287, 24)
09:51:11.544  INFO  manager.ListenerWD - Before Find Element---> By.cssSelector: #email
09:51:11.571  INFO  manager.ListenerWD - After Find Element---> By.cssSelector: #email
09:51:11.587  INFO  manager.ListenerWD - Location of element ---> (1070, 258)
09:51:11.880  INFO  manager.ListenerWD - Before Find Element---> By.id: password
09:51:11.907  INFO  manager.ListenerWD - After Find Element---> By.id: password
09:51:11.927  INFO  manager.ListenerWD - Location of element ---> (1070, 332)
09:51:12.141  INFO  manager.ListenerWD - Before Find Element---> By.xpath: //button[@type='submit']
09:51:12.170  INFO  manager.ListenerWD - After Find Element---> By.xpath: //button[@type='submit']
09:51:12.196  INFO  manager.ListenerWD - Location of element ---> (1070, 401)
09:51:12.280  INFO  manager.ListenerWD - Before Find Element---> By.cssSelector: .dialog-container
09:51:12.638  INFO  manager.ListenerWD - After Find Element---> By.cssSelector: .dialog-container
09:51:12.658  INFO  manager.ListenerWD - Location of element ---> (604, 307)
09:51:12.683  INFO  manager.ListenerWD - Before Find Element---> By.cssSelector: .dialog-container>h2
09:51:12.709  INFO  manager.ListenerWD - After Find Element---> By.cssSelector: .dialog-container>h2
09:51:12.729  INFO  manager.ListenerWD - Location of element ---> (587, 345)
09:51:12.757  INFO  tests.TestBase - Assert check is Element present with text 'Logged in success'
09:51:12.759  INFO  manager.ListenerWD - Before Find Element---> By.cssSelector: .dialog-container
09:51:12.790  INFO  manager.ListenerWD - After Find Element---> By.cssSelector: .dialog-container
09:51:12.790  INFO  manager.ListenerWD - List of elements is ---> 1
09:51:12.791  INFO  manager.ListenerWD - Before Find Element---> By.xpath: //button[text()='Ok']
09:51:12.818  INFO  manager.ListenerWD - After Find Element---> By.xpath: //button[text()='Ok']
09:51:12.837  INFO  manager.ListenerWD - Location of element ---> (793, 398)
09:51:12.916  INFO  tests.TestBase - The window is closed
09:51:12.918  INFO  tests.TestBase - Name of method ---> loginSuccess1
09:51:12.921  INFO  manager.ListenerWD - Before Find Element---> By.xpath: //a[text()=' Logout ']
09:51:12.950  INFO  manager.ListenerWD - After Find Element---> By.xpath: //a[text()=' Logout ']
09:51:12.950  INFO  manager.ListenerWD - List of elements is ---> 1
09:51:12.950  INFO  manager.ListenerWD - Before Find Element---> By.xpath: //a[text()=' Logout ']
09:51:12.979  INFO  manager.ListenerWD - After Find Element---> By.xpath: //a[text()=' Logout ']
09:51:13.034  INFO  manager.ListenerWD - Location of element ---> (1099, 0)
09:51:13.148  INFO  tests.TestBase - Before method finish logout
09:51:13.149  INFO  tests.TestBase - Test data from object --->User{firstName='null', lastName='null', email='saa@gmail.com', password='Saa12345$'}
09:51:13.149  INFO  manager.ListenerWD - Before Find Element---> By.xpath: //*[text()=' Log in ']
09:51:13.177  INFO  manager.ListenerWD - After Find Element---> By.xpath: //*[text()=' Log in ']
09:51:13.196  INFO  manager.ListenerWD - Location of element ---> (1287, 24)
09:51:13.343  INFO  manager.ListenerWD - Before Find Element---> By.cssSelector: #email
09:51:13.368  INFO  manager.ListenerWD - After Find Element---> By.cssSelector: #email
09:51:13.386  INFO  manager.ListenerWD - Location of element ---> (1070, 258)
09:51:13.680  INFO  manager.ListenerWD - Before Find Element---> By.id: password
09:51:13.710  INFO  manager.ListenerWD - After Find Element---> By.id: password
09:51:13.730  INFO  manager.ListenerWD - Location of element ---> (1070, 332)
09:51:13.961  INFO  manager.ListenerWD - Before Find Element---> By.xpath: //button[@type='submit']
09:51:13.994  INFO  manager.ListenerWD - After Find Element---> By.xpath: //button[@type='submit']
09:51:14.013  INFO  manager.ListenerWD - Location of element ---> (1070, 401)
09:51:14.097  INFO  manager.ListenerWD - Before Find Element---> By.cssSelector: .dialog-container
09:51:14.446  INFO  manager.ListenerWD - After Find Element---> By.cssSelector: .dialog-container
09:51:14.467  INFO  manager.ListenerWD - Location of element ---> (600, 306)
09:51:14.495  INFO  manager.ListenerWD - Before Find Element---> By.cssSelector: .dialog-container>h2
09:51:14.527  INFO  manager.ListenerWD - After Find Element---> By.cssSelector: .dialog-container>h2
09:51:14.549  INFO  manager.ListenerWD - Location of element ---> (583, 344)
09:51:14.585  INFO  tests.TestBase - Assert check is Element present with text 'Logged in success'
09:51:14.587  INFO  manager.ListenerWD - Before Find Element---> By.cssSelector: .dialog-container
09:51:14.617  INFO  manager.ListenerWD - After Find Element---> By.cssSelector: .dialog-container
09:51:14.617  INFO  manager.ListenerWD - List of elements is ---> 1
09:51:14.617  INFO  manager.ListenerWD - Before Find Element---> By.xpath: //button[text()='Ok']
09:51:14.645  INFO  manager.ListenerWD - After Find Element---> By.xpath: //button[text()='Ok']
09:51:14.662  INFO  manager.ListenerWD - Location of element ---> (793, 398)
09:51:14.864  INFO  tests.TestBase - The window is closed
09:51:14.869  INFO  tests.TestBase - Name of method ---> loginSuccess1DataFromFile
09:51:14.871  INFO  manager.ListenerWD - Before Find Element---> By.xpath: //a[text()=' Logout ']
09:51:14.902  INFO  manager.ListenerWD - After Find Element---> By.xpath: //a[text()=' Logout ']
09:51:14.903  INFO  manager.ListenerWD - List of elements is ---> 1
09:51:14.903  INFO  manager.ListenerWD - Before Find Element---> By.xpath: //a[text()=' Logout ']
09:51:14.931  INFO  manager.ListenerWD - After Find Element---> By.xpath: //a[text()=' Logout ']
09:51:15.004  INFO  manager.ListenerWD - Location of element ---> (1099, 0)
09:51:15.131  INFO  tests.TestBase - Before method finish logout
09:51:15.133  INFO  tests.TestBase - Test data from object --->User{firstName='null', lastName='null', email='ssa@gmail.com', password='Ssa12345$'}
09:51:15.133  INFO  manager.ListenerWD - Before Find Element---> By.xpath: //*[text()=' Log in ']
09:51:15.163  INFO  manager.ListenerWD - After Find Element---> By.xpath: //*[text()=' Log in ']
09:51:15.182  INFO  manager.ListenerWD - Location of element ---> (1287, 24)
09:51:15.284  INFO  manager.ListenerWD - Before Find Element---> By.cssSelector: #email
09:51:15.310  INFO  manager.ListenerWD - After Find Element---> By.cssSelector: #email
09:51:15.326  INFO  manager.ListenerWD - Location of element ---> (1070, 258)
09:51:15.584  INFO  manager.ListenerWD - Before Find Element---> By.id: password
09:51:15.612  INFO  manager.ListenerWD - After Find Element---> By.id: password
09:51:15.630  INFO  manager.ListenerWD - Location of element ---> (1070, 332)
09:51:15.851  INFO  manager.ListenerWD - Before Find Element---> By.xpath: //button[@type='submit']
09:51:15.878  INFO  manager.ListenerWD - After Find Element---> By.xpath: //button[@type='submit']
09:51:15.899  INFO  manager.ListenerWD - Location of element ---> (1070, 401)
09:51:15.986  INFO  manager.ListenerWD - Before Find Element---> By.cssSelector: .dialog-container
09:51:16.330  INFO  manager.ListenerWD - After Find Element---> By.cssSelector: .dialog-container
09:51:16.349  INFO  manager.ListenerWD - Location of element ---> (600, 306)
09:51:16.377  INFO  manager.ListenerWD - Before Find Element---> By.cssSelector: .dialog-container>h2
09:51:16.402  INFO  manager.ListenerWD - After Find Element---> By.cssSelector: .dialog-container>h2
09:51:16.427  INFO  manager.ListenerWD - Location of element ---> (585, 345)
09:51:16.460  INFO  tests.TestBase - Assert check is Element present with text 'Logged in success'
09:51:16.461  INFO  manager.ListenerWD - Before Find Element---> By.cssSelector: .dialog-container
09:51:16.491  INFO  manager.ListenerWD - After Find Element---> By.cssSelector: .dialog-container
09:51:16.492  INFO  manager.ListenerWD - List of elements is ---> 1
09:51:16.492  INFO  manager.ListenerWD - Before Find Element---> By.xpath: //button[text()='Ok']
09:51:16.518  INFO  manager.ListenerWD - After Find Element---> By.xpath: //button[text()='Ok']
09:51:16.538  INFO  manager.ListenerWD - Location of element ---> (793, 398)
09:51:16.622  INFO  tests.TestBase - The window is closed
09:51:16.625  INFO  tests.TestBase - Name of method ---> loginSuccess1DataFromFile
09:51:16.629  INFO  manager.ListenerWD - Before Find Element---> By.xpath: //a[text()=' Logout ']
09:51:16.654  INFO  manager.ListenerWD - After Find Element---> By.xpath: //a[text()=' Logout ']
09:51:16.654  INFO  manager.ListenerWD - List of elements is ---> 1
09:51:16.655  INFO  manager.ListenerWD - Before Find Element---> By.xpath: //a[text()=' Logout ']
09:51:16.682  INFO  manager.ListenerWD - After Find Element---> By.xpath: //a[text()=' Logout ']
09:51:16.699  INFO  manager.ListenerWD - Location of element ---> (1099, 0)
09:51:16.847  INFO  tests.TestBase - Before method finish logout
09:51:16.849  INFO  tests.TestBase - Test data from object --->User{firstName='null', lastName='null', email='saa@gmail.com', password='Saa12345$'}
09:51:16.849  INFO  manager.ListenerWD - Before Find Element---> By.xpath: //*[text()=' Log in ']
09:51:16.886  INFO  manager.ListenerWD - After Find Element---> By.xpath: //*[text()=' Log in ']
09:51:16.905  INFO  manager.ListenerWD - Location of element ---> (1287, 24)
09:51:16.998  INFO  manager.ListenerWD - Before Find Element---> By.cssSelector: #email
09:51:17.023  INFO  manager.ListenerWD - After Find Element---> By.cssSelector: #email
09:51:17.041  INFO  manager.ListenerWD - Location of element ---> (1070, 258)
09:51:17.293  INFO  manager.ListenerWD - Before Find Element---> By.id: password
09:51:17.318  INFO  manager.ListenerWD - After Find Element---> By.id: password
09:51:17.339  INFO  manager.ListenerWD - Location of element ---> (1070, 332)
09:51:17.563  INFO  manager.ListenerWD - Before Find Element---> By.xpath: //button[@type='submit']
09:51:17.592  INFO  manager.ListenerWD - After Find Element---> By.xpath: //button[@type='submit']
09:51:17.613  INFO  manager.ListenerWD - Location of element ---> (1070, 401)
09:51:17.686  INFO  manager.ListenerWD - Before Find Element---> By.cssSelector: .dialog-container
09:51:18.028  INFO  manager.ListenerWD - After Find Element---> By.cssSelector: .dialog-container
09:51:18.049  INFO  manager.ListenerWD - Location of element ---> (594, 304)
09:51:18.078  INFO  manager.ListenerWD - Before Find Element---> By.cssSelector: .dialog-container>h2
09:51:18.111  INFO  manager.ListenerWD - After Find Element---> By.cssSelector: .dialog-container>h2
09:51:18.133  INFO  manager.ListenerWD - Location of element ---> (583, 344)
09:51:18.159  INFO  tests.TestBase - Assert check is Element present with text 'Logged in success'
09:51:18.160  INFO  manager.ListenerWD - Before Find Element---> By.cssSelector: .dialog-container
09:51:18.183  INFO  manager.ListenerWD - After Find Element---> By.cssSelector: .dialog-container
09:51:18.183  INFO  manager.ListenerWD - List of elements is ---> 1
09:51:18.183  INFO  manager.ListenerWD - Before Find Element---> By.xpath: //button[text()='Ok']
09:51:18.206  INFO  manager.ListenerWD - After Find Element---> By.xpath: //button[text()='Ok']
09:51:18.226  INFO  manager.ListenerWD - Location of element ---> (793, 398)
09:51:18.298  INFO  tests.TestBase - The window is closed
09:51:18.301  INFO  tests.TestBase - Name of method ---> loginSuccessModel
09:51:18.302  INFO  manager.ListenerWD - Before Find Element---> By.xpath: //a[text()=' Logout ']
09:51:18.333  INFO  manager.ListenerWD - After Find Element---> By.xpath: //a[text()=' Logout ']
09:51:18.333  INFO  manager.ListenerWD - List of elements is ---> 1
09:51:18.333  INFO  manager.ListenerWD - Before Find Element---> By.xpath: //a[text()=' Logout ']
09:51:18.363  INFO  manager.ListenerWD - After Find Element---> By.xpath: //a[text()=' Logout ']
09:51:18.388  INFO  manager.ListenerWD - Location of element ---> (1099, 0)
09:51:18.559  INFO  tests.TestBase - Before method finish logout
09:51:18.560  INFO  tests.TestBase - Test data ---> email: 'ssa@gmail.com' & password: 'Ssa12345$'
09:51:18.560  INFO  manager.ListenerWD - Before Find Element---> By.xpath: //*[text()=' Log in ']
09:51:18.583  INFO  manager.ListenerWD - After Find Element---> By.xpath: //*[text()=' Log in ']
09:51:18.599  INFO  manager.ListenerWD - Location of element ---> (1287, 24)
09:51:18.682  INFO  manager.ListenerWD - Before Find Element---> By.cssSelector: #email
09:51:18.716  INFO  manager.ListenerWD - After Find Element---> By.cssSelector: #email
09:51:18.733  INFO  manager.ListenerWD - Location of element ---> (1070, 258)
09:51:18.998  INFO  manager.ListenerWD - Before Find Element---> By.id: password
09:51:19.027  INFO  manager.ListenerWD - After Find Element---> By.id: password
09:51:19.044  INFO  manager.ListenerWD - Location of element ---> (1070, 332)
09:51:19.261  INFO  manager.ListenerWD - Before Find Element---> By.xpath: //button[@type='submit']
09:51:19.289  INFO  manager.ListenerWD - After Find Element---> By.xpath: //button[@type='submit']
09:51:19.311  INFO  manager.ListenerWD - Location of element ---> (1070, 401)
09:51:19.399  INFO  manager.ListenerWD - Before Find Element---> By.cssSelector: .dialog-container
09:51:19.751  INFO  manager.ListenerWD - After Find Element---> By.cssSelector: .dialog-container
09:51:19.795  INFO  manager.ListenerWD - Location of element ---> (594, 304)
09:51:19.823  INFO  manager.ListenerWD - Before Find Element---> By.cssSelector: .dialog-container>h2
09:51:19.848  INFO  manager.ListenerWD - After Find Element---> By.cssSelector: .dialog-container>h2
09:51:19.870  INFO  manager.ListenerWD - Location of element ---> (583, 344)
09:51:19.894  INFO  tests.TestBase - Assert check is Element present with text 'Logged in success'
09:51:19.896  INFO  manager.ListenerWD - Before Find Element---> By.cssSelector: .dialog-container
09:51:19.917  INFO  manager.ListenerWD - After Find Element---> By.cssSelector: .dialog-container
09:51:19.917  INFO  manager.ListenerWD - List of elements is ---> 1
09:51:19.917  INFO  manager.ListenerWD - Before Find Element---> By.xpath: //button[text()='Ok']
09:51:19.940  INFO  manager.ListenerWD - After Find Element---> By.xpath: //button[text()='Ok']
09:51:19.958  INFO  manager.ListenerWD - Location of element ---> (793, 398)
09:51:20.037  INFO  tests.TestBase - The window is closed
09:51:20.040  INFO  tests.TestBase - Name of method ---> loginUnregisteredUser
09:51:20.041  INFO  manager.ListenerWD - Before Find Element---> By.xpath: //a[text()=' Logout ']
09:51:20.066  INFO  manager.ListenerWD - After Find Element---> By.xpath: //a[text()=' Logout ']
09:51:20.067  INFO  manager.ListenerWD - List of elements is ---> 1
09:51:20.067  INFO  manager.ListenerWD - Before Find Element---> By.xpath: //a[text()=' Logout ']
09:51:20.091  INFO  manager.ListenerWD - After Find Element---> By.xpath: //a[text()=' Logout ']
09:51:20.109  INFO  manager.ListenerWD - Location of element ---> (1099, 0)
09:51:20.256  INFO  tests.TestBase - Before method finish logout
09:51:20.257  INFO  tests.TestBase - Test data ---> email: 'abc@gmail.com' & password: 'Abc12345$'
09:51:20.258  INFO  manager.ListenerWD - Before Find Element---> By.xpath: //*[text()=' Log in ']
09:51:20.309  INFO  manager.ListenerWD - After Find Element---> By.xpath: //*[text()=' Log in ']
09:51:20.326  INFO  manager.ListenerWD - Location of element ---> (1287, 24)
09:51:20.431  INFO  manager.ListenerWD - Before Find Element---> By.cssSelector: #email
09:51:20.461  INFO  manager.ListenerWD - After Find Element---> By.cssSelector: #email
09:51:20.479  INFO  manager.ListenerWD - Location of element ---> (1070, 258)
09:51:20.727  INFO  manager.ListenerWD - Before Find Element---> By.id: password
09:51:20.749  INFO  manager.ListenerWD - After Find Element---> By.id: password
09:51:20.770  INFO  manager.ListenerWD - Location of element ---> (1070, 332)
09:51:20.996  INFO  manager.ListenerWD - Before Find Element---> By.xpath: //button[@type='submit']
09:51:21.030  INFO  manager.ListenerWD - After Find Element---> By.xpath: //button[@type='submit']
09:51:21.065  INFO  manager.ListenerWD - Location of element ---> (1070, 401)
09:51:21.157  INFO  manager.ListenerWD - Before Find Element---> By.cssSelector: .dialog-container
09:51:24.276  INFO  manager.ListenerWD - After Find Element---> By.cssSelector: .dialog-container
09:51:24.296  INFO  manager.ListenerWD - Location of element ---> (594, 304)
09:51:24.322  INFO  manager.ListenerWD - Before Find Element---> By.cssSelector: .dialog-container>h2
09:51:24.346  INFO  manager.ListenerWD - After Find Element---> By.cssSelector: .dialog-container>h2
09:51:24.365  INFO  manager.ListenerWD - Location of element ---> (583, 344)
09:51:24.397  INFO  tests.TestBase - Assert check is Error present with text '"Login or Password incorrect"'
09:51:24.398  INFO  manager.ListenerWD - Before Find Element---> By.cssSelector: .dialog-container
09:51:24.423  INFO  manager.ListenerWD - After Find Element---> By.cssSelector: .dialog-container
09:51:24.423  INFO  manager.ListenerWD - List of elements is ---> 1
09:51:24.423  INFO  manager.ListenerWD - Before Find Element---> By.xpath: //button[text()='Ok']
09:51:24.447  INFO  manager.ListenerWD - After Find Element---> By.xpath: //button[text()='Ok']
09:51:24.466  INFO  manager.ListenerWD - Location of element ---> (793, 398)
09:51:24.543  INFO  tests.TestBase - The window is closed
09:51:24.545  INFO  tests.TestBase - Name of method ---> loginWrongEmail
09:51:24.547  INFO  manager.ListenerWD - Before Find Element---> By.xpath: //a[text()=' Logout ']
09:51:29.595  INFO  manager.ListenerWD - After Find Element---> By.xpath: //a[text()=' Logout ']
09:51:29.595  INFO  manager.ListenerWD - List of elements is ---> 0
09:51:30.318  INFO  manager.HelperBase - Refresh
09:51:30.321  INFO  tests.TestBase - Test data --->User{firstName='null', lastName='null', email='ssagmail.com', password='Ssa12345$'}
09:51:30.321  INFO  manager.ListenerWD - Before Find Element---> By.xpath: //*[text()=' Log in ']
09:51:30.352  INFO  manager.ListenerWD - After Find Element---> By.xpath: //*[text()=' Log in ']
09:51:30.374  INFO  manager.ListenerWD - Location of element ---> (1287, 24)
09:51:30.462  INFO  manager.ListenerWD - Before Find Element---> By.cssSelector: #email
09:51:30.514  INFO  manager.ListenerWD - After Find Element---> By.cssSelector: #email
09:51:30.569  INFO  manager.ListenerWD - Location of element ---> (1070, 258)
09:51:30.841  INFO  manager.ListenerWD - Before Find Element---> By.id: password
09:51:30.863  INFO  manager.ListenerWD - After Find Element---> By.id: password
09:51:30.887  INFO  manager.ListenerWD - Location of element ---> (1070, 332)
09:51:31.137  INFO  manager.ListenerWD - Before Find Element---> By.xpath: //button[@type='submit']
09:51:31.161  INFO  manager.ListenerWD - After Find Element---> By.xpath: //button[@type='submit']
09:51:31.180  INFO  manager.ListenerWD - Location of element ---> (1070, 421)
09:51:31.245  INFO  manager.ListenerWD - Before Find Element---> By.cssSelector: .error
09:51:31.278  INFO  manager.ListenerWD - After Find Element---> By.cssSelector: .error
09:51:31.302  INFO  manager.ListenerWD - Location of element ---> (1070, 302)
09:51:31.326  INFO  tests.TestBase - Assert check is Error present with text 'It'snot look like email'
09:51:31.327  INFO  manager.ListenerWD - Before Find Element---> By.xpath: //button[@disabled]
09:51:31.353  INFO  manager.ListenerWD - After Find Element---> By.xpath: //button[@disabled]
09:51:31.353  INFO  manager.ListenerWD - List of elements is ---> 1
09:51:31.353  INFO  manager.ListenerWD - Before Find Element---> By.cssSelector: button[type = 'submit']
09:51:31.382  INFO  manager.ListenerWD - After Find Element---> By.cssSelector: button[type = 'submit']
09:51:31.396  INFO  manager.ListenerWD - Location of element ---> (1070, 421)
09:51:31.412  INFO  tests.TestBase - Assert check is Element button 'Yalla' not clickable
09:51:31.413  INFO  manager.ListenerWD - Before Find Element---> By.cssSelector: .dialog-container
09:51:36.473  INFO  manager.ListenerWD - After Find Element---> By.cssSelector: .dialog-container
09:51:36.474  INFO  manager.ListenerWD - List of elements is ---> 0
09:51:36.475  INFO  tests.TestBase - Name of method ---> loginWrongEmail
09:51:36.476  INFO  manager.ListenerWD - Before Find Element---> By.xpath: //a[text()=' Logout ']
09:51:41.508  INFO  manager.ListenerWD - After Find Element---> By.xpath: //a[text()=' Logout ']
09:51:41.509  INFO  manager.ListenerWD - List of elements is ---> 0
09:51:41.917  INFO  manager.HelperBase - Refresh
09:51:41.918  INFO  tests.TestBase - Test data --->User{firstName='null', lastName='null', email='@gmail.com', password='Ssa12345$'}
09:51:41.918  INFO  manager.ListenerWD - Before Find Element---> By.xpath: //*[text()=' Log in ']
09:51:41.949  INFO  manager.ListenerWD - After Find Element---> By.xpath: //*[text()=' Log in ']
09:51:41.970  INFO  manager.ListenerWD - Location of element ---> (1287, 24)
09:51:42.086  INFO  manager.ListenerWD - Before Find Element---> By.cssSelector: #email
09:51:42.137  INFO  manager.ListenerWD - After Find Element---> By.cssSelector: #email
09:51:42.156  INFO  manager.ListenerWD - Location of element ---> (1070, 258)
09:51:42.466  INFO  manager.ListenerWD - Before Find Element---> By.id: password
09:51:42.490  INFO  manager.ListenerWD - After Find Element---> By.id: password
09:51:42.519  INFO  manager.ListenerWD - Location of element ---> (1070, 332)
09:51:42.817  INFO  manager.ListenerWD - Before Find Element---> By.xpath: //button[@type='submit']
09:51:42.846  INFO  manager.ListenerWD - After Find Element---> By.xpath: //button[@type='submit']
09:51:42.869  INFO  manager.ListenerWD - Location of element ---> (1070, 421)
09:51:42.952  INFO  manager.ListenerWD - Before Find Element---> By.cssSelector: .error
09:51:42.981  INFO  manager.ListenerWD - After Find Element---> By.cssSelector: .error
09:51:43.000  INFO  manager.ListenerWD - Location of element ---> (1070, 302)
09:51:43.027  INFO  tests.TestBase - Assert check is Error present with text 'It'snot look like email'
09:51:43.027  INFO  manager.ListenerWD - Before Find Element---> By.xpath: //button[@disabled]
09:51:43.048  INFO  manager.ListenerWD - After Find Element---> By.xpath: //button[@disabled]
09:51:43.048  INFO  manager.ListenerWD - List of elements is ---> 1
09:51:43.049  INFO  manager.ListenerWD - Before Find Element---> By.cssSelector: button[type = 'submit']
09:51:43.068  INFO  manager.ListenerWD - After Find Element---> By.cssSelector: button[type = 'submit']
09:51:43.080  INFO  manager.ListenerWD - Location of element ---> (1070, 421)
09:51:43.095  INFO  tests.TestBase - Assert check is Element button 'Yalla' not clickable
09:51:43.096  INFO  manager.ListenerWD - Before Find Element---> By.cssSelector: .dialog-container
09:51:48.162  INFO  manager.ListenerWD - After Find Element---> By.cssSelector: .dialog-container
09:51:48.162  INFO  manager.ListenerWD - List of elements is ---> 0
09:51:48.165  INFO  tests.TestBase - Name of method ---> loginWrongEmailEmpty
09:51:48.166  INFO  manager.ListenerWD - Before Find Element---> By.xpath: //a[text()=' Logout ']
09:51:53.226  INFO  manager.ListenerWD - After Find Element---> By.xpath: //a[text()=' Logout ']
09:51:53.226  INFO  manager.ListenerWD - List of elements is ---> 0
09:51:53.726  INFO  manager.HelperBase - Refresh
09:51:53.728  INFO  tests.TestBase - Test data --->User{firstName='null', lastName='null', email='', password='Ssa12345$'}
09:51:53.728  INFO  manager.ListenerWD - Before Find Element---> By.xpath: //*[text()=' Log in ']
09:51:53.763  INFO  manager.ListenerWD - After Find Element---> By.xpath: //*[text()=' Log in ']
09:51:53.792  INFO  manager.ListenerWD - Location of element ---> (1287, 24)
09:51:53.932  INFO  manager.ListenerWD - Before Find Element---> By.cssSelector: #email
09:51:53.983  INFO  manager.ListenerWD - After Find Element---> By.cssSelector: #email
09:51:54.011  INFO  manager.ListenerWD - Location of element ---> (1070, 258)
09:51:54.381  INFO  manager.ListenerWD - Before Find Element---> By.id: password
09:51:54.411  INFO  manager.ListenerWD - After Find Element---> By.id: password
09:51:54.436  INFO  manager.ListenerWD - Location of element ---> (1070, 332)
09:51:54.750  INFO  manager.ListenerWD - Before Find Element---> By.xpath: //button[@type='submit']
09:51:54.791  INFO  manager.ListenerWD - After Find Element---> By.xpath: //button[@type='submit']
09:51:54.816  INFO  manager.ListenerWD - Location of element ---> (1070, 421)
09:51:54.914  INFO  manager.ListenerWD - Before Find Element---> By.cssSelector: .error
09:51:54.946  INFO  manager.ListenerWD - After Find Element---> By.cssSelector: .error
09:51:54.966  INFO  manager.ListenerWD - Location of element ---> (1070, 302)
09:51:55.005  INFO  tests.TestBase - Assert check is Error present with text 'Email is required'
09:51:55.007  INFO  manager.ListenerWD - Before Find Element---> By.cssSelector: .dialog-container
09:52:00.070  INFO  manager.ListenerWD - After Find Element---> By.cssSelector: .dialog-container
09:52:00.070  INFO  manager.ListenerWD - List of elements is ---> 0
09:52:00.073  INFO  tests.TestBase - Name of method ---> loginWrongPassword
09:52:00.074  INFO  manager.ListenerWD - Before Find Element---> By.xpath: //a[text()=' Logout ']
09:52:05.083  INFO  manager.ListenerWD - After Find Element---> By.xpath: //a[text()=' Logout ']
09:52:05.083  INFO  manager.ListenerWD - List of elements is ---> 0
09:52:05.554  INFO  manager.HelperBase - Refresh
09:52:05.555  INFO  tests.TestBase - Test data ---> email: 'ssa@gmail.com' & password: 'Ssa'
09:52:05.555  INFO  manager.ListenerWD - Before Find Element---> By.xpath: //*[text()=' Log in ']
09:52:05.590  INFO  manager.ListenerWD - After Find Element---> By.xpath: //*[text()=' Log in ']
09:52:05.615  INFO  manager.ListenerWD - Location of element ---> (1287, 24)
09:52:05.727  INFO  manager.ListenerWD - Before Find Element---> By.cssSelector: #email
09:52:05.766  INFO  manager.ListenerWD - After Find Element---> By.cssSelector: #email
09:52:05.785  INFO  manager.ListenerWD - Location of element ---> (1070, 258)
09:52:06.083  INFO  manager.ListenerWD - Before Find Element---> By.id: password
09:52:06.109  INFO  manager.ListenerWD - After Find Element---> By.id: password
09:52:06.126  INFO  manager.ListenerWD - Location of element ---> (1070, 332)
09:52:06.343  INFO  manager.ListenerWD - Before Find Element---> By.xpath: //button[@type='submit']
09:52:06.366  INFO  manager.ListenerWD - After Find Element---> By.xpath: //button[@type='submit']
09:52:06.389  INFO  manager.ListenerWD - Location of element ---> (1070, 401)
09:52:06.472  INFO  manager.ListenerWD - Before Find Element---> By.cssSelector: .dialog-container
09:52:07.324  INFO  manager.ListenerWD - After Find Element---> By.cssSelector: .dialog-container
09:52:07.342  INFO  manager.ListenerWD - Location of element ---> (608, 309)
09:52:07.376  INFO  manager.ListenerWD - Before Find Element---> By.cssSelector: .dialog-container>h2
09:52:07.409  INFO  manager.ListenerWD - After Find Element---> By.cssSelector: .dialog-container>h2
09:52:07.428  INFO  manager.ListenerWD - Location of element ---> (585, 345)
09:52:07.460  INFO  tests.TestBase - Assert check is Error present with text '"Login or Password incorrect"'
09:52:07.462  INFO  manager.ListenerWD - Before Find Element---> By.cssSelector: .dialog-container
09:52:07.492  INFO  manager.ListenerWD - After Find Element---> By.cssSelector: .dialog-container
09:52:07.492  INFO  manager.ListenerWD - List of elements is ---> 1
09:52:07.492  INFO  manager.ListenerWD - Before Find Element---> By.xpath: //button[text()='Ok']
09:52:07.521  INFO  manager.ListenerWD - After Find Element---> By.xpath: //button[text()='Ok']
09:52:07.541  INFO  manager.ListenerWD - Location of element ---> (793, 398)
09:52:07.612  INFO  tests.TestBase - The window is closed
09:52:07.616  INFO  tests.TestBase - Name of method ---> loginWrongPasswordEmpty
09:52:07.618  INFO  manager.ListenerWD - Before Find Element---> By.xpath: //a[text()=' Logout ']
09:52:12.686  INFO  manager.ListenerWD - After Find Element---> By.xpath: //a[text()=' Logout ']
09:52:12.686  INFO  manager.ListenerWD - List of elements is ---> 0
09:52:13.077  INFO  manager.HelperBase - Refresh
09:52:13.078  INFO  tests.TestBase - Test data ---> email: 'ssa@gmail.com' & password: ''
09:52:13.079  INFO  manager.ListenerWD - Before Find Element---> By.xpath: //*[text()=' Log in ']
09:52:13.103  INFO  manager.ListenerWD - After Find Element---> By.xpath: //*[text()=' Log in ']
09:52:13.127  INFO  manager.ListenerWD - Location of element ---> (1287, 24)
09:52:13.237  INFO  manager.ListenerWD - Before Find Element---> By.cssSelector: #email
09:52:13.277  INFO  manager.ListenerWD - After Find Element---> By.cssSelector: #email
09:52:13.294  INFO  manager.ListenerWD - Location of element ---> (1070, 258)
09:52:13.556  INFO  manager.ListenerWD - Before Find Element---> By.id: password
09:52:13.579  INFO  manager.ListenerWD - After Find Element---> By.id: password
09:52:13.599  INFO  manager.ListenerWD - Location of element ---> (1070, 332)
09:52:13.795  INFO  manager.ListenerWD - Before Find Element---> By.xpath: //button[@type='submit']
09:52:13.824  INFO  manager.ListenerWD - After Find Element---> By.xpath: //button[@type='submit']
09:52:13.845  INFO  manager.ListenerWD - Location of element ---> (1070, 401)
09:52:13.908  INFO  manager.ListenerWD - Before Find Element---> By.xpath: //button[@disabled]
09:52:13.933  INFO  manager.ListenerWD - After Find Element---> By.xpath: //button[@disabled]
09:52:13.933  INFO  manager.ListenerWD - List of elements is ---> 1
09:52:13.934  INFO  manager.ListenerWD - Before Find Element---> By.cssSelector: button[type = 'submit']
09:52:13.955  INFO  manager.ListenerWD - After Find Element---> By.cssSelector: button[type = 'submit']
09:52:13.970  INFO  manager.ListenerWD - Location of element ---> (1070, 401)
09:52:13.992  INFO  tests.TestBase - Assert check is Element button 'Yalla' not clickable
09:52:13.993  INFO  manager.ListenerWD - Before Find Element---> By.cssSelector: .dialog-container
09:52:19.019  INFO  manager.ListenerWD - After Find Element---> By.cssSelector: .dialog-container
09:52:19.019  INFO  manager.ListenerWD - List of elements is ---> 0
09:52:19.023  INFO  tests.TestBase - Name of method ---> registrationCheckboxUnchecked
09:52:22.038  INFO  manager.ListenerWD - Before Find Element---> By.xpath: //a[text()=' Logout ']
09:52:27.078  INFO  manager.ListenerWD - After Find Element---> By.xpath: //a[text()=' Logout ']
09:52:27.079  INFO  manager.ListenerWD - List of elements is ---> 0
09:52:27.080  INFO  manager.ListenerWD - Before Find Element---> By.xpath: //a[text()=' Sign up ']
09:52:27.122  INFO  manager.ListenerWD - After Find Element---> By.xpath: //a[text()=' Sign up ']
09:52:27.142  INFO  manager.ListenerWD - Location of element ---> (1166, 24)
09:52:27.311  INFO  manager.ListenerWD - Before Find Element---> By.id: name
09:52:27.342  INFO  manager.ListenerWD - After Find Element---> By.id: name
09:52:27.359  INFO  manager.ListenerWD - Location of element ---> (1070, 258)
09:52:27.578  INFO  manager.ListenerWD - Before Find Element---> By.id: lastName
09:52:27.615  INFO  manager.ListenerWD - After Find Element---> By.id: lastName
09:52:27.634  INFO  manager.ListenerWD - Location of element ---> (1070, 332)
09:52:27.839  INFO  manager.ListenerWD - Before Find Element---> By.id: email
09:52:27.861  INFO  manager.ListenerWD - After Find Element---> By.id: email
09:52:27.882  INFO  manager.ListenerWD - Location of element ---> (1070, 406)
09:52:28.192  INFO  manager.ListenerWD - Before Find Element---> By.id: password
09:52:28.217  INFO  manager.ListenerWD - After Find Element---> By.id: password
09:52:28.236  INFO  manager.ListenerWD - Location of element ---> (1070, 480)
09:52:28.445  INFO  manager.ListenerWD - Before Find Element---> By.xpath: //button[@type='submit']
09:52:28.470  INFO  manager.ListenerWD - After Find Element---> By.xpath: //button[@type='submit']
09:52:28.501  INFO  manager.ListenerWD - Location of element ---> (1070, 582)
09:52:28.594  INFO  manager.ListenerWD - Before Find Element---> By.xpath: //button[@disabled]
09:52:28.624  INFO  manager.ListenerWD - After Find Element---> By.xpath: //button[@disabled]
09:52:28.624  INFO  manager.ListenerWD - List of elements is ---> 1
09:52:28.624  INFO  manager.ListenerWD - Before Find Element---> By.cssSelector: button[type = 'submit']
09:52:28.651  INFO  manager.ListenerWD - After Find Element---> By.cssSelector: button[type = 'submit']
09:52:28.666  INFO  manager.ListenerWD - Location of element ---> (1070, 582)
09:52:28.684  INFO  manager.ListenerWD - Before Find Element---> By.cssSelector: .dialog-container
09:52:33.726  INFO  manager.ListenerWD - After Find Element---> By.cssSelector: .dialog-container
09:52:33.727  INFO  manager.ListenerWD - List of elements is ---> 0
09:52:33.826  INFO  tests.TestBase - Name of method ---> registrationRegisteredUser
09:52:36.834  INFO  manager.ListenerWD - Before Find Element---> By.xpath: //a[text()=' Logout ']
09:52:41.880  INFO  manager.ListenerWD - After Find Element---> By.xpath: //a[text()=' Logout ']
09:52:41.880  INFO  manager.ListenerWD - List of elements is ---> 0
09:52:41.881  INFO  manager.ListenerWD - Before Find Element---> By.xpath: //a[text()=' Sign up ']
09:52:41.906  INFO  manager.ListenerWD - After Find Element---> By.xpath: //a[text()=' Sign up ']
09:52:41.919  INFO  manager.ListenerWD - Location of element ---> (1166, 24)
09:52:42.035  INFO  manager.ListenerWD - Before Find Element---> By.id: name
09:52:42.067  INFO  manager.ListenerWD - After Find Element---> By.id: name
09:52:42.086  INFO  manager.ListenerWD - Location of element ---> (1070, 258)
09:52:42.278  INFO  manager.ListenerWD - Before Find Element---> By.id: lastName
09:52:42.304  INFO  manager.ListenerWD - After Find Element---> By.id: lastName
09:52:42.323  INFO  manager.ListenerWD - Location of element ---> (1070, 332)
09:52:42.518  INFO  manager.ListenerWD - Before Find Element---> By.id: email
09:52:42.569  INFO  manager.ListenerWD - After Find Element---> By.id: email
09:52:42.587  INFO  manager.ListenerWD - Location of element ---> (1070, 406)
09:52:42.840  INFO  manager.ListenerWD - Before Find Element---> By.id: password
09:52:42.873  INFO  manager.ListenerWD - After Find Element---> By.id: password
09:52:42.894  INFO  manager.ListenerWD - Location of element ---> (1070, 480)
09:52:43.115  INFO  manager.ListenerWD - Before Find Element---> By.id: terms-of-use
09:52:43.146  INFO  manager.ListenerWD - After Find Element---> By.id: terms-of-use
09:52:43.169  INFO  manager.ListenerWD - Location of element ---> (1074, 541)
09:52:43.208  INFO  manager.ListenerWD - Before Find Element---> By.cssSelector: label[for='terms-of-use']
09:52:43.246  INFO  manager.ListenerWD - After Find Element---> By.cssSelector: label[for='terms-of-use']
09:52:43.264  INFO  manager.ListenerWD - Location of element ---> (1070, 538)
09:52:43.445  INFO  manager.ListenerWD - Before Find Element---> By.xpath: //button[@type='submit']
09:52:43.474  INFO  manager.ListenerWD - After Find Element---> By.xpath: //button[@type='submit']
09:52:43.494  INFO  manager.ListenerWD - Location of element ---> (1070, 582)
09:52:43.572  INFO  manager.ListenerWD - Before Find Element---> By.cssSelector: .dialog-container
09:52:44.547  INFO  manager.ListenerWD - After Find Element---> By.cssSelector: .dialog-container
09:52:44.567  INFO  manager.ListenerWD - Location of element ---> (608, 309)
09:52:44.599  INFO  manager.ListenerWD - Before Find Element---> By.cssSelector: .dialog-container>h2
09:52:44.622  INFO  manager.ListenerWD - After Find Element---> By.cssSelector: .dialog-container>h2
09:52:44.640  INFO  manager.ListenerWD - Location of element ---> (587, 345)
09:52:44.674  INFO  manager.ListenerWD - Before Find Element---> By.cssSelector: .dialog-container
09:52:44.697  INFO  manager.ListenerWD - After Find Element---> By.cssSelector: .dialog-container
09:52:44.698  INFO  manager.ListenerWD - List of elements is ---> 1
09:52:44.698  INFO  manager.ListenerWD - Before Find Element---> By.xpath: //button[text()='Ok']
09:52:44.723  INFO  manager.ListenerWD - After Find Element---> By.xpath: //button[text()='Ok']
09:52:44.742  INFO  manager.ListenerWD - Location of element ---> (793, 398)
09:52:44.896  INFO  tests.TestBase - Name of method ---> registrationSuccess
09:52:47.912  INFO  manager.ListenerWD - Before Find Element---> By.xpath: //a[text()=' Logout ']
09:52:52.946  INFO  manager.ListenerWD - After Find Element---> By.xpath: //a[text()=' Logout ']
09:52:52.947  INFO  manager.ListenerWD - List of elements is ---> 0
09:52:52.949  INFO  manager.ListenerWD - Before Find Element---> By.xpath: //a[text()=' Sign up ']
09:52:52.976  INFO  manager.ListenerWD - After Find Element---> By.xpath: //a[text()=' Sign up ']
09:52:52.990  INFO  manager.ListenerWD - Location of element ---> (1166, 24)
09:52:53.114  INFO  manager.ListenerWD - Before Find Element---> By.id: name
09:52:53.147  INFO  manager.ListenerWD - After Find Element---> By.id: name
09:52:53.166  INFO  manager.ListenerWD - Location of element ---> (1070, 258)
09:52:53.394  INFO  manager.ListenerWD - Before Find Element---> By.id: lastName
09:52:53.422  INFO  manager.ListenerWD - After Find Element---> By.id: lastName
09:52:53.444  INFO  manager.ListenerWD - Location of element ---> (1070, 332)
09:52:53.678  INFO  manager.ListenerWD - Before Find Element---> By.id: email
09:52:53.705  INFO  manager.ListenerWD - After Find Element---> By.id: email
09:52:53.724  INFO  manager.ListenerWD - Location of element ---> (1070, 406)
09:52:54.016  INFO  manager.ListenerWD - Before Find Element---> By.id: password
09:52:54.040  INFO  manager.ListenerWD - After Find Element---> By.id: password
09:52:54.061  INFO  manager.ListenerWD - Location of element ---> (1070, 480)
09:52:54.304  INFO  manager.ListenerWD - Before Find Element---> By.id: terms-of-use
09:52:54.327  INFO  manager.ListenerWD - After Find Element---> By.id: terms-of-use
09:52:54.349  INFO  manager.ListenerWD - Location of element ---> (1074, 541)
09:52:54.375  INFO  manager.ListenerWD - Before Find Element---> By.cssSelector: label[for='terms-of-use']
09:52:54.402  INFO  manager.ListenerWD - After Find Element---> By.cssSelector: label[for='terms-of-use']
09:52:54.419  INFO  manager.ListenerWD - Location of element ---> (1070, 538)
09:52:54.603  INFO  manager.ListenerWD - Before Find Element---> By.xpath: //button[@type='submit']
09:52:54.638  INFO  manager.ListenerWD - After Find Element---> By.xpath: //button[@type='submit']
09:52:54.655  INFO  manager.ListenerWD - Location of element ---> (1070, 582)
09:52:54.740  INFO  manager.ListenerWD - Before Find Element---> By.cssSelector: .dialog-container
09:52:55.163  INFO  manager.ListenerWD - After Find Element---> By.cssSelector: .dialog-container
09:52:55.181  INFO  manager.ListenerWD - Location of element ---> (600, 306)
09:52:55.209  INFO  manager.ListenerWD - Before Find Element---> By.cssSelector: .dialog-container>h2
09:52:55.234  INFO  manager.ListenerWD - After Find Element---> By.cssSelector: .dialog-container>h2
09:52:55.252  INFO  manager.ListenerWD - Location of element ---> (583, 344)
09:52:55.287  INFO  manager.ListenerWD - Before Find Element---> By.cssSelector: .dialog-container
09:52:55.309  INFO  manager.ListenerWD - After Find Element---> By.cssSelector: .dialog-container
09:52:55.309  INFO  manager.ListenerWD - List of elements is ---> 1
09:52:55.309  INFO  manager.ListenerWD - Before Find Element---> By.xpath: //button[text()='Ok']
09:52:55.334  INFO  manager.ListenerWD - After Find Element---> By.xpath: //button[text()='Ok']
09:52:55.354  INFO  manager.ListenerWD - Location of element ---> (793, 398)
09:52:55.551  INFO  tests.TestBase - Name of method ---> registrationWrongEmail
09:52:58.558  INFO  manager.ListenerWD - Before Find Element---> By.xpath: //a[text()=' Logout ']
09:52:58.584  INFO  manager.ListenerWD - After Find Element---> By.xpath: //a[text()=' Logout ']
09:52:58.584  INFO  manager.ListenerWD - List of elements is ---> 1
09:52:58.584  INFO  manager.ListenerWD - Before Find Element---> By.xpath: //a[text()=' Logout ']
09:52:58.615  INFO  manager.ListenerWD - After Find Element---> By.xpath: //a[text()=' Logout ']
09:52:58.632  INFO  manager.ListenerWD - Location of element ---> (1099, 0)
09:52:59.726  INFO  manager.ListenerWD - Huston we have a problem
09:52:59.726  INFO  manager.ListenerWD - Object target ---> [[ChromeDriver: chrome on WINDOWS (2715c860a148ada700e3996004a72feb)] -> xpath: //a[text()=' Logout ']]
09:52:59.726  INFO  manager.ListenerWD - ********************
09:52:59.726  INFO  manager.ListenerWD - Method name--->click
09:52:59.726  INFO  manager.ListenerWD - ********************
09:52:59.726  INFO  manager.ListenerWD - ********************
09:52:59.726  INFO  manager.ListenerWD - ********************
09:52:59.726  INFO  manager.ListenerWD - ********************
09:52:59.726  INFO  manager.ListenerWD - InvocationTargetException3org.openqa.selenium.ElementClickInterceptedException: element click intercepted: Element <a _ngcontent-mhl-c44="" class="navigation-link ng-star-inserted" ng-reflect-query-params="[object Object]" ng-reflect-router-link="logout" href="/logout?url=%2Fsearch">...</a> is not clickable at point (1126, 9). Other element would receive the click: <div class="cdk-overlay-backdrop cdk-overlay-dark-backdrop cdk-overlay-backdrop-showing"></div>
  (Session info: chrome=112.0.5615.138)
Build info: version: '4.7.0', revision: '0a5b49d16f'
System info: os.name: 'Windows 10', os.arch: 'amd64', os.version: '10.0', java.version: '11.0.18'
Driver info: org.openqa.selenium.chrome.ChromeDriver
Command: [2715c860a148ada700e3996004a72feb, clickElement {id=c641112b-5fb5-435a-b2b3-fadc8de0a8ff}]
Capabilities {acceptInsecureCerts: false, browserName: chrome, browserVersion: 112.0.5615.138, chrome: {chromedriverVersion: 112.0.5615.49 (bd2a7bcb881c..., userDataDir: C:\Users\honor\AppData\Loca...}, goog:chromeOptions: {debuggerAddress: localhost:58361}, networkConnectionEnabled: false, pageLoadStrategy: normal, platformName: WINDOWS, proxy: Proxy(), se:cdp: ws://localhost:58361/devtoo..., se:cdpVersion: 112.0.5615.138, setWindowRect: true, strictFileInteractability: false, timeouts: {implicit: 0, pageLoad: 300000, script: 30000}, unhandledPromptBehavior: dismiss and notify, webauthn:extension:credBlob: true, webauthn:extension:largeBlob: true, webauthn:extension:minPinLength: true, webauthn:extension:prf: true, webauthn:virtualAuthenticators: true}
Element: [[ChromeDriver: chrome on WINDOWS (2715c860a148ada700e3996004a72feb)] -> xpath: //a[text()=' Logout ']]
Session ID: 2715c860a148ada700e3996004a72feb
09:52:59.727  INFO  manager.ListenerWD - ********************
09:52:59.727  INFO  manager.ListenerWD - Screen with error is--->src/test/screenshots/screen-81.png
09:52:59.749  INFO  tests.TestBase - Name of method ---> negativeSearch
09:52:59.751  INFO  manager.ListenerWD - Before Find Element---> By.cssSelector: a.logo
09:52:59.799  INFO  manager.ListenerWD - After Find Element---> By.cssSelector: a.logo
09:52:59.821  INFO  manager.ListenerWD - Location of element ---> (153, -8)
09:53:00.915  INFO  manager.ListenerWD - Huston we have a problem
09:53:00.916  INFO  manager.ListenerWD - Object target ---> [[ChromeDriver: chrome on WINDOWS (2715c860a148ada700e3996004a72feb)] -> css selector: a.logo]
09:53:00.916  INFO  manager.ListenerWD - ********************
09:53:00.916  INFO  manager.ListenerWD - Method name--->click
09:53:00.916  INFO  manager.ListenerWD - ********************
09:53:00.916  INFO  manager.ListenerWD - ********************
09:53:00.916  INFO  manager.ListenerWD - ********************
09:53:00.916  INFO  manager.ListenerWD - ********************
09:53:00.917  INFO  manager.ListenerWD - InvocationTargetException3org.openqa.selenium.ElementClickInterceptedException: element click intercepted: Element <a _ngcontent-mhl-c44="" href="/" class="logo">...</a> is not clickable at point (245, 13). Other element would receive the click: <div class="cdk-overlay-backdrop cdk-overlay-dark-backdrop cdk-overlay-backdrop-showing"></div>
  (Session info: chrome=112.0.5615.138)
Build info: version: '4.7.0', revision: '0a5b49d16f'
System info: os.name: 'Windows 10', os.arch: 'amd64', os.version: '10.0', java.version: '11.0.18'
Driver info: org.openqa.selenium.chrome.ChromeDriver
Command: [2715c860a148ada700e3996004a72feb, clickElement {id=99e5b8f8-39b6-421b-b279-7eb3c72b52d2}]
Capabilities {acceptInsecureCerts: false, browserName: chrome, browserVersion: 112.0.5615.138, chrome: {chromedriverVersion: 112.0.5615.49 (bd2a7bcb881c..., userDataDir: C:\Users\honor\AppData\Loca...}, goog:chromeOptions: {debuggerAddress: localhost:58361}, networkConnectionEnabled: false, pageLoadStrategy: normal, platformName: WINDOWS, proxy: Proxy(), se:cdp: ws://localhost:58361/devtoo..., se:cdpVersion: 112.0.5615.138, setWindowRect: true, strictFileInteractability: false, timeouts: {implicit: 0, pageLoad: 300000, script: 30000}, unhandledPromptBehavior: dismiss and notify, webauthn:extension:credBlob: true, webauthn:extension:largeBlob: true, webauthn:extension:minPinLength: true, webauthn:extension:prf: true, webauthn:virtualAuthenticators: true}
Element: [[ChromeDriver: chrome on WINDOWS (2715c860a148ada700e3996004a72feb)] -> css selector: a.logo]
Session ID: 2715c860a148ada700e3996004a72feb
09:53:00.917  INFO  manager.ListenerWD - ********************
09:53:00.918  INFO  manager.ListenerWD - Screen with error is--->src/test/screenshots/screen-202.png
