20:40:10.831  INFO  manager.ApplicationManager - All tests run in Chrome Browser
20:40:13.437  INFO  manager.ApplicationManager - The link --->https://ilcarro.web.app/search
20:40:13.518  INFO  tests.TestBase - Name of method ---> negativeSearch
20:40:13.523  INFO  manager.ListenerWD - Before Find Element---> By.cssSelector: a.logo
20:40:13.585  INFO  manager.ListenerWD - After Find Element---> By.cssSelector: a.logo
20:40:13.614  INFO  manager.ListenerWD - Location of element ---> (153, 16)
20:40:14.047  INFO  manager.ListenerWD - Before Find Element---> By.id: city
20:40:14.101  INFO  manager.ListenerWD - After Find Element---> By.id: city
20:40:14.123  INFO  manager.ListenerWD - Location of element ---> (153, 234)
20:40:14.416  INFO  manager.ListenerWD - Before Find Element---> By.cssSelector: .pac-item
20:40:14.727  INFO  manager.ListenerWD - After Find Element---> By.cssSelector: .pac-item
20:40:14.748  INFO  manager.ListenerWD - Location of element ---> (154, 279)
20:40:14.818  INFO  manager.ListenerWD - Before Find Element---> By.id: dates
20:40:14.862  INFO  manager.ListenerWD - After Find Element---> By.id: dates
20:40:14.880  INFO  manager.ListenerWD - Location of element ---> (153, 327)
20:40:15.029  INFO  manager.ListenerWD - Before Find Element---> By.id: dates
20:40:15.080  INFO  manager.ListenerWD - After Find Element---> By.id: dates
20:40:15.098  INFO  manager.ListenerWD - Location of element ---> (153, 308)
20:40:15.217  INFO  manager.ListenerWD - Before Find Element---> By.xpath: //button[@type='submit']
20:40:15.266  INFO  manager.ListenerWD - After Find Element---> By.xpath: //button[@type='submit']
20:40:15.286  INFO  manager.ListenerWD - Location of element ---> (153, 366)
