12:46:38.941  INFO  manager.ApplicationManager - All tests run in Chrome Browser
12:46:41.649  INFO  manager.ApplicationManager - The link --->https://ilcarro.web.app/search
12:46:41.689  INFO  manager.ListenerWD - Before Find Element---> By.xpath: //a[text()=' Logout ']
12:46:46.735  INFO  manager.ListenerWD - After Find Element---> By.xpath: //a[text()=' Logout ']
12:46:46.740  INFO  manager.ListenerWD - List of elements is ---> 0
12:46:46.743  INFO  manager.ListenerWD - Before Find Element---> By.xpath: //*[text()=' Log in ']
12:46:46.797  INFO  manager.ListenerWD - After Find Element---> By.xpath: //*[text()=' Log in ']
12:46:46.824  INFO  manager.ListenerWD - Location of element ---> (1287, 24)
12:46:46.953  INFO  manager.ListenerWD - Before Find Element---> By.cssSelector: #email
12:46:47.014  INFO  manager.ListenerWD - After Find Element---> By.cssSelector: #email
12:46:47.043  INFO  manager.ListenerWD - Location of element ---> (1070, 258)
12:46:47.328  INFO  manager.ListenerWD - Before Find Element---> By.id: password
12:46:47.394  INFO  manager.ListenerWD - After Find Element---> By.id: password
12:46:47.413  INFO  manager.ListenerWD - Location of element ---> (1070, 332)
12:46:47.622  INFO  manager.ListenerWD - Before Find Element---> By.xpath: //button[@type='submit']
12:46:47.675  INFO  manager.ListenerWD - After Find Element---> By.xpath: //button[@type='submit']
12:46:47.695  INFO  manager.ListenerWD - Location of element ---> (1070, 401)
12:46:47.787  INFO  manager.ListenerWD - Before Find Element---> By.xpath: //button[text()='Ok']
12:46:48.795  INFO  manager.ListenerWD - After Find Element---> By.xpath: //button[text()='Ok']
12:46:48.814  INFO  manager.ListenerWD - Location of element ---> (790, 394)
12:46:48.884  INFO  tests.TestBase - Before class logged in account with data ---> email: 'ssa@gmail.com', password: 'Ssa12345$'
12:46:48.920  INFO  tests.TestBase - Name of method ---> addNewCarSuccessAll
12:46:48.970  INFO  tests.TestBase - Test data ---> Car(location=Tel Aviv, Israel, manufacture=Mazda, model=M3, year=2022, fuel=Petrol, seats=5, carClass=C, carRegNumber=198-72613-195, price=50.0, about=Very nice car)
12:46:49.479  INFO  manager.ListenerWD - Before Find Element---> By.xpath: //a[text()=' Let the car work ']
12:46:49.519  INFO  manager.ListenerWD - After Find Element---> By.xpath: //a[text()=' Let the car work ']
12:46:49.535  INFO  manager.ListenerWD - Location of element ---> (753, 24)
12:46:49.657  INFO  manager.ListenerWD - Before Find Element---> By.id: pickUpPlace
12:46:49.694  INFO  manager.ListenerWD - After Find Element---> By.id: pickUpPlace
12:46:49.711  INFO  manager.ListenerWD - Location of element ---> (138, 324)
12:46:49.972  INFO  manager.ListenerWD - Before Find Element---> By.cssSelector: .pac-item
12:46:52.378  INFO  manager.ListenerWD - After Find Element---> By.cssSelector: .pac-item
12:46:52.398  INFO  manager.ListenerWD - Location of element ---> (138, 368)
12:46:52.471  INFO  manager.ListenerWD - Before Find Element---> By.id: make
12:46:52.510  INFO  manager.ListenerWD - After Find Element---> By.id: make
12:46:52.525  INFO  manager.ListenerWD - Location of element ---> (138, 505)
12:46:52.730  INFO  manager.ListenerWD - Before Find Element---> By.cssSelector: #model
12:46:52.775  INFO  manager.ListenerWD - After Find Element---> By.cssSelector: #model
12:46:52.794  INFO  manager.ListenerWD - Location of element ---> (138, 585)
12:46:52.974  INFO  manager.ListenerWD - Before Find Element---> By.cssSelector: #year
12:46:53.013  INFO  manager.ListenerWD - After Find Element---> By.cssSelector: #year
12:46:53.031  INFO  manager.ListenerWD - Location of element ---> (138, 659)
12:46:53.244  INFO  manager.ListenerWD - Before Find Element---> By.id: fuel
12:46:53.284  INFO  manager.ListenerWD - After Find Element---> By.id: fuel
12:46:53.303  INFO  manager.ListenerWD - Location of element ---> (138, 733)
12:46:53.480  INFO  manager.ListenerWD - Before Find Element---> By.id: seats
12:46:53.519  INFO  manager.ListenerWD - After Find Element---> By.id: seats
12:46:53.539  INFO  manager.ListenerWD - Location of element ---> (138, 808)
12:46:53.732  INFO  manager.ListenerWD - Before Find Element---> By.id: class
12:46:53.769  INFO  manager.ListenerWD - After Find Element---> By.id: class
12:46:53.792  INFO  manager.ListenerWD - Location of element ---> (138, 882)
12:46:53.968  INFO  manager.ListenerWD - Before Find Element---> By.id: serialNumber
12:46:54.002  INFO  manager.ListenerWD - After Find Element---> By.id: serialNumber
12:46:54.021  INFO  manager.ListenerWD - Location of element ---> (138, 956)
12:46:54.244  INFO  manager.ListenerWD - Before Find Element---> By.id: price
12:46:54.284  INFO  manager.ListenerWD - After Find Element---> By.id: price
12:46:54.305  INFO  manager.ListenerWD - Location of element ---> (138, 1030)
12:46:54.504  INFO  manager.ListenerWD - Before Find Element---> By.id: about
12:46:54.537  INFO  manager.ListenerWD - After Find Element---> By.id: about
12:46:54.555  INFO  manager.ListenerWD - Location of element ---> (138, 1137)
12:46:54.733  INFO  manager.ListenerWD - Before Find Element---> By.cssSelector: #photos
12:46:54.764  INFO  manager.ListenerWD - After Find Element---> By.cssSelector: #photos
12:46:54.787  INFO  manager.ListenerWD - Location of element ---> (138, 1467)
12:46:54.861  INFO  manager.ListenerWD - Before Find Element---> By.xpath: //button[@type='submit']
12:46:54.893  INFO  manager.ListenerWD - After Find Element---> By.xpath: //button[@type='submit']
12:46:54.908  INFO  manager.ListenerWD - Location of element ---> (138, 1563)
12:46:55.023  INFO  manager.ListenerWD - Before Find Element---> By.cssSelector: .dialog-container
12:46:55.842  INFO  manager.ListenerWD - After Find Element---> By.cssSelector: .dialog-container
12:46:55.861  INFO  manager.ListenerWD - Location of element ---> (600, 306)
12:46:55.914  INFO  manager.ListenerWD - Before Find Element---> By.cssSelector: .dialog-container>h2
12:46:55.950  INFO  manager.ListenerWD - After Find Element---> By.cssSelector: .dialog-container>h2
12:46:55.971  INFO  manager.ListenerWD - Location of element ---> (583, 344)
12:46:56.000  INFO  tests.TestBase - Assert check is Element with text 'added successful' present
12:46:56.001  INFO  manager.ListenerWD - Before Find Element---> By.cssSelector: .dialog-container
12:46:56.028  INFO  manager.ListenerWD - After Find Element---> By.cssSelector: .dialog-container
12:46:56.043  INFO  manager.ListenerWD - Location of element ---> (583, 301)
12:46:56.075  INFO  manager.ListenerWD - Before Find Element---> By.cssSelector: .dialog-container>h2
12:46:56.109  INFO  manager.ListenerWD - After Find Element---> By.cssSelector: .dialog-container>h2
12:46:56.123  INFO  manager.ListenerWD - Location of element ---> (583, 344)
12:46:56.154  INFO  manager.ListenerWD - Before Find Element---> By.xpath: //button[text()='Search cars']
12:46:56.198  INFO  manager.ListenerWD - After Find Element---> By.xpath: //button[text()='Search cars']
12:46:56.224  INFO  manager.ListenerWD - Location of element ---> (729, 398)
12:46:56.300  INFO  tests.TestBase - Assert check is home page displayed
12:46:56.302  INFO  tests.TestBase - Name of method ---> addNewCarSuccessAll
12:46:56.303  INFO  tests.TestBase - Test data ---> Car(location=Tel Aviv, Israel, manufacture=Nissan, model=A2, year=2004, fuel=Petrol, seats=5, carClass=C, carRegNumber=198-72613-001, price=50.0, about=null)
12:46:56.814  INFO  manager.ListenerWD - Before Find Element---> By.xpath: //a[text()=' Let the car work ']
12:46:56.853  INFO  manager.ListenerWD - After Find Element---> By.xpath: //a[text()=' Let the car work ']
12:46:56.863  INFO  manager.ListenerWD - Location of element ---> (753, 24)
12:46:56.933  INFO  manager.ListenerWD - Before Find Element---> By.id: pickUpPlace
12:46:56.956  INFO  manager.ListenerWD - After Find Element---> By.id: pickUpPlace
12:46:56.969  INFO  manager.ListenerWD - Location of element ---> (138, 324)
12:46:57.185  INFO  manager.ListenerWD - Before Find Element---> By.cssSelector: .pac-item
12:46:57.406  INFO  manager.ListenerWD - After Find Element---> By.cssSelector: .pac-item
12:46:57.420  INFO  manager.ListenerWD - Location of element ---> (138, 368)
12:46:57.480  INFO  manager.ListenerWD - Before Find Element---> By.id: make
12:46:57.504  INFO  manager.ListenerWD - After Find Element---> By.id: make
12:46:57.518  INFO  manager.ListenerWD - Location of element ---> (138, 505)
12:46:57.704  INFO  manager.ListenerWD - Before Find Element---> By.cssSelector: #model
12:46:57.729  INFO  manager.ListenerWD - After Find Element---> By.cssSelector: #model
12:46:57.745  INFO  manager.ListenerWD - Location of element ---> (138, 585)
12:46:57.934  INFO  manager.ListenerWD - Before Find Element---> By.cssSelector: #year
12:46:57.958  INFO  manager.ListenerWD - After Find Element---> By.cssSelector: #year
12:46:57.977  INFO  manager.ListenerWD - Location of element ---> (138, 659)
12:46:58.187  INFO  manager.ListenerWD - Before Find Element---> By.id: fuel
12:46:58.212  INFO  manager.ListenerWD - After Find Element---> By.id: fuel
12:46:58.227  INFO  manager.ListenerWD - Location of element ---> (138, 733)
12:46:58.374  INFO  manager.ListenerWD - Before Find Element---> By.id: seats
12:46:58.399  INFO  manager.ListenerWD - After Find Element---> By.id: seats
12:46:58.414  INFO  manager.ListenerWD - Location of element ---> (138, 808)
12:46:58.599  INFO  manager.ListenerWD - Before Find Element---> By.id: class
12:46:58.622  INFO  manager.ListenerWD - After Find Element---> By.id: class
12:46:58.637  INFO  manager.ListenerWD - Location of element ---> (138, 882)
12:46:58.817  INFO  manager.ListenerWD - Before Find Element---> By.id: serialNumber
12:46:58.843  INFO  manager.ListenerWD - After Find Element---> By.id: serialNumber
12:46:58.859  INFO  manager.ListenerWD - Location of element ---> (138, 956)
12:46:59.073  INFO  manager.ListenerWD - Before Find Element---> By.id: price
12:46:59.096  INFO  manager.ListenerWD - After Find Element---> By.id: price
12:46:59.110  INFO  manager.ListenerWD - Location of element ---> (138, 1030)
12:46:59.310  INFO  manager.ListenerWD - Before Find Element---> By.id: about
12:46:59.335  INFO  manager.ListenerWD - After Find Element---> By.id: about
12:46:59.351  INFO  manager.ListenerWD - Location of element ---> (138, 1137)
12:46:59.453  INFO  manager.ListenerWD - Before Find Element---> By.cssSelector: #photos
12:46:59.475  INFO  manager.ListenerWD - After Find Element---> By.cssSelector: #photos
12:46:59.490  INFO  manager.ListenerWD - Location of element ---> (138, 1467)
12:46:59.544  INFO  manager.ListenerWD - Before Find Element---> By.xpath: //button[@type='submit']
12:46:59.567  INFO  manager.ListenerWD - After Find Element---> By.xpath: //button[@type='submit']
12:46:59.582  INFO  manager.ListenerWD - Location of element ---> (138, 1563)
12:46:59.653  INFO  manager.ListenerWD - Before Find Element---> By.cssSelector: .dialog-container
12:47:00.309  INFO  manager.ListenerWD - After Find Element---> By.cssSelector: .dialog-container
12:47:00.324  INFO  manager.ListenerWD - Location of element ---> (600, 306)
12:47:00.344  INFO  manager.ListenerWD - Before Find Element---> By.cssSelector: .dialog-container>h2
12:47:00.366  INFO  manager.ListenerWD - After Find Element---> By.cssSelector: .dialog-container>h2
12:47:00.379  INFO  manager.ListenerWD - Location of element ---> (587, 345)
12:47:00.401  INFO  tests.TestBase - Assert check is Element with text 'added successful' present
12:47:00.401  INFO  manager.ListenerWD - Before Find Element---> By.cssSelector: .dialog-container
12:47:00.422  INFO  manager.ListenerWD - After Find Element---> By.cssSelector: .dialog-container
12:47:00.435  INFO  manager.ListenerWD - Location of element ---> (583, 301)
12:47:00.455  INFO  manager.ListenerWD - Before Find Element---> By.cssSelector: .dialog-container>h2
12:47:00.477  INFO  manager.ListenerWD - After Find Element---> By.cssSelector: .dialog-container>h2
12:47:00.488  INFO  manager.ListenerWD - Location of element ---> (583, 344)
12:47:00.502  INFO  manager.ListenerWD - Before Find Element---> By.xpath: //button[text()='Search cars']
12:47:00.523  INFO  manager.ListenerWD - After Find Element---> By.xpath: //button[text()='Search cars']
12:47:00.538  INFO  manager.ListenerWD - Location of element ---> (729, 398)
12:47:00.606  INFO  tests.TestBase - Assert check is home page displayed
