18:47:17.252  INFO  manager.ApplicationManager - All tests run in Chrome Browser
18:47:19.718  INFO  manager.ApplicationManager - The link --->https://ilcarro.web.app/search
18:47:19.778  INFO  tests.TestBase - Name of method ---> searchAnyPeriodSuccess
18:47:19.782  INFO  manager.ListenerWD - Before Find Element---> By.cssSelector: a.logo
18:47:19.862  INFO  manager.ListenerWD - After Find Element---> By.cssSelector: a.logo
18:47:19.895  INFO  manager.ListenerWD - Location of element ---> (153, 16)
18:47:20.295  INFO  manager.ListenerWD - Before Find Element---> By.id: city
18:47:20.347  INFO  manager.ListenerWD - After Find Element---> By.id: city
18:47:20.369  INFO  manager.ListenerWD - Location of element ---> (153, 234)
18:47:20.711  INFO  manager.ListenerWD - Before Find Element---> By.cssSelector: .pac-item
18:47:21.382  INFO  manager.ListenerWD - After Find Element---> By.cssSelector: .pac-item
18:47:21.400  INFO  manager.ListenerWD - Location of element ---> (154, 279)
18:47:21.468  INFO  manager.ListenerWD - Before Find Element---> By.id: dates
18:47:21.509  INFO  manager.ListenerWD - After Find Element---> By.id: dates
18:47:21.527  INFO  manager.ListenerWD - Location of element ---> (153, 327)
18:47:21.735  INFO  manager.ListenerWD - Before Find Element---> By.cssSelector: [aria-label='Next month']
18:47:21.777  INFO  manager.ListenerWD - After Find Element---> By.cssSelector: [aria-label='Next month']
18:47:21.800  INFO  manager.ListenerWD - Location of element ---> (404, 367)
18:47:21.912  INFO  manager.ListenerWD - Before Find Element---> By.cssSelector: [aria-label='Next month']
18:47:21.953  INFO  manager.ListenerWD - After Find Element---> By.cssSelector: [aria-label='Next month']
18:47:21.971  INFO  manager.ListenerWD - Location of element ---> (404, 368)
18:47:22.083  INFO  manager.ListenerWD - Before Find Element---> By.cssSelector: [aria-label='Next month']
18:47:22.122  INFO  manager.ListenerWD - After Find Element---> By.cssSelector: [aria-label='Next month']
18:47:22.136  INFO  manager.ListenerWD - Location of element ---> (404, 368)
18:47:22.211  INFO  manager.ListenerWD - Before Find Element---> By.cssSelector: [aria-label='Next month']
18:47:22.240  INFO  manager.ListenerWD - After Find Element---> By.cssSelector: [aria-label='Next month']
18:47:22.254  INFO  manager.ListenerWD - Location of element ---> (404, 368)
18:47:22.330  INFO  manager.ListenerWD - Before Find Element---> By.cssSelector: [aria-label='Next month']
18:47:22.371  INFO  manager.ListenerWD - After Find Element---> By.cssSelector: [aria-label='Next month']
18:47:22.390  INFO  manager.ListenerWD - Location of element ---> (404, 368)
18:47:22.471  INFO  manager.ListenerWD - Before Find Element---> By.cssSelector: [aria-label='Next month']
18:47:22.502  INFO  manager.ListenerWD - After Find Element---> By.cssSelector: [aria-label='Next month']
18:47:22.517  INFO  manager.ListenerWD - Location of element ---> (404, 368)
18:47:22.590  INFO  manager.ListenerWD - Before Find Element---> By.xpath: //div[text()=' 27 ']
18:47:22.635  INFO  manager.ListenerWD - After Find Element---> By.xpath: //div[text()=' 27 ']
18:47:22.653  INFO  manager.ListenerWD - Location of element ---> (363, 612)
18:47:22.761  INFO  manager.ListenerWD - Before Find Element---> By.cssSelector: [aria-label='Next month']
18:47:22.789  INFO  manager.ListenerWD - After Find Element---> By.cssSelector: [aria-label='Next month']
18:47:22.803  INFO  manager.ListenerWD - Location of element ---> (404, 368)
18:47:22.883  INFO  manager.ListenerWD - Before Find Element---> By.cssSelector: [aria-label='Next month']
18:47:22.911  INFO  manager.ListenerWD - After Find Element---> By.cssSelector: [aria-label='Next month']
18:47:22.923  INFO  manager.ListenerWD - Location of element ---> (404, 368)
18:47:23.000  INFO  manager.ListenerWD - Before Find Element---> By.cssSelector: [aria-label='Next month']
18:47:23.029  INFO  manager.ListenerWD - After Find Element---> By.cssSelector: [aria-label='Next month']
18:47:23.041  INFO  manager.ListenerWD - Location of element ---> (404, 368)
18:47:23.119  INFO  manager.ListenerWD - Before Find Element---> By.cssSelector: [aria-label='Next month']
18:47:23.146  INFO  manager.ListenerWD - After Find Element---> By.cssSelector: [aria-label='Next month']
18:47:23.159  INFO  manager.ListenerWD - Location of element ---> (404, 368)
18:47:23.227  INFO  manager.ListenerWD - Before Find Element---> By.cssSelector: [aria-label='Next month']
18:47:23.255  INFO  manager.ListenerWD - After Find Element---> By.cssSelector: [aria-label='Next month']
18:47:23.272  INFO  manager.ListenerWD - Location of element ---> (404, 368)
18:47:23.350  INFO  manager.ListenerWD - Before Find Element---> By.cssSelector: [aria-label='Next month']
18:47:23.375  INFO  manager.ListenerWD - After Find Element---> By.cssSelector: [aria-label='Next month']
18:47:23.387  INFO  manager.ListenerWD - Location of element ---> (404, 368)
18:47:23.464  INFO  manager.ListenerWD - Before Find Element---> By.xpath: //div[text()=' 28 ']
18:47:23.501  INFO  manager.ListenerWD - After Find Element---> By.xpath: //div[text()=' 28 ']
18:47:23.517  INFO  manager.ListenerWD - Location of element ---> (163, 652)
18:47:23.582  INFO  manager.ListenerWD - Before Find Element---> By.xpath: //button[@type='submit']
18:47:23.621  INFO  manager.ListenerWD - After Find Element---> By.xpath: //button[@type='submit']
18:47:23.638  INFO  manager.ListenerWD - Location of element ---> (153, 385)
18:47:24.723  INFO  manager.ListenerWD - Huston we have a problem
18:47:24.724  INFO  manager.ListenerWD - Object target ---> [[ChromeDriver: chrome on WINDOWS (6341464c4c04b72a05ff8e9df65d9c95)] -> xpath: //button[@type='submit']]
18:47:24.724  INFO  manager.ListenerWD - ********************
18:47:24.725  INFO  manager.ListenerWD - Method name--->click
18:47:24.725  INFO  manager.ListenerWD - ********************
18:47:24.725  INFO  manager.ListenerWD - ********************
18:47:24.725  INFO  manager.ListenerWD - ********************
18:47:24.725  INFO  manager.ListenerWD - ********************
18:47:24.728  INFO  manager.ListenerWD - InvocationTargetException3org.openqa.selenium.ElementClickInterceptedException: element click intercepted: Element <button _ngcontent-vqm-c106="" type="submit" disabled="">...</button> is not clickable at point (220, 400). Other element would receive the click: <button mat-button="" type="button" cdkarialive="polite" class="mat-focus-indicator mat-calendar-period-button mat-button mat-button-base" ng-reflect-politeness="polite" aria-label="Choose month and year">...</button>
  (Session info: chrome=112.0.5615.138)
Build info: version: '4.7.0', revision: '0a5b49d16f'
System info: os.name: 'Windows 10', os.arch: 'amd64', os.version: '10.0', java.version: '11.0.18'
Driver info: org.openqa.selenium.chrome.ChromeDriver
Command: [6341464c4c04b72a05ff8e9df65d9c95, clickElement {id=a9ce6726-8f58-497c-b9a1-3344309568fc}]
Capabilities {acceptInsecureCerts: false, browserName: chrome, browserVersion: 112.0.5615.138, chrome: {chromedriverVersion: 112.0.5615.49 (bd2a7bcb881c..., userDataDir: C:\Users\honor\AppData\Loca...}, goog:chromeOptions: {debuggerAddress: localhost:50808}, networkConnectionEnabled: false, pageLoadStrategy: normal, platformName: WINDOWS, proxy: Proxy(), se:cdp: ws://localhost:50808/devtoo..., se:cdpVersion: 112.0.5615.138, setWindowRect: true, strictFileInteractability: false, timeouts: {implicit: 0, pageLoad: 300000, script: 30000}, unhandledPromptBehavior: dismiss and notify, webauthn:extension:credBlob: true, webauthn:extension:largeBlob: true, webauthn:extension:minPinLength: true, webauthn:extension:prf: true, webauthn:virtualAuthenticators: true}
Element: [[ChromeDriver: chrome on WINDOWS (6341464c4c04b72a05ff8e9df65d9c95)] -> xpath: //button[@type='submit']]
Session ID: 6341464c4c04b72a05ff8e9df65d9c95
18:47:24.729  INFO  manager.ListenerWD - ********************
18:47:24.738  INFO  manager.ListenerWD - Screen with error is--->src/test/screenshots/screen-349.png
