12:52:40.456  INFO  manager.ApplicationManager - All tests run in Chrome Browser
12:52:43.052  INFO  manager.ApplicationManager - The link --->https://ilcarro.web.app/search
12:52:43.139  INFO  tests.TestBase - Name of method ---> searchCurrentMonthSuccess
12:52:43.146  INFO  manager.ListenerWD - Before Find Element---> By.id: city
12:52:43.216  INFO  manager.ListenerWD - After Find Element---> By.id: city
12:52:43.244  INFO  manager.ListenerWD - Location of element ---> (153, 234)
12:52:43.561  INFO  manager.ListenerWD - Before Find Element---> By.cssSelector: .pac-item
12:52:43.882  INFO  manager.ListenerWD - After Find Element---> By.cssSelector: .pac-item
12:52:43.903  INFO  manager.ListenerWD - Location of element ---> (154, 279)
12:52:43.979  INFO  manager.ListenerWD - Before Find Element---> By.id: dates
12:52:44.038  INFO  manager.ListenerWD - After Find Element---> By.id: dates
12:52:44.059  INFO  manager.ListenerWD - Location of element ---> (153, 327)
12:52:44.291  INFO  manager.ListenerWD - Before Find Element---> By.xpath: //div[text()=' 25 ']
12:52:44.348  INFO  manager.ListenerWD - After Find Element---> By.xpath: //div[text()=' 25 ']
12:52:44.376  INFO  manager.ListenerWD - Location of element ---> (243, 606)
12:52:44.510  INFO  manager.ListenerWD - Before Find Element---> By.xpath: //div[text()=' 26 ']
12:52:44.555  INFO  manager.ListenerWD - After Find Element---> By.xpath: //div[text()=' 26 ']
12:52:44.573  INFO  manager.ListenerWD - Location of element ---> (283, 612)
12:52:44.694  INFO  manager.ListenerWD - Before Find Element---> By.xpath: //button[@type='submi']
12:52:49.792  INFO  manager.ListenerWD - Huston we have a problem
12:52:49.793  INFO  manager.ListenerWD - Object target ---> ChromeDriver: chrome on WINDOWS (af3241f38093a0b782d3b1ceeff83a8b)
12:52:49.793  INFO  manager.ListenerWD - ********************
12:52:49.794  INFO  manager.ListenerWD - Method name--->findElement
12:52:49.794  INFO  manager.ListenerWD - ********************
12:52:49.794  INFO  manager.ListenerWD - ********************
12:52:49.795  INFO  manager.ListenerWD - ********************
12:52:49.795  INFO  manager.ListenerWD - ********************
12:52:49.799  INFO  manager.ListenerWD - InvocationTargetException3org.openqa.selenium.NoSuchElementException: no such element: Unable to locate element: {"method":"xpath","selector":"//button[@type='submi']"}
  (Session info: chrome=112.0.5615.137)
For documentation on this error, please visit: https://selenium.dev/exceptions/#no_such_element
Build info: version: '4.7.0', revision: '0a5b49d16f'
System info: os.name: 'Windows 10', os.arch: 'amd64', os.version: '10.0', java.version: '11.0.18'
Driver info: org.openqa.selenium.chrome.ChromeDriver
Command: [af3241f38093a0b782d3b1ceeff83a8b, findElement {using=xpath, value=//button[@type='submi']}]
Capabilities {acceptInsecureCerts: false, browserName: chrome, browserVersion: 112.0.5615.137, chrome: {chromedriverVersion: 112.0.5615.49 (bd2a7bcb881c..., userDataDir: C:\Users\honor\AppData\Loca...}, goog:chromeOptions: {debuggerAddress: localhost:51397}, networkConnectionEnabled: false, pageLoadStrategy: normal, platformName: WINDOWS, proxy: Proxy(), se:cdp: ws://localhost:51397/devtoo..., se:cdpVersion: 112.0.5615.137, setWindowRect: true, strictFileInteractability: false, timeouts: {implicit: 0, pageLoad: 300000, script: 30000}, unhandledPromptBehavior: dismiss and notify, webauthn:extension:credBlob: true, webauthn:extension:largeBlob: true, webauthn:extension:minPinLength: true, webauthn:extension:prf: true, webauthn:virtualAuthenticators: true}
Session ID: af3241f38093a0b782d3b1ceeff83a8b
12:52:49.800  INFO  manager.ListenerWD - ********************
12:52:49.808  INFO  manager.ListenerWD - Screen with error is--->src/test/screenshots/screen-201.png
