12:47:12.080  INFO  manager.ApplicationManager - All tests run in Chrome Browser
12:47:15.372  INFO  manager.ApplicationManager - The link --->https://ilcarro.web.app/search
12:47:15.411  INFO  manager.ListenerWD - Before Find Element---> By.xpath: //a[text()=' Logout ']
12:47:20.463  INFO  manager.ListenerWD - After Find Element---> By.xpath: //a[text()=' Logout ']
12:47:20.468  INFO  manager.ListenerWD - List of elements is ---> 0
12:47:20.471  INFO  manager.ListenerWD - Before Find Element---> By.xpath: //*[text()=' Log in ']
12:47:20.524  INFO  manager.ListenerWD - After Find Element---> By.xpath: //*[text()=' Log in ']
12:47:20.548  INFO  manager.ListenerWD - Location of element ---> (1287, 24)
12:47:20.668  INFO  manager.ListenerWD - Before Find Element---> By.cssSelector: #email
12:47:20.733  INFO  manager.ListenerWD - After Find Element---> By.cssSelector: #email
12:47:20.753  INFO  manager.ListenerWD - Location of element ---> (1070, 258)
12:47:21.056  INFO  manager.ListenerWD - Before Find Element---> By.id: password
12:47:21.112  INFO  manager.ListenerWD - After Find Element---> By.id: password
12:47:21.131  INFO  manager.ListenerWD - Location of element ---> (1070, 332)
12:47:21.329  INFO  manager.ListenerWD - Before Find Element---> By.xpath: //button[@type='submit']
12:47:21.390  INFO  manager.ListenerWD - After Find Element---> By.xpath: //button[@type='submit']
12:47:21.410  INFO  manager.ListenerWD - Location of element ---> (1070, 401)
12:47:21.494  INFO  manager.ListenerWD - Before Find Element---> By.xpath: //button[text()='Ok']
12:47:22.497  INFO  manager.ListenerWD - After Find Element---> By.xpath: //button[text()='Ok']
12:47:22.515  INFO  manager.ListenerWD - Location of element ---> (788, 392)
12:47:22.578  INFO  tests.TestBase - Before class logged in account with data ---> email: 'ssa@gmail.com', password: 'Ssa12345$'
12:47:22.613  INFO  tests.TestBase - Name of method ---> addNewCarSuccessAll
12:47:22.667  INFO  tests.TestBase - Test data ---> Car(location=Tel Aviv, Israel, manufacture=Mazda, model=M3, year=2022, fuel=Petrol, seats=5, carClass=C, carRegNumber=198-72613-195, price=50.0, about=Very nice car)
12:47:23.179  INFO  manager.ListenerWD - Before Find Element---> By.xpath: //a[text()=' Let the car work ']
12:47:23.219  INFO  manager.ListenerWD - After Find Element---> By.xpath: //a[text()=' Let the car work ']
12:47:23.235  INFO  manager.ListenerWD - Location of element ---> (753, 24)
12:47:23.355  INFO  manager.ListenerWD - Before Find Element---> By.id: pickUpPlace
12:47:23.391  INFO  manager.ListenerWD - After Find Element---> By.id: pickUpPlace
12:47:23.408  INFO  manager.ListenerWD - Location of element ---> (138, 324)
12:47:23.649  INFO  manager.ListenerWD - Before Find Element---> By.cssSelector: .pac-item
12:47:23.996  INFO  manager.ListenerWD - After Find Element---> By.cssSelector: .pac-item
12:47:24.014  INFO  manager.ListenerWD - Location of element ---> (138, 368)
12:47:24.092  INFO  manager.ListenerWD - Before Find Element---> By.id: make
12:47:24.134  INFO  manager.ListenerWD - After Find Element---> By.id: make
12:47:24.150  INFO  manager.ListenerWD - Location of element ---> (138, 505)
12:47:24.324  INFO  manager.ListenerWD - Before Find Element---> By.cssSelector: #model
12:47:24.361  INFO  manager.ListenerWD - After Find Element---> By.cssSelector: #model
12:47:24.380  INFO  manager.ListenerWD - Location of element ---> (138, 579)
12:47:24.551  INFO  manager.ListenerWD - Before Find Element---> By.cssSelector: #year
12:47:24.587  INFO  manager.ListenerWD - After Find Element---> By.cssSelector: #year
12:47:24.606  INFO  manager.ListenerWD - Location of element ---> (138, 653)
12:47:24.808  INFO  manager.ListenerWD - Before Find Element---> By.id: fuel
12:47:24.845  INFO  manager.ListenerWD - After Find Element---> By.id: fuel
12:47:24.862  INFO  manager.ListenerWD - Location of element ---> (138, 733)
12:47:25.019  INFO  manager.ListenerWD - Before Find Element---> By.id: seats
12:47:25.054  INFO  manager.ListenerWD - After Find Element---> By.id: seats
12:47:25.071  INFO  manager.ListenerWD - Location of element ---> (138, 808)
12:47:25.256  INFO  manager.ListenerWD - Before Find Element---> By.id: class
12:47:25.290  INFO  manager.ListenerWD - After Find Element---> By.id: class
12:47:25.310  INFO  manager.ListenerWD - Location of element ---> (138, 882)
12:47:25.482  INFO  manager.ListenerWD - Before Find Element---> By.id: serialNumber
12:47:25.516  INFO  manager.ListenerWD - After Find Element---> By.id: serialNumber
12:47:25.537  INFO  manager.ListenerWD - Location of element ---> (138, 956)
12:47:25.757  INFO  manager.ListenerWD - Before Find Element---> By.id: price
12:47:25.794  INFO  manager.ListenerWD - After Find Element---> By.id: price
12:47:25.814  INFO  manager.ListenerWD - Location of element ---> (138, 1030)
12:47:26.016  INFO  manager.ListenerWD - Before Find Element---> By.id: about
12:47:26.051  INFO  manager.ListenerWD - After Find Element---> By.id: about
12:47:26.069  INFO  manager.ListenerWD - Location of element ---> (138, 1137)
12:47:26.257  INFO  manager.ListenerWD - Before Find Element---> By.cssSelector: #photos
12:47:26.289  INFO  manager.ListenerWD - After Find Element---> By.cssSelector: #photos
12:47:26.304  INFO  manager.ListenerWD - Location of element ---> (138, 1467)
12:47:26.381  INFO  manager.ListenerWD - Before Find Element---> By.xpath: //button[@type='submit']
12:47:26.416  INFO  manager.ListenerWD - After Find Element---> By.xpath: //button[@type='submit']
12:47:26.432  INFO  manager.ListenerWD - Location of element ---> (138, 1563)
12:47:26.509  INFO  manager.ListenerWD - Before Find Element---> By.cssSelector: .dialog-container
12:47:26.917  INFO  manager.ListenerWD - After Find Element---> By.cssSelector: .dialog-container
12:47:26.933  INFO  manager.ListenerWD - Location of element ---> (600, 296)
12:47:26.977  INFO  manager.ListenerWD - Before Find Element---> By.cssSelector: .dialog-container>h2
12:47:27.009  INFO  manager.ListenerWD - After Find Element---> By.cssSelector: .dialog-container>h2
12:47:27.028  INFO  manager.ListenerWD - Location of element ---> (583, 334)
12:47:27.066  INFO  manager.ListenerWD - Before Find Element---> By.xpath: //button[text()='Search cars']
12:47:32.119  INFO  manager.ListenerWD - Huston we have a problem
12:47:32.120  INFO  manager.ListenerWD - Object target ---> ChromeDriver: chrome on WINDOWS (53b0a52a67a3eb290121cf2d99e3e9f8)
12:47:32.120  INFO  manager.ListenerWD - ********************
12:47:32.121  INFO  manager.ListenerWD - Method name--->findElement
12:47:32.121  INFO  manager.ListenerWD - ********************
12:47:32.121  INFO  manager.ListenerWD - ********************
12:47:32.122  INFO  manager.ListenerWD - ********************
12:47:32.122  INFO  manager.ListenerWD - ********************
12:47:32.125  INFO  manager.ListenerWD - InvocationTargetException3org.openqa.selenium.NoSuchElementException: no such element: Unable to locate element: {"method":"xpath","selector":"//button[text()='Search cars']"}
  (Session info: chrome=112.0.5615.138)
For documentation on this error, please visit: https://selenium.dev/exceptions/#no_such_element
Build info: version: '4.7.0', revision: '0a5b49d16f'
System info: os.name: 'Windows 10', os.arch: 'amd64', os.version: '10.0', java.version: '11.0.18'
Driver info: org.openqa.selenium.chrome.ChromeDriver
Command: [53b0a52a67a3eb290121cf2d99e3e9f8, findElement {using=xpath, value=//button[text()='Search cars']}]
Capabilities {acceptInsecureCerts: false, browserName: chrome, browserVersion: 112.0.5615.138, chrome: {chromedriverVersion: 112.0.5615.49 (bd2a7bcb881c..., userDataDir: C:\Users\honor\AppData\Loca...}, goog:chromeOptions: {debuggerAddress: localhost:50831}, networkConnectionEnabled: false, pageLoadStrategy: normal, platformName: WINDOWS, proxy: Proxy(), se:cdp: ws://localhost:50831/devtoo..., se:cdpVersion: 112.0.5615.138, setWindowRect: true, strictFileInteractability: false, timeouts: {implicit: 0, pageLoad: 300000, script: 30000}, unhandledPromptBehavior: dismiss and notify, webauthn:extension:credBlob: true, webauthn:extension:largeBlob: true, webauthn:extension:minPinLength: true, webauthn:extension:prf: true, webauthn:virtualAuthenticators: true}
Session ID: 53b0a52a67a3eb290121cf2d99e3e9f8
12:47:32.126  INFO  manager.ListenerWD - ********************
12:47:32.130  INFO  manager.ListenerWD - Screen with error is--->src/test/screenshots/screen-766.png
