12:53:26.969  INFO  manager.ApplicationManager - All tests run in Chrome Browser
12:53:29.471  INFO  manager.ApplicationManager - The link --->https://ilcarro.web.app/search
12:53:29.564  INFO  tests.TestBase - Name of method ---> searchCurrentMonthSuccess
12:53:29.569  INFO  manager.ListenerWD - Before Find Element---> By.id: city
12:53:29.645  INFO  manager.ListenerWD - After Find Element---> By.id: city
12:53:29.675  INFO  manager.ListenerWD - Location of element ---> (153, 234)
12:53:30.015  INFO  manager.ListenerWD - Before Find Element---> By.cssSelector: .pac-item
12:53:30.361  INFO  manager.ListenerWD - After Find Element---> By.cssSelector: .pac-item
12:53:30.383  INFO  manager.ListenerWD - Location of element ---> (154, 279)
12:53:30.457  INFO  manager.ListenerWD - Before Find Element---> By.id: dates
12:53:30.504  INFO  manager.ListenerWD - After Find Element---> By.id: dates
12:53:30.525  INFO  manager.ListenerWD - Location of element ---> (153, 327)
12:53:30.762  INFO  manager.ListenerWD - Before Find Element---> By.xpath: //div[text()=' 25 ']
12:53:30.815  INFO  manager.ListenerWD - After Find Element---> By.xpath: //div[text()=' 25 ']
12:53:30.844  INFO  manager.ListenerWD - Location of element ---> (243, 275)
12:53:30.971  INFO  manager.ListenerWD - Before Find Element---> By.xpath: //div[text()=' 26 ']
12:53:31.020  INFO  manager.ListenerWD - After Find Element---> By.xpath: //div[text()=' 26 ']
12:53:31.039  INFO  manager.ListenerWD - Location of element ---> (283, 274)
12:53:31.138  INFO  manager.ListenerWD - Before Find Element---> By.xpath: //button[@type='submit']
12:53:31.185  INFO  manager.ListenerWD - After Find Element---> By.xpath: //button[@type='submit']
12:53:31.208  INFO  manager.ListenerWD - Location of element ---> (153, 366)
12:53:31.369  INFO  manager.ListenerWD - Before Find Element---> By.cssSelector: .car-container
12:53:37.844  INFO  manager.ListenerWD - After Find Element---> By.cssSelector: .car-container
12:53:37.852  INFO  manager.ListenerWD - List of elements is ---> 422
