20:53:34.445  INFO  manager.ApplicationManager - All tests run in Chrome Browser
20:53:37.245  INFO  manager.ApplicationManager - The link --->https://ilcarro.web.app/search
20:53:37.310  INFO  tests.TestBase - Name of method ---> negativeSearch
20:53:37.315  INFO  manager.ListenerWD - Before Find Element---> By.cssSelector: a.logo
20:53:37.384  INFO  manager.ListenerWD - After Find Element---> By.cssSelector: a.logo
20:53:37.414  INFO  manager.ListenerWD - Location of element ---> (153, 16)
20:53:37.832  INFO  manager.ListenerWD - Before Find Element---> By.id: city
20:53:37.887  INFO  manager.ListenerWD - After Find Element---> By.id: city
20:53:37.907  INFO  manager.ListenerWD - Location of element ---> (153, 234)
20:53:38.199  INFO  manager.ListenerWD - Before Find Element---> By.cssSelector: .pac-item
20:53:38.824  INFO  manager.ListenerWD - After Find Element---> By.cssSelector: .pac-item
20:53:38.842  INFO  manager.ListenerWD - Location of element ---> (154, 279)
20:53:38.914  INFO  manager.ListenerWD - Before Find Element---> By.id: dates
20:53:38.962  INFO  manager.ListenerWD - After Find Element---> By.id: dates
20:53:38.980  INFO  manager.ListenerWD - Location of element ---> (153, 327)
20:53:39.113  INFO  manager.ListenerWD - Before Find Element---> By.id: dates
20:53:39.145  INFO  manager.ListenerWD - After Find Element---> By.id: dates
20:53:39.163  INFO  manager.ListenerWD - Location of element ---> (153, 308)
20:53:39.266  INFO  manager.ListenerWD - Before Find Element---> By.id: city
20:53:39.303  INFO  manager.ListenerWD - After Find Element---> By.id: city
20:53:39.322  INFO  manager.ListenerWD - Location of element ---> (153, 234)
20:53:39.416  INFO  manager.ListenerWD - Before Find Element---> By.xpath: //button[@type='submit']
20:53:39.470  INFO  manager.ListenerWD - After Find Element---> By.xpath: //button[@type='submit']
20:53:39.489  INFO  manager.ListenerWD - Location of element ---> (153, 385)
20:53:39.540  INFO  manager.ListenerWD - Before Find Element---> By.xpath: //button[@disabled]
20:53:39.591  INFO  manager.ListenerWD - After Find Element---> By.xpath: //button[@disabled]
20:53:39.597  INFO  manager.ListenerWD - List of elements is ---> 1
20:53:39.598  INFO  manager.ListenerWD - Before Find Element---> By.cssSelector: button[type = 'submit']
20:53:39.644  INFO  manager.ListenerWD - After Find Element---> By.cssSelector: button[type = 'submit']
20:53:39.660  INFO  manager.ListenerWD - Location of element ---> (153, 385)
20:53:39.686  INFO  manager.ListenerWD - Before Find Element---> By.className: error
20:53:39.733  INFO  manager.ListenerWD - After Find Element---> By.className: error
20:53:39.733  INFO  manager.ListenerWD - List of elements is ---> 1
20:53:39.744  INFO  tests.TestBase - Name of method ---> searchAnyPeriodSuccess
20:53:39.746  INFO  manager.ListenerWD - Before Find Element---> By.cssSelector: a.logo
20:53:39.784  INFO  manager.ListenerWD - After Find Element---> By.cssSelector: a.logo
20:53:39.803  INFO  manager.ListenerWD - Location of element ---> (153, 16)
20:53:40.285  INFO  manager.ListenerWD - Before Find Element---> By.id: city
20:53:40.316  INFO  manager.ListenerWD - After Find Element---> By.id: city
20:53:40.336  INFO  manager.ListenerWD - Location of element ---> (153, 234)
20:53:40.594  INFO  manager.ListenerWD - Before Find Element---> By.cssSelector: .pac-item
20:53:40.953  INFO  manager.ListenerWD - After Find Element---> By.cssSelector: .pac-item
20:53:40.974  INFO  manager.ListenerWD - Location of element ---> (154, 279)
20:53:41.048  INFO  manager.ListenerWD - Before Find Element---> By.id: dates
20:53:41.088  INFO  manager.ListenerWD - After Find Element---> By.id: dates
20:53:41.107  INFO  manager.ListenerWD - Location of element ---> (153, 327)
20:53:41.238  INFO  manager.ListenerWD - Before Find Element---> By.id: dates
20:53:41.274  INFO  manager.ListenerWD - After Find Element---> By.id: dates
20:53:41.292  INFO  manager.ListenerWD - Location of element ---> (153, 308)
20:53:41.485  INFO  manager.ListenerWD - Before Find Element---> By.cssSelector: [aria-label='Next month']
20:53:41.529  INFO  manager.ListenerWD - After Find Element---> By.cssSelector: [aria-label='Next month']
20:53:41.556  INFO  manager.ListenerWD - Location of element ---> (404, 367)
20:53:41.689  INFO  manager.ListenerWD - Before Find Element---> By.cssSelector: [aria-label='Next month']
20:53:41.724  INFO  manager.ListenerWD - After Find Element---> By.cssSelector: [aria-label='Next month']
20:53:41.740  INFO  manager.ListenerWD - Location of element ---> (404, 368)
20:53:41.826  INFO  manager.ListenerWD - Before Find Element---> By.cssSelector: [aria-label='Next month']
20:53:41.857  INFO  manager.ListenerWD - After Find Element---> By.cssSelector: [aria-label='Next month']
20:53:41.874  INFO  manager.ListenerWD - Location of element ---> (404, 368)
20:53:41.955  INFO  manager.ListenerWD - Before Find Element---> By.cssSelector: [aria-label='Next month']
20:53:41.986  INFO  manager.ListenerWD - After Find Element---> By.cssSelector: [aria-label='Next month']
20:53:42.000  INFO  manager.ListenerWD - Location of element ---> (404, 368)
20:53:42.077  INFO  manager.ListenerWD - Before Find Element---> By.cssSelector: [aria-label='Next month']
20:53:42.107  INFO  manager.ListenerWD - After Find Element---> By.cssSelector: [aria-label='Next month']
20:53:42.124  INFO  manager.ListenerWD - Location of element ---> (404, 368)
20:53:42.206  INFO  manager.ListenerWD - Before Find Element---> By.cssSelector: [aria-label='Next month']
20:53:42.232  INFO  manager.ListenerWD - After Find Element---> By.cssSelector: [aria-label='Next month']
20:53:42.247  INFO  manager.ListenerWD - Location of element ---> (404, 368)
20:53:42.328  INFO  manager.ListenerWD - Before Find Element---> By.xpath: //div[text()=' 27 ']
20:53:42.363  INFO  manager.ListenerWD - After Find Element---> By.xpath: //div[text()=' 27 ']
20:53:42.381  INFO  manager.ListenerWD - Location of element ---> (363, 612)
20:53:42.498  INFO  manager.ListenerWD - Before Find Element---> By.cssSelector: [aria-label='Next month']
20:53:42.529  INFO  manager.ListenerWD - After Find Element---> By.cssSelector: [aria-label='Next month']
20:53:42.545  INFO  manager.ListenerWD - Location of element ---> (404, 368)
20:53:42.629  INFO  manager.ListenerWD - Before Find Element---> By.cssSelector: [aria-label='Next month']
20:53:42.659  INFO  manager.ListenerWD - After Find Element---> By.cssSelector: [aria-label='Next month']
20:53:42.675  INFO  manager.ListenerWD - Location of element ---> (404, 368)
20:53:42.762  INFO  manager.ListenerWD - Before Find Element---> By.cssSelector: [aria-label='Next month']
20:53:42.796  INFO  manager.ListenerWD - After Find Element---> By.cssSelector: [aria-label='Next month']
20:53:42.814  INFO  manager.ListenerWD - Location of element ---> (404, 368)
20:53:42.909  INFO  manager.ListenerWD - Before Find Element---> By.cssSelector: [aria-label='Next month']
20:53:42.937  INFO  manager.ListenerWD - After Find Element---> By.cssSelector: [aria-label='Next month']
20:53:42.953  INFO  manager.ListenerWD - Location of element ---> (404, 368)
20:53:43.031  INFO  manager.ListenerWD - Before Find Element---> By.cssSelector: [aria-label='Next month']
20:53:43.060  INFO  manager.ListenerWD - After Find Element---> By.cssSelector: [aria-label='Next month']
20:53:43.074  INFO  manager.ListenerWD - Location of element ---> (404, 368)
20:53:43.161  INFO  manager.ListenerWD - Before Find Element---> By.cssSelector: [aria-label='Next month']
20:53:43.193  INFO  manager.ListenerWD - After Find Element---> By.cssSelector: [aria-label='Next month']
20:53:43.206  INFO  manager.ListenerWD - Location of element ---> (404, 368)
20:53:43.279  INFO  manager.ListenerWD - Before Find Element---> By.xpath: //div[text()=' 20 ']
20:53:43.317  INFO  manager.ListenerWD - After Find Element---> By.xpath: //div[text()=' 20 ']
20:53:43.338  INFO  manager.ListenerWD - Location of element ---> (403, 572)
20:53:43.448  INFO  manager.ListenerWD - Before Find Element---> By.xpath: //button[@type='submit']
20:53:43.489  INFO  manager.ListenerWD - After Find Element---> By.xpath: //button[@type='submit']
20:53:43.508  INFO  manager.ListenerWD - Location of element ---> (153, 366)
20:53:43.665  INFO  manager.ListenerWD - Before Find Element---> By.cssSelector: .car-container
20:53:50.674  INFO  manager.ListenerWD - After Find Element---> By.cssSelector: .car-container
20:53:50.674  INFO  manager.ListenerWD - List of elements is ---> 470
20:53:50.677  INFO  tests.TestBase - Name of method ---> searchCurrentMonthSuccess
20:53:50.679  INFO  manager.ListenerWD - Before Find Element---> By.cssSelector: a.logo
20:53:50.704  INFO  manager.ListenerWD - After Find Element---> By.cssSelector: a.logo
20:53:50.726  INFO  manager.ListenerWD - Location of element ---> (153, 16)
20:53:51.225  INFO  manager.ListenerWD - Before Find Element---> By.id: city
20:53:51.255  INFO  manager.ListenerWD - After Find Element---> By.id: city
20:53:51.274  INFO  manager.ListenerWD - Location of element ---> (153, 234)
20:53:51.660  INFO  manager.ListenerWD - Before Find Element---> By.cssSelector: .pac-item
20:53:51.819  INFO  manager.ListenerWD - After Find Element---> By.cssSelector: .pac-item
20:53:51.835  INFO  manager.ListenerWD - Location of element ---> (154, 279)
20:53:51.900  INFO  manager.ListenerWD - Before Find Element---> By.id: dates
20:53:51.921  INFO  manager.ListenerWD - After Find Element---> By.id: dates
20:53:51.936  INFO  manager.ListenerWD - Location of element ---> (153, 308)
20:53:52.057  INFO  manager.ListenerWD - Before Find Element---> By.id: dates
20:53:52.080  INFO  manager.ListenerWD - After Find Element---> By.id: dates
20:53:52.093  INFO  manager.ListenerWD - Location of element ---> (153, 308)
20:53:52.238  INFO  manager.ListenerWD - Before Find Element---> By.xpath: //div[text()=' 27 ']
20:53:52.267  INFO  manager.ListenerWD - After Find Element---> By.xpath: //div[text()=' 27 ']
20:53:52.286  INFO  manager.ListenerWD - Location of element ---> (323, 600)
20:53:52.398  INFO  manager.ListenerWD - Before Find Element---> By.xpath: //div[text()=' 30 ']
20:53:52.450  INFO  manager.ListenerWD - After Find Element---> By.xpath: //div[text()=' 30 ']
20:53:52.469  INFO  manager.ListenerWD - Location of element ---> (163, 652)
20:53:52.579  INFO  manager.ListenerWD - Before Find Element---> By.xpath: //button[@type='submit']
20:53:52.607  INFO  manager.ListenerWD - After Find Element---> By.xpath: //button[@type='submit']
20:53:52.625  INFO  manager.ListenerWD - Location of element ---> (153, 366)
20:53:52.776  INFO  manager.ListenerWD - Before Find Element---> By.cssSelector: .car-container
20:53:58.218  INFO  manager.ListenerWD - After Find Element---> By.cssSelector: .car-container
20:53:58.218  INFO  manager.ListenerWD - List of elements is ---> 470
20:53:58.221  INFO  tests.TestBase - Name of method ---> searchCurrentYearSuccess
20:53:58.222  INFO  manager.ListenerWD - Before Find Element---> By.cssSelector: a.logo
20:53:58.248  INFO  manager.ListenerWD - After Find Element---> By.cssSelector: a.logo
20:53:58.275  INFO  manager.ListenerWD - Location of element ---> (153, 16)
20:53:58.944  INFO  manager.ListenerWD - Before Find Element---> By.id: city
20:53:58.977  INFO  manager.ListenerWD - After Find Element---> By.id: city
20:53:58.996  INFO  manager.ListenerWD - Location of element ---> (153, 234)
20:53:59.339  INFO  manager.ListenerWD - Before Find Element---> By.cssSelector: .pac-item
20:53:59.488  INFO  manager.ListenerWD - After Find Element---> By.cssSelector: .pac-item
20:53:59.503  INFO  manager.ListenerWD - Location of element ---> (154, 279)
20:53:59.572  INFO  manager.ListenerWD - Before Find Element---> By.id: dates
20:53:59.596  INFO  manager.ListenerWD - After Find Element---> By.id: dates
20:53:59.612  INFO  manager.ListenerWD - Location of element ---> (153, 308)
20:53:59.744  INFO  manager.ListenerWD - Before Find Element---> By.id: dates
20:53:59.766  INFO  manager.ListenerWD - After Find Element---> By.id: dates
20:53:59.779  INFO  manager.ListenerWD - Location of element ---> (153, 308)
20:53:59.928  INFO  manager.ListenerWD - Before Find Element---> By.cssSelector: [aria-label='Next month']
20:53:59.958  INFO  manager.ListenerWD - After Find Element---> By.cssSelector: [aria-label='Next month']
20:53:59.978  INFO  manager.ListenerWD - Location of element ---> (404, 366)
20:54:00.093  INFO  manager.ListenerWD - Before Find Element---> By.cssSelector: [aria-label='Next month']
20:54:00.118  INFO  manager.ListenerWD - After Find Element---> By.cssSelector: [aria-label='Next month']
20:54:00.139  INFO  manager.ListenerWD - Location of element ---> (404, 368)
20:54:00.252  INFO  manager.ListenerWD - Before Find Element---> By.xpath: //div[text()=' 27 ']
20:54:00.281  INFO  manager.ListenerWD - After Find Element---> By.xpath: //div[text()=' 27 ']
20:54:00.298  INFO  manager.ListenerWD - Location of element ---> (243, 612)
20:54:00.409  INFO  manager.ListenerWD - Before Find Element---> By.cssSelector: [aria-label='Next month']
20:54:00.430  INFO  manager.ListenerWD - After Find Element---> By.cssSelector: [aria-label='Next month']
20:54:00.441  INFO  manager.ListenerWD - Location of element ---> (404, 368)
20:54:00.531  INFO  manager.ListenerWD - Before Find Element---> By.cssSelector: [aria-label='Next month']
20:54:00.553  INFO  manager.ListenerWD - After Find Element---> By.cssSelector: [aria-label='Next month']
20:54:00.565  INFO  manager.ListenerWD - Location of element ---> (404, 368)
20:54:00.638  INFO  manager.ListenerWD - Before Find Element---> By.cssSelector: [aria-label='Next month']
20:54:00.657  INFO  manager.ListenerWD - After Find Element---> By.cssSelector: [aria-label='Next month']
20:54:00.668  INFO  manager.ListenerWD - Location of element ---> (404, 368)
20:54:00.739  INFO  manager.ListenerWD - Before Find Element---> By.cssSelector: [aria-label='Next month']
20:54:00.762  INFO  manager.ListenerWD - After Find Element---> By.cssSelector: [aria-label='Next month']
20:54:00.773  INFO  manager.ListenerWD - Location of element ---> (404, 368)
20:54:00.862  INFO  manager.ListenerWD - Before Find Element---> By.xpath: //div[text()=' 28 ']
20:54:00.895  INFO  manager.ListenerWD - After Find Element---> By.xpath: //div[text()=' 28 ']
20:54:00.911  INFO  manager.ListenerWD - Location of element ---> (403, 612)
20:54:01.011  INFO  manager.ListenerWD - Before Find Element---> By.xpath: //button[@type='submit']
20:54:01.032  INFO  manager.ListenerWD - After Find Element---> By.xpath: //button[@type='submit']
20:54:01.051  INFO  manager.ListenerWD - Location of element ---> (153, 366)
20:54:01.204  INFO  manager.ListenerWD - Before Find Element---> By.cssSelector: .car-container
20:54:05.921  INFO  manager.ListenerWD - After Find Element---> By.cssSelector: .car-container
20:54:05.922  INFO  manager.ListenerWD - List of elements is ---> 470
