12:51:52.407  INFO  manager.ApplicationManager - All tests run in Chrome Browser
12:51:55.193  INFO  manager.ApplicationManager - The link --->https://ilcarro.web.app/search
12:51:55.265  INFO  tests.TestBase - Name of method ---> searchCurrentMonthSuccess
12:51:55.272  INFO  manager.ListenerWD - Before Find Element---> By.id: city
12:51:55.345  INFO  manager.ListenerWD - After Find Element---> By.id: city
12:51:55.373  INFO  manager.ListenerWD - Location of element ---> (153, 234)
12:51:55.678  INFO  manager.ListenerWD - Before Find Element---> By.cssSelector: .pac-item
12:51:56.054  INFO  manager.ListenerWD - After Find Element---> By.cssSelector: .pac-item
12:51:56.076  INFO  manager.ListenerWD - Location of element ---> (154, 279)
12:51:56.152  INFO  manager.ListenerWD - Before Find Element---> By.id: dates
12:51:56.196  INFO  manager.ListenerWD - After Find Element---> By.id: dates
12:51:56.214  INFO  manager.ListenerWD - Location of element ---> (153, 327)
12:51:56.446  INFO  manager.ListenerWD - Before Find Element---> By.xpath: //div[text()=' 26 ']
12:51:56.494  INFO  manager.ListenerWD - After Find Element---> By.xpath: //div[text()=' 26 ']
12:51:56.514  INFO  manager.ListenerWD - Location of element ---> (283, 275)
12:51:56.658  INFO  manager.ListenerWD - Before Find Element---> By.xpath: //div[text()=' 26 ']
12:51:56.700  INFO  manager.ListenerWD - After Find Element---> By.xpath: //div[text()=' 26 ']
12:51:56.719  INFO  manager.ListenerWD - Location of element ---> (283, 274)
12:51:56.821  INFO  manager.ListenerWD - Before Find Element---> By.xpath: //button[@type='submit']
12:51:56.872  INFO  manager.ListenerWD - After Find Element---> By.xpath: //button[@type='submit']
12:51:56.892  INFO  manager.ListenerWD - Location of element ---> (153, 385)
12:51:56.961  INFO  manager.ListenerWD - Before Find Element---> By.cssSelector: .car-container
12:52:02.044  INFO  manager.ListenerWD - After Find Element---> By.cssSelector: .car-container
12:52:02.051  INFO  manager.ListenerWD - List of elements is ---> 0
