10:12:39.485  INFO  manager.ApplicationManager - All tests run in Chrome Browser
10:12:42.421  INFO  manager.ApplicationManager - The link --->https://ilcarro.web.app/search
10:12:42.469  INFO  manager.ListenerWD - Before Find Element---> By.xpath: //a[text()=' Logout ']
10:12:47.522  INFO  manager.ListenerWD - After Find Element---> By.xpath: //a[text()=' Logout ']
10:12:47.530  INFO  manager.ListenerWD - List of elements is ---> 0
10:12:47.532  INFO  manager.ListenerWD - Before Find Element---> By.xpath: //*[text()=' Log in ']
10:12:47.602  INFO  manager.ListenerWD - After Find Element---> By.xpath: //*[text()=' Log in ']
10:12:47.634  INFO  manager.ListenerWD - Location of element ---> (1287, 24)
10:12:47.768  INFO  manager.ListenerWD - Before Find Element---> By.cssSelector: #email
10:12:47.824  INFO  manager.ListenerWD - After Find Element---> By.cssSelector: #email
10:12:47.848  INFO  manager.ListenerWD - Location of element ---> (1070, 258)
10:12:48.145  INFO  manager.ListenerWD - Before Find Element---> By.id: password
10:12:48.200  INFO  manager.ListenerWD - After Find Element---> By.id: password
10:12:48.223  INFO  manager.ListenerWD - Location of element ---> (1070, 332)
10:12:48.468  INFO  manager.ListenerWD - Before Find Element---> By.xpath: //button[@type='submit']
10:12:48.518  INFO  manager.ListenerWD - After Find Element---> By.xpath: //button[@type='submit']
10:12:48.543  INFO  manager.ListenerWD - Location of element ---> (1070, 401)
10:12:48.637  INFO  manager.ListenerWD - Before Find Element---> By.xpath: //button[text()='Ok']
10:12:49.892  INFO  manager.ListenerWD - After Find Element---> By.xpath: //button[text()='Ok']
10:12:49.917  INFO  manager.ListenerWD - Location of element ---> (790, 394)
10:12:49.996  INFO  tests.TestBase - Before class logged in account with data ---> email: 'ssa@gmail.com', password: 'Ssa12345$'
10:12:50.029  INFO  tests.TestBase - Name of method ---> addNewCarSuccess
10:12:50.041  INFO  tests.TestBase - Test data ---> location: 'Tel Aviv, Israel', manufacture: 'Nissan', model: 'A2', year: '2004', fuel: 'Petrol', seats: '5', carClass: 'C', carRegNumber: 198-72613-1101, price: '50'
10:12:50.546  INFO  manager.ListenerWD - Before Find Element---> By.xpath: //a[text()=' Let the car work ']
10:12:50.602  INFO  manager.ListenerWD - After Find Element---> By.xpath: //a[text()=' Let the car work ']
10:12:50.629  INFO  manager.ListenerWD - Location of element ---> (753, 24)
10:12:50.797  INFO  manager.ListenerWD - Before Find Element---> By.id: pickUpPlace
10:12:50.840  INFO  manager.ListenerWD - After Find Element---> By.id: pickUpPlace
10:12:50.862  INFO  manager.ListenerWD - Location of element ---> (138, 324)
10:12:51.154  INFO  manager.ListenerWD - Before Find Element---> By.cssSelector: .pac-item
10:12:51.600  INFO  manager.ListenerWD - After Find Element---> By.cssSelector: .pac-item
10:12:51.624  INFO  manager.ListenerWD - Location of element ---> (138, 368)
10:12:51.709  INFO  manager.ListenerWD - Before Find Element---> By.id: make
10:12:51.749  INFO  manager.ListenerWD - After Find Element---> By.id: make
10:12:51.770  INFO  manager.ListenerWD - Location of element ---> (138, 505)
10:12:51.990  INFO  manager.ListenerWD - Before Find Element---> By.cssSelector: #model
10:12:52.041  INFO  manager.ListenerWD - After Find Element---> By.cssSelector: #model
10:12:52.065  INFO  manager.ListenerWD - Location of element ---> (138, 585)
10:12:52.266  INFO  manager.ListenerWD - Before Find Element---> By.cssSelector: #year
10:12:52.310  INFO  manager.ListenerWD - After Find Element---> By.cssSelector: #year
10:12:52.337  INFO  manager.ListenerWD - Location of element ---> (138, 659)
10:12:52.619  INFO  manager.ListenerWD - Before Find Element---> By.id: fuel
10:12:52.662  INFO  manager.ListenerWD - After Find Element---> By.id: fuel
10:12:52.685  INFO  manager.ListenerWD - Location of element ---> (138, 733)
10:12:52.888  INFO  manager.ListenerWD - Before Find Element---> By.id: seats
10:12:52.941  INFO  manager.ListenerWD - After Find Element---> By.id: seats
10:12:52.962  INFO  manager.ListenerWD - Location of element ---> (138, 808)
10:12:53.170  INFO  manager.ListenerWD - Before Find Element---> By.id: class
10:12:53.223  INFO  manager.ListenerWD - After Find Element---> By.id: class
10:12:53.246  INFO  manager.ListenerWD - Location of element ---> (138, 882)
10:12:53.440  INFO  manager.ListenerWD - Before Find Element---> By.id: serialNumber
10:12:53.487  INFO  manager.ListenerWD - After Find Element---> By.id: serialNumber
10:12:53.512  INFO  manager.ListenerWD - Location of element ---> (138, 956)
10:12:53.777  INFO  manager.ListenerWD - Before Find Element---> By.id: price
10:12:53.824  INFO  manager.ListenerWD - After Find Element---> By.id: price
10:12:53.847  INFO  manager.ListenerWD - Location of element ---> (138, 1030)
10:12:54.104  INFO  manager.ListenerWD - Before Find Element---> By.id: about
10:12:54.144  INFO  manager.ListenerWD - After Find Element---> By.id: about
10:12:54.167  INFO  manager.ListenerWD - Location of element ---> (138, 1137)
10:12:54.300  INFO  manager.ListenerWD - Before Find Element---> By.xpath: //button[@type='submit']
10:12:54.327  INFO  manager.ListenerWD - After Find Element---> By.xpath: //button[@type='submit']
10:12:54.348  INFO  manager.ListenerWD - Location of element ---> (138, 1512)
10:12:54.458  INFO  manager.ListenerWD - Before Find Element---> By.cssSelector: .dialog-container
10:12:54.879  INFO  manager.ListenerWD - After Find Element---> By.cssSelector: .dialog-container
10:12:54.903  INFO  manager.ListenerWD - Location of element ---> (608, 309)
10:12:54.978  INFO  manager.ListenerWD - Before Find Element---> By.cssSelector: .dialog-container>h2
10:12:55.023  INFO  manager.ListenerWD - After Find Element---> By.cssSelector: .dialog-container>h2
10:12:55.050  INFO  manager.ListenerWD - Location of element ---> (583, 344)
10:12:55.096  INFO  tests.TestBase - Assert check is Element with text 'added successful' present
10:12:55.097  INFO  manager.ListenerWD - Before Find Element---> By.cssSelector: .dialog-container
10:12:55.153  INFO  manager.ListenerWD - After Find Element---> By.cssSelector: .dialog-container
10:12:55.171  INFO  manager.ListenerWD - Location of element ---> (583, 301)
10:12:55.212  INFO  manager.ListenerWD - Before Find Element---> By.cssSelector: .dialog-container>h2
10:12:55.249  INFO  manager.ListenerWD - After Find Element---> By.cssSelector: .dialog-container>h2
10:12:55.270  INFO  manager.ListenerWD - Location of element ---> (583, 344)
10:12:55.308  INFO  manager.ListenerWD - Before Find Element---> By.xpath: //button[text()='Search cars']
10:12:55.344  INFO  manager.ListenerWD - After Find Element---> By.xpath: //button[text()='Search cars']
10:12:55.364  INFO  manager.ListenerWD - Location of element ---> (729, 398)
10:12:55.436  INFO  tests.TestBase - Assert check is home page displayed
10:12:55.454  INFO  tests.TestBase - Name of method ---> addNewCarSuccessAll
10:12:55.525  INFO  tests.TestBase - Test data ---> Car(location=Tel Aviv, Israel, manufacture=Mazda, model=M3, year=2022, fuel=Petrol, seats=5, carClass=C, carRegNumber=198-72613-011, price=50.0, about=Very nice car)
10:12:56.029  INFO  manager.ListenerWD - Before Find Element---> By.xpath: //a[text()=' Let the car work ']
10:12:56.060  INFO  manager.ListenerWD - After Find Element---> By.xpath: //a[text()=' Let the car work ']
10:12:56.077  INFO  manager.ListenerWD - Location of element ---> (753, 24)
10:12:56.192  INFO  manager.ListenerWD - Before Find Element---> By.id: pickUpPlace
10:12:56.223  INFO  manager.ListenerWD - After Find Element---> By.id: pickUpPlace
10:12:56.249  INFO  manager.ListenerWD - Location of element ---> (138, 324)
10:12:56.553  INFO  manager.ListenerWD - Before Find Element---> By.cssSelector: .pac-item
10:12:56.791  INFO  manager.ListenerWD - After Find Element---> By.cssSelector: .pac-item
10:12:56.811  INFO  manager.ListenerWD - Location of element ---> (138, 368)
10:12:56.890  INFO  manager.ListenerWD - Before Find Element---> By.id: make
10:12:56.921  INFO  manager.ListenerWD - After Find Element---> By.id: make
10:12:56.939  INFO  manager.ListenerWD - Location of element ---> (138, 505)
10:12:57.169  INFO  manager.ListenerWD - Before Find Element---> By.cssSelector: #model
10:12:57.198  INFO  manager.ListenerWD - After Find Element---> By.cssSelector: #model
10:12:57.220  INFO  manager.ListenerWD - Location of element ---> (138, 585)
10:12:57.436  INFO  manager.ListenerWD - Before Find Element---> By.cssSelector: #year
10:12:57.462  INFO  manager.ListenerWD - After Find Element---> By.cssSelector: #year
10:12:57.482  INFO  manager.ListenerWD - Location of element ---> (138, 659)
10:12:57.745  INFO  manager.ListenerWD - Before Find Element---> By.id: fuel
10:12:57.782  INFO  manager.ListenerWD - After Find Element---> By.id: fuel
10:12:57.807  INFO  manager.ListenerWD - Location of element ---> (138, 733)
10:12:57.998  INFO  manager.ListenerWD - Before Find Element---> By.id: seats
10:12:58.032  INFO  manager.ListenerWD - After Find Element---> By.id: seats
10:12:58.057  INFO  manager.ListenerWD - Location of element ---> (138, 808)
10:12:58.302  INFO  manager.ListenerWD - Before Find Element---> By.id: class
10:12:58.332  INFO  manager.ListenerWD - After Find Element---> By.id: class
10:12:58.353  INFO  manager.ListenerWD - Location of element ---> (138, 882)
10:12:58.578  INFO  manager.ListenerWD - Before Find Element---> By.id: serialNumber
10:12:58.620  INFO  manager.ListenerWD - After Find Element---> By.id: serialNumber
10:12:58.643  INFO  manager.ListenerWD - Location of element ---> (138, 956)
10:12:58.907  INFO  manager.ListenerWD - Before Find Element---> By.id: price
10:12:58.933  INFO  manager.ListenerWD - After Find Element---> By.id: price
10:12:58.953  INFO  manager.ListenerWD - Location of element ---> (138, 1030)
10:12:59.178  INFO  manager.ListenerWD - Before Find Element---> By.id: about
10:12:59.210  INFO  manager.ListenerWD - After Find Element---> By.id: about
10:12:59.232  INFO  manager.ListenerWD - Location of element ---> (138, 1137)
10:12:59.445  INFO  manager.ListenerWD - Before Find Element---> By.cssSelector: #photos
10:12:59.479  INFO  manager.ListenerWD - After Find Element---> By.cssSelector: #photos
10:12:59.496  INFO  manager.ListenerWD - Location of element ---> (138, 1467)
10:12:59.579  INFO  manager.ListenerWD - Before Find Element---> By.xpath: //button[@type='submit']
10:12:59.604  INFO  manager.ListenerWD - After Find Element---> By.xpath: //button[@type='submit']
10:12:59.621  INFO  manager.ListenerWD - Location of element ---> (138, 1563)
10:12:59.695  INFO  manager.ListenerWD - Before Find Element---> By.cssSelector: .dialog-container
10:12:59.992  INFO  manager.ListenerWD - After Find Element---> By.cssSelector: .dialog-container
10:13:00.014  INFO  manager.ListenerWD - Location of element ---> (600, 306)
10:13:00.044  INFO  manager.ListenerWD - Before Find Element---> By.cssSelector: .dialog-container>h2
10:13:00.076  INFO  manager.ListenerWD - After Find Element---> By.cssSelector: .dialog-container>h2
10:13:00.097  INFO  manager.ListenerWD - Location of element ---> (583, 344)
10:13:00.135  INFO  tests.TestBase - Assert check is Element with text 'added successful' present
10:13:00.136  INFO  manager.ListenerWD - Before Find Element---> By.cssSelector: .dialog-container
10:13:00.162  INFO  manager.ListenerWD - After Find Element---> By.cssSelector: .dialog-container
10:13:00.178  INFO  manager.ListenerWD - Location of element ---> (583, 301)
10:13:00.202  INFO  manager.ListenerWD - Before Find Element---> By.cssSelector: .dialog-container>h2
10:13:00.229  INFO  manager.ListenerWD - After Find Element---> By.cssSelector: .dialog-container>h2
10:13:00.245  INFO  manager.ListenerWD - Location of element ---> (583, 344)
10:13:00.273  INFO  manager.ListenerWD - Before Find Element---> By.xpath: //button[text()='Search cars']
10:13:00.304  INFO  manager.ListenerWD - After Find Element---> By.xpath: //button[text()='Search cars']
10:13:00.328  INFO  manager.ListenerWD - Location of element ---> (729, 398)
10:13:00.413  INFO  tests.TestBase - Assert check is home page displayed
10:13:00.415  INFO  tests.TestBase - Name of method ---> addNewCarSuccessAll
10:13:00.416  INFO  tests.TestBase - Test data ---> Car(location=Tel Aviv, Israel, manufacture=Nissan, model=A2, year=2004, fuel=Petrol, seats=5, carClass=C, carRegNumber=198-72613-012, price=50.0, about=null)
10:13:00.924  INFO  manager.ListenerWD - Before Find Element---> By.xpath: //a[text()=' Let the car work ']
10:13:00.950  INFO  manager.ListenerWD - After Find Element---> By.xpath: //a[text()=' Let the car work ']
10:13:00.965  INFO  manager.ListenerWD - Location of element ---> (753, 24)
10:13:01.058  INFO  manager.ListenerWD - Before Find Element---> By.id: pickUpPlace
10:13:01.086  INFO  manager.ListenerWD - After Find Element---> By.id: pickUpPlace
10:13:01.104  INFO  manager.ListenerWD - Location of element ---> (138, 324)
10:13:01.415  INFO  manager.ListenerWD - Before Find Element---> By.cssSelector: .pac-item
10:13:01.644  INFO  manager.ListenerWD - After Find Element---> By.cssSelector: .pac-item
10:13:01.664  INFO  manager.ListenerWD - Location of element ---> (138, 368)
10:13:01.742  INFO  manager.ListenerWD - Before Find Element---> By.id: make
10:13:01.770  INFO  manager.ListenerWD - After Find Element---> By.id: make
10:13:01.788  INFO  manager.ListenerWD - Location of element ---> (138, 505)
10:13:02.046  INFO  manager.ListenerWD - Before Find Element---> By.cssSelector: #model
10:13:02.076  INFO  manager.ListenerWD - After Find Element---> By.cssSelector: #model
10:13:02.099  INFO  manager.ListenerWD - Location of element ---> (138, 585)
10:13:02.359  INFO  manager.ListenerWD - Before Find Element---> By.cssSelector: #year
10:13:02.396  INFO  manager.ListenerWD - After Find Element---> By.cssSelector: #year
10:13:02.419  INFO  manager.ListenerWD - Location of element ---> (138, 659)
10:13:02.721  INFO  manager.ListenerWD - Before Find Element---> By.id: fuel
10:13:02.750  INFO  manager.ListenerWD - After Find Element---> By.id: fuel
10:13:02.771  INFO  manager.ListenerWD - Location of element ---> (138, 733)
10:13:02.945  INFO  manager.ListenerWD - Before Find Element---> By.id: seats
10:13:02.973  INFO  manager.ListenerWD - After Find Element---> By.id: seats
10:13:02.996  INFO  manager.ListenerWD - Location of element ---> (138, 808)
10:13:03.228  INFO  manager.ListenerWD - Before Find Element---> By.id: class
10:13:03.256  INFO  manager.ListenerWD - After Find Element---> By.id: class
10:13:03.273  INFO  manager.ListenerWD - Location of element ---> (138, 882)
10:13:03.494  INFO  manager.ListenerWD - Before Find Element---> By.id: serialNumber
10:13:03.524  INFO  manager.ListenerWD - After Find Element---> By.id: serialNumber
10:13:03.544  INFO  manager.ListenerWD - Location of element ---> (138, 956)
10:13:03.792  INFO  manager.ListenerWD - Before Find Element---> By.id: price
10:13:03.823  INFO  manager.ListenerWD - After Find Element---> By.id: price
10:13:03.841  INFO  manager.ListenerWD - Location of element ---> (138, 1030)
10:13:04.084  INFO  manager.ListenerWD - Before Find Element---> By.id: about
10:13:04.112  INFO  manager.ListenerWD - After Find Element---> By.id: about
10:13:04.130  INFO  manager.ListenerWD - Location of element ---> (138, 1137)
10:13:04.254  INFO  manager.ListenerWD - Before Find Element---> By.cssSelector: #photos
10:13:04.277  INFO  manager.ListenerWD - After Find Element---> By.cssSelector: #photos
10:13:04.293  INFO  manager.ListenerWD - Location of element ---> (138, 1467)
10:13:04.354  INFO  manager.ListenerWD - Before Find Element---> By.xpath: //button[@type='submit']
10:13:04.383  INFO  manager.ListenerWD - After Find Element---> By.xpath: //button[@type='submit']
10:13:04.400  INFO  manager.ListenerWD - Location of element ---> (138, 1563)
10:13:04.481  INFO  manager.ListenerWD - Before Find Element---> By.cssSelector: .dialog-container
10:13:04.820  INFO  manager.ListenerWD - After Find Element---> By.cssSelector: .dialog-container
10:13:04.841  INFO  manager.ListenerWD - Location of element ---> (594, 304)
10:13:04.870  INFO  manager.ListenerWD - Before Find Element---> By.cssSelector: .dialog-container>h2
10:13:04.900  INFO  manager.ListenerWD - After Find Element---> By.cssSelector: .dialog-container>h2
10:13:04.923  INFO  manager.ListenerWD - Location of element ---> (583, 344)
10:13:04.953  INFO  tests.TestBase - Assert check is Element with text 'added successful' present
10:13:04.954  INFO  manager.ListenerWD - Before Find Element---> By.cssSelector: .dialog-container
10:13:04.984  INFO  manager.ListenerWD - After Find Element---> By.cssSelector: .dialog-container
10:13:04.999  INFO  manager.ListenerWD - Location of element ---> (583, 301)
10:13:05.022  INFO  manager.ListenerWD - Before Find Element---> By.cssSelector: .dialog-container>h2
10:13:05.050  INFO  manager.ListenerWD - After Find Element---> By.cssSelector: .dialog-container>h2
10:13:05.073  INFO  manager.ListenerWD - Location of element ---> (583, 344)
10:13:05.092  INFO  manager.ListenerWD - Before Find Element---> By.xpath: //button[text()='Search cars']
10:13:05.123  INFO  manager.ListenerWD - After Find Element---> By.xpath: //button[text()='Search cars']
10:13:05.144  INFO  manager.ListenerWD - Location of element ---> (729, 398)
10:13:05.226  INFO  tests.TestBase - Assert check is home page displayed
10:13:05.233  INFO  tests.TestBase - Name of method ---> loginSuccess
10:13:05.235  INFO  manager.ListenerWD - Before Find Element---> By.xpath: //a[text()=' Logout ']
10:13:05.267  INFO  manager.ListenerWD - After Find Element---> By.xpath: //a[text()=' Logout ']
10:13:05.267  INFO  manager.ListenerWD - List of elements is ---> 1
10:13:05.267  INFO  manager.ListenerWD - Before Find Element---> By.xpath: //a[text()=' Logout ']
10:13:05.299  INFO  manager.ListenerWD - After Find Element---> By.xpath: //a[text()=' Logout ']
10:13:05.362  INFO  manager.ListenerWD - Location of element ---> (1099, -859)
10:13:05.486  INFO  tests.TestBase - Before method finish logout
10:13:05.487  INFO  tests.TestBase - Start test name 'loginSuccess'
10:13:05.488  INFO  tests.TestBase - Test data ---> email: 'ssa@gmail.com' & password: 'Ssa12345$'
10:13:05.488  INFO  manager.ListenerWD - Before Find Element---> By.xpath: //*[text()=' Log in ']
10:13:05.517  INFO  manager.ListenerWD - After Find Element---> By.xpath: //*[text()=' Log in ']
10:13:05.538  INFO  manager.ListenerWD - Location of element ---> (1287, 24)
10:13:05.646  INFO  manager.ListenerWD - Before Find Element---> By.cssSelector: #email
10:13:05.679  INFO  manager.ListenerWD - After Find Element---> By.cssSelector: #email
10:13:05.699  INFO  manager.ListenerWD - Location of element ---> (1070, 258)
10:13:05.984  INFO  manager.ListenerWD - Before Find Element---> By.id: password
10:13:06.015  INFO  manager.ListenerWD - After Find Element---> By.id: password
10:13:06.035  INFO  manager.ListenerWD - Location of element ---> (1070, 332)
10:13:06.274  INFO  manager.ListenerWD - Before Find Element---> By.xpath: //button[@type='submit']
10:13:06.307  INFO  manager.ListenerWD - After Find Element---> By.xpath: //button[@type='submit']
10:13:06.327  INFO  manager.ListenerWD - Location of element ---> (1070, 401)
10:13:06.414  INFO  manager.ListenerWD - Before Find Element---> By.cssSelector: .dialog-container
10:13:06.731  INFO  manager.ListenerWD - After Find Element---> By.cssSelector: .dialog-container
10:13:06.759  INFO  manager.ListenerWD - Location of element ---> (618, 312)
10:13:06.790  INFO  manager.ListenerWD - Before Find Element---> By.cssSelector: .dialog-container>h2
10:13:06.821  INFO  manager.ListenerWD - After Find Element---> By.cssSelector: .dialog-container>h2
10:13:06.841  INFO  manager.ListenerWD - Location of element ---> (585, 345)
10:13:06.878  INFO  tests.TestBase - Assert check is Element present with text 'Logged in success'
10:13:06.880  INFO  manager.ListenerWD - Before Find Element---> By.cssSelector: .dialog-container
10:13:06.920  INFO  manager.ListenerWD - After Find Element---> By.cssSelector: .dialog-container
10:13:06.920  INFO  manager.ListenerWD - List of elements is ---> 1
10:13:06.921  INFO  manager.ListenerWD - Before Find Element---> By.xpath: //button[text()='Ok']
10:13:06.946  INFO  manager.ListenerWD - After Find Element---> By.xpath: //button[text()='Ok']
10:13:06.963  INFO  manager.ListenerWD - Location of element ---> (793, 398)
10:13:07.039  INFO  tests.TestBase - The window is closed
10:13:07.043  INFO  tests.TestBase - Name of method ---> loginSuccess1
10:13:07.045  INFO  manager.ListenerWD - Before Find Element---> By.xpath: //a[text()=' Logout ']
10:13:07.075  INFO  manager.ListenerWD - After Find Element---> By.xpath: //a[text()=' Logout ']
10:13:07.075  INFO  manager.ListenerWD - List of elements is ---> 1
10:13:07.075  INFO  manager.ListenerWD - Before Find Element---> By.xpath: //a[text()=' Logout ']
10:13:07.102  INFO  manager.ListenerWD - After Find Element---> By.xpath: //a[text()=' Logout ']
10:13:07.120  INFO  manager.ListenerWD - Location of element ---> (1099, 0)
10:13:07.275  INFO  tests.TestBase - Before method finish logout
10:13:07.296  INFO  tests.TestBase - Test data from object --->User{firstName='null', lastName='null', email='ssa@gmail.com', password='Ssa12345$'}
10:13:07.297  INFO  manager.ListenerWD - Before Find Element---> By.xpath: //*[text()=' Log in ']
10:13:07.324  INFO  manager.ListenerWD - After Find Element---> By.xpath: //*[text()=' Log in ']
10:13:07.341  INFO  manager.ListenerWD - Location of element ---> (1287, 24)
10:13:07.434  INFO  manager.ListenerWD - Before Find Element---> By.cssSelector: #email
10:13:07.462  INFO  manager.ListenerWD - After Find Element---> By.cssSelector: #email
10:13:07.479  INFO  manager.ListenerWD - Location of element ---> (1070, 258)
10:13:07.738  INFO  manager.ListenerWD - Before Find Element---> By.id: password
10:13:07.763  INFO  manager.ListenerWD - After Find Element---> By.id: password
10:13:07.782  INFO  manager.ListenerWD - Location of element ---> (1070, 332)
10:13:07.993  INFO  manager.ListenerWD - Before Find Element---> By.xpath: //button[@type='submit']
10:13:08.023  INFO  manager.ListenerWD - After Find Element---> By.xpath: //button[@type='submit']
10:13:08.042  INFO  manager.ListenerWD - Location of element ---> (1070, 401)
10:13:08.125  INFO  manager.ListenerWD - Before Find Element---> By.cssSelector: .dialog-container
10:13:08.428  INFO  manager.ListenerWD - After Find Element---> By.cssSelector: .dialog-container
10:13:08.449  INFO  manager.ListenerWD - Location of element ---> (619, 312)
10:13:08.477  INFO  manager.ListenerWD - Before Find Element---> By.cssSelector: .dialog-container>h2
10:13:08.504  INFO  manager.ListenerWD - After Find Element---> By.cssSelector: .dialog-container>h2
10:13:08.524  INFO  manager.ListenerWD - Location of element ---> (587, 345)
10:13:08.555  INFO  tests.TestBase - Assert check is Element present with text 'Logged in success'
10:13:08.557  INFO  manager.ListenerWD - Before Find Element---> By.cssSelector: .dialog-container
10:13:08.588  INFO  manager.ListenerWD - After Find Element---> By.cssSelector: .dialog-container
10:13:08.588  INFO  manager.ListenerWD - List of elements is ---> 1
10:13:08.588  INFO  manager.ListenerWD - Before Find Element---> By.xpath: //button[text()='Ok']
10:13:08.614  INFO  manager.ListenerWD - After Find Element---> By.xpath: //button[text()='Ok']
10:13:08.634  INFO  manager.ListenerWD - Location of element ---> (793, 398)
10:13:08.715  INFO  tests.TestBase - The window is closed
10:13:08.717  INFO  tests.TestBase - Name of method ---> loginSuccess1
10:13:08.720  INFO  manager.ListenerWD - Before Find Element---> By.xpath: //a[text()=' Logout ']
10:13:08.753  INFO  manager.ListenerWD - After Find Element---> By.xpath: //a[text()=' Logout ']
10:13:08.754  INFO  manager.ListenerWD - List of elements is ---> 1
10:13:08.754  INFO  manager.ListenerWD - Before Find Element---> By.xpath: //a[text()=' Logout ']
10:13:08.786  INFO  manager.ListenerWD - After Find Element---> By.xpath: //a[text()=' Logout ']
10:13:08.847  INFO  manager.ListenerWD - Location of element ---> (1099, 0)
10:13:08.960  INFO  tests.TestBase - Before method finish logout
10:13:08.962  INFO  tests.TestBase - Test data from object --->User{firstName='null', lastName='null', email='saa@gmail.com', password='Saa12345$'}
10:13:08.963  INFO  manager.ListenerWD - Before Find Element---> By.xpath: //*[text()=' Log in ']
10:13:08.991  INFO  manager.ListenerWD - After Find Element---> By.xpath: //*[text()=' Log in ']
10:13:09.010  INFO  manager.ListenerWD - Location of element ---> (1287, 24)
10:13:09.128  INFO  manager.ListenerWD - Before Find Element---> By.cssSelector: #email
10:13:09.157  INFO  manager.ListenerWD - After Find Element---> By.cssSelector: #email
10:13:09.174  INFO  manager.ListenerWD - Location of element ---> (1070, 258)
10:13:09.432  INFO  manager.ListenerWD - Before Find Element---> By.id: password
10:13:09.456  INFO  manager.ListenerWD - After Find Element---> By.id: password
10:13:09.474  INFO  manager.ListenerWD - Location of element ---> (1070, 332)
10:13:09.717  INFO  manager.ListenerWD - Before Find Element---> By.xpath: //button[@type='submit']
10:13:09.746  INFO  manager.ListenerWD - After Find Element---> By.xpath: //button[@type='submit']
10:13:09.765  INFO  manager.ListenerWD - Location of element ---> (1070, 401)
10:13:09.846  INFO  manager.ListenerWD - Before Find Element---> By.cssSelector: .dialog-container
10:13:10.191  INFO  manager.ListenerWD - After Find Element---> By.cssSelector: .dialog-container
10:13:10.216  INFO  manager.ListenerWD - Location of element ---> (599, 306)
10:13:10.241  INFO  manager.ListenerWD - Before Find Element---> By.cssSelector: .dialog-container>h2
10:13:10.268  INFO  manager.ListenerWD - After Find Element---> By.cssSelector: .dialog-container>h2
10:13:10.287  INFO  manager.ListenerWD - Location of element ---> (583, 344)
10:13:10.316  INFO  tests.TestBase - Assert check is Element present with text 'Logged in success'
10:13:10.318  INFO  manager.ListenerWD - Before Find Element---> By.cssSelector: .dialog-container
10:13:10.344  INFO  manager.ListenerWD - After Find Element---> By.cssSelector: .dialog-container
10:13:10.344  INFO  manager.ListenerWD - List of elements is ---> 1
10:13:10.344  INFO  manager.ListenerWD - Before Find Element---> By.xpath: //button[text()='Ok']
10:13:10.373  INFO  manager.ListenerWD - After Find Element---> By.xpath: //button[text()='Ok']
10:13:10.393  INFO  manager.ListenerWD - Location of element ---> (793, 398)
10:13:10.467  INFO  tests.TestBase - The window is closed
10:13:10.471  INFO  tests.TestBase - Name of method ---> loginSuccess1DataFromFile
10:13:10.472  INFO  manager.ListenerWD - Before Find Element---> By.xpath: //a[text()=' Logout ']
10:13:10.502  INFO  manager.ListenerWD - After Find Element---> By.xpath: //a[text()=' Logout ']
10:13:10.502  INFO  manager.ListenerWD - List of elements is ---> 1
10:13:10.503  INFO  manager.ListenerWD - Before Find Element---> By.xpath: //a[text()=' Logout ']
10:13:10.539  INFO  manager.ListenerWD - After Find Element---> By.xpath: //a[text()=' Logout ']
10:13:10.605  INFO  manager.ListenerWD - Location of element ---> (1099, 24)
10:13:10.740  INFO  tests.TestBase - Before method finish logout
10:13:10.741  INFO  tests.TestBase - Test data from object --->User{firstName='null', lastName='null', email='ssa@gmail.com', password='Ssa12345$'}
10:13:10.742  INFO  manager.ListenerWD - Before Find Element---> By.xpath: //*[text()=' Log in ']
10:13:10.769  INFO  manager.ListenerWD - After Find Element---> By.xpath: //*[text()=' Log in ']
10:13:10.788  INFO  manager.ListenerWD - Location of element ---> (1287, 24)
10:13:10.884  INFO  manager.ListenerWD - Before Find Element---> By.cssSelector: #email
10:13:10.908  INFO  manager.ListenerWD - After Find Element---> By.cssSelector: #email
10:13:10.924  INFO  manager.ListenerWD - Location of element ---> (1070, 258)
10:13:11.208  INFO  manager.ListenerWD - Before Find Element---> By.id: password
10:13:11.237  INFO  manager.ListenerWD - After Find Element---> By.id: password
10:13:11.259  INFO  manager.ListenerWD - Location of element ---> (1070, 332)
10:13:11.514  INFO  manager.ListenerWD - Before Find Element---> By.xpath: //button[@type='submit']
10:13:11.543  INFO  manager.ListenerWD - After Find Element---> By.xpath: //button[@type='submit']
10:13:11.566  INFO  manager.ListenerWD - Location of element ---> (1070, 401)
10:13:11.650  INFO  manager.ListenerWD - Before Find Element---> By.cssSelector: .dialog-container
10:13:12.005  INFO  manager.ListenerWD - After Find Element---> By.cssSelector: .dialog-container
10:13:12.024  INFO  manager.ListenerWD - Location of element ---> (607, 308)
10:13:12.050  INFO  manager.ListenerWD - Before Find Element---> By.cssSelector: .dialog-container>h2
10:13:12.077  INFO  manager.ListenerWD - After Find Element---> By.cssSelector: .dialog-container>h2
10:13:12.097  INFO  manager.ListenerWD - Location of element ---> (587, 345)
10:13:12.126  INFO  tests.TestBase - Assert check is Element present with text 'Logged in success'
10:13:12.128  INFO  manager.ListenerWD - Before Find Element---> By.cssSelector: .dialog-container
10:13:12.160  INFO  manager.ListenerWD - After Find Element---> By.cssSelector: .dialog-container
10:13:12.160  INFO  manager.ListenerWD - List of elements is ---> 1
10:13:12.161  INFO  manager.ListenerWD - Before Find Element---> By.xpath: //button[text()='Ok']
10:13:12.190  INFO  manager.ListenerWD - After Find Element---> By.xpath: //button[text()='Ok']
10:13:12.209  INFO  manager.ListenerWD - Location of element ---> (793, 398)
10:13:12.276  INFO  tests.TestBase - The window is closed
10:13:12.279  INFO  tests.TestBase - Name of method ---> loginSuccess1DataFromFile
10:13:12.280  INFO  manager.ListenerWD - Before Find Element---> By.xpath: //a[text()=' Logout ']
10:13:12.309  INFO  manager.ListenerWD - After Find Element---> By.xpath: //a[text()=' Logout ']
10:13:12.310  INFO  manager.ListenerWD - List of elements is ---> 1
10:13:12.310  INFO  manager.ListenerWD - Before Find Element---> By.xpath: //a[text()=' Logout ']
10:13:12.339  INFO  manager.ListenerWD - After Find Element---> By.xpath: //a[text()=' Logout ']
10:13:12.358  INFO  manager.ListenerWD - Location of element ---> (1099, 0)
10:13:12.495  INFO  tests.TestBase - Before method finish logout
10:13:12.496  INFO  tests.TestBase - Test data from object --->User{firstName='null', lastName='null', email='saa@gmail.com', password='Saa12345$'}
10:13:12.496  INFO  manager.ListenerWD - Before Find Element---> By.xpath: //*[text()=' Log in ']
10:13:12.519  INFO  manager.ListenerWD - After Find Element---> By.xpath: //*[text()=' Log in ']
10:13:12.538  INFO  manager.ListenerWD - Location of element ---> (1287, 24)
10:13:12.624  INFO  manager.ListenerWD - Before Find Element---> By.cssSelector: #email
10:13:12.651  INFO  manager.ListenerWD - After Find Element---> By.cssSelector: #email
10:13:12.676  INFO  manager.ListenerWD - Location of element ---> (1070, 258)
10:13:12.952  INFO  manager.ListenerWD - Before Find Element---> By.id: password
10:13:12.979  INFO  manager.ListenerWD - After Find Element---> By.id: password
10:13:12.999  INFO  manager.ListenerWD - Location of element ---> (1070, 332)
10:13:13.215  INFO  manager.ListenerWD - Before Find Element---> By.xpath: //button[@type='submit']
10:13:13.240  INFO  manager.ListenerWD - After Find Element---> By.xpath: //button[@type='submit']
10:13:13.262  INFO  manager.ListenerWD - Location of element ---> (1070, 401)
10:13:13.354  INFO  manager.ListenerWD - Before Find Element---> By.cssSelector: .dialog-container
10:13:13.699  INFO  manager.ListenerWD - After Find Element---> By.cssSelector: .dialog-container
10:13:13.718  INFO  manager.ListenerWD - Location of element ---> (608, 308)
10:13:13.744  INFO  manager.ListenerWD - Before Find Element---> By.cssSelector: .dialog-container>h2
10:13:13.770  INFO  manager.ListenerWD - After Find Element---> By.cssSelector: .dialog-container>h2
10:13:13.791  INFO  manager.ListenerWD - Location of element ---> (587, 345)
10:13:13.819  INFO  tests.TestBase - Assert check is Element present with text 'Logged in success'
10:13:13.821  INFO  manager.ListenerWD - Before Find Element---> By.cssSelector: .dialog-container
10:13:13.853  INFO  manager.ListenerWD - After Find Element---> By.cssSelector: .dialog-container
10:13:13.853  INFO  manager.ListenerWD - List of elements is ---> 1
10:13:13.853  INFO  manager.ListenerWD - Before Find Element---> By.xpath: //button[text()='Ok']
10:13:13.879  INFO  manager.ListenerWD - After Find Element---> By.xpath: //button[text()='Ok']
10:13:13.899  INFO  manager.ListenerWD - Location of element ---> (793, 398)
10:13:13.973  INFO  tests.TestBase - The window is closed
10:13:13.976  INFO  tests.TestBase - Name of method ---> loginSuccessModel
10:13:13.979  INFO  manager.ListenerWD - Before Find Element---> By.xpath: //a[text()=' Logout ']
10:13:14.008  INFO  manager.ListenerWD - After Find Element---> By.xpath: //a[text()=' Logout ']
10:13:14.008  INFO  manager.ListenerWD - List of elements is ---> 1
10:13:14.009  INFO  manager.ListenerWD - Before Find Element---> By.xpath: //a[text()=' Logout ']
10:13:14.038  INFO  manager.ListenerWD - After Find Element---> By.xpath: //a[text()=' Logout ']
10:13:14.103  INFO  manager.ListenerWD - Location of element ---> (1099, 0)
10:13:14.215  INFO  tests.TestBase - Before method finish logout
10:13:14.216  INFO  tests.TestBase - Test data ---> email: 'ssa@gmail.com' & password: 'Ssa12345$'
10:13:14.217  INFO  manager.ListenerWD - Before Find Element---> By.xpath: //*[text()=' Log in ']
10:13:14.247  INFO  manager.ListenerWD - After Find Element---> By.xpath: //*[text()=' Log in ']
10:13:14.266  INFO  manager.ListenerWD - Location of element ---> (1287, 24)
10:13:14.388  INFO  manager.ListenerWD - Before Find Element---> By.cssSelector: #email
10:13:14.409  INFO  manager.ListenerWD - After Find Element---> By.cssSelector: #email
10:13:14.426  INFO  manager.ListenerWD - Location of element ---> (1070, 258)
10:13:14.718  INFO  manager.ListenerWD - Before Find Element---> By.id: password
10:13:14.745  INFO  manager.ListenerWD - After Find Element---> By.id: password
10:13:14.766  INFO  manager.ListenerWD - Location of element ---> (1070, 332)
10:13:14.997  INFO  manager.ListenerWD - Before Find Element---> By.xpath: //button[@type='submit']
10:13:15.026  INFO  manager.ListenerWD - After Find Element---> By.xpath: //button[@type='submit']
10:13:15.048  INFO  manager.ListenerWD - Location of element ---> (1070, 401)
10:13:15.132  INFO  manager.ListenerWD - Before Find Element---> By.cssSelector: .dialog-container
10:13:15.438  INFO  manager.ListenerWD - After Find Element---> By.cssSelector: .dialog-container
10:13:15.459  INFO  manager.ListenerWD - Location of element ---> (607, 308)
10:13:15.484  INFO  manager.ListenerWD - Before Find Element---> By.cssSelector: .dialog-container>h2
10:13:15.511  INFO  manager.ListenerWD - After Find Element---> By.cssSelector: .dialog-container>h2
10:13:15.533  INFO  manager.ListenerWD - Location of element ---> (587, 345)
10:13:15.565  INFO  tests.TestBase - Assert check is Element present with text 'Logged in success'
10:13:15.567  INFO  manager.ListenerWD - Before Find Element---> By.cssSelector: .dialog-container
10:13:15.592  INFO  manager.ListenerWD - After Find Element---> By.cssSelector: .dialog-container
10:13:15.593  INFO  manager.ListenerWD - List of elements is ---> 1
10:13:15.593  INFO  manager.ListenerWD - Before Find Element---> By.xpath: //button[text()='Ok']
10:13:15.623  INFO  manager.ListenerWD - After Find Element---> By.xpath: //button[text()='Ok']
10:13:15.646  INFO  manager.ListenerWD - Location of element ---> (793, 398)
10:13:15.722  INFO  tests.TestBase - The window is closed
10:13:15.723  INFO  tests.TestBase - Name of method ---> loginUnregisteredUser
10:13:15.725  INFO  manager.ListenerWD - Before Find Element---> By.xpath: //a[text()=' Logout ']
10:13:15.754  INFO  manager.ListenerWD - After Find Element---> By.xpath: //a[text()=' Logout ']
10:13:15.755  INFO  manager.ListenerWD - List of elements is ---> 1
10:13:15.755  INFO  manager.ListenerWD - Before Find Element---> By.xpath: //a[text()=' Logout ']
10:13:15.782  INFO  manager.ListenerWD - After Find Element---> By.xpath: //a[text()=' Logout ']
10:13:15.803  INFO  manager.ListenerWD - Location of element ---> (1099, 0)
10:13:15.955  INFO  tests.TestBase - Before method finish logout
10:13:15.957  INFO  tests.TestBase - Test data ---> email: 'abc@gmail.com' & password: 'Abc12345$'
10:13:15.957  INFO  manager.ListenerWD - Before Find Element---> By.xpath: //*[text()=' Log in ']
10:13:15.986  INFO  manager.ListenerWD - After Find Element---> By.xpath: //*[text()=' Log in ']
10:13:16.003  INFO  manager.ListenerWD - Location of element ---> (1287, 24)
10:13:16.114  INFO  manager.ListenerWD - Before Find Element---> By.cssSelector: #email
10:13:16.145  INFO  manager.ListenerWD - After Find Element---> By.cssSelector: #email
10:13:16.163  INFO  manager.ListenerWD - Location of element ---> (1070, 258)
10:13:16.457  INFO  manager.ListenerWD - Before Find Element---> By.id: password
10:13:16.483  INFO  manager.ListenerWD - After Find Element---> By.id: password
10:13:16.503  INFO  manager.ListenerWD - Location of element ---> (1070, 332)
10:13:16.743  INFO  manager.ListenerWD - Before Find Element---> By.xpath: //button[@type='submit']
10:13:16.769  INFO  manager.ListenerWD - After Find Element---> By.xpath: //button[@type='submit']
10:13:16.788  INFO  manager.ListenerWD - Location of element ---> (1070, 401)
10:13:16.865  INFO  manager.ListenerWD - Before Find Element---> By.cssSelector: .dialog-container
10:13:17.272  INFO  manager.ListenerWD - After Find Element---> By.cssSelector: .dialog-container
10:13:17.296  INFO  manager.ListenerWD - Location of element ---> (618, 312)
10:13:17.321  INFO  manager.ListenerWD - Before Find Element---> By.cssSelector: .dialog-container>h2
10:13:17.348  INFO  manager.ListenerWD - After Find Element---> By.cssSelector: .dialog-container>h2
10:13:17.368  INFO  manager.ListenerWD - Location of element ---> (587, 345)
10:13:17.405  INFO  tests.TestBase - Assert check is Error present with text '"Login or Password incorrect"'
10:13:17.408  INFO  manager.ListenerWD - Before Find Element---> By.cssSelector: .dialog-container
10:13:17.433  INFO  manager.ListenerWD - After Find Element---> By.cssSelector: .dialog-container
10:13:17.433  INFO  manager.ListenerWD - List of elements is ---> 1
10:13:17.433  INFO  manager.ListenerWD - Before Find Element---> By.xpath: //button[text()='Ok']
10:13:17.457  INFO  manager.ListenerWD - After Find Element---> By.xpath: //button[text()='Ok']
10:13:17.477  INFO  manager.ListenerWD - Location of element ---> (793, 398)
10:13:17.564  INFO  tests.TestBase - The window is closed
10:13:17.567  INFO  tests.TestBase - Name of method ---> loginWrongEmail
10:13:17.569  INFO  manager.ListenerWD - Before Find Element---> By.xpath: //a[text()=' Logout ']
10:13:22.615  INFO  manager.ListenerWD - After Find Element---> By.xpath: //a[text()=' Logout ']
10:13:22.615  INFO  manager.ListenerWD - List of elements is ---> 0
10:13:23.251  INFO  manager.HelperBase - Refresh
10:13:23.255  INFO  tests.TestBase - Test data --->User{firstName='null', lastName='null', email='ssagmail.com', password='Ssa12345$'}
10:13:23.256  INFO  manager.ListenerWD - Before Find Element---> By.xpath: //*[text()=' Log in ']
10:13:23.287  INFO  manager.ListenerWD - After Find Element---> By.xpath: //*[text()=' Log in ']
10:13:23.309  INFO  manager.ListenerWD - Location of element ---> (1287, 24)
10:13:23.418  INFO  manager.ListenerWD - Before Find Element---> By.cssSelector: #email
10:13:23.480  INFO  manager.ListenerWD - After Find Element---> By.cssSelector: #email
10:13:23.513  INFO  manager.ListenerWD - Location of element ---> (1070, 258)
10:13:23.792  INFO  manager.ListenerWD - Before Find Element---> By.id: password
10:13:23.821  INFO  manager.ListenerWD - After Find Element---> By.id: password
10:13:23.842  INFO  manager.ListenerWD - Location of element ---> (1070, 332)
10:13:24.074  INFO  manager.ListenerWD - Before Find Element---> By.xpath: //button[@type='submit']
10:13:24.102  INFO  manager.ListenerWD - After Find Element---> By.xpath: //button[@type='submit']
10:13:24.124  INFO  manager.ListenerWD - Location of element ---> (1070, 421)
10:13:24.190  INFO  manager.ListenerWD - Before Find Element---> By.cssSelector: .error
10:13:24.221  INFO  manager.ListenerWD - After Find Element---> By.cssSelector: .error
10:13:24.240  INFO  manager.ListenerWD - Location of element ---> (1070, 302)
10:13:24.265  INFO  tests.TestBase - Assert check is Error present with text 'It'snot look like email'
10:13:24.266  INFO  manager.ListenerWD - Before Find Element---> By.xpath: //button[@disabled]
10:13:24.293  INFO  manager.ListenerWD - After Find Element---> By.xpath: //button[@disabled]
10:13:24.293  INFO  manager.ListenerWD - List of elements is ---> 1
10:13:24.293  INFO  manager.ListenerWD - Before Find Element---> By.cssSelector: button[type = 'submit']
10:13:24.326  INFO  manager.ListenerWD - After Find Element---> By.cssSelector: button[type = 'submit']
10:13:24.339  INFO  manager.ListenerWD - Location of element ---> (1070, 421)
10:13:24.356  INFO  tests.TestBase - Assert check is Element button 'Yalla' not clickable
10:13:24.357  INFO  manager.ListenerWD - Before Find Element---> By.cssSelector: .dialog-container
10:13:29.427  INFO  manager.ListenerWD - After Find Element---> By.cssSelector: .dialog-container
10:13:29.427  INFO  manager.ListenerWD - List of elements is ---> 0
10:13:29.430  INFO  tests.TestBase - Name of method ---> loginWrongEmail
10:13:29.432  INFO  manager.ListenerWD - Before Find Element---> By.xpath: //a[text()=' Logout ']
10:13:34.474  INFO  manager.ListenerWD - After Find Element---> By.xpath: //a[text()=' Logout ']
10:13:34.474  INFO  manager.ListenerWD - List of elements is ---> 0
10:13:34.917  INFO  manager.HelperBase - Refresh
10:13:34.919  INFO  tests.TestBase - Test data --->User{firstName='null', lastName='null', email='@gmail.com', password='Ssa12345$'}
10:13:34.920  INFO  manager.ListenerWD - Before Find Element---> By.xpath: //*[text()=' Log in ']
10:13:34.946  INFO  manager.ListenerWD - After Find Element---> By.xpath: //*[text()=' Log in ']
10:13:34.972  INFO  manager.ListenerWD - Location of element ---> (1287, 24)
10:13:35.105  INFO  manager.ListenerWD - Before Find Element---> By.cssSelector: #email
10:13:35.163  INFO  manager.ListenerWD - After Find Element---> By.cssSelector: #email
10:13:35.181  INFO  manager.ListenerWD - Location of element ---> (1070, 258)
10:13:35.441  INFO  manager.ListenerWD - Before Find Element---> By.id: password
10:13:35.466  INFO  manager.ListenerWD - After Find Element---> By.id: password
10:13:35.489  INFO  manager.ListenerWD - Location of element ---> (1070, 332)
10:13:35.728  INFO  manager.ListenerWD - Before Find Element---> By.xpath: //button[@type='submit']
10:13:35.757  INFO  manager.ListenerWD - After Find Element---> By.xpath: //button[@type='submit']
10:13:35.775  INFO  manager.ListenerWD - Location of element ---> (1070, 421)
10:13:35.854  INFO  manager.ListenerWD - Before Find Element---> By.cssSelector: .error
10:13:35.881  INFO  manager.ListenerWD - After Find Element---> By.cssSelector: .error
10:13:35.903  INFO  manager.ListenerWD - Location of element ---> (1070, 302)
10:13:35.936  INFO  tests.TestBase - Assert check is Error present with text 'It'snot look like email'
10:13:35.937  INFO  manager.ListenerWD - Before Find Element---> By.xpath: //button[@disabled]
10:13:35.956  INFO  manager.ListenerWD - After Find Element---> By.xpath: //button[@disabled]
10:13:35.956  INFO  manager.ListenerWD - List of elements is ---> 1
10:13:35.956  INFO  manager.ListenerWD - Before Find Element---> By.cssSelector: button[type = 'submit']
10:13:35.977  INFO  manager.ListenerWD - After Find Element---> By.cssSelector: button[type = 'submit']
10:13:35.989  INFO  manager.ListenerWD - Location of element ---> (1070, 421)
10:13:36.007  INFO  tests.TestBase - Assert check is Element button 'Yalla' not clickable
10:13:36.008  INFO  manager.ListenerWD - Before Find Element---> By.cssSelector: .dialog-container
10:13:41.033  INFO  manager.ListenerWD - After Find Element---> By.cssSelector: .dialog-container
10:13:41.033  INFO  manager.ListenerWD - List of elements is ---> 0
10:13:41.037  INFO  tests.TestBase - Name of method ---> loginWrongEmailEmpty
10:13:41.038  INFO  manager.ListenerWD - Before Find Element---> By.xpath: //a[text()=' Logout ']
10:13:46.081  INFO  manager.ListenerWD - After Find Element---> By.xpath: //a[text()=' Logout ']
10:13:46.081  INFO  manager.ListenerWD - List of elements is ---> 0
10:13:46.592  INFO  manager.HelperBase - Refresh
10:13:46.594  INFO  tests.TestBase - Test data --->User{firstName='null', lastName='null', email='', password='Ssa12345$'}
10:13:46.594  INFO  manager.ListenerWD - Before Find Element---> By.xpath: //*[text()=' Log in ']
10:13:46.622  INFO  manager.ListenerWD - After Find Element---> By.xpath: //*[text()=' Log in ']
10:13:46.647  INFO  manager.ListenerWD - Location of element ---> (1287, 24)
10:13:46.755  INFO  manager.ListenerWD - Before Find Element---> By.cssSelector: #email
10:13:46.796  INFO  manager.ListenerWD - After Find Element---> By.cssSelector: #email
10:13:46.816  INFO  manager.ListenerWD - Location of element ---> (1070, 258)
10:13:47.026  INFO  manager.ListenerWD - Before Find Element---> By.id: password
10:13:47.050  INFO  manager.ListenerWD - After Find Element---> By.id: password
10:13:47.068  INFO  manager.ListenerWD - Location of element ---> (1070, 332)
10:13:47.288  INFO  manager.ListenerWD - Before Find Element---> By.xpath: //button[@type='submit']
10:13:47.314  INFO  manager.ListenerWD - After Find Element---> By.xpath: //button[@type='submit']
10:13:47.335  INFO  manager.ListenerWD - Location of element ---> (1070, 421)
10:13:47.403  INFO  manager.ListenerWD - Before Find Element---> By.cssSelector: .error
10:13:47.424  INFO  manager.ListenerWD - After Find Element---> By.cssSelector: .error
10:13:47.441  INFO  manager.ListenerWD - Location of element ---> (1070, 302)
10:13:47.471  INFO  tests.TestBase - Assert check is Error present with text 'Email is required'
10:13:47.473  INFO  manager.ListenerWD - Before Find Element---> By.cssSelector: .dialog-container
10:13:52.506  INFO  manager.ListenerWD - After Find Element---> By.cssSelector: .dialog-container
10:13:52.506  INFO  manager.ListenerWD - List of elements is ---> 0
10:13:52.508  INFO  tests.TestBase - Name of method ---> loginWrongPassword
10:13:52.510  INFO  manager.ListenerWD - Before Find Element---> By.xpath: //a[text()=' Logout ']
10:13:57.518  INFO  manager.ListenerWD - After Find Element---> By.xpath: //a[text()=' Logout ']
10:13:57.518  INFO  manager.ListenerWD - List of elements is ---> 0
10:13:57.924  INFO  manager.HelperBase - Refresh
10:13:57.925  INFO  tests.TestBase - Test data ---> email: 'ssa@gmail.com' & password: 'Ssa'
10:13:57.925  INFO  manager.ListenerWD - Before Find Element---> By.xpath: //*[text()=' Log in ']
10:13:57.949  INFO  manager.ListenerWD - After Find Element---> By.xpath: //*[text()=' Log in ']
10:13:57.974  INFO  manager.ListenerWD - Location of element ---> (1287, 24)
10:13:58.099  INFO  manager.ListenerWD - Before Find Element---> By.cssSelector: #email
10:13:58.139  INFO  manager.ListenerWD - After Find Element---> By.cssSelector: #email
10:13:58.159  INFO  manager.ListenerWD - Location of element ---> (1070, 258)
10:13:58.437  INFO  manager.ListenerWD - Before Find Element---> By.id: password
10:13:58.459  INFO  manager.ListenerWD - After Find Element---> By.id: password
10:13:58.477  INFO  manager.ListenerWD - Location of element ---> (1070, 332)
10:13:58.679  INFO  manager.ListenerWD - Before Find Element---> By.xpath: //button[@type='submit']
10:13:58.703  INFO  manager.ListenerWD - After Find Element---> By.xpath: //button[@type='submit']
10:13:58.725  INFO  manager.ListenerWD - Location of element ---> (1070, 401)
10:13:58.826  INFO  manager.ListenerWD - Before Find Element---> By.cssSelector: .dialog-container
10:13:59.280  INFO  manager.ListenerWD - After Find Element---> By.cssSelector: .dialog-container
10:13:59.299  INFO  manager.ListenerWD - Location of element ---> (607, 308)
10:13:59.338  INFO  manager.ListenerWD - Before Find Element---> By.cssSelector: .dialog-container>h2
10:13:59.369  INFO  manager.ListenerWD - After Find Element---> By.cssSelector: .dialog-container>h2
10:13:59.388  INFO  manager.ListenerWD - Location of element ---> (585, 345)
10:13:59.415  INFO  tests.TestBase - Assert check is Error present with text '"Login or Password incorrect"'
10:13:59.416  INFO  manager.ListenerWD - Before Find Element---> By.cssSelector: .dialog-container
10:13:59.442  INFO  manager.ListenerWD - After Find Element---> By.cssSelector: .dialog-container
10:13:59.443  INFO  manager.ListenerWD - List of elements is ---> 1
10:13:59.443  INFO  manager.ListenerWD - Before Find Element---> By.xpath: //button[text()='Ok']
10:13:59.474  INFO  manager.ListenerWD - After Find Element---> By.xpath: //button[text()='Ok']
10:13:59.497  INFO  manager.ListenerWD - Location of element ---> (793, 398)
10:13:59.576  INFO  tests.TestBase - The window is closed
10:13:59.577  INFO  tests.TestBase - Name of method ---> loginWrongPasswordEmpty
10:13:59.579  INFO  manager.ListenerWD - Before Find Element---> By.xpath: //a[text()=' Logout ']
10:14:04.623  INFO  manager.ListenerWD - After Find Element---> By.xpath: //a[text()=' Logout ']
10:14:04.623  INFO  manager.ListenerWD - List of elements is ---> 0
10:14:05.102  INFO  manager.HelperBase - Refresh
10:14:05.103  INFO  tests.TestBase - Test data ---> email: 'ssa@gmail.com' & password: ''
10:14:05.103  INFO  manager.ListenerWD - Before Find Element---> By.xpath: //*[text()=' Log in ']
10:14:05.132  INFO  manager.ListenerWD - After Find Element---> By.xpath: //*[text()=' Log in ']
10:14:05.158  INFO  manager.ListenerWD - Location of element ---> (1287, 24)
10:14:05.275  INFO  manager.ListenerWD - Before Find Element---> By.cssSelector: #email
10:14:05.317  INFO  manager.ListenerWD - After Find Element---> By.cssSelector: #email
10:14:05.332  INFO  manager.ListenerWD - Location of element ---> (1070, 258)
10:14:05.657  INFO  manager.ListenerWD - Before Find Element---> By.id: password
10:14:05.687  INFO  manager.ListenerWD - After Find Element---> By.id: password
10:14:05.709  INFO  manager.ListenerWD - Location of element ---> (1070, 332)
10:14:05.924  INFO  manager.ListenerWD - Before Find Element---> By.xpath: //button[@type='submit']
10:14:05.960  INFO  manager.ListenerWD - After Find Element---> By.xpath: //button[@type='submit']
10:14:05.983  INFO  manager.ListenerWD - Location of element ---> (1070, 401)
10:14:06.063  INFO  manager.ListenerWD - Before Find Element---> By.xpath: //button[@disabled]
10:14:06.089  INFO  manager.ListenerWD - After Find Element---> By.xpath: //button[@disabled]
10:14:06.089  INFO  manager.ListenerWD - List of elements is ---> 1
10:14:06.090  INFO  manager.ListenerWD - Before Find Element---> By.cssSelector: button[type = 'submit']
10:14:06.117  INFO  manager.ListenerWD - After Find Element---> By.cssSelector: button[type = 'submit']
10:14:06.136  INFO  manager.ListenerWD - Location of element ---> (1070, 401)
10:14:06.156  INFO  tests.TestBase - Assert check is Element button 'Yalla' not clickable
10:14:06.158  INFO  manager.ListenerWD - Before Find Element---> By.cssSelector: .dialog-container
10:14:11.196  INFO  manager.ListenerWD - After Find Element---> By.cssSelector: .dialog-container
10:14:11.196  INFO  manager.ListenerWD - List of elements is ---> 0
10:14:11.201  INFO  tests.TestBase - Name of method ---> registrationCheckboxUnchecked
10:14:14.212  INFO  manager.ListenerWD - Before Find Element---> By.xpath: //a[text()=' Logout ']
10:14:19.258  INFO  manager.ListenerWD - After Find Element---> By.xpath: //a[text()=' Logout ']
10:14:19.258  INFO  manager.ListenerWD - List of elements is ---> 0
10:14:19.260  INFO  manager.ListenerWD - Before Find Element---> By.xpath: //a[text()=' Sign up ']
10:14:19.295  INFO  manager.ListenerWD - After Find Element---> By.xpath: //a[text()=' Sign up ']
10:14:19.319  INFO  manager.ListenerWD - Location of element ---> (1166, 24)
10:14:19.497  INFO  manager.ListenerWD - Before Find Element---> By.id: name
10:14:19.532  INFO  manager.ListenerWD - After Find Element---> By.id: name
10:14:19.553  INFO  manager.ListenerWD - Location of element ---> (1070, 258)
10:14:19.796  INFO  manager.ListenerWD - Before Find Element---> By.id: lastName
10:14:19.827  INFO  manager.ListenerWD - After Find Element---> By.id: lastName
10:14:19.845  INFO  manager.ListenerWD - Location of element ---> (1070, 332)
10:14:20.059  INFO  manager.ListenerWD - Before Find Element---> By.id: email
10:14:20.083  INFO  manager.ListenerWD - After Find Element---> By.id: email
10:14:20.107  INFO  manager.ListenerWD - Location of element ---> (1070, 406)
10:14:20.413  INFO  manager.ListenerWD - Before Find Element---> By.id: password
10:14:20.436  INFO  manager.ListenerWD - After Find Element---> By.id: password
10:14:20.453  INFO  manager.ListenerWD - Location of element ---> (1070, 480)
10:14:20.668  INFO  manager.ListenerWD - Before Find Element---> By.xpath: //button[@type='submit']
10:14:20.691  INFO  manager.ListenerWD - After Find Element---> By.xpath: //button[@type='submit']
10:14:20.717  INFO  manager.ListenerWD - Location of element ---> (1070, 582)
10:14:20.790  INFO  manager.ListenerWD - Before Find Element---> By.xpath: //button[@disabled]
10:14:20.811  INFO  manager.ListenerWD - After Find Element---> By.xpath: //button[@disabled]
10:14:20.811  INFO  manager.ListenerWD - List of elements is ---> 1
10:14:20.811  INFO  manager.ListenerWD - Before Find Element---> By.cssSelector: button[type = 'submit']
10:14:20.832  INFO  manager.ListenerWD - After Find Element---> By.cssSelector: button[type = 'submit']
10:14:20.844  INFO  manager.ListenerWD - Location of element ---> (1070, 582)
10:14:20.860  INFO  manager.ListenerWD - Before Find Element---> By.cssSelector: .dialog-container
10:14:25.921  INFO  manager.ListenerWD - After Find Element---> By.cssSelector: .dialog-container
10:14:25.921  INFO  manager.ListenerWD - List of elements is ---> 0
10:14:26.014  INFO  manager.ListenerWD - Before Find Element---> By.cssSelector: .dialog-container
10:14:31.037  INFO  manager.ListenerWD - After Find Element---> By.cssSelector: .dialog-container
10:14:31.037  INFO  manager.ListenerWD - List of elements is ---> 0
10:14:31.039  INFO  tests.TestBase - Name of method ---> registrationRegisteredUser
10:14:34.049  INFO  manager.ListenerWD - Before Find Element---> By.xpath: //a[text()=' Logout ']
10:14:39.071  INFO  manager.ListenerWD - After Find Element---> By.xpath: //a[text()=' Logout ']
10:14:39.071  INFO  manager.ListenerWD - List of elements is ---> 0
10:14:39.072  INFO  manager.ListenerWD - Before Find Element---> By.xpath: //a[text()=' Sign up ']
10:14:39.095  INFO  manager.ListenerWD - After Find Element---> By.xpath: //a[text()=' Sign up ']
10:14:39.107  INFO  manager.ListenerWD - Location of element ---> (1166, 24)
10:14:39.237  INFO  manager.ListenerWD - Before Find Element---> By.id: name
10:14:39.262  INFO  manager.ListenerWD - After Find Element---> By.id: name
10:14:39.281  INFO  manager.ListenerWD - Location of element ---> (1070, 258)
10:14:39.504  INFO  manager.ListenerWD - Before Find Element---> By.id: lastName
10:14:39.527  INFO  manager.ListenerWD - After Find Element---> By.id: lastName
10:14:39.546  INFO  manager.ListenerWD - Location of element ---> (1070, 332)
10:14:39.757  INFO  manager.ListenerWD - Before Find Element---> By.id: email
10:14:39.778  INFO  manager.ListenerWD - After Find Element---> By.id: email
10:14:39.796  INFO  manager.ListenerWD - Location of element ---> (1070, 406)
10:14:40.090  INFO  manager.ListenerWD - Before Find Element---> By.id: password
10:14:40.116  INFO  manager.ListenerWD - After Find Element---> By.id: password
10:14:40.135  INFO  manager.ListenerWD - Location of element ---> (1070, 480)
10:14:40.342  INFO  manager.ListenerWD - Before Find Element---> By.id: terms-of-use
10:14:40.372  INFO  manager.ListenerWD - After Find Element---> By.id: terms-of-use
10:14:40.391  INFO  manager.ListenerWD - Location of element ---> (1074, 541)
10:14:40.421  INFO  manager.ListenerWD - Before Find Element---> By.cssSelector: label[for='terms-of-use']
10:14:40.463  INFO  manager.ListenerWD - After Find Element---> By.cssSelector: label[for='terms-of-use']
10:14:40.479  INFO  manager.ListenerWD - Location of element ---> (1070, 538)
10:14:40.655  INFO  manager.ListenerWD - Before Find Element---> By.xpath: //button[@type='submit']
10:14:40.680  INFO  manager.ListenerWD - After Find Element---> By.xpath: //button[@type='submit']
10:14:40.698  INFO  manager.ListenerWD - Location of element ---> (1070, 582)
10:14:40.789  INFO  manager.ListenerWD - Before Find Element---> By.cssSelector: .dialog-container
10:14:41.200  INFO  manager.ListenerWD - After Find Element---> By.cssSelector: .dialog-container
10:14:41.218  INFO  manager.ListenerWD - Location of element ---> (607, 308)
10:14:41.251  INFO  manager.ListenerWD - Before Find Element---> By.cssSelector: .dialog-container>h2
10:14:41.277  INFO  manager.ListenerWD - After Find Element---> By.cssSelector: .dialog-container>h2
10:14:41.297  INFO  manager.ListenerWD - Location of element ---> (585, 345)
10:14:41.325  INFO  manager.ListenerWD - Before Find Element---> By.cssSelector: .dialog-container
10:14:41.351  INFO  manager.ListenerWD - After Find Element---> By.cssSelector: .dialog-container
10:14:41.351  INFO  manager.ListenerWD - List of elements is ---> 1
10:14:41.351  INFO  manager.ListenerWD - Before Find Element---> By.xpath: //button[text()='Ok']
10:14:41.377  INFO  manager.ListenerWD - After Find Element---> By.xpath: //button[text()='Ok']
10:14:41.396  INFO  manager.ListenerWD - Location of element ---> (793, 398)
10:14:41.548  INFO  manager.ListenerWD - Before Find Element---> By.cssSelector: .dialog-container
10:14:46.558  INFO  manager.ListenerWD - After Find Element---> By.cssSelector: .dialog-container
10:14:46.558  INFO  manager.ListenerWD - List of elements is ---> 0
10:14:46.561  INFO  tests.TestBase - Name of method ---> registrationSuccess
10:14:49.570  INFO  manager.ListenerWD - Before Find Element---> By.xpath: //a[text()=' Logout ']
10:14:54.589  INFO  manager.ListenerWD - After Find Element---> By.xpath: //a[text()=' Logout ']
10:14:54.590  INFO  manager.ListenerWD - List of elements is ---> 0
10:14:54.592  INFO  manager.ListenerWD - Before Find Element---> By.xpath: //a[text()=' Sign up ']
10:14:54.618  INFO  manager.ListenerWD - After Find Element---> By.xpath: //a[text()=' Sign up ']
10:14:54.630  INFO  manager.ListenerWD - Location of element ---> (1166, 24)
10:14:54.758  INFO  manager.ListenerWD - Before Find Element---> By.id: name
10:14:54.797  INFO  manager.ListenerWD - After Find Element---> By.id: name
10:14:54.817  INFO  manager.ListenerWD - Location of element ---> (1070, 258)
10:14:55.093  INFO  manager.ListenerWD - Before Find Element---> By.id: lastName
10:14:55.123  INFO  manager.ListenerWD - After Find Element---> By.id: lastName
10:14:55.145  INFO  manager.ListenerWD - Location of element ---> (1070, 332)
10:14:55.382  INFO  manager.ListenerWD - Before Find Element---> By.id: email
10:14:55.417  INFO  manager.ListenerWD - After Find Element---> By.id: email
10:14:55.438  INFO  manager.ListenerWD - Location of element ---> (1070, 406)
10:14:55.766  INFO  manager.ListenerWD - Before Find Element---> By.id: password
10:14:55.794  INFO  manager.ListenerWD - After Find Element---> By.id: password
10:14:55.818  INFO  manager.ListenerWD - Location of element ---> (1070, 480)
10:14:56.072  INFO  manager.ListenerWD - Before Find Element---> By.id: terms-of-use
10:14:56.101  INFO  manager.ListenerWD - After Find Element---> By.id: terms-of-use
10:14:56.120  INFO  manager.ListenerWD - Location of element ---> (1074, 541)
10:14:56.142  INFO  manager.ListenerWD - Before Find Element---> By.cssSelector: label[for='terms-of-use']
10:14:56.169  INFO  manager.ListenerWD - After Find Element---> By.cssSelector: label[for='terms-of-use']
10:14:56.188  INFO  manager.ListenerWD - Location of element ---> (1070, 538)
10:14:56.365  INFO  manager.ListenerWD - Before Find Element---> By.xpath: //button[@type='submit']
10:14:56.408  INFO  manager.ListenerWD - After Find Element---> By.xpath: //button[@type='submit']
10:14:56.436  INFO  manager.ListenerWD - Location of element ---> (1070, 582)
10:14:56.524  INFO  manager.ListenerWD - Before Find Element---> By.cssSelector: .dialog-container
10:14:56.972  INFO  manager.ListenerWD - After Find Element---> By.cssSelector: .dialog-container
10:14:56.992  INFO  manager.ListenerWD - Location of element ---> (608, 308)
10:14:57.023  INFO  manager.ListenerWD - Before Find Element---> By.cssSelector: .dialog-container>h2
10:14:57.049  INFO  manager.ListenerWD - After Find Element---> By.cssSelector: .dialog-container>h2
10:14:57.068  INFO  manager.ListenerWD - Location of element ---> (587, 345)
10:14:57.102  INFO  manager.ListenerWD - Before Find Element---> By.cssSelector: .dialog-container
10:14:57.125  INFO  manager.ListenerWD - After Find Element---> By.cssSelector: .dialog-container
10:14:57.125  INFO  manager.ListenerWD - List of elements is ---> 1
10:14:57.126  INFO  manager.ListenerWD - Before Find Element---> By.xpath: //button[text()='Ok']
10:14:57.148  INFO  manager.ListenerWD - After Find Element---> By.xpath: //button[text()='Ok']
10:14:57.167  INFO  manager.ListenerWD - Location of element ---> (793, 398)
10:14:57.367  INFO  manager.ListenerWD - Before Find Element---> By.cssSelector: .dialog-container
10:14:57.408  INFO  manager.ListenerWD - After Find Element---> By.cssSelector: .dialog-container
10:14:57.408  INFO  manager.ListenerWD - List of elements is ---> 1
10:14:57.408  INFO  manager.ListenerWD - Before Find Element---> By.xpath: //button[text()='Ok']
10:14:57.434  INFO  manager.ListenerWD - After Find Element---> By.xpath: //button[text()='Ok']
10:14:57.455  INFO  manager.ListenerWD - Location of element ---> (791, 395)
10:14:57.549  INFO  tests.TestBase - Name of method ---> registrationWrongEmail
10:15:00.556  INFO  manager.ListenerWD - Before Find Element---> By.xpath: //a[text()=' Logout ']
10:15:00.586  INFO  manager.ListenerWD - After Find Element---> By.xpath: //a[text()=' Logout ']
10:15:00.586  INFO  manager.ListenerWD - List of elements is ---> 1
10:15:00.586  INFO  manager.ListenerWD - Before Find Element---> By.xpath: //a[text()=' Logout ']
10:15:00.619  INFO  manager.ListenerWD - After Find Element---> By.xpath: //a[text()=' Logout ']
10:15:00.638  INFO  manager.ListenerWD - Location of element ---> (1099, 24)
10:15:00.753  INFO  manager.ListenerWD - Before Find Element---> By.xpath: //a[text()=' Sign up ']
10:15:00.781  INFO  manager.ListenerWD - After Find Element---> By.xpath: //a[text()=' Sign up ']
10:15:00.798  INFO  manager.ListenerWD - Location of element ---> (1166, 24)
10:15:00.887  INFO  manager.ListenerWD - Before Find Element---> By.id: name
10:15:00.909  INFO  manager.ListenerWD - After Find Element---> By.id: name
10:15:00.926  INFO  manager.ListenerWD - Location of element ---> (1070, 258)
10:15:01.136  INFO  manager.ListenerWD - Before Find Element---> By.id: lastName
10:15:01.159  INFO  manager.ListenerWD - After Find Element---> By.id: lastName
10:15:01.180  INFO  manager.ListenerWD - Location of element ---> (1070, 332)
10:15:01.415  INFO  manager.ListenerWD - Before Find Element---> By.id: email
10:15:01.437  INFO  manager.ListenerWD - After Find Element---> By.id: email
10:15:01.456  INFO  manager.ListenerWD - Location of element ---> (1070, 406)
10:15:01.755  INFO  manager.ListenerWD - Before Find Element---> By.id: password
10:15:01.776  INFO  manager.ListenerWD - After Find Element---> By.id: password
10:15:01.793  INFO  manager.ListenerWD - Location of element ---> (1070, 480)
10:15:02.029  INFO  manager.ListenerWD - Before Find Element---> By.id: terms-of-use
10:15:02.056  INFO  manager.ListenerWD - After Find Element---> By.id: terms-of-use
10:15:02.076  INFO  manager.ListenerWD - Location of element ---> (1074, 579)
10:15:02.097  INFO  manager.ListenerWD - Before Find Element---> By.cssSelector: label[for='terms-of-use']
10:15:02.122  INFO  manager.ListenerWD - After Find Element---> By.cssSelector: label[for='terms-of-use']
10:15:02.148  INFO  manager.ListenerWD - Location of element ---> (1070, 576)
10:15:02.303  INFO  manager.ListenerWD - Before Find Element---> By.xpath: //button[@type='submit']
10:15:02.330  INFO  manager.ListenerWD - After Find Element---> By.xpath: //button[@type='submit']
10:15:02.350  INFO  manager.ListenerWD - Location of element ---> (1070, 621)
10:15:02.417  INFO  manager.ListenerWD - Before Find Element---> By.cssSelector: .error
10:15:02.449  INFO  manager.ListenerWD - After Find Element---> By.cssSelector: .error
10:15:02.467  INFO  manager.ListenerWD - Location of element ---> (1070, 450)
10:15:02.498  INFO  manager.ListenerWD - Before Find Element---> By.xpath: //button[@disabled]
10:15:02.526  INFO  manager.ListenerWD - After Find Element---> By.xpath: //button[@disabled]
10:15:02.527  INFO  manager.ListenerWD - List of elements is ---> 1
10:15:02.527  INFO  manager.ListenerWD - Before Find Element---> By.cssSelector: button[type = 'submit']
10:15:02.553  INFO  manager.ListenerWD - After Find Element---> By.cssSelector: button[type = 'submit']
10:15:02.567  INFO  manager.ListenerWD - Location of element ---> (1070, 621)
10:15:02.586  INFO  manager.ListenerWD - Before Find Element---> By.cssSelector: .dialog-container
10:15:07.626  INFO  manager.ListenerWD - After Find Element---> By.cssSelector: .dialog-container
10:15:07.626  INFO  manager.ListenerWD - List of elements is ---> 0
10:15:07.729  INFO  manager.ListenerWD - Before Find Element---> By.cssSelector: .dialog-container
10:15:12.756  INFO  manager.ListenerWD - After Find Element---> By.cssSelector: .dialog-container
10:15:12.757  INFO  manager.ListenerWD - List of elements is ---> 0
10:15:12.759  INFO  tests.TestBase - Name of method ---> registrationWrongLastName
10:15:15.769  INFO  manager.ListenerWD - Before Find Element---> By.xpath: //a[text()=' Logout ']
10:15:20.797  INFO  manager.ListenerWD - After Find Element---> By.xpath: //a[text()=' Logout ']
10:15:20.797  INFO  manager.ListenerWD - List of elements is ---> 0
10:15:20.798  INFO  manager.ListenerWD - Before Find Element---> By.xpath: //a[text()=' Sign up ']
10:15:20.820  INFO  manager.ListenerWD - After Find Element---> By.xpath: //a[text()=' Sign up ']
10:15:20.833  INFO  manager.ListenerWD - Location of element ---> (1166, 24)
10:15:20.960  INFO  manager.ListenerWD - Before Find Element---> By.id: name
10:15:20.989  INFO  manager.ListenerWD - After Find Element---> By.id: name
10:15:21.007  INFO  manager.ListenerWD - Location of element ---> (1070, 258)
10:15:21.249  INFO  manager.ListenerWD - Before Find Element---> By.id: lastName
10:15:21.274  INFO  manager.ListenerWD - After Find Element---> By.id: lastName
10:15:21.294  INFO  manager.ListenerWD - Location of element ---> (1070, 332)
10:15:21.525  INFO  manager.ListenerWD - Before Find Element---> By.id: email
10:15:21.552  INFO  manager.ListenerWD - After Find Element---> By.id: email
10:15:21.573  INFO  manager.ListenerWD - Location of element ---> (1070, 406)
10:15:21.900  INFO  manager.ListenerWD - Before Find Element---> By.id: password
10:15:21.925  INFO  manager.ListenerWD - After Find Element---> By.id: password
10:15:21.948  INFO  manager.ListenerWD - Location of element ---> (1070, 499)
10:15:22.193  INFO  manager.ListenerWD - Before Find Element---> By.id: terms-of-use
10:15:22.219  INFO  manager.ListenerWD - After Find Element---> By.id: terms-of-use
10:15:22.238  INFO  manager.ListenerWD - Location of element ---> (1074, 560)
10:15:22.257  INFO  manager.ListenerWD - Before Find Element---> By.cssSelector: label[for='terms-of-use']
10:15:22.282  INFO  manager.ListenerWD - After Find Element---> By.cssSelector: label[for='terms-of-use']
10:15:22.299  INFO  manager.ListenerWD - Location of element ---> (1070, 557)
10:15:22.458  INFO  manager.ListenerWD - Before Find Element---> By.xpath: //button[@type='submit']
10:15:22.496  INFO  manager.ListenerWD - After Find Element---> By.xpath: //button[@type='submit']
10:15:22.516  INFO  manager.ListenerWD - Location of element ---> (1070, 602)
10:15:22.603  INFO  manager.ListenerWD - Before Find Element---> By.cssSelector: .error
10:15:22.632  INFO  manager.ListenerWD - After Find Element---> By.cssSelector: .error
10:15:22.650  INFO  manager.ListenerWD - Location of element ---> (1070, 376)
10:15:22.679  INFO  manager.ListenerWD - Before Find Element---> By.xpath: //button[@disabled]
10:15:22.701  INFO  manager.ListenerWD - After Find Element---> By.xpath: //button[@disabled]
10:15:22.701  INFO  manager.ListenerWD - List of elements is ---> 1
10:15:22.701  INFO  manager.ListenerWD - Before Find Element---> By.cssSelector: button[type = 'submit']
10:15:22.722  INFO  manager.ListenerWD - After Find Element---> By.cssSelector: button[type = 'submit']
10:15:22.735  INFO  manager.ListenerWD - Location of element ---> (1070, 602)
10:15:22.753  INFO  manager.ListenerWD - Before Find Element---> By.cssSelector: .dialog-container
10:15:27.782  INFO  manager.ListenerWD - After Find Element---> By.cssSelector: .dialog-container
10:15:27.782  INFO  manager.ListenerWD - List of elements is ---> 0
10:15:27.883  INFO  manager.ListenerWD - Before Find Element---> By.cssSelector: .dialog-container
10:15:32.915  INFO  manager.ListenerWD - After Find Element---> By.cssSelector: .dialog-container
10:15:32.915  INFO  manager.ListenerWD - List of elements is ---> 0
10:15:32.917  INFO  tests.TestBase - Name of method ---> registrationWrongName
10:15:35.921  INFO  manager.ListenerWD - Before Find Element---> By.xpath: //a[text()=' Logout ']
10:15:40.962  INFO  manager.ListenerWD - After Find Element---> By.xpath: //a[text()=' Logout ']
10:15:40.962  INFO  manager.ListenerWD - List of elements is ---> 0
10:15:40.963  INFO  manager.ListenerWD - Before Find Element---> By.xpath: //a[text()=' Sign up ']
10:15:40.986  INFO  manager.ListenerWD - After Find Element---> By.xpath: //a[text()=' Sign up ']
10:15:41.003  INFO  manager.ListenerWD - Location of element ---> (1166, 24)
10:15:41.135  INFO  manager.ListenerWD - Before Find Element---> By.id: name
10:15:41.160  INFO  manager.ListenerWD - After Find Element---> By.id: name
10:15:41.179  INFO  manager.ListenerWD - Location of element ---> (1070, 258)
10:15:41.404  INFO  manager.ListenerWD - Before Find Element---> By.id: lastName
10:15:41.446  INFO  manager.ListenerWD - After Find Element---> By.id: lastName
10:15:41.466  INFO  manager.ListenerWD - Location of element ---> (1070, 332)
10:15:41.703  INFO  manager.ListenerWD - Before Find Element---> By.id: email
10:15:41.726  INFO  manager.ListenerWD - After Find Element---> By.id: email
10:15:41.746  INFO  manager.ListenerWD - Location of element ---> (1070, 425)
10:15:42.029  INFO  manager.ListenerWD - Before Find Element---> By.id: password
10:15:42.052  INFO  manager.ListenerWD - After Find Element---> By.id: password
10:15:42.069  INFO  manager.ListenerWD - Location of element ---> (1070, 499)
10:15:42.290  INFO  manager.ListenerWD - Before Find Element---> By.id: terms-of-use
10:15:42.317  INFO  manager.ListenerWD - After Find Element---> By.id: terms-of-use
10:15:42.335  INFO  manager.ListenerWD - Location of element ---> (1074, 560)
10:15:42.355  INFO  manager.ListenerWD - Before Find Element---> By.cssSelector: label[for='terms-of-use']
10:15:42.379  INFO  manager.ListenerWD - After Find Element---> By.cssSelector: label[for='terms-of-use']
10:15:42.400  INFO  manager.ListenerWD - Location of element ---> (1070, 557)
10:15:42.570  INFO  manager.ListenerWD - Before Find Element---> By.xpath: //button[@type='submit']
10:15:42.595  INFO  manager.ListenerWD - After Find Element---> By.xpath: //button[@type='submit']
10:15:42.615  INFO  manager.ListenerWD - Location of element ---> (1070, 602)
10:15:42.682  INFO  manager.ListenerWD - Before Find Element---> By.cssSelector: .error
10:15:42.704  INFO  manager.ListenerWD - After Find Element---> By.cssSelector: .error
10:15:42.722  INFO  manager.ListenerWD - Location of element ---> (1070, 302)
10:15:42.754  INFO  manager.ListenerWD - Before Find Element---> By.xpath: //button[@disabled]
10:15:42.776  INFO  manager.ListenerWD - After Find Element---> By.xpath: //button[@disabled]
10:15:42.777  INFO  manager.ListenerWD - List of elements is ---> 1
10:15:42.777  INFO  manager.ListenerWD - Before Find Element---> By.cssSelector: button[type = 'submit']
10:15:42.801  INFO  manager.ListenerWD - After Find Element---> By.cssSelector: button[type = 'submit']
10:15:42.815  INFO  manager.ListenerWD - Location of element ---> (1070, 602)
10:15:42.834  INFO  manager.ListenerWD - Before Find Element---> By.cssSelector: .dialog-container
10:15:47.846  INFO  manager.ListenerWD - After Find Element---> By.cssSelector: .dialog-container
10:15:47.846  INFO  manager.ListenerWD - List of elements is ---> 0
10:15:47.938  INFO  manager.ListenerWD - Before Find Element---> By.cssSelector: .dialog-container
10:15:52.947  INFO  manager.ListenerWD - After Find Element---> By.cssSelector: .dialog-container
10:15:52.947  INFO  manager.ListenerWD - List of elements is ---> 0
10:15:52.949  INFO  tests.TestBase - Name of method ---> registrationWrongPassword
10:15:55.956  INFO  manager.ListenerWD - Before Find Element---> By.xpath: //a[text()=' Logout ']
10:16:01.001  INFO  manager.ListenerWD - After Find Element---> By.xpath: //a[text()=' Logout ']
10:16:01.001  INFO  manager.ListenerWD - List of elements is ---> 0
10:16:01.002  INFO  manager.ListenerWD - Before Find Element---> By.xpath: //a[text()=' Sign up ']
10:16:01.025  INFO  manager.ListenerWD - After Find Element---> By.xpath: //a[text()=' Sign up ']
10:16:01.037  INFO  manager.ListenerWD - Location of element ---> (1166, 24)
10:16:01.180  INFO  manager.ListenerWD - Before Find Element---> By.id: name
10:16:01.208  INFO  manager.ListenerWD - After Find Element---> By.id: name
10:16:01.223  INFO  manager.ListenerWD - Location of element ---> (1070, 258)
10:16:01.427  INFO  manager.ListenerWD - Before Find Element---> By.id: lastName
10:16:01.448  INFO  manager.ListenerWD - After Find Element---> By.id: lastName
10:16:01.466  INFO  manager.ListenerWD - Location of element ---> (1070, 332)
10:16:01.693  INFO  manager.ListenerWD - Before Find Element---> By.id: email
10:16:01.719  INFO  manager.ListenerWD - After Find Element---> By.id: email
10:16:01.738  INFO  manager.ListenerWD - Location of element ---> (1070, 406)
10:16:02.062  INFO  manager.ListenerWD - Before Find Element---> By.id: password
10:16:02.092  INFO  manager.ListenerWD - After Find Element---> By.id: password
10:16:02.114  INFO  manager.ListenerWD - Location of element ---> (1070, 480)
10:16:02.368  INFO  manager.ListenerWD - Before Find Element---> By.id: terms-of-use
10:16:02.393  INFO  manager.ListenerWD - After Find Element---> By.id: terms-of-use
10:16:02.413  INFO  manager.ListenerWD - Location of element ---> (1074, 541)
10:16:02.436  INFO  manager.ListenerWD - Before Find Element---> By.cssSelector: label[for='terms-of-use']
10:16:02.460  INFO  manager.ListenerWD - After Find Element---> By.cssSelector: label[for='terms-of-use']
10:16:02.479  INFO  manager.ListenerWD - Location of element ---> (1070, 538)
10:16:02.650  INFO  manager.ListenerWD - Before Find Element---> By.xpath: //button[@type='submit']
10:16:02.674  INFO  manager.ListenerWD - After Find Element---> By.xpath: //button[@type='submit']
10:16:02.700  INFO  manager.ListenerWD - Location of element ---> (1070, 659)
10:16:02.765  INFO  manager.ListenerWD - Before Find Element---> By.cssSelector: .error
10:16:02.787  INFO  manager.ListenerWD - After Find Element---> By.cssSelector: .error
10:16:02.805  INFO  manager.ListenerWD - Location of element ---> (1070, 524)
10:16:02.836  INFO  manager.ListenerWD - Before Find Element---> By.xpath: //button[@disabled]
10:16:02.857  INFO  manager.ListenerWD - After Find Element---> By.xpath: //button[@disabled]
10:16:02.857  INFO  manager.ListenerWD - List of elements is ---> 1
10:16:02.857  INFO  manager.ListenerWD - Before Find Element---> By.cssSelector: button[type = 'submit']
10:16:02.878  INFO  manager.ListenerWD - After Find Element---> By.cssSelector: button[type = 'submit']
10:16:02.892  INFO  manager.ListenerWD - Location of element ---> (1070, 659)
10:16:02.913  INFO  manager.ListenerWD - Before Find Element---> By.cssSelector: .dialog-container
10:16:07.935  INFO  manager.ListenerWD - After Find Element---> By.cssSelector: .dialog-container
10:16:07.935  INFO  manager.ListenerWD - List of elements is ---> 0
10:16:08.082  INFO  manager.ListenerWD - Before Find Element---> By.cssSelector: .dialog-container
10:16:13.091  INFO  manager.ListenerWD - After Find Element---> By.cssSelector: .dialog-container
10:16:13.091  INFO  manager.ListenerWD - List of elements is ---> 0
10:16:13.093  INFO  tests.TestBase - Name of method ---> negativeSearch
10:16:13.094  INFO  manager.ListenerWD - Before Find Element---> By.cssSelector: a.logo
10:16:13.124  INFO  manager.ListenerWD - After Find Element---> By.cssSelector: a.logo
10:16:13.140  INFO  manager.ListenerWD - Location of element ---> (153, 15)
10:16:13.725  INFO  manager.ListenerWD - Before Find Element---> By.id: city
10:16:13.773  INFO  manager.ListenerWD - After Find Element---> By.id: city
10:16:13.793  INFO  manager.ListenerWD - Location of element ---> (153, 234)
10:16:14.150  INFO  manager.ListenerWD - Before Find Element---> By.cssSelector: .pac-item
10:16:14.578  INFO  manager.ListenerWD - After Find Element---> By.cssSelector: .pac-item
10:16:14.596  INFO  manager.ListenerWD - Location of element ---> (154, 279)
10:16:14.668  INFO  manager.ListenerWD - Before Find Element---> By.id: dates
10:16:14.698  INFO  manager.ListenerWD - After Find Element---> By.id: dates
10:16:14.716  INFO  manager.ListenerWD - Location of element ---> (153, 308)
10:16:14.872  INFO  manager.ListenerWD - Before Find Element---> By.id: dates
10:16:14.900  INFO  manager.ListenerWD - After Find Element---> By.id: dates
10:16:14.916  INFO  manager.ListenerWD - Location of element ---> (153, 308)
10:16:15.052  INFO  manager.ListenerWD - Before Find Element---> By.id: city
10:16:15.075  INFO  manager.ListenerWD - After Find Element---> By.id: city
10:16:15.089  INFO  manager.ListenerWD - Location of element ---> (153, 234)
10:16:15.205  INFO  manager.ListenerWD - Before Find Element---> By.xpath: //button[@type='submit']
10:16:15.232  INFO  manager.ListenerWD - After Find Element---> By.xpath: //button[@type='submit']
10:16:15.255  INFO  manager.ListenerWD - Location of element ---> (153, 385)
10:16:15.310  INFO  manager.ListenerWD - Before Find Element---> By.cssSelector: .error
10:16:15.332  INFO  manager.ListenerWD - After Find Element---> By.cssSelector: .error
10:16:15.348  INFO  manager.ListenerWD - Location of element ---> (153, 352)
10:16:15.374  INFO  tests.TestBase - Name of method ---> negativeSearchMy
10:16:15.375  INFO  manager.ListenerWD - Before Find Element---> By.cssSelector: a.logo
10:16:15.393  INFO  manager.ListenerWD - After Find Element---> By.cssSelector: a.logo
10:16:15.407  INFO  manager.ListenerWD - Location of element ---> (153, 16)
10:16:15.837  INFO  manager.ListenerWD - Before Find Element---> By.id: city
10:16:15.862  INFO  manager.ListenerWD - After Find Element---> By.id: city
10:16:15.880  INFO  manager.ListenerWD - Location of element ---> (153, 234)
10:16:16.180  INFO  manager.ListenerWD - Before Find Element---> By.cssSelector: .pac-item
10:16:16.641  INFO  manager.ListenerWD - After Find Element---> By.cssSelector: .pac-item
10:16:16.658  INFO  manager.ListenerWD - Location of element ---> (154, 279)
10:16:16.730  INFO  manager.ListenerWD - Before Find Element---> By.id: dates
10:16:16.754  INFO  manager.ListenerWD - After Find Element---> By.id: dates
10:16:16.771  INFO  manager.ListenerWD - Location of element ---> (153, 308)
10:16:16.910  INFO  manager.ListenerWD - Before Find Element---> By.id: dates
10:16:16.934  INFO  manager.ListenerWD - After Find Element---> By.id: dates
10:16:16.949  INFO  manager.ListenerWD - Location of element ---> (153, 308)
10:16:17.064  INFO  manager.ListenerWD - Before Find Element---> By.id: city
10:16:17.087  INFO  manager.ListenerWD - After Find Element---> By.id: city
10:16:17.103  INFO  manager.ListenerWD - Location of element ---> (153, 234)
10:16:17.171  INFO  manager.ListenerWD - Before Find Element---> By.xpath: //button[@type='submit']
10:16:17.196  INFO  manager.ListenerWD - After Find Element---> By.xpath: //button[@type='submit']
10:16:17.218  INFO  manager.ListenerWD - Location of element ---> (153, 385)
10:16:17.290  INFO  manager.ListenerWD - Before Find Element---> By.xpath: //button[@disabled]
10:16:17.312  INFO  manager.ListenerWD - After Find Element---> By.xpath: //button[@disabled]
10:16:17.312  INFO  manager.ListenerWD - List of elements is ---> 1
10:16:17.312  INFO  manager.ListenerWD - Before Find Element---> By.cssSelector: button[type = 'submit']
10:16:17.332  INFO  manager.ListenerWD - After Find Element---> By.cssSelector: button[type = 'submit']
10:16:17.346  INFO  manager.ListenerWD - Location of element ---> (153, 385)
10:16:17.364  INFO  manager.ListenerWD - Before Find Element---> By.className: error
10:16:17.405  INFO  manager.ListenerWD - After Find Element---> By.className: error
10:16:17.405  INFO  manager.ListenerWD - List of elements is ---> 1
10:16:17.406  INFO  tests.TestBase - Name of method ---> searchAnyPeriodSuccess
10:16:17.407  INFO  manager.ListenerWD - Before Find Element---> By.cssSelector: a.logo
10:16:17.428  INFO  manager.ListenerWD - After Find Element---> By.cssSelector: a.logo
10:16:17.445  INFO  manager.ListenerWD - Location of element ---> (153, 16)
10:16:17.972  INFO  manager.ListenerWD - Before Find Element---> By.id: city
10:16:18.000  INFO  manager.ListenerWD - After Find Element---> By.id: city
10:16:18.016  INFO  manager.ListenerWD - Location of element ---> (153, 234)
10:16:18.308  INFO  manager.ListenerWD - Before Find Element---> By.cssSelector: .pac-item
10:16:18.657  INFO  manager.ListenerWD - After Find Element---> By.cssSelector: .pac-item
10:16:18.675  INFO  manager.ListenerWD - Location of element ---> (154, 279)
10:16:18.750  INFO  manager.ListenerWD - Before Find Element---> By.id: dates
10:16:18.775  INFO  manager.ListenerWD - After Find Element---> By.id: dates
10:16:18.792  INFO  manager.ListenerWD - Location of element ---> (153, 308)
10:16:18.949  INFO  manager.ListenerWD - Before Find Element---> By.id: dates
10:16:18.970  INFO  manager.ListenerWD - After Find Element---> By.id: dates
10:16:18.984  INFO  manager.ListenerWD - Location of element ---> (153, 308)
10:16:19.148  INFO  manager.ListenerWD - Before Find Element---> By.cssSelector: [aria-label='Next month']
10:16:19.181  INFO  manager.ListenerWD - After Find Element---> By.cssSelector: [aria-label='Next month']
10:16:19.204  INFO  manager.ListenerWD - Location of element ---> (404, 367)
10:16:19.338  INFO  manager.ListenerWD - Before Find Element---> By.cssSelector: [aria-label='Next month']
10:16:19.364  INFO  manager.ListenerWD - After Find Element---> By.cssSelector: [aria-label='Next month']
10:16:19.380  INFO  manager.ListenerWD - Location of element ---> (404, 368)
10:16:19.474  INFO  manager.ListenerWD - Before Find Element---> By.cssSelector: [aria-label='Next month']
10:16:19.496  INFO  manager.ListenerWD - After Find Element---> By.cssSelector: [aria-label='Next month']
10:16:19.513  INFO  manager.ListenerWD - Location of element ---> (404, 368)
10:16:19.611  INFO  manager.ListenerWD - Before Find Element---> By.cssSelector: [aria-label='Next month']
10:16:19.633  INFO  manager.ListenerWD - After Find Element---> By.cssSelector: [aria-label='Next month']
10:16:19.647  INFO  manager.ListenerWD - Location of element ---> (404, 368)
10:16:19.740  INFO  manager.ListenerWD - Before Find Element---> By.cssSelector: [aria-label='Next month']
10:16:19.763  INFO  manager.ListenerWD - After Find Element---> By.cssSelector: [aria-label='Next month']
10:16:19.777  INFO  manager.ListenerWD - Location of element ---> (404, 368)
10:16:19.882  INFO  manager.ListenerWD - Before Find Element---> By.xpath: //div[text()=' 27 ']
10:16:19.918  INFO  manager.ListenerWD - After Find Element---> By.xpath: //div[text()=' 27 ']
10:16:19.938  INFO  manager.ListenerWD - Location of element ---> (363, 612)
10:16:20.066  INFO  manager.ListenerWD - Before Find Element---> By.cssSelector: [aria-label='Next month']
10:16:20.093  INFO  manager.ListenerWD - After Find Element---> By.cssSelector: [aria-label='Next month']
10:16:20.106  INFO  manager.ListenerWD - Location of element ---> (404, 368)
10:16:20.201  INFO  manager.ListenerWD - Before Find Element---> By.cssSelector: [aria-label='Next month']
10:16:20.227  INFO  manager.ListenerWD - After Find Element---> By.cssSelector: [aria-label='Next month']
10:16:20.243  INFO  manager.ListenerWD - Location of element ---> (404, 368)
10:16:20.336  INFO  manager.ListenerWD - Before Find Element---> By.cssSelector: [aria-label='Next month']
10:16:20.361  INFO  manager.ListenerWD - After Find Element---> By.cssSelector: [aria-label='Next month']
10:16:20.375  INFO  manager.ListenerWD - Location of element ---> (404, 368)
10:16:20.482  INFO  manager.ListenerWD - Before Find Element---> By.cssSelector: [aria-label='Next month']
10:16:20.508  INFO  manager.ListenerWD - After Find Element---> By.cssSelector: [aria-label='Next month']
10:16:20.528  INFO  manager.ListenerWD - Location of element ---> (404, 368)
10:16:20.621  INFO  manager.ListenerWD - Before Find Element---> By.cssSelector: [aria-label='Next month']
10:16:20.644  INFO  manager.ListenerWD - After Find Element---> By.cssSelector: [aria-label='Next month']
10:16:20.657  INFO  manager.ListenerWD - Location of element ---> (404, 368)
10:16:20.747  INFO  manager.ListenerWD - Before Find Element---> By.cssSelector: [aria-label='Next month']
10:16:20.768  INFO  manager.ListenerWD - After Find Element---> By.cssSelector: [aria-label='Next month']
10:16:20.783  INFO  manager.ListenerWD - Location of element ---> (404, 368)
10:16:20.892  INFO  manager.ListenerWD - Before Find Element---> By.xpath: //div[text()=' 20 ']
10:16:20.927  INFO  manager.ListenerWD - After Find Element---> By.xpath: //div[text()=' 20 ']
10:16:20.946  INFO  manager.ListenerWD - Location of element ---> (403, 572)
10:16:21.065  INFO  manager.ListenerWD - Before Find Element---> By.xpath: //button[@type='submit']
10:16:21.090  INFO  manager.ListenerWD - After Find Element---> By.xpath: //button[@type='submit']
10:16:21.109  INFO  manager.ListenerWD - Location of element ---> (153, 366)
10:16:21.270  INFO  manager.ListenerWD - Before Find Element---> By.cssSelector: .car-container
10:16:27.292  INFO  manager.ListenerWD - After Find Element---> By.cssSelector: .car-container
10:16:27.292  INFO  manager.ListenerWD - List of elements is ---> 511
10:16:27.294  INFO  tests.TestBase - Name of method ---> searchCurrentYearSuccess
10:16:27.295  INFO  manager.ListenerWD - Before Find Element---> By.cssSelector: a.logo
10:16:27.321  INFO  manager.ListenerWD - After Find Element---> By.cssSelector: a.logo
10:16:27.339  INFO  manager.ListenerWD - Location of element ---> (153, 16)
10:16:27.883  INFO  manager.ListenerWD - Before Find Element---> By.id: city
10:16:27.911  INFO  manager.ListenerWD - After Find Element---> By.id: city
10:16:27.933  INFO  manager.ListenerWD - Location of element ---> (153, 234)
10:16:28.253  INFO  manager.ListenerWD - Before Find Element---> By.cssSelector: .pac-item
10:16:28.394  INFO  manager.ListenerWD - After Find Element---> By.cssSelector: .pac-item
10:16:28.418  INFO  manager.ListenerWD - Location of element ---> (154, 279)
10:16:28.498  INFO  manager.ListenerWD - Before Find Element---> By.id: dates
10:16:28.521  INFO  manager.ListenerWD - After Find Element---> By.id: dates
10:16:28.539  INFO  manager.ListenerWD - Location of element ---> (153, 308)
10:16:28.683  INFO  manager.ListenerWD - Before Find Element---> By.id: dates
10:16:28.707  INFO  manager.ListenerWD - After Find Element---> By.id: dates
10:16:28.720  INFO  manager.ListenerWD - Location of element ---> (153, 308)
10:16:28.906  INFO  manager.ListenerWD - Before Find Element---> By.cssSelector: [aria-label='Next month']
10:16:28.932  INFO  manager.ListenerWD - After Find Element---> By.cssSelector: [aria-label='Next month']
10:16:28.951  INFO  manager.ListenerWD - Location of element ---> (404, 366)
10:16:29.097  INFO  manager.ListenerWD - Before Find Element---> By.xpath: //div[text()=' 27 ']
10:16:29.128  INFO  manager.ListenerWD - After Find Element---> By.xpath: //div[text()=' 27 ']
10:16:29.149  INFO  manager.ListenerWD - Location of element ---> (243, 612)
10:16:29.283  INFO  manager.ListenerWD - Before Find Element---> By.cssSelector: [aria-label='Next month']
10:16:29.309  INFO  manager.ListenerWD - After Find Element---> By.cssSelector: [aria-label='Next month']
10:16:29.324  INFO  manager.ListenerWD - Location of element ---> (404, 368)
10:16:29.433  INFO  manager.ListenerWD - Before Find Element---> By.cssSelector: [aria-label='Next month']
10:16:29.459  INFO  manager.ListenerWD - After Find Element---> By.cssSelector: [aria-label='Next month']
10:16:29.474  INFO  manager.ListenerWD - Location of element ---> (404, 368)
10:16:29.564  INFO  manager.ListenerWD - Before Find Element---> By.cssSelector: [aria-label='Next month']
10:16:29.587  INFO  manager.ListenerWD - After Find Element---> By.cssSelector: [aria-label='Next month']
10:16:29.601  INFO  manager.ListenerWD - Location of element ---> (404, 368)
10:16:29.696  INFO  manager.ListenerWD - Before Find Element---> By.cssSelector: [aria-label='Next month']
10:16:29.721  INFO  manager.ListenerWD - After Find Element---> By.cssSelector: [aria-label='Next month']
10:16:29.737  INFO  manager.ListenerWD - Location of element ---> (404, 368)
10:16:29.832  INFO  manager.ListenerWD - Before Find Element---> By.xpath: //div[text()=' 28 ']
10:16:29.866  INFO  manager.ListenerWD - After Find Element---> By.xpath: //div[text()=' 28 ']
10:16:29.891  INFO  manager.ListenerWD - Location of element ---> (403, 612)
10:16:30.015  INFO  manager.ListenerWD - Before Find Element---> By.xpath: //button[@type='submit']
10:16:30.043  INFO  manager.ListenerWD - After Find Element---> By.xpath: //button[@type='submit']
10:16:30.063  INFO  manager.ListenerWD - Location of element ---> (153, 366)
10:16:30.249  INFO  manager.ListenerWD - Before Find Element---> By.cssSelector: .car-container
10:16:35.308  INFO  manager.ListenerWD - After Find Element---> By.cssSelector: .car-container
10:16:35.309  INFO  manager.ListenerWD - List of elements is ---> 511
