19:28:40.953  INFO  manager.ApplicationManager - All tests run in Chrome Browser
19:28:43.546  INFO  manager.ApplicationManager - The link --->https://ilcarro.web.app/search
19:28:43.627  INFO  tests.TestBase - Name of method ---> searchCurrentYearSuccess
19:28:43.634  INFO  manager.ListenerWD - Before Find Element---> By.id: city
19:28:43.691  INFO  manager.ListenerWD - After Find Element---> By.id: city
19:28:43.717  INFO  manager.ListenerWD - Location of element ---> (153, 234)
19:28:44.006  INFO  manager.ListenerWD - Before Find Element---> By.cssSelector: .pac-item
19:28:44.365  INFO  manager.ListenerWD - After Find Element---> By.cssSelector: .pac-item
19:28:44.382  INFO  manager.ListenerWD - Location of element ---> (154, 279)
19:28:44.451  INFO  manager.ListenerWD - Before Find Element---> By.id: dates
19:28:44.495  INFO  manager.ListenerWD - After Find Element---> By.id: dates
19:28:44.513  INFO  manager.ListenerWD - Location of element ---> (153, 327)
19:28:44.728  INFO  manager.ListenerWD - Before Find Element---> By.cssSelector: [aria-label='Next month]
19:28:49.754  INFO  manager.ListenerWD - Huston we have a problem
19:28:49.755  INFO  manager.ListenerWD - Object target ---> ChromeDriver: chrome on WINDOWS (82995864f9bbddc457dc799a98647927)
19:28:49.756  INFO  manager.ListenerWD - ********************
19:28:49.756  INFO  manager.ListenerWD - Method name--->findElement
19:28:49.757  INFO  manager.ListenerWD - ********************
19:28:49.757  INFO  manager.ListenerWD - ********************
19:28:49.757  INFO  manager.ListenerWD - ********************
19:28:49.758  INFO  manager.ListenerWD - ********************
19:28:49.761  INFO  manager.ListenerWD - InvocationTargetException3org.openqa.selenium.NoSuchElementException: no such element: Unable to locate element: {"method":"css selector","selector":"[aria-label='Next month]"}
  (Session info: chrome=112.0.5615.137)
For documentation on this error, please visit: https://selenium.dev/exceptions/#no_such_element
Build info: version: '4.7.0', revision: '0a5b49d16f'
System info: os.name: 'Windows 10', os.arch: 'amd64', os.version: '10.0', java.version: '11.0.18'
Driver info: org.openqa.selenium.chrome.ChromeDriver
Command: [82995864f9bbddc457dc799a98647927, findElement {using=css selector, value=[aria-label='Next month]}]
Capabilities {acceptInsecureCerts: false, browserName: chrome, browserVersion: 112.0.5615.137, chrome: {chromedriverVersion: 112.0.5615.49 (bd2a7bcb881c..., userDataDir: C:\Users\honor\AppData\Loca...}, goog:chromeOptions: {debuggerAddress: localhost:52367}, networkConnectionEnabled: false, pageLoadStrategy: normal, platformName: WINDOWS, proxy: Proxy(), se:cdp: ws://localhost:52367/devtoo..., se:cdpVersion: 112.0.5615.137, setWindowRect: true, strictFileInteractability: false, timeouts: {implicit: 0, pageLoad: 300000, script: 30000}, unhandledPromptBehavior: dismiss and notify, webauthn:extension:credBlob: true, webauthn:extension:largeBlob: true, webauthn:extension:minPinLength: true, webauthn:extension:prf: true, webauthn:virtualAuthenticators: true}
Session ID: 82995864f9bbddc457dc799a98647927
19:28:49.762  INFO  manager.ListenerWD - ********************
19:28:49.773  INFO  manager.ListenerWD - Screen with error is--->src/test/screenshots/screen-85.png
