18:12:44.297  INFO  manager.ApplicationManager - All tests run in Chrome Browser
18:12:47.053  INFO  manager.ApplicationManager - The link --->https://ilcarro.web.app/search
18:12:47.132  INFO  tests.TestBase - Name of method ---> searchCurrentMonthSuccess
18:12:47.138  INFO  manager.ListenerWD - Before Find Element---> By.id: city
18:12:47.198  INFO  manager.ListenerWD - After Find Element---> By.id: city
18:12:47.231  INFO  manager.ListenerWD - Location of element ---> (153, 234)
18:12:47.571  INFO  manager.ListenerWD - Before Find Element---> By.cssSelector: .pac-item
18:12:48.182  INFO  manager.ListenerWD - After Find Element---> By.cssSelector: .pac-item
18:12:48.201  INFO  manager.ListenerWD - Location of element ---> (154, 279)
18:12:48.275  INFO  manager.ListenerWD - Before Find Element---> By.id: dates
18:12:48.325  INFO  manager.ListenerWD - After Find Element---> By.id: dates
18:12:48.344  INFO  manager.ListenerWD - Location of element ---> (153, 327)
18:12:48.557  INFO  manager.ListenerWD - Before Find Element---> By.xpath: //div[text()=' 20 ']
18:12:48.611  INFO  manager.ListenerWD - After Find Element---> By.xpath: //div[text()=' 20 ']
18:12:48.631  INFO  manager.ListenerWD - Location of element ---> (323, 567)
18:12:48.756  INFO  manager.ListenerWD - Before Find Element---> By.xpath: //div[text()=' 25 ']
18:12:48.802  INFO  manager.ListenerWD - After Find Element---> By.xpath: //div[text()=' 25 ']
18:12:48.820  INFO  manager.ListenerWD - Location of element ---> (243, 612)
18:12:48.939  INFO  manager.ListenerWD - Before Find Element---> By.xpath: //button[@type='submit']
18:12:48.992  INFO  manager.ListenerWD - After Find Element---> By.xpath: //button[@type='submit']
18:12:49.015  INFO  manager.ListenerWD - Location of element ---> (153, 366)
18:12:49.174  INFO  manager.ListenerWD - Before Find Element---> By.cssSelector: .car-container
18:12:55.867  INFO  manager.ListenerWD - After Find Element---> By.cssSelector: .car-container
18:12:55.874  INFO  manager.ListenerWD - List of elements is ---> 440
