18:30:27.054  INFO  manager.ApplicationManager - All tests run in Chrome Browser
18:30:29.703  INFO  manager.ApplicationManager - The link --->https://ilcarro.web.app/search
18:30:29.767  INFO  tests.TestBase - Name of method ---> searchAnyPeriodSuccess
18:30:29.773  INFO  manager.ListenerWD - Before Find Element---> By.id: city
18:30:29.829  INFO  manager.ListenerWD - After Find Element---> By.id: city
18:30:29.852  INFO  manager.ListenerWD - Location of element ---> (153, 234)
18:30:30.122  INFO  manager.ListenerWD - Before Find Element---> By.cssSelector: .pac-item
18:30:31.090  INFO  manager.ListenerWD - After Find Element---> By.cssSelector: .pac-item
18:30:31.109  INFO  manager.ListenerWD - Location of element ---> (154, 279)
18:30:31.182  INFO  manager.ListenerWD - Before Find Element---> By.id: dates
18:30:31.223  INFO  manager.ListenerWD - After Find Element---> By.id: dates
18:30:31.239  INFO  manager.ListenerWD - Location of element ---> (153, 327)
18:30:31.449  INFO  manager.ListenerWD - Before Find Element---> By.cssSelector: [aria-label='Next month']
18:30:31.497  INFO  manager.ListenerWD - After Find Element---> By.cssSelector: [aria-label='Next month']
18:30:31.521  INFO  manager.ListenerWD - Location of element ---> (404, 367)
18:30:31.638  INFO  manager.ListenerWD - Before Find Element---> By.cssSelector: [aria-label='Next month']
18:30:31.677  INFO  manager.ListenerWD - After Find Element---> By.cssSelector: [aria-label='Next month']
18:30:31.692  INFO  manager.ListenerWD - Location of element ---> (404, 368)
18:30:31.777  INFO  manager.ListenerWD - Before Find Element---> By.cssSelector: [aria-label='Next month']
18:30:31.822  INFO  manager.ListenerWD - After Find Element---> By.cssSelector: [aria-label='Next month']
18:30:31.837  INFO  manager.ListenerWD - Location of element ---> (404, 368)
18:30:31.936  INFO  manager.ListenerWD - Before Find Element---> By.cssSelector: [aria-label='Next month']
18:30:31.980  INFO  manager.ListenerWD - After Find Element---> By.cssSelector: [aria-label='Next month']
18:30:31.997  INFO  manager.ListenerWD - Location of element ---> (404, 368)
18:30:32.106  INFO  manager.ListenerWD - Before Find Element---> By.cssSelector: [aria-label='Next month']
18:30:32.166  INFO  manager.ListenerWD - After Find Element---> By.cssSelector: [aria-label='Next month']
18:30:32.210  INFO  manager.ListenerWD - Location of element ---> (404, 368)
18:30:32.299  INFO  manager.ListenerWD - Before Find Element---> By.cssSelector: [aria-label='Next month']
18:30:32.336  INFO  manager.ListenerWD - After Find Element---> By.cssSelector: [aria-label='Next month']
18:30:32.351  INFO  manager.ListenerWD - Location of element ---> (404, 368)
18:30:32.445  INFO  manager.ListenerWD - Before Find Element---> By.xpath: //div[text()=' 27 ']
18:30:32.492  INFO  manager.ListenerWD - After Find Element---> By.xpath: //div[text()=' 27 ']
18:30:32.511  INFO  manager.ListenerWD - Location of element ---> (363, 612)
18:30:32.618  INFO  manager.ListenerWD - Before Find Element---> By.xpath: //div[text()=' 28 ']
18:30:32.658  INFO  manager.ListenerWD - After Find Element---> By.xpath: //div[text()=' 28 ']
18:30:32.677  INFO  manager.ListenerWD - Location of element ---> (403, 612)
18:30:32.775  INFO  manager.ListenerWD - Before Find Element---> By.xpath: //button[@type='submit']
18:30:32.817  INFO  manager.ListenerWD - After Find Element---> By.xpath: //button[@type='submit']
18:30:32.835  INFO  manager.ListenerWD - Location of element ---> (153, 366)
18:30:32.983  INFO  manager.ListenerWD - Before Find Element---> By.cssSelector: .car-container
18:30:39.446  INFO  manager.ListenerWD - After Find Element---> By.cssSelector: .car-container
18:30:39.452  INFO  manager.ListenerWD - List of elements is ---> 454
18:30:39.469  INFO  tests.TestBase - Name of method ---> searchCurrentMonthSuccess
18:30:39.471  INFO  manager.ListenerWD - Before Find Element---> By.id: city
18:30:39.499  INFO  manager.ListenerWD - After Find Element---> By.id: city
18:30:39.521  INFO  manager.ListenerWD - Location of element ---> (76, 279)
18:30:40.806  INFO  manager.ListenerWD - Before Find Element---> By.cssSelector: .pac-item
18:30:40.830  INFO  manager.ListenerWD - After Find Element---> By.cssSelector: .pac-item
18:30:40.846  INFO  manager.ListenerWD - Location of element ---> (77, 323)
18:30:40.960  INFO  manager.ListenerWD - Before Find Element---> By.id: dates
18:30:46.023  INFO  manager.ListenerWD - Huston we have a problem
18:30:46.024  INFO  manager.ListenerWD - Object target ---> ChromeDriver: chrome on WINDOWS (368b29a4a875aff73a3c6cbce4a39140)
18:30:46.024  INFO  manager.ListenerWD - ********************
18:30:46.025  INFO  manager.ListenerWD - Method name--->findElement
18:30:46.025  INFO  manager.ListenerWD - ********************
18:30:46.026  INFO  manager.ListenerWD - ********************
18:30:46.026  INFO  manager.ListenerWD - ********************
18:30:46.026  INFO  manager.ListenerWD - ********************
18:30:46.030  INFO  manager.ListenerWD - InvocationTargetException3org.openqa.selenium.NoSuchElementException: no such element: Unable to locate element: {"method":"css selector","selector":"#dates"}
  (Session info: chrome=112.0.5615.138)
For documentation on this error, please visit: https://selenium.dev/exceptions/#no_such_element
Build info: version: '4.7.0', revision: '0a5b49d16f'
System info: os.name: 'Windows 10', os.arch: 'amd64', os.version: '10.0', java.version: '11.0.18'
Driver info: org.openqa.selenium.chrome.ChromeDriver
Command: [368b29a4a875aff73a3c6cbce4a39140, findElement {using=id, value=dates}]
Capabilities {acceptInsecureCerts: false, browserName: chrome, browserVersion: 112.0.5615.138, chrome: {chromedriverVersion: 112.0.5615.49 (bd2a7bcb881c..., userDataDir: C:\Users\honor\AppData\Loca...}, goog:chromeOptions: {debuggerAddress: localhost:50082}, networkConnectionEnabled: false, pageLoadStrategy: normal, platformName: WINDOWS, proxy: Proxy(), se:cdp: ws://localhost:50082/devtoo..., se:cdpVersion: 112.0.5615.138, setWindowRect: true, strictFileInteractability: false, timeouts: {implicit: 0, pageLoad: 300000, script: 30000}, unhandledPromptBehavior: dismiss and notify, webauthn:extension:credBlob: true, webauthn:extension:largeBlob: true, webauthn:extension:minPinLength: true, webauthn:extension:prf: true, webauthn:virtualAuthenticators: true}
Session ID: 368b29a4a875aff73a3c6cbce4a39140
18:30:46.032  INFO  manager.ListenerWD - ********************
18:30:46.041  INFO  manager.ListenerWD - Screen with error is--->src/test/screenshots/screen-182.png
18:30:46.733  INFO  tests.TestBase - Name of method ---> searchCurrentYearSuccess
18:30:46.734  INFO  manager.ListenerWD - Before Find Element---> By.id: city
18:30:46.760  INFO  manager.ListenerWD - After Find Element---> By.id: city
18:30:46.774  INFO  manager.ListenerWD - Location of element ---> (76, 279)
18:30:48.125  INFO  manager.ListenerWD - Before Find Element---> By.cssSelector: .pac-item
18:30:48.150  INFO  manager.ListenerWD - After Find Element---> By.cssSelector: .pac-item
18:30:48.171  INFO  manager.ListenerWD - Location of element ---> (77, 323)
18:30:48.302  INFO  manager.ListenerWD - Before Find Element---> By.id: dates
18:30:53.359  INFO  manager.ListenerWD - Huston we have a problem
18:30:53.360  INFO  manager.ListenerWD - Object target ---> ChromeDriver: chrome on WINDOWS (368b29a4a875aff73a3c6cbce4a39140)
18:30:53.360  INFO  manager.ListenerWD - ********************
18:30:53.361  INFO  manager.ListenerWD - Method name--->findElement
18:30:53.361  INFO  manager.ListenerWD - ********************
18:30:53.362  INFO  manager.ListenerWD - ********************
18:30:53.362  INFO  manager.ListenerWD - ********************
18:30:53.362  INFO  manager.ListenerWD - ********************
18:30:53.363  INFO  manager.ListenerWD - InvocationTargetException3org.openqa.selenium.NoSuchElementException: no such element: Unable to locate element: {"method":"css selector","selector":"#dates"}
  (Session info: chrome=112.0.5615.138)
For documentation on this error, please visit: https://selenium.dev/exceptions/#no_such_element
Build info: version: '4.7.0', revision: '0a5b49d16f'
System info: os.name: 'Windows 10', os.arch: 'amd64', os.version: '10.0', java.version: '11.0.18'
Driver info: org.openqa.selenium.chrome.ChromeDriver
Command: [368b29a4a875aff73a3c6cbce4a39140, findElement {using=id, value=dates}]
Capabilities {acceptInsecureCerts: false, browserName: chrome, browserVersion: 112.0.5615.138, chrome: {chromedriverVersion: 112.0.5615.49 (bd2a7bcb881c..., userDataDir: C:\Users\honor\AppData\Loca...}, goog:chromeOptions: {debuggerAddress: localhost:50082}, networkConnectionEnabled: false, pageLoadStrategy: normal, platformName: WINDOWS, proxy: Proxy(), se:cdp: ws://localhost:50082/devtoo..., se:cdpVersion: 112.0.5615.138, setWindowRect: true, strictFileInteractability: false, timeouts: {implicit: 0, pageLoad: 300000, script: 30000}, unhandledPromptBehavior: dismiss and notify, webauthn:extension:credBlob: true, webauthn:extension:largeBlob: true, webauthn:extension:minPinLength: true, webauthn:extension:prf: true, webauthn:virtualAuthenticators: true}
Session ID: 368b29a4a875aff73a3c6cbce4a39140
18:30:53.364  INFO  manager.ListenerWD - ********************
18:30:53.365  INFO  manager.ListenerWD - Screen with error is--->src/test/screenshots/screen-242.png
