17:12:36.544  INFO  manager.ApplicationManager - All tests run in Chrome Browser
17:12:39.709  INFO  manager.ApplicationManager - The link --->https://ilcarro.web.app/search
17:12:39.780  INFO  manager.ListenerWD - Before Find Element---> By.xpath: //a[text()=' Logout ']
17:12:44.841  INFO  manager.ListenerWD - After Find Element---> By.xpath: //a[text()=' Logout ']
17:12:44.842  INFO  manager.ListenerWD - List of elements is ---> 0
17:12:44.843  INFO  manager.ListenerWD - Before Find Element---> By.xpath: //*[text()=' Log in ']
17:12:44.894  INFO  manager.ListenerWD - After Find Element---> By.xpath: //*[text()=' Log in ']
17:12:44.915  INFO  manager.ListenerWD - Location of element ---> (1287, 24)
17:12:45.029  INFO  manager.ListenerWD - Before Find Element---> By.cssSelector: #email
17:12:45.079  INFO  manager.ListenerWD - After Find Element---> By.cssSelector: #email
17:12:45.097  INFO  manager.ListenerWD - Location of element ---> (1070, 258)
17:12:45.353  INFO  manager.ListenerWD - Before Find Element---> By.id: password
17:12:45.407  INFO  manager.ListenerWD - After Find Element---> By.id: password
17:12:45.424  INFO  manager.ListenerWD - Location of element ---> (1070, 332)
17:12:45.630  INFO  manager.ListenerWD - Before Find Element---> By.xpath: //button[@type='submit']
17:12:45.676  INFO  manager.ListenerWD - After Find Element---> By.xpath: //button[@type='submit']
17:12:45.694  INFO  manager.ListenerWD - Location of element ---> (1070, 401)
17:12:45.777  INFO  manager.ListenerWD - Before Find Element---> By.xpath: //button[text()='Ok']
17:12:46.746  INFO  manager.ListenerWD - After Find Element---> By.xpath: //button[text()='Ok']
17:12:46.782  INFO  manager.ListenerWD - Location of element ---> (789, 392)
17:12:46.846  INFO  tests.TestBase - Before class logged in account with data ---> email: 'ssa@gmail.com', password: 'Ssa12345$'
17:12:46.874  INFO  tests.TestBase - Name of method ---> addNewCarSuccess
17:12:46.881  INFO  tests.TestBase - Test data ---> location: 'Tel Aviv, Israel', manufacture: 'Nissan', model: 'A2', year: '2004', fuel: 'Petrol', seats: '5', carClass: 'C', carRegNumber: 198-72613-1971, price: '50'
17:12:47.391  INFO  manager.ListenerWD - Before Find Element---> By.xpath: //a[text()=' Let the car work ']
17:12:47.445  INFO  manager.ListenerWD - After Find Element---> By.xpath: //a[text()=' Let the car work ']
17:12:47.465  INFO  manager.ListenerWD - Location of element ---> (753, 24)
17:12:47.593  INFO  manager.ListenerWD - Before Find Element---> By.id: pickUpPlace
17:12:47.634  INFO  manager.ListenerWD - After Find Element---> By.id: pickUpPlace
17:12:47.652  INFO  manager.ListenerWD - Location of element ---> (138, 324)
17:12:47.917  INFO  manager.ListenerWD - Before Find Element---> By.cssSelector: .pac-item
17:12:48.431  INFO  manager.ListenerWD - After Find Element---> By.cssSelector: .pac-item
17:12:48.454  INFO  manager.ListenerWD - Location of element ---> (138, 368)
17:12:48.527  INFO  manager.ListenerWD - Before Find Element---> By.id: make
17:12:48.567  INFO  manager.ListenerWD - After Find Element---> By.id: make
17:12:48.583  INFO  manager.ListenerWD - Location of element ---> (138, 505)
17:12:48.784  INFO  manager.ListenerWD - Before Find Element---> By.cssSelector: #model
17:12:48.830  INFO  manager.ListenerWD - After Find Element---> By.cssSelector: #model
17:12:48.849  INFO  manager.ListenerWD - Location of element ---> (138, 585)
17:12:49.031  INFO  manager.ListenerWD - Before Find Element---> By.cssSelector: #year
17:12:49.071  INFO  manager.ListenerWD - After Find Element---> By.cssSelector: #year
17:12:49.089  INFO  manager.ListenerWD - Location of element ---> (138, 659)
17:12:49.310  INFO  manager.ListenerWD - Before Find Element---> By.id: fuel
17:12:49.354  INFO  manager.ListenerWD - After Find Element---> By.id: fuel
17:12:49.374  INFO  manager.ListenerWD - Location of element ---> (138, 733)
17:12:49.579  INFO  manager.ListenerWD - Before Find Element---> By.id: seats
17:12:49.622  INFO  manager.ListenerWD - After Find Element---> By.id: seats
17:12:49.643  INFO  manager.ListenerWD - Location of element ---> (138, 808)
17:12:49.864  INFO  manager.ListenerWD - Before Find Element---> By.id: class
17:12:49.927  INFO  manager.ListenerWD - After Find Element---> By.id: class
17:12:49.947  INFO  manager.ListenerWD - Location of element ---> (138, 882)
17:12:50.167  INFO  manager.ListenerWD - Before Find Element---> By.id: serialNumber
17:12:50.217  INFO  manager.ListenerWD - After Find Element---> By.id: serialNumber
17:12:50.237  INFO  manager.ListenerWD - Location of element ---> (138, 956)
17:12:50.508  INFO  manager.ListenerWD - Before Find Element---> By.id: price
17:12:50.549  INFO  manager.ListenerWD - After Find Element---> By.id: price
17:12:50.569  INFO  manager.ListenerWD - Location of element ---> (138, 1030)
17:12:50.799  INFO  manager.ListenerWD - Before Find Element---> By.id: about
17:12:50.835  INFO  manager.ListenerWD - After Find Element---> By.id: about
17:12:50.855  INFO  manager.ListenerWD - Location of element ---> (138, 1137)
17:12:50.963  INFO  manager.ListenerWD - Before Find Element---> By.xpath: //button[@type='submit']
17:12:50.990  INFO  manager.ListenerWD - After Find Element---> By.xpath: //button[@type='submit']
17:12:51.005  INFO  manager.ListenerWD - Location of element ---> (138, 1512)
17:12:51.100  INFO  manager.ListenerWD - Before Find Element---> By.cssSelector: .dialog-container
17:12:51.524  INFO  manager.ListenerWD - After Find Element---> By.cssSelector: .dialog-container
17:12:51.543  INFO  manager.ListenerWD - Location of element ---> (600, 306)
17:12:51.603  INFO  manager.ListenerWD - Before Find Element---> By.cssSelector: .dialog-container>h2
17:12:51.636  INFO  manager.ListenerWD - After Find Element---> By.cssSelector: .dialog-container>h2
17:12:51.657  INFO  manager.ListenerWD - Location of element ---> (583, 344)
17:12:51.687  INFO  tests.TestBase - Assert check is Element with text 'added successful' present
17:12:51.688  INFO  manager.ListenerWD - Before Find Element---> By.cssSelector: .dialog-container
17:12:51.713  INFO  manager.ListenerWD - After Find Element---> By.cssSelector: .dialog-container
17:12:51.725  INFO  manager.ListenerWD - Location of element ---> (583, 301)
17:12:51.755  INFO  manager.ListenerWD - Before Find Element---> By.cssSelector: .dialog-container>h2
17:12:51.785  INFO  manager.ListenerWD - After Find Element---> By.cssSelector: .dialog-container>h2
17:12:51.796  INFO  manager.ListenerWD - Location of element ---> (583, 344)
17:12:51.813  INFO  manager.ListenerWD - Before Find Element---> By.xpath: //button[text()='Search cars']
17:12:51.842  INFO  manager.ListenerWD - After Find Element---> By.xpath: //button[text()='Search cars']
17:12:51.857  INFO  manager.ListenerWD - Location of element ---> (729, 398)
17:12:51.916  INFO  tests.TestBase - Assert check is home page displayed
17:12:51.928  INFO  tests.TestBase - Name of method ---> addNewCarSuccessAll
17:12:51.929  INFO  tests.TestBase - Test data ---> Car(location=Tel Aviv, Israel, manufacture=Mazda, model=M3, year=2022, fuel=Petrol, seats=5, carClass=C, carRegNumber=198-72613-003, price=50.0, about=Very nice car)
17:12:52.430  INFO  manager.ListenerWD - Before Find Element---> By.xpath: //a[text()=' Let the car work ']
17:12:52.453  INFO  manager.ListenerWD - After Find Element---> By.xpath: //a[text()=' Let the car work ']
17:12:52.465  INFO  manager.ListenerWD - Location of element ---> (753, 24)
17:12:52.548  INFO  manager.ListenerWD - Before Find Element---> By.id: pickUpPlace
17:12:52.575  INFO  manager.ListenerWD - After Find Element---> By.id: pickUpPlace
17:12:52.589  INFO  manager.ListenerWD - Location of element ---> (138, 324)
17:12:52.816  INFO  manager.ListenerWD - Before Find Element---> By.cssSelector: .pac-item
17:12:53.289  INFO  manager.ListenerWD - After Find Element---> By.cssSelector: .pac-item
17:12:53.305  INFO  manager.ListenerWD - Location of element ---> (138, 368)
17:12:53.367  INFO  manager.ListenerWD - Before Find Element---> By.id: make
17:12:53.390  INFO  manager.ListenerWD - After Find Element---> By.id: make
17:12:53.404  INFO  manager.ListenerWD - Location of element ---> (138, 505)
17:12:53.629  INFO  manager.ListenerWD - Before Find Element---> By.cssSelector: #model
17:12:53.656  INFO  manager.ListenerWD - After Find Element---> By.cssSelector: #model
17:12:53.672  INFO  manager.ListenerWD - Location of element ---> (138, 585)
17:12:53.874  INFO  manager.ListenerWD - Before Find Element---> By.cssSelector: #year
17:12:53.899  INFO  manager.ListenerWD - After Find Element---> By.cssSelector: #year
17:12:53.915  INFO  manager.ListenerWD - Location of element ---> (138, 659)
17:12:54.129  INFO  manager.ListenerWD - Before Find Element---> By.id: fuel
17:12:54.155  INFO  manager.ListenerWD - After Find Element---> By.id: fuel
17:12:54.171  INFO  manager.ListenerWD - Location of element ---> (138, 733)
17:12:54.314  INFO  manager.ListenerWD - Before Find Element---> By.id: seats
17:12:54.340  INFO  manager.ListenerWD - After Find Element---> By.id: seats
17:12:54.358  INFO  manager.ListenerWD - Location of element ---> (138, 808)
17:12:54.564  INFO  manager.ListenerWD - Before Find Element---> By.id: class
17:12:54.590  INFO  manager.ListenerWD - After Find Element---> By.id: class
17:12:54.606  INFO  manager.ListenerWD - Location of element ---> (138, 882)
17:12:54.811  INFO  manager.ListenerWD - Before Find Element---> By.id: serialNumber
17:12:54.857  INFO  manager.ListenerWD - After Find Element---> By.id: serialNumber
17:12:54.876  INFO  manager.ListenerWD - Location of element ---> (138, 956)
17:12:55.104  INFO  manager.ListenerWD - Before Find Element---> By.id: price
17:12:55.129  INFO  manager.ListenerWD - After Find Element---> By.id: price
17:12:55.147  INFO  manager.ListenerWD - Location of element ---> (138, 1030)
17:12:55.354  INFO  manager.ListenerWD - Before Find Element---> By.id: about
17:12:55.378  INFO  manager.ListenerWD - After Find Element---> By.id: about
17:12:55.394  INFO  manager.ListenerWD - Location of element ---> (138, 1137)
17:12:55.581  INFO  manager.ListenerWD - Before Find Element---> By.cssSelector: #photos
17:12:55.608  INFO  manager.ListenerWD - After Find Element---> By.cssSelector: #photos
17:12:55.622  INFO  manager.ListenerWD - Location of element ---> (138, 1467)
17:12:55.700  INFO  manager.ListenerWD - Before Find Element---> By.xpath: //button[@type='submit']
17:12:55.730  INFO  manager.ListenerWD - After Find Element---> By.xpath: //button[@type='submit']
17:12:55.744  INFO  manager.ListenerWD - Location of element ---> (138, 1563)
17:12:55.805  INFO  manager.ListenerWD - Before Find Element---> By.cssSelector: .dialog-container
17:12:56.079  INFO  manager.ListenerWD - After Find Element---> By.cssSelector: .dialog-container
17:12:56.093  INFO  manager.ListenerWD - Location of element ---> (608, 309)
17:12:56.114  INFO  manager.ListenerWD - Before Find Element---> By.cssSelector: .dialog-container>h2
17:12:56.138  INFO  manager.ListenerWD - After Find Element---> By.cssSelector: .dialog-container>h2
17:12:56.152  INFO  manager.ListenerWD - Location of element ---> (590, 345)
17:12:56.176  INFO  tests.TestBase - Assert check is Element with text 'added successful' present
17:12:56.176  INFO  manager.ListenerWD - Before Find Element---> By.cssSelector: .dialog-container
17:12:56.199  INFO  manager.ListenerWD - After Find Element---> By.cssSelector: .dialog-container
17:12:56.210  INFO  manager.ListenerWD - Location of element ---> (583, 301)
17:12:56.228  INFO  manager.ListenerWD - Before Find Element---> By.cssSelector: .dialog-container>h2
17:12:56.252  INFO  manager.ListenerWD - After Find Element---> By.cssSelector: .dialog-container>h2
17:12:56.263  INFO  manager.ListenerWD - Location of element ---> (583, 344)
17:12:56.277  INFO  manager.ListenerWD - Before Find Element---> By.xpath: //button[text()='Search cars']
17:12:56.298  INFO  manager.ListenerWD - After Find Element---> By.xpath: //button[text()='Search cars']
17:12:56.312  INFO  manager.ListenerWD - Location of element ---> (729, 398)
17:12:56.377  INFO  tests.TestBase - Assert check is home page displayed
17:12:56.378  INFO  tests.TestBase - Name of method ---> addNewCarSuccessAll
17:12:56.379  INFO  tests.TestBase - Test data ---> Car(location=Tel Aviv, Israel, manufacture=Nissan, model=A2, year=2004, fuel=Petrol, seats=5, carClass=C, carRegNumber=198-72613-004, price=50.0, about=null)
17:12:56.890  INFO  manager.ListenerWD - Before Find Element---> By.xpath: //a[text()=' Let the car work ']
17:12:56.916  INFO  manager.ListenerWD - After Find Element---> By.xpath: //a[text()=' Let the car work ']
17:12:56.927  INFO  manager.ListenerWD - Location of element ---> (753, 24)
17:12:57.004  INFO  manager.ListenerWD - Before Find Element---> By.id: pickUpPlace
17:12:57.027  INFO  manager.ListenerWD - After Find Element---> By.id: pickUpPlace
17:12:57.041  INFO  manager.ListenerWD - Location of element ---> (138, 324)
17:12:57.270  INFO  manager.ListenerWD - Before Find Element---> By.cssSelector: .pac-item
17:12:58.363  INFO  manager.ListenerWD - After Find Element---> By.cssSelector: .pac-item
17:12:58.380  INFO  manager.ListenerWD - Location of element ---> (138, 368)
17:12:58.443  INFO  manager.ListenerWD - Before Find Element---> By.id: make
17:12:58.465  INFO  manager.ListenerWD - After Find Element---> By.id: make
17:12:58.479  INFO  manager.ListenerWD - Location of element ---> (138, 505)
17:12:58.692  INFO  manager.ListenerWD - Before Find Element---> By.cssSelector: #model
17:12:58.714  INFO  manager.ListenerWD - After Find Element---> By.cssSelector: #model
17:12:58.729  INFO  manager.ListenerWD - Location of element ---> (138, 585)
17:12:58.953  INFO  manager.ListenerWD - Before Find Element---> By.cssSelector: #year
17:12:58.977  INFO  manager.ListenerWD - After Find Element---> By.cssSelector: #year
17:12:58.993  INFO  manager.ListenerWD - Location of element ---> (138, 659)
17:12:59.203  INFO  manager.ListenerWD - Before Find Element---> By.id: fuel
17:12:59.226  INFO  manager.ListenerWD - After Find Element---> By.id: fuel
17:12:59.241  INFO  manager.ListenerWD - Location of element ---> (138, 733)
17:12:59.381  INFO  manager.ListenerWD - Before Find Element---> By.id: seats
17:12:59.404  INFO  manager.ListenerWD - After Find Element---> By.id: seats
17:12:59.420  INFO  manager.ListenerWD - Location of element ---> (138, 808)
17:12:59.617  INFO  manager.ListenerWD - Before Find Element---> By.id: class
17:12:59.640  INFO  manager.ListenerWD - After Find Element---> By.id: class
17:12:59.657  INFO  manager.ListenerWD - Location of element ---> (138, 882)
17:12:59.848  INFO  manager.ListenerWD - Before Find Element---> By.id: serialNumber
17:12:59.873  INFO  manager.ListenerWD - After Find Element---> By.id: serialNumber
17:12:59.888  INFO  manager.ListenerWD - Location of element ---> (138, 956)
17:13:00.114  INFO  manager.ListenerWD - Before Find Element---> By.id: price
17:13:00.138  INFO  manager.ListenerWD - After Find Element---> By.id: price
17:13:00.156  INFO  manager.ListenerWD - Location of element ---> (138, 1030)
17:13:00.375  INFO  manager.ListenerWD - Before Find Element---> By.id: about
17:13:00.400  INFO  manager.ListenerWD - After Find Element---> By.id: about
17:13:00.419  INFO  manager.ListenerWD - Location of element ---> (138, 1137)
17:13:00.528  INFO  manager.ListenerWD - Before Find Element---> By.cssSelector: #photos
17:13:00.551  INFO  manager.ListenerWD - After Find Element---> By.cssSelector: #photos
17:13:00.565  INFO  manager.ListenerWD - Location of element ---> (138, 1467)
17:13:00.619  INFO  manager.ListenerWD - Before Find Element---> By.xpath: //button[@type='submit']
17:13:00.641  INFO  manager.ListenerWD - After Find Element---> By.xpath: //button[@type='submit']
17:13:00.655  INFO  manager.ListenerWD - Location of element ---> (138, 1563)
17:13:00.725  INFO  manager.ListenerWD - Before Find Element---> By.cssSelector: .dialog-container
17:13:01.000  INFO  manager.ListenerWD - After Find Element---> By.cssSelector: .dialog-container
17:13:01.016  INFO  manager.ListenerWD - Location of element ---> (608, 309)
17:13:01.039  INFO  manager.ListenerWD - Before Find Element---> By.cssSelector: .dialog-container>h2
17:13:01.064  INFO  manager.ListenerWD - After Find Element---> By.cssSelector: .dialog-container>h2
17:13:01.078  INFO  manager.ListenerWD - Location of element ---> (587, 345)
17:13:01.101  INFO  tests.TestBase - Assert check is Element with text 'added successful' present
17:13:01.102  INFO  manager.ListenerWD - Before Find Element---> By.cssSelector: .dialog-container
17:13:01.139  INFO  manager.ListenerWD - After Find Element---> By.cssSelector: .dialog-container
17:13:01.150  INFO  manager.ListenerWD - Location of element ---> (583, 301)
17:13:01.169  INFO  manager.ListenerWD - Before Find Element---> By.cssSelector: .dialog-container>h2
17:13:01.190  INFO  manager.ListenerWD - After Find Element---> By.cssSelector: .dialog-container>h2
17:13:01.201  INFO  manager.ListenerWD - Location of element ---> (583, 344)
17:13:01.213  INFO  manager.ListenerWD - Before Find Element---> By.xpath: //button[text()='Search cars']
17:13:01.233  INFO  manager.ListenerWD - After Find Element---> By.xpath: //button[text()='Search cars']
17:13:01.246  INFO  manager.ListenerWD - Location of element ---> (729, 398)
17:13:01.309  INFO  tests.TestBase - Assert check is home page displayed
17:13:01.312  INFO  tests.TestBase - Name of method ---> loginSuccess
17:13:01.314  INFO  manager.ListenerWD - Before Find Element---> By.xpath: //a[text()=' Logout ']
17:13:01.337  INFO  manager.ListenerWD - After Find Element---> By.xpath: //a[text()=' Logout ']
17:13:01.337  INFO  manager.ListenerWD - List of elements is ---> 1
17:13:01.338  INFO  manager.ListenerWD - Before Find Element---> By.xpath: //a[text()=' Logout ']
17:13:01.366  INFO  manager.ListenerWD - After Find Element---> By.xpath: //a[text()=' Logout ']
17:13:01.380  INFO  manager.ListenerWD - Location of element ---> (1099, -859)
17:13:01.536  INFO  tests.TestBase - Before method finish logout
17:13:01.537  INFO  tests.TestBase - Start test name 'loginSuccess'
17:13:01.537  INFO  tests.TestBase - Test data ---> email: 'ssa@gmail.com' & password: 'Ssa12345$'
17:13:01.538  INFO  manager.ListenerWD - Before Find Element---> By.xpath: //*[text()=' Log in ']
17:13:01.559  INFO  manager.ListenerWD - After Find Element---> By.xpath: //*[text()=' Log in ']
17:13:01.574  INFO  manager.ListenerWD - Location of element ---> (1287, 24)
17:13:01.652  INFO  manager.ListenerWD - Before Find Element---> By.cssSelector: #email
17:13:01.672  INFO  manager.ListenerWD - After Find Element---> By.cssSelector: #email
17:13:01.688  INFO  manager.ListenerWD - Location of element ---> (1070, 258)
17:13:01.909  INFO  manager.ListenerWD - Before Find Element---> By.id: password
17:13:01.930  INFO  manager.ListenerWD - After Find Element---> By.id: password
17:13:01.945  INFO  manager.ListenerWD - Location of element ---> (1070, 332)
17:13:02.128  INFO  manager.ListenerWD - Before Find Element---> By.xpath: //button[@type='submit']
17:13:02.151  INFO  manager.ListenerWD - After Find Element---> By.xpath: //button[@type='submit']
17:13:02.168  INFO  manager.ListenerWD - Location of element ---> (1070, 401)
17:13:02.238  INFO  manager.ListenerWD - Before Find Element---> By.cssSelector: .dialog-container
17:13:03.551  INFO  manager.ListenerWD - After Find Element---> By.cssSelector: .dialog-container
17:13:03.567  INFO  manager.ListenerWD - Location of element ---> (618, 312)
17:13:03.587  INFO  manager.ListenerWD - Before Find Element---> By.cssSelector: .dialog-container>h2
17:13:03.609  INFO  manager.ListenerWD - After Find Element---> By.cssSelector: .dialog-container>h2
17:13:03.623  INFO  manager.ListenerWD - Location of element ---> (590, 345)
17:13:03.647  INFO  tests.TestBase - Assert check is Element present with text 'Logged in success'
17:13:03.649  INFO  manager.ListenerWD - Before Find Element---> By.cssSelector: .dialog-container
17:13:03.683  INFO  manager.ListenerWD - After Find Element---> By.cssSelector: .dialog-container
17:13:03.683  INFO  manager.ListenerWD - List of elements is ---> 1
17:13:03.685  INFO  manager.ListenerWD - Before Find Element---> By.xpath: //button[text()='Ok']
17:13:03.714  INFO  manager.ListenerWD - After Find Element---> By.xpath: //button[text()='Ok']
17:13:03.732  INFO  manager.ListenerWD - Location of element ---> (793, 398)
17:13:03.805  INFO  tests.TestBase - The window is closed
17:13:03.809  INFO  tests.TestBase - Name of method ---> loginSuccess1
17:13:03.811  INFO  manager.ListenerWD - Before Find Element---> By.xpath: //a[text()=' Logout ']
17:13:03.838  INFO  manager.ListenerWD - After Find Element---> By.xpath: //a[text()=' Logout ']
17:13:03.838  INFO  manager.ListenerWD - List of elements is ---> 1
17:13:03.839  INFO  manager.ListenerWD - Before Find Element---> By.xpath: //a[text()=' Logout ']
17:13:03.860  INFO  manager.ListenerWD - After Find Element---> By.xpath: //a[text()=' Logout ']
17:13:03.875  INFO  manager.ListenerWD - Location of element ---> (1099, 0)
17:13:04.008  INFO  tests.TestBase - Before method finish logout
17:13:04.009  INFO  tests.TestBase - Test data from object --->User{firstName='null', lastName='null', email='ssa@gmail.com', password='Ssa12345$'}
17:13:04.009  INFO  manager.ListenerWD - Before Find Element---> By.xpath: //*[text()=' Log in ']
17:13:04.031  INFO  manager.ListenerWD - After Find Element---> By.xpath: //*[text()=' Log in ']
17:13:04.045  INFO  manager.ListenerWD - Location of element ---> (1287, 24)
17:13:04.125  INFO  manager.ListenerWD - Before Find Element---> By.cssSelector: #email
17:13:04.148  INFO  manager.ListenerWD - After Find Element---> By.cssSelector: #email
17:13:04.164  INFO  manager.ListenerWD - Location of element ---> (1070, 258)
17:13:04.382  INFO  manager.ListenerWD - Before Find Element---> By.id: password
17:13:04.403  INFO  manager.ListenerWD - After Find Element---> By.id: password
17:13:04.418  INFO  manager.ListenerWD - Location of element ---> (1070, 332)
17:13:04.605  INFO  manager.ListenerWD - Before Find Element---> By.xpath: //button[@type='submit']
17:13:04.633  INFO  manager.ListenerWD - After Find Element---> By.xpath: //button[@type='submit']
17:13:04.652  INFO  manager.ListenerWD - Location of element ---> (1070, 401)
17:13:04.718  INFO  manager.ListenerWD - Before Find Element---> By.cssSelector: .dialog-container
17:13:05.005  INFO  manager.ListenerWD - After Find Element---> By.cssSelector: .dialog-container
17:13:05.021  INFO  manager.ListenerWD - Location of element ---> (636, 317)
17:13:05.040  INFO  manager.ListenerWD - Before Find Element---> By.cssSelector: .dialog-container>h2
17:13:05.059  INFO  manager.ListenerWD - After Find Element---> By.cssSelector: .dialog-container>h2
17:13:05.074  INFO  manager.ListenerWD - Location of element ---> (594, 345)
17:13:05.099  INFO  tests.TestBase - Assert check is Element present with text 'Logged in success'
17:13:05.100  INFO  manager.ListenerWD - Before Find Element---> By.cssSelector: .dialog-container
17:13:05.124  INFO  manager.ListenerWD - After Find Element---> By.cssSelector: .dialog-container
17:13:05.124  INFO  manager.ListenerWD - List of elements is ---> 1
17:13:05.124  INFO  manager.ListenerWD - Before Find Element---> By.xpath: //button[text()='Ok']
17:13:05.144  INFO  manager.ListenerWD - After Find Element---> By.xpath: //button[text()='Ok']
17:13:05.159  INFO  manager.ListenerWD - Location of element ---> (793, 398)
17:13:05.217  INFO  tests.TestBase - The window is closed
17:13:05.219  INFO  tests.TestBase - Name of method ---> loginSuccess1
17:13:05.221  INFO  manager.ListenerWD - Before Find Element---> By.xpath: //a[text()=' Logout ']
17:13:05.241  INFO  manager.ListenerWD - After Find Element---> By.xpath: //a[text()=' Logout ']
17:13:05.241  INFO  manager.ListenerWD - List of elements is ---> 1
17:13:05.241  INFO  manager.ListenerWD - Before Find Element---> By.xpath: //a[text()=' Logout ']
17:13:05.262  INFO  manager.ListenerWD - After Find Element---> By.xpath: //a[text()=' Logout ']
17:13:05.277  INFO  manager.ListenerWD - Location of element ---> (1099, 0)
17:13:05.400  INFO  tests.TestBase - Before method finish logout
17:13:05.401  INFO  tests.TestBase - Test data from object --->User{firstName='null', lastName='null', email='saa@gmail.com', password='Saa12345$'}
17:13:05.402  INFO  manager.ListenerWD - Before Find Element---> By.xpath: //*[text()=' Log in ']
17:13:05.422  INFO  manager.ListenerWD - After Find Element---> By.xpath: //*[text()=' Log in ']
17:13:05.435  INFO  manager.ListenerWD - Location of element ---> (1287, 24)
17:13:05.514  INFO  manager.ListenerWD - Before Find Element---> By.cssSelector: #email
17:13:05.538  INFO  manager.ListenerWD - After Find Element---> By.cssSelector: #email
17:13:05.552  INFO  manager.ListenerWD - Location of element ---> (1070, 258)
17:13:05.781  INFO  manager.ListenerWD - Before Find Element---> By.id: password
17:13:05.890  INFO  manager.ListenerWD - After Find Element---> By.id: password
17:13:05.905  INFO  manager.ListenerWD - Location of element ---> (1070, 332)
17:13:06.087  INFO  manager.ListenerWD - Before Find Element---> By.xpath: //button[@type='submit']
17:13:06.110  INFO  manager.ListenerWD - After Find Element---> By.xpath: //button[@type='submit']
17:13:06.124  INFO  manager.ListenerWD - Location of element ---> (1070, 401)
17:13:06.194  INFO  manager.ListenerWD - Before Find Element---> By.cssSelector: .dialog-container
17:13:06.487  INFO  manager.ListenerWD - After Find Element---> By.cssSelector: .dialog-container
17:13:06.502  INFO  manager.ListenerWD - Location of element ---> (608, 309)
17:13:06.523  INFO  manager.ListenerWD - Before Find Element---> By.cssSelector: .dialog-container>h2
17:13:06.543  INFO  manager.ListenerWD - After Find Element---> By.cssSelector: .dialog-container>h2
17:13:06.558  INFO  manager.ListenerWD - Location of element ---> (590, 345)
17:13:06.580  INFO  tests.TestBase - Assert check is Element present with text 'Logged in success'
17:13:06.582  INFO  manager.ListenerWD - Before Find Element---> By.cssSelector: .dialog-container
17:13:06.602  INFO  manager.ListenerWD - After Find Element---> By.cssSelector: .dialog-container
17:13:06.602  INFO  manager.ListenerWD - List of elements is ---> 1
17:13:06.602  INFO  manager.ListenerWD - Before Find Element---> By.xpath: //button[text()='Ok']
17:13:06.628  INFO  manager.ListenerWD - After Find Element---> By.xpath: //button[text()='Ok']
17:13:06.644  INFO  manager.ListenerWD - Location of element ---> (793, 398)
17:13:06.702  INFO  tests.TestBase - The window is closed
17:13:06.712  INFO  tests.TestBase - Name of method ---> loginSuccess1DataFromFile
17:13:06.713  INFO  manager.ListenerWD - Before Find Element---> By.xpath: //a[text()=' Logout ']
17:13:06.733  INFO  manager.ListenerWD - After Find Element---> By.xpath: //a[text()=' Logout ']
17:13:06.734  INFO  manager.ListenerWD - List of elements is ---> 1
17:13:06.734  INFO  manager.ListenerWD - Before Find Element---> By.xpath: //a[text()=' Logout ']
17:13:06.753  INFO  manager.ListenerWD - After Find Element---> By.xpath: //a[text()=' Logout ']
17:13:06.768  INFO  manager.ListenerWD - Location of element ---> (1099, 0)
17:13:06.893  INFO  tests.TestBase - Before method finish logout
17:13:06.894  INFO  tests.TestBase - Test data from object --->User{firstName='null', lastName='null', email='ssa@gmail.com', password='Ssa12345$'}
17:13:06.895  INFO  manager.ListenerWD - Before Find Element---> By.xpath: //*[text()=' Log in ']
17:13:06.915  INFO  manager.ListenerWD - After Find Element---> By.xpath: //*[text()=' Log in ']
17:13:06.929  INFO  manager.ListenerWD - Location of element ---> (1287, 24)
17:13:07.015  INFO  manager.ListenerWD - Before Find Element---> By.cssSelector: #email
17:13:07.035  INFO  manager.ListenerWD - After Find Element---> By.cssSelector: #email
17:13:07.050  INFO  manager.ListenerWD - Location of element ---> (1070, 258)
17:13:07.279  INFO  manager.ListenerWD - Before Find Element---> By.id: password
17:13:07.299  INFO  manager.ListenerWD - After Find Element---> By.id: password
17:13:07.314  INFO  manager.ListenerWD - Location of element ---> (1070, 332)
17:13:07.498  INFO  manager.ListenerWD - Before Find Element---> By.xpath: //button[@type='submit']
17:13:07.521  INFO  manager.ListenerWD - After Find Element---> By.xpath: //button[@type='submit']
17:13:07.536  INFO  manager.ListenerWD - Location of element ---> (1070, 401)
17:13:07.603  INFO  manager.ListenerWD - Before Find Element---> By.cssSelector: .dialog-container
17:13:08.588  INFO  manager.ListenerWD - After Find Element---> By.cssSelector: .dialog-container
17:13:08.605  INFO  manager.ListenerWD - Location of element ---> (607, 308)
17:13:08.626  INFO  manager.ListenerWD - Before Find Element---> By.cssSelector: .dialog-container>h2
17:13:08.646  INFO  manager.ListenerWD - After Find Element---> By.cssSelector: .dialog-container>h2
17:13:08.660  INFO  manager.ListenerWD - Location of element ---> (590, 345)
17:13:08.684  INFO  tests.TestBase - Assert check is Element present with text 'Logged in success'
17:13:08.685  INFO  manager.ListenerWD - Before Find Element---> By.cssSelector: .dialog-container
17:13:08.708  INFO  manager.ListenerWD - After Find Element---> By.cssSelector: .dialog-container
17:13:08.708  INFO  manager.ListenerWD - List of elements is ---> 1
17:13:08.708  INFO  manager.ListenerWD - Before Find Element---> By.xpath: //button[text()='Ok']
17:13:08.732  INFO  manager.ListenerWD - After Find Element---> By.xpath: //button[text()='Ok']
17:13:08.747  INFO  manager.ListenerWD - Location of element ---> (793, 398)
17:13:08.803  INFO  tests.TestBase - The window is closed
17:13:08.804  INFO  tests.TestBase - Name of method ---> loginSuccess1DataFromFile
17:13:08.805  INFO  manager.ListenerWD - Before Find Element---> By.xpath: //a[text()=' Logout ']
17:13:08.826  INFO  manager.ListenerWD - After Find Element---> By.xpath: //a[text()=' Logout ']
17:13:08.826  INFO  manager.ListenerWD - List of elements is ---> 1
17:13:08.827  INFO  manager.ListenerWD - Before Find Element---> By.xpath: //a[text()=' Logout ']
17:13:08.845  INFO  manager.ListenerWD - After Find Element---> By.xpath: //a[text()=' Logout ']
17:13:08.859  INFO  manager.ListenerWD - Location of element ---> (1099, 0)
17:13:08.988  INFO  tests.TestBase - Before method finish logout
17:13:08.989  INFO  tests.TestBase - Test data from object --->User{firstName='null', lastName='null', email='saa@gmail.com', password='Saa12345$'}
17:13:08.989  INFO  manager.ListenerWD - Before Find Element---> By.xpath: //*[text()=' Log in ']
17:13:09.010  INFO  manager.ListenerWD - After Find Element---> By.xpath: //*[text()=' Log in ']
17:13:09.024  INFO  manager.ListenerWD - Location of element ---> (1287, 24)
17:13:09.101  INFO  manager.ListenerWD - Before Find Element---> By.cssSelector: #email
17:13:09.121  INFO  manager.ListenerWD - After Find Element---> By.cssSelector: #email
17:13:09.136  INFO  manager.ListenerWD - Location of element ---> (1070, 258)
17:13:09.370  INFO  manager.ListenerWD - Before Find Element---> By.id: password
17:13:09.391  INFO  manager.ListenerWD - After Find Element---> By.id: password
17:13:09.408  INFO  manager.ListenerWD - Location of element ---> (1070, 332)
17:13:09.598  INFO  manager.ListenerWD - Before Find Element---> By.xpath: //button[@type='submit']
17:13:09.621  INFO  manager.ListenerWD - After Find Element---> By.xpath: //button[@type='submit']
17:13:09.639  INFO  manager.ListenerWD - Location of element ---> (1070, 401)
17:13:09.717  INFO  manager.ListenerWD - Before Find Element---> By.cssSelector: .dialog-container
17:13:10.010  INFO  manager.ListenerWD - After Find Element---> By.cssSelector: .dialog-container
17:13:10.026  INFO  manager.ListenerWD - Location of element ---> (619, 312)
17:13:10.046  INFO  manager.ListenerWD - Before Find Element---> By.cssSelector: .dialog-container>h2
17:13:10.065  INFO  manager.ListenerWD - After Find Element---> By.cssSelector: .dialog-container>h2
17:13:10.080  INFO  manager.ListenerWD - Location of element ---> (594, 345)
17:13:10.103  INFO  tests.TestBase - Assert check is Element present with text 'Logged in success'
17:13:10.105  INFO  manager.ListenerWD - Before Find Element---> By.cssSelector: .dialog-container
17:13:10.126  INFO  manager.ListenerWD - After Find Element---> By.cssSelector: .dialog-container
17:13:10.126  INFO  manager.ListenerWD - List of elements is ---> 1
17:13:10.126  INFO  manager.ListenerWD - Before Find Element---> By.xpath: //button[text()='Ok']
17:13:10.149  INFO  manager.ListenerWD - After Find Element---> By.xpath: //button[text()='Ok']
17:13:10.169  INFO  manager.ListenerWD - Location of element ---> (793, 398)
17:13:10.231  INFO  tests.TestBase - The window is closed
17:13:10.234  INFO  tests.TestBase - Name of method ---> loginSuccessModel
17:13:10.235  INFO  manager.ListenerWD - Before Find Element---> By.xpath: //a[text()=' Logout ']
17:13:10.262  INFO  manager.ListenerWD - After Find Element---> By.xpath: //a[text()=' Logout ']
17:13:10.262  INFO  manager.ListenerWD - List of elements is ---> 1
17:13:10.263  INFO  manager.ListenerWD - Before Find Element---> By.xpath: //a[text()=' Logout ']
17:13:10.286  INFO  manager.ListenerWD - After Find Element---> By.xpath: //a[text()=' Logout ']
17:13:10.302  INFO  manager.ListenerWD - Location of element ---> (1099, 0)
17:13:10.435  INFO  tests.TestBase - Before method finish logout
17:13:10.437  INFO  tests.TestBase - Test data ---> email: 'ssa@gmail.com' & password: 'Ssa12345$'
17:13:10.437  INFO  manager.ListenerWD - Before Find Element---> By.xpath: //*[text()=' Log in ']
17:13:10.457  INFO  manager.ListenerWD - After Find Element---> By.xpath: //*[text()=' Log in ']
17:13:10.470  INFO  manager.ListenerWD - Location of element ---> (1287, 24)
17:13:10.551  INFO  manager.ListenerWD - Before Find Element---> By.cssSelector: #email
17:13:10.571  INFO  manager.ListenerWD - After Find Element---> By.cssSelector: #email
17:13:10.589  INFO  manager.ListenerWD - Location of element ---> (1070, 258)
17:13:10.822  INFO  manager.ListenerWD - Before Find Element---> By.id: password
17:13:10.843  INFO  manager.ListenerWD - After Find Element---> By.id: password
17:13:10.858  INFO  manager.ListenerWD - Location of element ---> (1070, 332)
17:13:11.039  INFO  manager.ListenerWD - Before Find Element---> By.xpath: //button[@type='submit']
17:13:11.063  INFO  manager.ListenerWD - After Find Element---> By.xpath: //button[@type='submit']
17:13:11.081  INFO  manager.ListenerWD - Location of element ---> (1070, 401)
17:13:11.152  INFO  manager.ListenerWD - Before Find Element---> By.cssSelector: .dialog-container
17:13:11.460  INFO  manager.ListenerWD - After Find Element---> By.cssSelector: .dialog-container
17:13:11.478  INFO  manager.ListenerWD - Location of element ---> (618, 312)
17:13:11.504  INFO  manager.ListenerWD - Before Find Element---> By.cssSelector: .dialog-container>h2
17:13:11.526  INFO  manager.ListenerWD - After Find Element---> By.cssSelector: .dialog-container>h2
17:13:11.539  INFO  manager.ListenerWD - Location of element ---> (590, 345)
17:13:11.563  INFO  tests.TestBase - Assert check is Element present with text 'Logged in success'
17:13:11.564  INFO  manager.ListenerWD - Before Find Element---> By.cssSelector: .dialog-container
17:13:11.584  INFO  manager.ListenerWD - After Find Element---> By.cssSelector: .dialog-container
17:13:11.585  INFO  manager.ListenerWD - List of elements is ---> 1
17:13:11.585  INFO  manager.ListenerWD - Before Find Element---> By.xpath: //button[text()='Ok']
17:13:11.606  INFO  manager.ListenerWD - After Find Element---> By.xpath: //button[text()='Ok']
17:13:11.619  INFO  manager.ListenerWD - Location of element ---> (793, 398)
17:13:11.678  INFO  tests.TestBase - The window is closed
17:13:11.680  INFO  tests.TestBase - Name of method ---> loginUnregisteredUser
17:13:11.681  INFO  manager.ListenerWD - Before Find Element---> By.xpath: //a[text()=' Logout ']
17:13:11.700  INFO  manager.ListenerWD - After Find Element---> By.xpath: //a[text()=' Logout ']
17:13:11.700  INFO  manager.ListenerWD - List of elements is ---> 1
17:13:11.700  INFO  manager.ListenerWD - Before Find Element---> By.xpath: //a[text()=' Logout ']
17:13:11.720  INFO  manager.ListenerWD - After Find Element---> By.xpath: //a[text()=' Logout ']
17:13:11.734  INFO  manager.ListenerWD - Location of element ---> (1099, 0)
17:13:11.864  INFO  tests.TestBase - Before method finish logout
17:13:11.865  INFO  tests.TestBase - Test data ---> email: 'abc@gmail.com' & password: 'Abc12345$'
17:13:11.865  INFO  manager.ListenerWD - Before Find Element---> By.xpath: //*[text()=' Log in ']
17:13:11.884  INFO  manager.ListenerWD - After Find Element---> By.xpath: //*[text()=' Log in ']
17:13:11.898  INFO  manager.ListenerWD - Location of element ---> (1287, 24)
17:13:11.975  INFO  manager.ListenerWD - Before Find Element---> By.cssSelector: #email
17:13:11.993  INFO  manager.ListenerWD - After Find Element---> By.cssSelector: #email
17:13:12.007  INFO  manager.ListenerWD - Location of element ---> (1070, 258)
17:13:12.230  INFO  manager.ListenerWD - Before Find Element---> By.id: password
17:13:12.251  INFO  manager.ListenerWD - After Find Element---> By.id: password
17:13:12.266  INFO  manager.ListenerWD - Location of element ---> (1070, 332)
17:13:12.452  INFO  manager.ListenerWD - Before Find Element---> By.xpath: //button[@type='submit']
17:13:12.471  INFO  manager.ListenerWD - After Find Element---> By.xpath: //button[@type='submit']
17:13:12.489  INFO  manager.ListenerWD - Location of element ---> (1070, 401)
17:13:12.562  INFO  manager.ListenerWD - Before Find Element---> By.cssSelector: .dialog-container
17:13:13.674  INFO  manager.ListenerWD - After Find Element---> By.cssSelector: .dialog-container
17:13:13.693  INFO  manager.ListenerWD - Location of element ---> (618, 312)
17:13:13.713  INFO  manager.ListenerWD - Before Find Element---> By.cssSelector: .dialog-container>h2
17:13:13.733  INFO  manager.ListenerWD - After Find Element---> By.cssSelector: .dialog-container>h2
17:13:13.748  INFO  manager.ListenerWD - Location of element ---> (590, 345)
17:13:13.771  INFO  tests.TestBase - Assert check is Error present with text '"Login or Password incorrect"'
17:13:13.771  INFO  manager.ListenerWD - Before Find Element---> By.cssSelector: .dialog-container
17:13:13.790  INFO  manager.ListenerWD - After Find Element---> By.cssSelector: .dialog-container
17:13:13.790  INFO  manager.ListenerWD - List of elements is ---> 1
17:13:13.791  INFO  manager.ListenerWD - Before Find Element---> By.xpath: //button[text()='Ok']
17:13:13.810  INFO  manager.ListenerWD - After Find Element---> By.xpath: //button[text()='Ok']
17:13:13.828  INFO  manager.ListenerWD - Location of element ---> (793, 398)
17:13:13.890  INFO  tests.TestBase - The window is closed
17:13:13.892  INFO  tests.TestBase - Name of method ---> loginWrongEmail
17:13:13.894  INFO  manager.ListenerWD - Before Find Element---> By.xpath: //a[text()=' Logout ']
17:13:18.925  INFO  manager.ListenerWD - After Find Element---> By.xpath: //a[text()=' Logout ']
17:13:18.925  INFO  manager.ListenerWD - List of elements is ---> 0
17:13:20.017  INFO  manager.HelperBase - Refresh
17:13:20.018  INFO  tests.TestBase - Test data --->User{firstName='null', lastName='null', email='ssagmail.com', password='Ssa12345$'}
17:13:20.018  INFO  manager.ListenerWD - Before Find Element---> By.xpath: //*[text()=' Log in ']
17:13:20.041  INFO  manager.ListenerWD - After Find Element---> By.xpath: //*[text()=' Log in ']
17:13:20.058  INFO  manager.ListenerWD - Location of element ---> (1287, 24)
17:13:20.141  INFO  manager.ListenerWD - Before Find Element---> By.cssSelector: #email
17:13:20.198  INFO  manager.ListenerWD - After Find Element---> By.cssSelector: #email
17:13:20.230  INFO  manager.ListenerWD - Location of element ---> (1070, 258)
17:13:20.465  INFO  manager.ListenerWD - Before Find Element---> By.id: password
17:13:20.488  INFO  manager.ListenerWD - After Find Element---> By.id: password
17:13:20.509  INFO  manager.ListenerWD - Location of element ---> (1070, 332)
17:13:20.716  INFO  manager.ListenerWD - Before Find Element---> By.xpath: //button[@type='submit']
17:13:20.738  INFO  manager.ListenerWD - After Find Element---> By.xpath: //button[@type='submit']
17:13:20.753  INFO  manager.ListenerWD - Location of element ---> (1070, 421)
17:13:20.811  INFO  manager.ListenerWD - Before Find Element---> By.cssSelector: .error
17:13:20.837  INFO  manager.ListenerWD - After Find Element---> By.cssSelector: .error
17:13:20.852  INFO  manager.ListenerWD - Location of element ---> (1070, 302)
17:13:20.880  INFO  tests.TestBase - Assert check is Error present with text 'It'snot look like email'
17:13:20.880  INFO  manager.ListenerWD - Before Find Element---> By.xpath: //button[@disabled]
17:13:20.908  INFO  manager.ListenerWD - After Find Element---> By.xpath: //button[@disabled]
17:13:20.908  INFO  manager.ListenerWD - List of elements is ---> 1
17:13:20.908  INFO  manager.ListenerWD - Before Find Element---> By.cssSelector: button[type = 'submit']
17:13:20.932  INFO  manager.ListenerWD - After Find Element---> By.cssSelector: button[type = 'submit']
17:13:20.942  INFO  manager.ListenerWD - Location of element ---> (1070, 421)
17:13:20.955  INFO  tests.TestBase - Assert check is Element button 'Yalla' not clickable
17:13:20.957  INFO  manager.ListenerWD - Before Find Element---> By.cssSelector: .dialog-container
17:13:25.982  INFO  manager.ListenerWD - After Find Element---> By.cssSelector: .dialog-container
17:13:25.982  INFO  manager.ListenerWD - List of elements is ---> 0
17:13:25.989  INFO  tests.TestBase - Name of method ---> loginWrongEmail
17:13:25.990  INFO  manager.ListenerWD - Before Find Element---> By.xpath: //a[text()=' Logout ']
17:13:31.015  INFO  manager.ListenerWD - After Find Element---> By.xpath: //a[text()=' Logout ']
17:13:31.015  INFO  manager.ListenerWD - List of elements is ---> 0
17:13:31.406  INFO  manager.HelperBase - Refresh
17:13:31.407  INFO  tests.TestBase - Test data --->User{firstName='null', lastName='null', email='@gmail.com', password='Ssa12345$'}
17:13:31.407  INFO  manager.ListenerWD - Before Find Element---> By.xpath: //*[text()=' Log in ']
17:13:31.431  INFO  manager.ListenerWD - After Find Element---> By.xpath: //*[text()=' Log in ']
17:13:31.452  INFO  manager.ListenerWD - Location of element ---> (1287, 24)
17:13:31.546  INFO  manager.ListenerWD - Before Find Element---> By.cssSelector: #email
17:13:31.602  INFO  manager.ListenerWD - After Find Element---> By.cssSelector: #email
17:13:31.623  INFO  manager.ListenerWD - Location of element ---> (1070, 258)
17:13:31.861  INFO  manager.ListenerWD - Before Find Element---> By.id: password
17:13:31.887  INFO  manager.ListenerWD - After Find Element---> By.id: password
17:13:31.906  INFO  manager.ListenerWD - Location of element ---> (1070, 332)
17:13:32.120  INFO  manager.ListenerWD - Before Find Element---> By.xpath: //button[@type='submit']
17:13:32.143  INFO  manager.ListenerWD - After Find Element---> By.xpath: //button[@type='submit']
17:13:32.160  INFO  manager.ListenerWD - Location of element ---> (1070, 421)
17:13:32.227  INFO  manager.ListenerWD - Before Find Element---> By.cssSelector: .error
17:13:32.247  INFO  manager.ListenerWD - After Find Element---> By.cssSelector: .error
17:13:32.263  INFO  manager.ListenerWD - Location of element ---> (1070, 302)
17:13:32.299  INFO  tests.TestBase - Assert check is Error present with text 'It'snot look like email'
17:13:32.300  INFO  manager.ListenerWD - Before Find Element---> By.xpath: //button[@disabled]
17:13:32.325  INFO  manager.ListenerWD - After Find Element---> By.xpath: //button[@disabled]
17:13:32.325  INFO  manager.ListenerWD - List of elements is ---> 1
17:13:32.325  INFO  manager.ListenerWD - Before Find Element---> By.cssSelector: button[type = 'submit']
17:13:32.350  INFO  manager.ListenerWD - After Find Element---> By.cssSelector: button[type = 'submit']
17:13:32.362  INFO  manager.ListenerWD - Location of element ---> (1070, 421)
17:13:32.374  INFO  tests.TestBase - Assert check is Element button 'Yalla' not clickable
17:13:32.379  INFO  manager.ListenerWD - Before Find Element---> By.cssSelector: .dialog-container
17:13:37.427  INFO  manager.ListenerWD - After Find Element---> By.cssSelector: .dialog-container
17:13:37.427  INFO  manager.ListenerWD - List of elements is ---> 0
17:13:37.430  INFO  tests.TestBase - Name of method ---> loginWrongEmailEmpty
17:13:37.431  INFO  manager.ListenerWD - Before Find Element---> By.xpath: //a[text()=' Logout ']
17:13:42.457  INFO  manager.ListenerWD - After Find Element---> By.xpath: //a[text()=' Logout ']
17:13:42.457  INFO  manager.ListenerWD - List of elements is ---> 0
17:13:43.822  INFO  manager.HelperBase - Refresh
17:13:43.823  INFO  tests.TestBase - Test data --->User{firstName='null', lastName='null', email='', password='Ssa12345$'}
17:13:43.823  INFO  manager.ListenerWD - Before Find Element---> By.xpath: //*[text()=' Log in ']
17:13:43.851  INFO  manager.ListenerWD - After Find Element---> By.xpath: //*[text()=' Log in ']
17:13:43.872  INFO  manager.ListenerWD - Location of element ---> (1287, 24)
17:13:43.954  INFO  manager.ListenerWD - Before Find Element---> By.cssSelector: #email
17:13:43.996  INFO  manager.ListenerWD - After Find Element---> By.cssSelector: #email
17:13:44.010  INFO  manager.ListenerWD - Location of element ---> (1070, 258)
17:13:44.202  INFO  manager.ListenerWD - Before Find Element---> By.id: password
17:13:44.224  INFO  manager.ListenerWD - After Find Element---> By.id: password
17:13:44.246  INFO  manager.ListenerWD - Location of element ---> (1070, 332)
17:13:44.456  INFO  manager.ListenerWD - Before Find Element---> By.xpath: //button[@type='submit']
17:13:44.481  INFO  manager.ListenerWD - After Find Element---> By.xpath: //button[@type='submit']
17:13:44.498  INFO  manager.ListenerWD - Location of element ---> (1070, 421)
17:13:44.560  INFO  manager.ListenerWD - Before Find Element---> By.cssSelector: .error
17:13:44.583  INFO  manager.ListenerWD - After Find Element---> By.cssSelector: .error
17:13:44.599  INFO  manager.ListenerWD - Location of element ---> (1070, 302)
17:13:44.627  INFO  tests.TestBase - Assert check is Error present with text 'Email is required'
17:13:44.629  INFO  manager.ListenerWD - Before Find Element---> By.cssSelector: .dialog-container
17:13:49.640  INFO  manager.ListenerWD - After Find Element---> By.cssSelector: .dialog-container
17:13:49.640  INFO  manager.ListenerWD - List of elements is ---> 0
17:13:49.641  INFO  tests.TestBase - Name of method ---> loginWrongPassword
17:13:49.642  INFO  manager.ListenerWD - Before Find Element---> By.xpath: //a[text()=' Logout ']
17:13:54.649  INFO  manager.ListenerWD - After Find Element---> By.xpath: //a[text()=' Logout ']
17:13:54.649  INFO  manager.ListenerWD - List of elements is ---> 0
17:13:55.026  INFO  manager.HelperBase - Refresh
17:13:55.027  INFO  tests.TestBase - Test data ---> email: 'ssa@gmail.com' & password: 'Ssa'
17:13:55.027  INFO  manager.ListenerWD - Before Find Element---> By.xpath: //*[text()=' Log in ']
17:13:55.048  INFO  manager.ListenerWD - After Find Element---> By.xpath: //*[text()=' Log in ']
17:13:55.067  INFO  manager.ListenerWD - Location of element ---> (1287, 24)
17:13:55.165  INFO  manager.ListenerWD - Before Find Element---> By.cssSelector: #email
17:13:55.186  INFO  manager.ListenerWD - After Find Element---> By.cssSelector: #email
17:13:55.201  INFO  manager.ListenerWD - Location of element ---> (1070, 258)
17:13:55.465  INFO  manager.ListenerWD - Before Find Element---> By.id: password
17:13:55.484  INFO  manager.ListenerWD - After Find Element---> By.id: password
17:13:55.501  INFO  manager.ListenerWD - Location of element ---> (1070, 332)
17:13:55.677  INFO  manager.ListenerWD - Before Find Element---> By.xpath: //button[@type='submit']
17:13:55.698  INFO  manager.ListenerWD - After Find Element---> By.xpath: //button[@type='submit']
17:13:55.714  INFO  manager.ListenerWD - Location of element ---> (1070, 401)
17:13:55.784  INFO  manager.ListenerWD - Before Find Element---> By.cssSelector: .dialog-container
17:13:56.227  INFO  manager.ListenerWD - After Find Element---> By.cssSelector: .dialog-container
17:13:56.242  INFO  manager.ListenerWD - Location of element ---> (618, 312)
17:13:56.266  INFO  manager.ListenerWD - Before Find Element---> By.cssSelector: .dialog-container>h2
17:13:56.290  INFO  manager.ListenerWD - After Find Element---> By.cssSelector: .dialog-container>h2
17:13:56.303  INFO  manager.ListenerWD - Location of element ---> (590, 345)
17:13:56.328  INFO  tests.TestBase - Assert check is Error present with text '"Login or Password incorrect"'
17:13:56.329  INFO  manager.ListenerWD - Before Find Element---> By.cssSelector: .dialog-container
17:13:56.347  INFO  manager.ListenerWD - After Find Element---> By.cssSelector: .dialog-container
17:13:56.347  INFO  manager.ListenerWD - List of elements is ---> 1
17:13:56.347  INFO  manager.ListenerWD - Before Find Element---> By.xpath: //button[text()='Ok']
17:13:56.375  INFO  manager.ListenerWD - After Find Element---> By.xpath: //button[text()='Ok']
17:13:56.391  INFO  manager.ListenerWD - Location of element ---> (793, 398)
17:13:56.448  INFO  tests.TestBase - The window is closed
17:13:56.450  INFO  tests.TestBase - Name of method ---> loginWrongPasswordEmpty
17:13:56.451  INFO  manager.ListenerWD - Before Find Element---> By.xpath: //a[text()=' Logout ']
17:14:01.488  INFO  manager.ListenerWD - After Find Element---> By.xpath: //a[text()=' Logout ']
17:14:01.489  INFO  manager.ListenerWD - List of elements is ---> 0
17:14:01.888  INFO  manager.HelperBase - Refresh
17:14:01.890  INFO  tests.TestBase - Test data ---> email: 'ssa@gmail.com' & password: ''
17:14:01.890  INFO  manager.ListenerWD - Before Find Element---> By.xpath: //*[text()=' Log in ']
17:14:01.910  INFO  manager.ListenerWD - After Find Element---> By.xpath: //*[text()=' Log in ']
17:14:01.926  INFO  manager.ListenerWD - Location of element ---> (1287, 24)
17:14:02.007  INFO  manager.ListenerWD - Before Find Element---> By.cssSelector: #email
17:14:02.044  INFO  manager.ListenerWD - After Find Element---> By.cssSelector: #email
17:14:02.058  INFO  manager.ListenerWD - Location of element ---> (1070, 258)
17:14:02.277  INFO  manager.ListenerWD - Before Find Element---> By.id: password
17:14:02.297  INFO  manager.ListenerWD - After Find Element---> By.id: password
17:14:02.312  INFO  manager.ListenerWD - Location of element ---> (1070, 332)
17:14:02.461  INFO  manager.ListenerWD - Before Find Element---> By.xpath: //button[@type='submit']
17:14:02.481  INFO  manager.ListenerWD - After Find Element---> By.xpath: //button[@type='submit']
17:14:02.498  INFO  manager.ListenerWD - Location of element ---> (1070, 401)
17:14:02.558  INFO  manager.ListenerWD - Before Find Element---> By.xpath: //button[@disabled]
17:14:02.582  INFO  manager.ListenerWD - After Find Element---> By.xpath: //button[@disabled]
17:14:02.582  INFO  manager.ListenerWD - List of elements is ---> 1
17:14:02.582  INFO  manager.ListenerWD - Before Find Element---> By.cssSelector: button[type = 'submit']
17:14:02.610  INFO  manager.ListenerWD - After Find Element---> By.cssSelector: button[type = 'submit']
17:14:02.625  INFO  manager.ListenerWD - Location of element ---> (1070, 401)
17:14:02.643  INFO  tests.TestBase - Assert check is Element button 'Yalla' not clickable
17:14:02.645  INFO  manager.ListenerWD - Before Find Element---> By.cssSelector: .dialog-container
17:14:07.661  INFO  manager.ListenerWD - After Find Element---> By.cssSelector: .dialog-container
17:14:07.661  INFO  manager.ListenerWD - List of elements is ---> 0
17:14:07.663  INFO  tests.TestBase - Name of method ---> registrationCheckboxUnchecked
17:14:10.672  INFO  manager.ListenerWD - Before Find Element---> By.xpath: //a[text()=' Logout ']
17:14:15.687  INFO  manager.ListenerWD - After Find Element---> By.xpath: //a[text()=' Logout ']
17:14:15.687  INFO  manager.ListenerWD - List of elements is ---> 0
17:14:15.688  INFO  manager.ListenerWD - Before Find Element---> By.xpath: //a[text()=' Sign up ']
17:14:15.715  INFO  manager.ListenerWD - After Find Element---> By.xpath: //a[text()=' Sign up ']
17:14:15.733  INFO  manager.ListenerWD - Location of element ---> (1166, 24)
17:14:15.857  INFO  manager.ListenerWD - Before Find Element---> By.id: name
17:14:15.883  INFO  manager.ListenerWD - After Find Element---> By.id: name
17:14:15.897  INFO  manager.ListenerWD - Location of element ---> (1070, 258)
17:14:16.078  INFO  manager.ListenerWD - Before Find Element---> By.id: lastName
17:14:16.106  INFO  manager.ListenerWD - After Find Element---> By.id: lastName
17:14:16.121  INFO  manager.ListenerWD - Location of element ---> (1070, 332)
17:14:16.298  INFO  manager.ListenerWD - Before Find Element---> By.id: email
17:14:16.317  INFO  manager.ListenerWD - After Find Element---> By.id: email
17:14:16.333  INFO  manager.ListenerWD - Location of element ---> (1070, 406)
17:14:16.595  INFO  manager.ListenerWD - Before Find Element---> By.id: password
17:14:16.627  INFO  manager.ListenerWD - After Find Element---> By.id: password
17:14:16.643  INFO  manager.ListenerWD - Location of element ---> (1070, 480)
17:14:16.839  INFO  manager.ListenerWD - Before Find Element---> By.xpath: //button[@type='submit']
17:14:16.858  INFO  manager.ListenerWD - After Find Element---> By.xpath: //button[@type='submit']
17:14:16.878  INFO  manager.ListenerWD - Location of element ---> (1070, 582)
17:14:16.939  INFO  manager.ListenerWD - Before Find Element---> By.xpath: //button[@disabled]
17:14:16.958  INFO  manager.ListenerWD - After Find Element---> By.xpath: //button[@disabled]
17:14:16.958  INFO  manager.ListenerWD - List of elements is ---> 1
17:14:16.958  INFO  manager.ListenerWD - Before Find Element---> By.cssSelector: button[type = 'submit']
17:14:16.974  INFO  manager.ListenerWD - After Find Element---> By.cssSelector: button[type = 'submit']
17:14:16.987  INFO  manager.ListenerWD - Location of element ---> (1070, 582)
17:14:17.004  INFO  manager.ListenerWD - Before Find Element---> By.cssSelector: .dialog-container
17:14:22.062  INFO  manager.ListenerWD - After Find Element---> By.cssSelector: .dialog-container
17:14:22.063  INFO  manager.ListenerWD - List of elements is ---> 0
17:14:22.138  INFO  tests.TestBase - Name of method ---> registrationRegisteredUser
17:14:25.150  INFO  manager.ListenerWD - Before Find Element---> By.xpath: //a[text()=' Logout ']
17:14:30.175  INFO  manager.ListenerWD - After Find Element---> By.xpath: //a[text()=' Logout ']
17:14:30.176  INFO  manager.ListenerWD - List of elements is ---> 0
17:14:30.176  INFO  manager.ListenerWD - Before Find Element---> By.xpath: //a[text()=' Sign up ']
17:14:30.195  INFO  manager.ListenerWD - After Find Element---> By.xpath: //a[text()=' Sign up ']
17:14:30.206  INFO  manager.ListenerWD - Location of element ---> (1166, 24)
17:14:30.300  INFO  manager.ListenerWD - Before Find Element---> By.id: name
17:14:30.321  INFO  manager.ListenerWD - After Find Element---> By.id: name
17:14:30.334  INFO  manager.ListenerWD - Location of element ---> (1070, 258)
17:14:30.506  INFO  manager.ListenerWD - Before Find Element---> By.id: lastName
17:14:30.524  INFO  manager.ListenerWD - After Find Element---> By.id: lastName
17:14:30.545  INFO  manager.ListenerWD - Location of element ---> (1070, 332)
17:14:30.730  INFO  manager.ListenerWD - Before Find Element---> By.id: email
17:14:30.753  INFO  manager.ListenerWD - After Find Element---> By.id: email
17:14:30.770  INFO  manager.ListenerWD - Location of element ---> (1070, 406)
17:14:31.027  INFO  manager.ListenerWD - Before Find Element---> By.id: password
17:14:31.050  INFO  manager.ListenerWD - After Find Element---> By.id: password
17:14:31.066  INFO  manager.ListenerWD - Location of element ---> (1070, 480)
17:14:31.294  INFO  manager.ListenerWD - Before Find Element---> By.id: terms-of-use
17:14:31.322  INFO  manager.ListenerWD - After Find Element---> By.id: terms-of-use
17:14:31.336  INFO  manager.ListenerWD - Location of element ---> (1074, 541)
17:14:31.354  INFO  manager.ListenerWD - Before Find Element---> By.cssSelector: label[for='terms-of-use']
17:14:31.382  INFO  manager.ListenerWD - After Find Element---> By.cssSelector: label[for='terms-of-use']
17:14:31.397  INFO  manager.ListenerWD - Location of element ---> (1070, 538)
17:14:31.592  INFO  manager.ListenerWD - Before Find Element---> By.xpath: //button[@type='submit']
17:14:31.613  INFO  manager.ListenerWD - After Find Element---> By.xpath: //button[@type='submit']
17:14:31.628  INFO  manager.ListenerWD - Location of element ---> (1070, 582)
17:14:31.693  INFO  manager.ListenerWD - Before Find Element---> By.cssSelector: .dialog-container
17:14:32.092  INFO  manager.ListenerWD - After Find Element---> By.cssSelector: .dialog-container
17:14:32.107  INFO  manager.ListenerWD - Location of element ---> (608, 309)
17:14:32.132  INFO  manager.ListenerWD - Before Find Element---> By.cssSelector: .dialog-container>h2
17:14:32.148  INFO  manager.ListenerWD - After Find Element---> By.cssSelector: .dialog-container>h2
17:14:32.162  INFO  manager.ListenerWD - Location of element ---> (590, 345)
17:14:32.185  INFO  manager.ListenerWD - Before Find Element---> By.cssSelector: .dialog-container
17:14:32.203  INFO  manager.ListenerWD - After Find Element---> By.cssSelector: .dialog-container
17:14:32.203  INFO  manager.ListenerWD - List of elements is ---> 1
17:14:32.203  INFO  manager.ListenerWD - Before Find Element---> By.xpath: //button[text()='Ok']
17:14:32.221  INFO  manager.ListenerWD - After Find Element---> By.xpath: //button[text()='Ok']
17:14:32.237  INFO  manager.ListenerWD - Location of element ---> (793, 398)
17:14:32.347  INFO  tests.TestBase - Name of method ---> registrationSuccess
17:14:35.359  INFO  manager.ListenerWD - Before Find Element---> By.xpath: //a[text()=' Logout ']
17:14:40.383  INFO  manager.ListenerWD - After Find Element---> By.xpath: //a[text()=' Logout ']
17:14:40.383  INFO  manager.ListenerWD - List of elements is ---> 0
17:14:40.384  INFO  manager.ListenerWD - Before Find Element---> By.xpath: //a[text()=' Sign up ']
17:14:40.404  INFO  manager.ListenerWD - After Find Element---> By.xpath: //a[text()=' Sign up ']
17:14:40.413  INFO  manager.ListenerWD - Location of element ---> (1166, 24)
17:14:40.509  INFO  manager.ListenerWD - Before Find Element---> By.id: name
17:14:40.532  INFO  manager.ListenerWD - After Find Element---> By.id: name
17:14:40.544  INFO  manager.ListenerWD - Location of element ---> (1070, 258)
17:14:40.745  INFO  manager.ListenerWD - Before Find Element---> By.id: lastName
17:14:40.762  INFO  manager.ListenerWD - After Find Element---> By.id: lastName
17:14:40.779  INFO  manager.ListenerWD - Location of element ---> (1070, 332)
17:14:40.975  INFO  manager.ListenerWD - Before Find Element---> By.id: email
17:14:40.995  INFO  manager.ListenerWD - After Find Element---> By.id: email
17:14:41.008  INFO  manager.ListenerWD - Location of element ---> (1070, 406)
17:14:41.263  INFO  manager.ListenerWD - Before Find Element---> By.id: password
17:14:41.297  INFO  manager.ListenerWD - After Find Element---> By.id: password
17:14:41.311  INFO  manager.ListenerWD - Location of element ---> (1070, 480)
17:14:41.497  INFO  manager.ListenerWD - Before Find Element---> By.id: terms-of-use
17:14:41.514  INFO  manager.ListenerWD - After Find Element---> By.id: terms-of-use
17:14:41.531  INFO  manager.ListenerWD - Location of element ---> (1074, 541)
17:14:41.549  INFO  manager.ListenerWD - Before Find Element---> By.cssSelector: label[for='terms-of-use']
17:14:41.569  INFO  manager.ListenerWD - After Find Element---> By.cssSelector: label[for='terms-of-use']
17:14:41.582  INFO  manager.ListenerWD - Location of element ---> (1070, 538)
17:14:41.738  INFO  manager.ListenerWD - Before Find Element---> By.xpath: //button[@type='submit']
17:14:41.755  INFO  manager.ListenerWD - After Find Element---> By.xpath: //button[@type='submit']
17:14:41.769  INFO  manager.ListenerWD - Location of element ---> (1070, 582)
17:14:41.829  INFO  manager.ListenerWD - Before Find Element---> By.cssSelector: .dialog-container
17:14:42.167  INFO  manager.ListenerWD - After Find Element---> By.cssSelector: .dialog-container
17:14:42.180  INFO  manager.ListenerWD - Location of element ---> (608, 309)
17:14:42.203  INFO  manager.ListenerWD - Before Find Element---> By.cssSelector: .dialog-container>h2
17:14:42.220  INFO  manager.ListenerWD - After Find Element---> By.cssSelector: .dialog-container>h2
17:14:42.235  INFO  manager.ListenerWD - Location of element ---> (590, 345)
17:14:42.258  INFO  manager.ListenerWD - Before Find Element---> By.cssSelector: .dialog-container
17:14:42.275  INFO  manager.ListenerWD - After Find Element---> By.cssSelector: .dialog-container
17:14:42.276  INFO  manager.ListenerWD - List of elements is ---> 1
17:14:42.276  INFO  manager.ListenerWD - Before Find Element---> By.xpath: //button[text()='Ok']
17:14:42.298  INFO  manager.ListenerWD - After Find Element---> By.xpath: //button[text()='Ok']
17:14:42.312  INFO  manager.ListenerWD - Location of element ---> (793, 398)
17:14:42.465  INFO  tests.TestBase - Name of method ---> registrationWrongEmail
17:14:45.480  INFO  manager.ListenerWD - Before Find Element---> By.xpath: //a[text()=' Logout ']
17:14:45.500  INFO  manager.ListenerWD - After Find Element---> By.xpath: //a[text()=' Logout ']
17:14:45.501  INFO  manager.ListenerWD - List of elements is ---> 1
17:14:45.501  INFO  manager.ListenerWD - Before Find Element---> By.xpath: //a[text()=' Logout ']
17:14:45.524  INFO  manager.ListenerWD - After Find Element---> By.xpath: //a[text()=' Logout ']
17:14:45.537  INFO  manager.ListenerWD - Location of element ---> (1099, 0)
17:14:46.628  INFO  manager.ListenerWD - Huston we have a problem
17:14:46.628  INFO  manager.ListenerWD - Object target ---> [[ChromeDriver: chrome on WINDOWS (e8b6c7b5b30ffe1eb4e6134eb6f27b44)] -> xpath: //a[text()=' Logout ']]
17:14:46.628  INFO  manager.ListenerWD - ********************
17:14:46.628  INFO  manager.ListenerWD - Method name--->click
17:14:46.628  INFO  manager.ListenerWD - ********************
17:14:46.628  INFO  manager.ListenerWD - ********************
17:14:46.628  INFO  manager.ListenerWD - ********************
17:14:46.629  INFO  manager.ListenerWD - ********************
17:14:46.630  INFO  manager.ListenerWD - InvocationTargetException3org.openqa.selenium.ElementClickInterceptedException: element click intercepted: Element <a _ngcontent-xif-c44="" class="navigation-link ng-star-inserted" ng-reflect-query-params="[object Object]" ng-reflect-router-link="logout" href="/logout?url=%2Fsearch">...</a> is not clickable at point (1126, 9). Other element would receive the click: <div class="cdk-overlay-backdrop cdk-overlay-dark-backdrop cdk-overlay-backdrop-showing"></div>
  (Session info: chrome=112.0.5615.138)
Build info: version: '4.7.0', revision: '0a5b49d16f'
System info: os.name: 'Windows 10', os.arch: 'amd64', os.version: '10.0', java.version: '1.8.0_361'
Driver info: org.openqa.selenium.chrome.ChromeDriver
Command: [e8b6c7b5b30ffe1eb4e6134eb6f27b44, clickElement {id=73283b20-1de7-4e0d-a6a8-f348d5656d93}]
Capabilities {acceptInsecureCerts: false, browserName: chrome, browserVersion: 112.0.5615.138, chrome: {chromedriverVersion: 112.0.5615.49 (bd2a7bcb881c..., userDataDir: C:\Users\honor\AppData\Loca...}, goog:chromeOptions: {debuggerAddress: localhost:59014}, networkConnectionEnabled: false, pageLoadStrategy: normal, platformName: WINDOWS, proxy: Proxy(), se:cdp: ws://localhost:59014/devtoo..., se:cdpVersion: 112.0.5615.138, setWindowRect: true, strictFileInteractability: false, timeouts: {implicit: 0, pageLoad: 300000, script: 30000}, unhandledPromptBehavior: dismiss and notify, webauthn:extension:credBlob: true, webauthn:extension:largeBlob: true, webauthn:extension:minPinLength: true, webauthn:extension:prf: true, webauthn:virtualAuthenticators: true}
Element: [[ChromeDriver: chrome on WINDOWS (e8b6c7b5b30ffe1eb4e6134eb6f27b44)] -> xpath: //a[text()=' Logout ']]
Session ID: e8b6c7b5b30ffe1eb4e6134eb6f27b44
17:14:46.631  INFO  manager.ListenerWD - ********************
17:14:46.631  INFO  manager.ListenerWD - Screen with error is--->src/test/screenshots/screen-595.png
17:14:46.649  INFO  tests.TestBase - Name of method ---> negativeSearch
17:14:46.649  INFO  manager.ListenerWD - Before Find Element---> By.cssSelector: a.logo
17:14:46.684  INFO  manager.ListenerWD - After Find Element---> By.cssSelector: a.logo
17:14:46.705  INFO  manager.ListenerWD - Location of element ---> (153, -8)
17:14:47.789  INFO  manager.ListenerWD - Huston we have a problem
17:14:47.789  INFO  manager.ListenerWD - Object target ---> [[ChromeDriver: chrome on WINDOWS (e8b6c7b5b30ffe1eb4e6134eb6f27b44)] -> css selector: a.logo]
17:14:47.789  INFO  manager.ListenerWD - ********************
17:14:47.789  INFO  manager.ListenerWD - Method name--->click
17:14:47.789  INFO  manager.ListenerWD - ********************
17:14:47.789  INFO  manager.ListenerWD - ********************
17:14:47.789  INFO  manager.ListenerWD - ********************
17:14:47.789  INFO  manager.ListenerWD - ********************
17:14:47.789  INFO  manager.ListenerWD - InvocationTargetException3org.openqa.selenium.ElementClickInterceptedException: element click intercepted: Element <a _ngcontent-xif-c44="" href="/" class="logo">...</a> is not clickable at point (245, 13). Other element would receive the click: <div class="cdk-overlay-backdrop cdk-overlay-dark-backdrop cdk-overlay-backdrop-showing"></div>
  (Session info: chrome=112.0.5615.138)
Build info: version: '4.7.0', revision: '0a5b49d16f'
System info: os.name: 'Windows 10', os.arch: 'amd64', os.version: '10.0', java.version: '1.8.0_361'
Driver info: org.openqa.selenium.chrome.ChromeDriver
Command: [e8b6c7b5b30ffe1eb4e6134eb6f27b44, clickElement {id=7425a5d7-af7f-4d2b-8160-5e5c69058f8c}]
Capabilities {acceptInsecureCerts: false, browserName: chrome, browserVersion: 112.0.5615.138, chrome: {chromedriverVersion: 112.0.5615.49 (bd2a7bcb881c..., userDataDir: C:\Users\honor\AppData\Loca...}, goog:chromeOptions: {debuggerAddress: localhost:59014}, networkConnectionEnabled: false, pageLoadStrategy: normal, platformName: WINDOWS, proxy: Proxy(), se:cdp: ws://localhost:59014/devtoo..., se:cdpVersion: 112.0.5615.138, setWindowRect: true, strictFileInteractability: false, timeouts: {implicit: 0, pageLoad: 300000, script: 30000}, unhandledPromptBehavior: dismiss and notify, webauthn:extension:credBlob: true, webauthn:extension:largeBlob: true, webauthn:extension:minPinLength: true, webauthn:extension:prf: true, webauthn:virtualAuthenticators: true}
Element: [[ChromeDriver: chrome on WINDOWS (e8b6c7b5b30ffe1eb4e6134eb6f27b44)] -> css selector: a.logo]
Session ID: e8b6c7b5b30ffe1eb4e6134eb6f27b44
17:14:47.790  INFO  manager.ListenerWD - ********************
17:14:47.790  INFO  manager.ListenerWD - Screen with error is--->src/test/screenshots/screen-665.png
