13:10:56.260  INFO  manager.ApplicationManager - All tests run in Chrome Browser
13:10:59.640  INFO  manager.ApplicationManager - The link --->https://ilcarro.web.app/search
13:10:59.718  INFO  manager.ListenerWD - Before Find Element---> By.xpath: //a[text()=' Logout ']
13:11:04.762  INFO  manager.ListenerWD - After Find Element---> By.xpath: //a[text()=' Logout ']
13:11:04.763  INFO  manager.ListenerWD - List of elements is ---> 0
13:11:04.764  INFO  manager.ListenerWD - Before Find Element---> By.xpath: //*[text()=' Log in ']
13:11:04.830  INFO  manager.ListenerWD - After Find Element---> By.xpath: //*[text()=' Log in ']
13:11:04.858  INFO  manager.ListenerWD - Location of element ---> (1287, 24)
13:11:05.002  INFO  manager.ListenerWD - Before Find Element---> By.cssSelector: #email
13:11:05.092  INFO  manager.ListenerWD - After Find Element---> By.cssSelector: #email
13:11:05.115  INFO  manager.ListenerWD - Location of element ---> (1070, 258)
13:11:05.545  INFO  manager.ListenerWD - Before Find Element---> By.id: password
13:11:05.594  INFO  manager.ListenerWD - After Find Element---> By.id: password
13:11:05.615  INFO  manager.ListenerWD - Location of element ---> (1070, 332)
13:11:06.007  INFO  manager.ListenerWD - Before Find Element---> By.xpath: //button[@type='submit']
13:11:06.072  INFO  manager.ListenerWD - After Find Element---> By.xpath: //button[@type='submit']
13:11:06.097  INFO  manager.ListenerWD - Location of element ---> (1070, 401)
13:11:06.203  INFO  manager.ListenerWD - Before Find Element---> By.xpath: //button[text()='Ok']
13:11:07.334  INFO  manager.ListenerWD - After Find Element---> By.xpath: //button[text()='Ok']
13:11:07.357  INFO  manager.ListenerWD - Location of element ---> (788, 392)
13:11:07.444  INFO  tests.TestBase - Before class logged in account with data ---> email: 'ssa@gmail.com', password: 'Ssa12345$'
13:11:07.486  INFO  tests.TestBase - Name of method ---> addNewCarSuccess
13:11:07.494  INFO  tests.TestBase - Test data ---> location: 'Tel Aviv, Israel', manufacture: 'Nissan', model: 'A2', year: '2004', fuel: 'Petrol', seats: '5', carClass: 'C', carRegNumber: 198-72613-1820, price: '50'
13:11:08.003  INFO  manager.ListenerWD - Before Find Element---> By.xpath: //a[text()=' Let the car work ']
13:11:08.096  INFO  manager.ListenerWD - After Find Element---> By.xpath: //a[text()=' Let the car work ']
13:11:08.128  INFO  manager.ListenerWD - Location of element ---> (753, 24)
13:11:08.336  INFO  manager.ListenerWD - Before Find Element---> By.id: pickUpPlace
13:11:13.382  INFO  manager.ListenerWD - Huston we have a problem
13:11:13.383  INFO  manager.ListenerWD - Object target ---> ChromeDriver: chrome on WINDOWS (f61146d531fa44988d7f2d04ee09d102)
13:11:13.383  INFO  manager.ListenerWD - ********************
13:11:13.383  INFO  manager.ListenerWD - Method name--->findElement
13:11:13.384  INFO  manager.ListenerWD - ********************
13:11:13.384  INFO  manager.ListenerWD - ********************
13:11:13.386  INFO  manager.ListenerWD - ********************
13:11:13.386  INFO  manager.ListenerWD - ********************
13:11:13.388  INFO  manager.ListenerWD - InvocationTargetException3org.openqa.selenium.NoSuchElementException: no such element: Unable to locate element: {"method":"css selector","selector":"#pickUpPlace"}
  (Session info: chrome=112.0.5615.138)
For documentation on this error, please visit: https://selenium.dev/exceptions/#no_such_element
Build info: version: '4.7.0', revision: '0a5b49d16f'
System info: os.name: 'Windows 10', os.arch: 'amd64', os.version: '10.0', java.version: '1.8.0_361'
Driver info: org.openqa.selenium.chrome.ChromeDriver
Command: [f61146d531fa44988d7f2d04ee09d102, findElement {using=id, value=pickUpPlace}]
Capabilities {acceptInsecureCerts: false, browserName: chrome, browserVersion: 112.0.5615.138, chrome: {chromedriverVersion: 112.0.5615.49 (bd2a7bcb881c..., userDataDir: C:\Users\honor\AppData\Loca...}, goog:chromeOptions: {debuggerAddress: localhost:61630}, networkConnectionEnabled: false, pageLoadStrategy: normal, platformName: WINDOWS, proxy: Proxy(), se:cdp: ws://localhost:61630/devtoo..., se:cdpVersion: 112.0.5615.138, setWindowRect: true, strictFileInteractability: false, timeouts: {implicit: 0, pageLoad: 300000, script: 30000}, unhandledPromptBehavior: dismiss and notify, webauthn:extension:credBlob: true, webauthn:extension:largeBlob: true, webauthn:extension:minPinLength: true, webauthn:extension:prf: true, webauthn:virtualAuthenticators: true}
Session ID: f61146d531fa44988d7f2d04ee09d102
13:11:13.390  INFO  manager.ListenerWD - ********************
13:11:13.391  INFO  manager.ListenerWD - Screen with error is--->src/test/screenshots/screen-141.png
13:11:14.807  INFO  manager.ListenerWD - Before Find Element---> By.xpath: //button[text()='Search cars']
13:11:19.866  INFO  manager.ListenerWD - Huston we have a problem
13:11:19.867  INFO  manager.ListenerWD - Object target ---> ChromeDriver: chrome on WINDOWS (f61146d531fa44988d7f2d04ee09d102)
13:11:19.867  INFO  manager.ListenerWD - ********************
13:11:19.867  INFO  manager.ListenerWD - Method name--->findElement
13:11:19.868  INFO  manager.ListenerWD - ********************
13:11:19.868  INFO  manager.ListenerWD - ********************
13:11:19.868  INFO  manager.ListenerWD - ********************
13:11:19.868  INFO  manager.ListenerWD - ********************
13:11:19.877  INFO  manager.ListenerWD - InvocationTargetException3org.openqa.selenium.NoSuchElementException: no such element: Unable to locate element: {"method":"xpath","selector":"//button[text()='Search cars']"}
  (Session info: chrome=112.0.5615.138)
For documentation on this error, please visit: https://selenium.dev/exceptions/#no_such_element
Build info: version: '4.7.0', revision: '0a5b49d16f'
System info: os.name: 'Windows 10', os.arch: 'amd64', os.version: '10.0', java.version: '1.8.0_361'
Driver info: org.openqa.selenium.chrome.ChromeDriver
Command: [f61146d531fa44988d7f2d04ee09d102, findElement {using=xpath, value=//button[text()='Search cars']}]
Capabilities {acceptInsecureCerts: false, browserName: chrome, browserVersion: 112.0.5615.138, chrome: {chromedriverVersion: 112.0.5615.49 (bd2a7bcb881c..., userDataDir: C:\Users\honor\AppData\Loca...}, goog:chromeOptions: {debuggerAddress: localhost:61630}, networkConnectionEnabled: false, pageLoadStrategy: normal, platformName: WINDOWS, proxy: Proxy(), se:cdp: ws://localhost:61630/devtoo..., se:cdpVersion: 112.0.5615.138, setWindowRect: true, strictFileInteractability: false, timeouts: {implicit: 0, pageLoad: 300000, script: 30000}, unhandledPromptBehavior: dismiss and notify, webauthn:extension:credBlob: true, webauthn:extension:largeBlob: true, webauthn:extension:minPinLength: true, webauthn:extension:prf: true, webauthn:virtualAuthenticators: true}
Session ID: f61146d531fa44988d7f2d04ee09d102
13:11:19.883  INFO  manager.ListenerWD - ********************
13:11:19.883  INFO  manager.ListenerWD - Screen with error is--->src/test/screenshots/screen-512.png
13:11:20.897  INFO  tests.TestBase - Name of method ---> loginSuccess
13:11:20.899  INFO  manager.ListenerWD - Before Find Element---> By.xpath: //a[text()=' Logout ']
13:11:20.933  INFO  manager.ListenerWD - After Find Element---> By.xpath: //a[text()=' Logout ']
13:11:20.934  INFO  manager.ListenerWD - List of elements is ---> 1
13:11:20.934  INFO  manager.ListenerWD - Before Find Element---> By.xpath: //a[text()=' Logout ']
13:11:20.975  INFO  manager.ListenerWD - After Find Element---> By.xpath: //a[text()=' Logout ']
13:11:20.994  INFO  manager.ListenerWD - Location of element ---> (1099, 24)
13:11:21.117  INFO  tests.TestBase - Before method finish logout
13:11:21.119  INFO  tests.TestBase - Start test name 'loginSuccess'
13:11:21.120  INFO  tests.TestBase - Test data ---> email: 'ssa@gmail.com' & password: 'Ssa12345$'
13:11:21.120  INFO  manager.ListenerWD - Before Find Element---> By.xpath: //*[text()=' Log in ']
13:11:21.158  INFO  manager.ListenerWD - After Find Element---> By.xpath: //*[text()=' Log in ']
13:11:21.177  INFO  manager.ListenerWD - Location of element ---> (1287, 24)
13:11:21.275  INFO  manager.ListenerWD - Before Find Element---> By.cssSelector: #email
13:11:21.318  INFO  manager.ListenerWD - After Find Element---> By.cssSelector: #email
13:11:21.339  INFO  manager.ListenerWD - Location of element ---> (1070, 258)
13:11:21.788  INFO  manager.ListenerWD - Before Find Element---> By.id: password
13:11:21.824  INFO  manager.ListenerWD - After Find Element---> By.id: password
13:11:21.844  INFO  manager.ListenerWD - Location of element ---> (1070, 332)
13:11:22.176  INFO  manager.ListenerWD - Before Find Element---> By.xpath: //button[@type='submit']
13:11:22.215  INFO  manager.ListenerWD - After Find Element---> By.xpath: //button[@type='submit']
13:11:22.240  INFO  manager.ListenerWD - Location of element ---> (1070, 401)
13:11:22.391  INFO  manager.ListenerWD - Before Find Element---> By.cssSelector: .dialog-container
13:11:23.094  INFO  manager.ListenerWD - After Find Element---> By.cssSelector: .dialog-container
13:11:23.124  INFO  manager.ListenerWD - Location of element ---> (594, 304)
13:11:23.198  INFO  manager.ListenerWD - Before Find Element---> By.cssSelector: .dialog-container>h2
13:11:23.249  INFO  manager.ListenerWD - After Find Element---> By.cssSelector: .dialog-container>h2
13:11:23.270  INFO  manager.ListenerWD - Location of element ---> (583, 344)
13:11:23.315  INFO  tests.TestBase - Assert check is Element present with text 'Logged in success'
13:11:23.317  INFO  manager.ListenerWD - Before Find Element---> By.cssSelector: .dialog-container
13:11:23.362  INFO  manager.ListenerWD - After Find Element---> By.cssSelector: .dialog-container
13:11:23.363  INFO  manager.ListenerWD - List of elements is ---> 1
13:11:23.364  INFO  manager.ListenerWD - Before Find Element---> By.xpath: //button[text()='Ok']
13:11:23.396  INFO  manager.ListenerWD - After Find Element---> By.xpath: //button[text()='Ok']
13:11:23.420  INFO  manager.ListenerWD - Location of element ---> (793, 398)
13:11:23.486  INFO  tests.TestBase - The window is closed
13:11:23.490  INFO  tests.TestBase - Name of method ---> loginSuccess1
13:11:23.491  INFO  manager.ListenerWD - Before Find Element---> By.xpath: //a[text()=' Logout ']
13:11:23.650  INFO  manager.ListenerWD - After Find Element---> By.xpath: //a[text()=' Logout ']
13:11:23.650  INFO  manager.ListenerWD - List of elements is ---> 1
13:11:23.651  INFO  manager.ListenerWD - Before Find Element---> By.xpath: //a[text()=' Logout ']
13:11:23.690  INFO  manager.ListenerWD - After Find Element---> By.xpath: //a[text()=' Logout ']
13:11:23.713  INFO  manager.ListenerWD - Location of element ---> (1099, 24)
13:11:23.877  INFO  tests.TestBase - Before method finish logout
13:11:23.879  INFO  tests.TestBase - Test data from object --->User{firstName='null', lastName='null', email='ssa@gmail.com', password='Ssa12345$'}
13:11:23.879  INFO  manager.ListenerWD - Before Find Element---> By.xpath: //*[text()=' Log in ']
13:11:23.911  INFO  manager.ListenerWD - After Find Element---> By.xpath: //*[text()=' Log in ']
13:11:23.936  INFO  manager.ListenerWD - Location of element ---> (1287, 24)
13:11:24.050  INFO  manager.ListenerWD - Before Find Element---> By.cssSelector: #email
13:11:24.079  INFO  manager.ListenerWD - After Find Element---> By.cssSelector: #email
13:11:24.097  INFO  manager.ListenerWD - Location of element ---> (1070, 258)
13:11:24.289  INFO  manager.ListenerWD - Huston we have a problem
13:11:24.289  INFO  manager.ListenerWD - Object target ---> [[ChromeDriver: chrome on WINDOWS (f61146d531fa44988d7f2d04ee09d102)] -> css selector: #email]
13:11:24.290  INFO  manager.ListenerWD - ********************
13:11:24.290  INFO  manager.ListenerWD - Method name--->sendKeys
13:11:24.290  INFO  manager.ListenerWD - ********************
13:11:24.290  INFO  manager.ListenerWD - ********************
13:11:24.290  INFO  manager.ListenerWD - ********************
13:11:24.290  INFO  manager.ListenerWD - ********************
13:11:24.291  INFO  manager.ListenerWD - InvocationTargetException3org.openqa.selenium.StaleElementReferenceException: stale element reference: element is not attached to the page document
  (Session info: chrome=112.0.5615.138)
For documentation on this error, please visit: https://selenium.dev/exceptions/#stale_element_reference
Build info: version: '4.7.0', revision: '0a5b49d16f'
System info: os.name: 'Windows 10', os.arch: 'amd64', os.version: '10.0', java.version: '1.8.0_361'
Driver info: org.openqa.selenium.chrome.ChromeDriver
Command: [f61146d531fa44988d7f2d04ee09d102, sendKeysToElement {id=006c6e83-6c0d-444e-b7db-7eb7af5e8470, value=[Ljava.lang.CharSequence;@5833f5cd}]
Capabilities {acceptInsecureCerts: false, browserName: chrome, browserVersion: 112.0.5615.138, chrome: {chromedriverVersion: 112.0.5615.49 (bd2a7bcb881c..., userDataDir: C:\Users\honor\AppData\Loca...}, goog:chromeOptions: {debuggerAddress: localhost:61630}, networkConnectionEnabled: false, pageLoadStrategy: normal, platformName: WINDOWS, proxy: Proxy(), se:cdp: ws://localhost:61630/devtoo..., se:cdpVersion: 112.0.5615.138, setWindowRect: true, strictFileInteractability: false, timeouts: {implicit: 0, pageLoad: 300000, script: 30000}, unhandledPromptBehavior: dismiss and notify, webauthn:extension:credBlob: true, webauthn:extension:largeBlob: true, webauthn:extension:minPinLength: true, webauthn:extension:prf: true, webauthn:virtualAuthenticators: true}
Element: [[ChromeDriver: chrome on WINDOWS (f61146d531fa44988d7f2d04ee09d102)] -> css selector: #email]
Session ID: f61146d531fa44988d7f2d04ee09d102
13:11:24.293  INFO  manager.ListenerWD - ********************
13:11:24.293  INFO  manager.ListenerWD - Screen with error is--->src/test/screenshots/screen-795.png
13:11:24.302  INFO  manager.ListenerWD - Before Find Element---> By.cssSelector: .dialog-container
13:11:29.341  INFO  manager.ListenerWD - After Find Element---> By.cssSelector: .dialog-container
13:11:29.342  INFO  manager.ListenerWD - List of elements is ---> 0
13:11:29.344  INFO  tests.TestBase - Name of method ---> loginSuccess1
13:11:29.346  INFO  manager.ListenerWD - Before Find Element---> By.xpath: //a[text()=' Logout ']
13:11:34.372  INFO  manager.ListenerWD - After Find Element---> By.xpath: //a[text()=' Logout ']
13:11:34.372  INFO  manager.ListenerWD - List of elements is ---> 0
13:11:35.183  INFO  manager.HelperBase - Refresh
13:11:35.185  INFO  tests.TestBase - Test data from object --->User{firstName='null', lastName='null', email='saa@gmail.com', password='Saa12345$'}
13:11:35.185  INFO  manager.ListenerWD - Before Find Element---> By.xpath: //*[text()=' Log in ']
13:11:35.218  INFO  manager.ListenerWD - After Find Element---> By.xpath: //*[text()=' Log in ']
13:11:35.251  INFO  manager.ListenerWD - Location of element ---> (1287, 24)
13:11:35.436  INFO  manager.ListenerWD - Before Find Element---> By.cssSelector: #email
13:11:35.481  INFO  manager.ListenerWD - After Find Element---> By.cssSelector: #email
13:11:35.503  INFO  manager.ListenerWD - Location of element ---> (1070, 258)
13:11:35.919  INFO  manager.ListenerWD - Before Find Element---> By.id: password
13:11:35.964  INFO  manager.ListenerWD - After Find Element---> By.id: password
13:11:36.004  INFO  manager.ListenerWD - Location of element ---> (1070, 332)
13:11:36.358  INFO  manager.ListenerWD - Before Find Element---> By.xpath: //button[@type='submit']
13:11:36.403  INFO  manager.ListenerWD - After Find Element---> By.xpath: //button[@type='submit']
13:11:36.426  INFO  manager.ListenerWD - Location of element ---> (1070, 401)
13:11:36.515  INFO  manager.ListenerWD - Before Find Element---> By.cssSelector: .dialog-container
13:11:37.267  INFO  manager.ListenerWD - After Find Element---> By.cssSelector: .dialog-container
13:11:37.291  INFO  manager.ListenerWD - Location of element ---> (594, 304)
13:11:37.331  INFO  manager.ListenerWD - Before Find Element---> By.cssSelector: .dialog-container>h2
13:11:37.365  INFO  manager.ListenerWD - After Find Element---> By.cssSelector: .dialog-container>h2
13:11:37.386  INFO  manager.ListenerWD - Location of element ---> (583, 344)
13:11:37.419  INFO  tests.TestBase - Assert check is Element present with text 'Logged in success'
13:11:37.421  INFO  manager.ListenerWD - Before Find Element---> By.cssSelector: .dialog-container
13:11:37.457  INFO  manager.ListenerWD - After Find Element---> By.cssSelector: .dialog-container
13:11:37.457  INFO  manager.ListenerWD - List of elements is ---> 1
13:11:37.457  INFO  manager.ListenerWD - Before Find Element---> By.xpath: //button[text()='Ok']
13:11:37.492  INFO  manager.ListenerWD - After Find Element---> By.xpath: //button[text()='Ok']
13:11:37.514  INFO  manager.ListenerWD - Location of element ---> (793, 398)
13:11:37.588  INFO  tests.TestBase - The window is closed
13:11:37.591  INFO  tests.TestBase - Name of method ---> loginSuccess1DataFromFile
13:11:37.593  INFO  manager.ListenerWD - Before Find Element---> By.xpath: //a[text()=' Logout ']
13:11:37.623  INFO  manager.ListenerWD - After Find Element---> By.xpath: //a[text()=' Logout ']
13:11:37.624  INFO  manager.ListenerWD - List of elements is ---> 1
13:11:37.624  INFO  manager.ListenerWD - Before Find Element---> By.xpath: //a[text()=' Logout ']
13:11:37.652  INFO  manager.ListenerWD - After Find Element---> By.xpath: //a[text()=' Logout ']
13:11:37.669  INFO  manager.ListenerWD - Location of element ---> (1099, 24)
13:11:37.790  INFO  tests.TestBase - Before method finish logout
13:11:37.791  INFO  tests.TestBase - Test data from object --->User{firstName='null', lastName='null', email='ssa@gmail.com', password='Ssa12345$'}
13:11:37.792  INFO  manager.ListenerWD - Before Find Element---> By.xpath: //*[text()=' Log in ']
13:11:37.819  INFO  manager.ListenerWD - After Find Element---> By.xpath: //*[text()=' Log in ']
13:11:37.842  INFO  manager.ListenerWD - Location of element ---> (1287, 24)
13:11:37.966  INFO  manager.ListenerWD - Before Find Element---> By.cssSelector: #email
13:11:37.991  INFO  manager.ListenerWD - After Find Element---> By.cssSelector: #email
13:11:38.009  INFO  manager.ListenerWD - Location of element ---> (1070, 258)
13:11:38.545  INFO  manager.ListenerWD - Huston we have a problem
13:11:38.545  INFO  manager.ListenerWD - Object target ---> [[ChromeDriver: chrome on WINDOWS (f61146d531fa44988d7f2d04ee09d102)] -> css selector: #email]
13:11:38.545  INFO  manager.ListenerWD - ********************
13:11:38.546  INFO  manager.ListenerWD - Method name--->sendKeys
13:11:38.546  INFO  manager.ListenerWD - ********************
13:11:38.546  INFO  manager.ListenerWD - ********************
13:11:38.546  INFO  manager.ListenerWD - ********************
13:11:38.546  INFO  manager.ListenerWD - ********************
13:11:38.546  INFO  manager.ListenerWD - InvocationTargetException3org.openqa.selenium.StaleElementReferenceException: stale element reference: element is not attached to the page document
  (Session info: chrome=112.0.5615.138)
For documentation on this error, please visit: https://selenium.dev/exceptions/#stale_element_reference
Build info: version: '4.7.0', revision: '0a5b49d16f'
System info: os.name: 'Windows 10', os.arch: 'amd64', os.version: '10.0', java.version: '1.8.0_361'
Driver info: org.openqa.selenium.chrome.ChromeDriver
Command: [f61146d531fa44988d7f2d04ee09d102, sendKeysToElement {id=56f2b464-8d36-46a1-9e00-954567588764, value=[Ljava.lang.CharSequence;@51a6cc2a}]
Capabilities {acceptInsecureCerts: false, browserName: chrome, browserVersion: 112.0.5615.138, chrome: {chromedriverVersion: 112.0.5615.49 (bd2a7bcb881c..., userDataDir: C:\Users\honor\AppData\Loca...}, goog:chromeOptions: {debuggerAddress: localhost:61630}, networkConnectionEnabled: false, pageLoadStrategy: normal, platformName: WINDOWS, proxy: Proxy(), se:cdp: ws://localhost:61630/devtoo..., se:cdpVersion: 112.0.5615.138, setWindowRect: true, strictFileInteractability: false, timeouts: {implicit: 0, pageLoad: 300000, script: 30000}, unhandledPromptBehavior: dismiss and notify, webauthn:extension:credBlob: true, webauthn:extension:largeBlob: true, webauthn:extension:minPinLength: true, webauthn:extension:prf: true, webauthn:virtualAuthenticators: true}
Element: [[ChromeDriver: chrome on WINDOWS (f61146d531fa44988d7f2d04ee09d102)] -> css selector: #email]
Session ID: f61146d531fa44988d7f2d04ee09d102
13:11:38.547  INFO  manager.ListenerWD - ********************
13:11:38.547  INFO  manager.ListenerWD - Screen with error is--->src/test/screenshots/screen-725.png
13:11:38.551  INFO  manager.ListenerWD - Before Find Element---> By.cssSelector: .dialog-container
13:11:43.580  INFO  manager.ListenerWD - After Find Element---> By.cssSelector: .dialog-container
13:11:43.581  INFO  manager.ListenerWD - List of elements is ---> 0
13:11:43.582  INFO  tests.TestBase - Name of method ---> loginSuccess1DataFromFile
13:11:43.584  INFO  manager.ListenerWD - Before Find Element---> By.xpath: //a[text()=' Logout ']
13:11:48.594  INFO  manager.ListenerWD - After Find Element---> By.xpath: //a[text()=' Logout ']
13:11:48.594  INFO  manager.ListenerWD - List of elements is ---> 0
13:11:49.076  INFO  manager.HelperBase - Refresh
13:11:49.077  INFO  tests.TestBase - Test data from object --->User{firstName='null', lastName='null', email='saa@gmail.com', password='Saa12345$'}
13:11:49.077  INFO  manager.ListenerWD - Before Find Element---> By.xpath: //*[text()=' Log in ']
13:11:49.104  INFO  manager.ListenerWD - After Find Element---> By.xpath: //*[text()=' Log in ']
13:11:49.122  INFO  manager.ListenerWD - Location of element ---> (1287, 24)
13:11:49.214  INFO  manager.ListenerWD - Before Find Element---> By.cssSelector: #email
13:11:49.240  INFO  manager.ListenerWD - After Find Element---> By.cssSelector: #email
13:11:49.259  INFO  manager.ListenerWD - Location of element ---> (1070, 258)
13:11:49.659  INFO  manager.ListenerWD - Before Find Element---> By.id: password
13:11:49.685  INFO  manager.ListenerWD - After Find Element---> By.id: password
13:11:49.703  INFO  manager.ListenerWD - Location of element ---> (1070, 332)
13:11:50.007  INFO  manager.ListenerWD - Before Find Element---> By.xpath: //button[@type='submit']
13:11:50.036  INFO  manager.ListenerWD - After Find Element---> By.xpath: //button[@type='submit']
13:11:50.055  INFO  manager.ListenerWD - Location of element ---> (1070, 401)
13:11:50.138  INFO  manager.ListenerWD - Before Find Element---> By.cssSelector: .dialog-container
13:11:50.811  INFO  manager.ListenerWD - After Find Element---> By.cssSelector: .dialog-container
13:11:50.833  INFO  manager.ListenerWD - Location of element ---> (607, 308)
13:11:50.875  INFO  manager.ListenerWD - Before Find Element---> By.cssSelector: .dialog-container>h2
13:11:50.905  INFO  manager.ListenerWD - After Find Element---> By.cssSelector: .dialog-container>h2
13:11:50.922  INFO  manager.ListenerWD - Location of element ---> (585, 345)
13:11:50.958  INFO  tests.TestBase - Assert check is Element present with text 'Logged in success'
13:11:50.960  INFO  manager.ListenerWD - Before Find Element---> By.cssSelector: .dialog-container
13:11:50.994  INFO  manager.ListenerWD - After Find Element---> By.cssSelector: .dialog-container
13:11:50.995  INFO  manager.ListenerWD - List of elements is ---> 1
13:11:50.995  INFO  manager.ListenerWD - Before Find Element---> By.xpath: //button[text()='Ok']
13:11:51.028  INFO  manager.ListenerWD - After Find Element---> By.xpath: //button[text()='Ok']
13:11:51.046  INFO  manager.ListenerWD - Location of element ---> (793, 398)
13:11:51.120  INFO  tests.TestBase - The window is closed
13:11:51.123  INFO  tests.TestBase - Name of method ---> loginSuccessModel
13:11:51.124  INFO  manager.ListenerWD - Before Find Element---> By.xpath: //a[text()=' Logout ']
13:11:51.148  INFO  manager.ListenerWD - After Find Element---> By.xpath: //a[text()=' Logout ']
13:11:51.148  INFO  manager.ListenerWD - List of elements is ---> 1
13:11:51.148  INFO  manager.ListenerWD - Before Find Element---> By.xpath: //a[text()=' Logout ']
13:11:51.172  INFO  manager.ListenerWD - After Find Element---> By.xpath: //a[text()=' Logout ']
13:11:51.188  INFO  manager.ListenerWD - Location of element ---> (1099, 24)
13:11:51.326  INFO  tests.TestBase - Before method finish logout
13:11:51.327  INFO  tests.TestBase - Test data ---> email: 'ssa@gmail.com' & password: 'Ssa12345$'
13:11:51.327  INFO  manager.ListenerWD - Before Find Element---> By.xpath: //*[text()=' Log in ']
13:11:51.355  INFO  manager.ListenerWD - After Find Element---> By.xpath: //*[text()=' Log in ']
13:11:51.372  INFO  manager.ListenerWD - Location of element ---> (1287, 24)
13:11:51.464  INFO  manager.ListenerWD - Before Find Element---> By.cssSelector: #email
13:11:51.494  INFO  manager.ListenerWD - After Find Element---> By.cssSelector: #email
13:11:51.513  INFO  manager.ListenerWD - Location of element ---> (1070, 258)
13:11:51.921  INFO  manager.ListenerWD - Before Find Element---> By.id: password
13:11:51.946  INFO  manager.ListenerWD - After Find Element---> By.id: password
13:11:51.964  INFO  manager.ListenerWD - Location of element ---> (1070, 332)
13:11:52.309  INFO  manager.ListenerWD - Before Find Element---> By.xpath: //button[@type='submit']
13:11:52.339  INFO  manager.ListenerWD - After Find Element---> By.xpath: //button[@type='submit']
13:11:52.362  INFO  manager.ListenerWD - Location of element ---> (1070, 401)
13:11:52.446  INFO  manager.ListenerWD - Before Find Element---> By.cssSelector: .dialog-container
13:11:52.794  INFO  manager.ListenerWD - After Find Element---> By.cssSelector: .dialog-container
13:11:52.814  INFO  manager.ListenerWD - Location of element ---> (608, 309)
13:11:52.844  INFO  manager.ListenerWD - Before Find Element---> By.cssSelector: .dialog-container>h2
13:11:52.874  INFO  manager.ListenerWD - After Find Element---> By.cssSelector: .dialog-container>h2
13:11:52.895  INFO  manager.ListenerWD - Location of element ---> (585, 345)
13:11:52.942  INFO  tests.TestBase - Assert check is Element present with text 'Logged in success'
13:11:52.944  INFO  manager.ListenerWD - Before Find Element---> By.cssSelector: .dialog-container
13:11:52.974  INFO  manager.ListenerWD - After Find Element---> By.cssSelector: .dialog-container
13:11:52.974  INFO  manager.ListenerWD - List of elements is ---> 1
13:11:52.974  INFO  manager.ListenerWD - Before Find Element---> By.xpath: //button[text()='Ok']
13:11:53.001  INFO  manager.ListenerWD - After Find Element---> By.xpath: //button[text()='Ok']
13:11:53.023  INFO  manager.ListenerWD - Location of element ---> (793, 398)
13:11:53.094  INFO  tests.TestBase - The window is closed
13:11:53.096  INFO  tests.TestBase - Name of method ---> loginUnregisteredUser
13:11:53.097  INFO  manager.ListenerWD - Before Find Element---> By.xpath: //a[text()=' Logout ']
13:11:53.127  INFO  manager.ListenerWD - After Find Element---> By.xpath: //a[text()=' Logout ']
13:11:53.127  INFO  manager.ListenerWD - List of elements is ---> 1
13:11:53.127  INFO  manager.ListenerWD - Before Find Element---> By.xpath: //a[text()=' Logout ']
13:11:53.164  INFO  manager.ListenerWD - After Find Element---> By.xpath: //a[text()=' Logout ']
13:11:53.227  INFO  manager.ListenerWD - Location of element ---> (1099, 24)
13:11:53.349  INFO  tests.TestBase - Before method finish logout
13:11:53.350  INFO  tests.TestBase - Test data ---> email: 'abc@gmail.com' & password: 'Abc12345$'
13:11:53.351  INFO  manager.ListenerWD - Before Find Element---> By.xpath: //*[text()=' Log in ']
13:11:53.380  INFO  manager.ListenerWD - After Find Element---> By.xpath: //*[text()=' Log in ']
13:11:53.401  INFO  manager.ListenerWD - Location of element ---> (1287, 24)
13:11:53.503  INFO  manager.ListenerWD - Before Find Element---> By.cssSelector: #email
13:11:53.532  INFO  manager.ListenerWD - After Find Element---> By.cssSelector: #email
13:11:53.551  INFO  manager.ListenerWD - Location of element ---> (1070, 258)
13:11:53.970  INFO  manager.ListenerWD - Before Find Element---> By.id: password
13:11:53.998  INFO  manager.ListenerWD - After Find Element---> By.id: password
13:11:54.019  INFO  manager.ListenerWD - Location of element ---> (1070, 332)
13:11:54.350  INFO  manager.ListenerWD - Before Find Element---> By.xpath: //button[@type='submit']
13:11:54.382  INFO  manager.ListenerWD - After Find Element---> By.xpath: //button[@type='submit']
13:11:54.404  INFO  manager.ListenerWD - Location of element ---> (1070, 401)
13:11:54.490  INFO  manager.ListenerWD - Before Find Element---> By.cssSelector: .dialog-container
13:11:54.963  INFO  manager.ListenerWD - After Find Element---> By.cssSelector: .dialog-container
13:11:54.985  INFO  manager.ListenerWD - Location of element ---> (607, 308)
13:11:55.014  INFO  manager.ListenerWD - Before Find Element---> By.cssSelector: .dialog-container>h2
13:11:55.167  INFO  manager.ListenerWD - After Find Element---> By.cssSelector: .dialog-container>h2
13:11:55.188  INFO  manager.ListenerWD - Location of element ---> (583, 344)
13:11:55.218  INFO  tests.TestBase - Assert check is Error present with text '"Login or Password incorrect"'
13:11:55.220  INFO  manager.ListenerWD - Before Find Element---> By.cssSelector: .dialog-container
13:11:55.244  INFO  manager.ListenerWD - After Find Element---> By.cssSelector: .dialog-container
13:11:55.244  INFO  manager.ListenerWD - List of elements is ---> 1
13:11:55.244  INFO  manager.ListenerWD - Before Find Element---> By.xpath: //button[text()='Ok']
13:11:55.267  INFO  manager.ListenerWD - After Find Element---> By.xpath: //button[text()='Ok']
13:11:55.286  INFO  manager.ListenerWD - Location of element ---> (793, 398)
13:11:55.358  INFO  tests.TestBase - The window is closed
13:11:55.361  INFO  tests.TestBase - Name of method ---> loginWrongEmail
13:11:55.363  INFO  manager.ListenerWD - Before Find Element---> By.xpath: //a[text()=' Logout ']
13:12:00.375  INFO  manager.ListenerWD - After Find Element---> By.xpath: //a[text()=' Logout ']
13:12:00.375  INFO  manager.ListenerWD - List of elements is ---> 0
13:12:00.825  INFO  manager.HelperBase - Refresh
13:12:00.828  INFO  tests.TestBase - Test data --->User{firstName='null', lastName='null', email='ssagmail.com', password='Ssa12345$'}
13:12:00.828  INFO  manager.ListenerWD - Before Find Element---> By.xpath: //*[text()=' Log in ']
13:12:00.854  INFO  manager.ListenerWD - After Find Element---> By.xpath: //*[text()=' Log in ']
13:12:00.878  INFO  manager.ListenerWD - Location of element ---> (1287, 24)
13:12:00.960  INFO  manager.ListenerWD - Before Find Element---> By.cssSelector: #email
13:12:01.021  INFO  manager.ListenerWD - After Find Element---> By.cssSelector: #email
13:12:01.039  INFO  manager.ListenerWD - Location of element ---> (1070, 258)
13:12:01.425  INFO  manager.ListenerWD - Before Find Element---> By.id: password
13:12:01.452  INFO  manager.ListenerWD - After Find Element---> By.id: password
13:12:01.469  INFO  manager.ListenerWD - Location of element ---> (1070, 332)
13:12:01.779  INFO  manager.ListenerWD - Before Find Element---> By.xpath: //button[@type='submit']
13:12:01.809  INFO  manager.ListenerWD - After Find Element---> By.xpath: //button[@type='submit']
13:12:01.829  INFO  manager.ListenerWD - Location of element ---> (1070, 421)
13:12:01.893  INFO  manager.ListenerWD - Before Find Element---> By.cssSelector: .error
13:12:01.923  INFO  manager.ListenerWD - After Find Element---> By.cssSelector: .error
13:12:01.939  INFO  manager.ListenerWD - Location of element ---> (1070, 302)
13:12:01.964  INFO  tests.TestBase - Assert check is Error present with text 'It'snot look like email'
13:12:01.964  INFO  manager.ListenerWD - Before Find Element---> By.xpath: //button[@disabled]
13:12:01.997  INFO  manager.ListenerWD - After Find Element---> By.xpath: //button[@disabled]
13:12:01.997  INFO  manager.ListenerWD - List of elements is ---> 1
13:12:01.998  INFO  manager.ListenerWD - Before Find Element---> By.cssSelector: button[type = 'submit']
13:12:02.027  INFO  manager.ListenerWD - After Find Element---> By.cssSelector: button[type = 'submit']
13:12:02.040  INFO  manager.ListenerWD - Location of element ---> (1070, 421)
13:12:02.059  INFO  tests.TestBase - Assert check is Element button 'Yalla' not clickable
13:12:02.061  INFO  manager.ListenerWD - Before Find Element---> By.cssSelector: .dialog-container
13:12:07.127  INFO  manager.ListenerWD - After Find Element---> By.cssSelector: .dialog-container
13:12:07.127  INFO  manager.ListenerWD - List of elements is ---> 0
13:12:07.128  INFO  tests.TestBase - Name of method ---> loginWrongEmail
13:12:07.130  INFO  manager.ListenerWD - Before Find Element---> By.xpath: //a[text()=' Logout ']
13:12:12.181  INFO  manager.ListenerWD - After Find Element---> By.xpath: //a[text()=' Logout ']
13:12:12.181  INFO  manager.ListenerWD - List of elements is ---> 0
13:12:12.614  INFO  manager.HelperBase - Refresh
13:12:12.615  INFO  tests.TestBase - Test data --->User{firstName='null', lastName='null', email='@gmail.com', password='Ssa12345$'}
13:12:12.615  INFO  manager.ListenerWD - Before Find Element---> By.xpath: //*[text()=' Log in ']
13:12:12.648  INFO  manager.ListenerWD - After Find Element---> By.xpath: //*[text()=' Log in ']
13:12:12.681  INFO  manager.ListenerWD - Location of element ---> (1287, 24)
13:12:12.798  INFO  manager.ListenerWD - Before Find Element---> By.cssSelector: #email
13:12:12.836  INFO  manager.ListenerWD - After Find Element---> By.cssSelector: #email
13:12:12.858  INFO  manager.ListenerWD - Location of element ---> (1070, 258)
13:12:13.254  INFO  manager.ListenerWD - Before Find Element---> By.id: password
13:12:13.282  INFO  manager.ListenerWD - After Find Element---> By.id: password
13:12:13.300  INFO  manager.ListenerWD - Location of element ---> (1070, 332)
13:12:13.601  INFO  manager.ListenerWD - Before Find Element---> By.xpath: //button[@type='submit']
13:12:13.630  INFO  manager.ListenerWD - After Find Element---> By.xpath: //button[@type='submit']
13:12:13.653  INFO  manager.ListenerWD - Location of element ---> (1070, 421)
13:12:13.719  INFO  manager.ListenerWD - Before Find Element---> By.cssSelector: .error
13:12:13.740  INFO  manager.ListenerWD - After Find Element---> By.cssSelector: .error
13:12:13.757  INFO  manager.ListenerWD - Location of element ---> (1070, 302)
13:12:13.786  INFO  tests.TestBase - Assert check is Error present with text 'It'snot look like email'
13:12:13.786  INFO  manager.ListenerWD - Before Find Element---> By.xpath: //button[@disabled]
13:12:13.811  INFO  manager.ListenerWD - After Find Element---> By.xpath: //button[@disabled]
13:12:13.811  INFO  manager.ListenerWD - List of elements is ---> 1
13:12:13.811  INFO  manager.ListenerWD - Before Find Element---> By.cssSelector: button[type = 'submit']
13:12:13.835  INFO  manager.ListenerWD - After Find Element---> By.cssSelector: button[type = 'submit']
13:12:13.847  INFO  manager.ListenerWD - Location of element ---> (1070, 421)
13:12:13.864  INFO  tests.TestBase - Assert check is Element button 'Yalla' not clickable
13:12:13.865  INFO  manager.ListenerWD - Before Find Element---> By.cssSelector: .dialog-container
13:12:18.889  INFO  manager.ListenerWD - After Find Element---> By.cssSelector: .dialog-container
13:12:18.889  INFO  manager.ListenerWD - List of elements is ---> 0
13:12:18.891  INFO  tests.TestBase - Name of method ---> loginWrongEmailEmpty
13:12:18.892  INFO  manager.ListenerWD - Before Find Element---> By.xpath: //a[text()=' Logout ']
13:12:23.911  INFO  manager.ListenerWD - After Find Element---> By.xpath: //a[text()=' Logout ']
13:12:23.911  INFO  manager.ListenerWD - List of elements is ---> 0
13:12:24.329  INFO  manager.HelperBase - Refresh
13:12:24.330  INFO  tests.TestBase - Test data --->User{firstName='null', lastName='null', email='', password='Ssa12345$'}
13:12:24.331  INFO  manager.ListenerWD - Before Find Element---> By.xpath: //*[text()=' Log in ']
13:12:24.360  INFO  manager.ListenerWD - After Find Element---> By.xpath: //*[text()=' Log in ']
13:12:24.381  INFO  manager.ListenerWD - Location of element ---> (1287, 24)
13:12:24.597  INFO  manager.ListenerWD - Before Find Element---> By.cssSelector: #email
13:12:24.626  INFO  manager.ListenerWD - After Find Element---> By.cssSelector: #email
13:12:24.643  INFO  manager.ListenerWD - Location of element ---> (1070, 258)
13:12:24.967  INFO  manager.ListenerWD - Before Find Element---> By.id: password
13:12:24.995  INFO  manager.ListenerWD - After Find Element---> By.id: password
13:12:25.015  INFO  manager.ListenerWD - Location of element ---> (1070, 332)
13:12:25.314  INFO  manager.ListenerWD - Before Find Element---> By.xpath: //button[@type='submit']
13:12:25.337  INFO  manager.ListenerWD - After Find Element---> By.xpath: //button[@type='submit']
13:12:25.356  INFO  manager.ListenerWD - Location of element ---> (1070, 421)
13:12:25.421  INFO  manager.ListenerWD - Before Find Element---> By.cssSelector: .error
13:12:25.443  INFO  manager.ListenerWD - After Find Element---> By.cssSelector: .error
13:12:25.462  INFO  manager.ListenerWD - Location of element ---> (1070, 302)
13:12:25.489  INFO  tests.TestBase - Assert check is Error present with text 'Email is required'
13:12:25.490  INFO  manager.ListenerWD - Before Find Element---> By.cssSelector: .dialog-container
13:12:30.524  INFO  manager.ListenerWD - After Find Element---> By.cssSelector: .dialog-container
13:12:30.526  INFO  manager.ListenerWD - List of elements is ---> 0
13:12:30.527  INFO  tests.TestBase - Name of method ---> loginWrongPassword
13:12:30.528  INFO  manager.ListenerWD - Before Find Element---> By.xpath: //a[text()=' Logout ']
13:12:35.550  INFO  manager.ListenerWD - After Find Element---> By.xpath: //a[text()=' Logout ']
13:12:35.550  INFO  manager.ListenerWD - List of elements is ---> 0
13:12:36.095  INFO  manager.HelperBase - Refresh
13:12:36.095  INFO  tests.TestBase - Test data ---> email: 'ssa@gmail.com' & password: 'Ssa'
13:12:36.095  INFO  manager.ListenerWD - Before Find Element---> By.xpath: //*[text()=' Log in ']
13:12:36.137  INFO  manager.ListenerWD - After Find Element---> By.xpath: //*[text()=' Log in ']
13:12:36.156  INFO  manager.ListenerWD - Location of element ---> (1287, 24)
13:12:36.231  INFO  manager.ListenerWD - Before Find Element---> By.cssSelector: #email
13:12:36.259  INFO  manager.ListenerWD - After Find Element---> By.cssSelector: #email
13:12:36.278  INFO  manager.ListenerWD - Location of element ---> (1070, 258)
13:12:36.657  INFO  manager.ListenerWD - Before Find Element---> By.id: password
13:12:36.682  INFO  manager.ListenerWD - After Find Element---> By.id: password
13:12:36.702  INFO  manager.ListenerWD - Location of element ---> (1070, 332)
13:12:36.984  INFO  manager.ListenerWD - Before Find Element---> By.xpath: //button[@type='submit']
13:12:37.014  INFO  manager.ListenerWD - After Find Element---> By.xpath: //button[@type='submit']
13:12:37.034  INFO  manager.ListenerWD - Location of element ---> (1070, 401)
13:12:37.155  INFO  manager.ListenerWD - Before Find Element---> By.cssSelector: .dialog-container
13:12:38.082  INFO  manager.ListenerWD - After Find Element---> By.cssSelector: .dialog-container
13:12:38.102  INFO  manager.ListenerWD - Location of element ---> (608, 309)
13:12:38.133  INFO  manager.ListenerWD - Before Find Element---> By.cssSelector: .dialog-container>h2
13:12:38.169  INFO  manager.ListenerWD - After Find Element---> By.cssSelector: .dialog-container>h2
13:12:38.186  INFO  manager.ListenerWD - Location of element ---> (585, 345)
13:12:38.212  INFO  tests.TestBase - Assert check is Error present with text '"Login or Password incorrect"'
13:12:38.214  INFO  manager.ListenerWD - Before Find Element---> By.cssSelector: .dialog-container
13:12:38.238  INFO  manager.ListenerWD - After Find Element---> By.cssSelector: .dialog-container
13:12:38.238  INFO  manager.ListenerWD - List of elements is ---> 1
13:12:38.238  INFO  manager.ListenerWD - Before Find Element---> By.xpath: //button[text()='Ok']
13:12:38.268  INFO  manager.ListenerWD - After Find Element---> By.xpath: //button[text()='Ok']
13:12:38.284  INFO  manager.ListenerWD - Location of element ---> (793, 398)
13:12:38.357  INFO  tests.TestBase - The window is closed
13:12:38.359  INFO  tests.TestBase - Name of method ---> loginWrongPasswordEmpty
13:12:38.361  INFO  manager.ListenerWD - Before Find Element---> By.xpath: //a[text()=' Logout ']
13:12:43.373  INFO  manager.ListenerWD - After Find Element---> By.xpath: //a[text()=' Logout ']
13:12:43.374  INFO  manager.ListenerWD - List of elements is ---> 0
13:12:43.839  INFO  manager.HelperBase - Refresh
13:12:43.840  INFO  tests.TestBase - Test data ---> email: 'ssa@gmail.com' & password: ''
13:12:43.841  INFO  manager.ListenerWD - Before Find Element---> By.xpath: //*[text()=' Log in ']
13:12:43.866  INFO  manager.ListenerWD - After Find Element---> By.xpath: //*[text()=' Log in ']
13:12:43.925  INFO  manager.ListenerWD - Location of element ---> (1287, 24)
13:12:44.017  INFO  manager.ListenerWD - Before Find Element---> By.cssSelector: #email
13:12:44.052  INFO  manager.ListenerWD - After Find Element---> By.cssSelector: #email
13:12:44.070  INFO  manager.ListenerWD - Location of element ---> (1070, 258)
13:12:44.449  INFO  manager.ListenerWD - Before Find Element---> By.id: password
13:12:44.484  INFO  manager.ListenerWD - After Find Element---> By.id: password
13:12:44.499  INFO  manager.ListenerWD - Location of element ---> (1070, 332)
13:12:44.771  INFO  manager.ListenerWD - Before Find Element---> By.xpath: //button[@type='submit']
13:12:44.798  INFO  manager.ListenerWD - After Find Element---> By.xpath: //button[@type='submit']
13:12:44.816  INFO  manager.ListenerWD - Location of element ---> (1070, 401)
13:12:44.882  INFO  manager.ListenerWD - Before Find Element---> By.xpath: //button[@disabled]
13:12:44.912  INFO  manager.ListenerWD - After Find Element---> By.xpath: //button[@disabled]
13:12:44.912  INFO  manager.ListenerWD - List of elements is ---> 1
13:12:44.913  INFO  manager.ListenerWD - Before Find Element---> By.cssSelector: button[type = 'submit']
13:12:44.938  INFO  manager.ListenerWD - After Find Element---> By.cssSelector: button[type = 'submit']
13:12:44.951  INFO  manager.ListenerWD - Location of element ---> (1070, 401)
13:12:44.967  INFO  tests.TestBase - Assert check is Element button 'Yalla' not clickable
13:12:44.968  INFO  manager.ListenerWD - Before Find Element---> By.cssSelector: .dialog-container
13:12:50.002  INFO  manager.ListenerWD - After Find Element---> By.cssSelector: .dialog-container
13:12:50.002  INFO  manager.ListenerWD - List of elements is ---> 0
13:12:50.004  INFO  tests.TestBase - Name of method ---> registrationCheckboxUnchecked
13:12:53.016  INFO  manager.ListenerWD - Before Find Element---> By.xpath: //a[text()=' Logout ']
13:12:58.055  INFO  manager.ListenerWD - After Find Element---> By.xpath: //a[text()=' Logout ']
13:12:58.056  INFO  manager.ListenerWD - List of elements is ---> 0
13:12:58.057  INFO  manager.ListenerWD - Before Find Element---> By.xpath: //a[text()=' Sign up ']
13:12:58.090  INFO  manager.ListenerWD - After Find Element---> By.xpath: //a[text()=' Sign up ']
13:12:58.107  INFO  manager.ListenerWD - Location of element ---> (1166, 24)
13:12:58.265  INFO  manager.ListenerWD - Before Find Element---> By.id: name
13:12:58.302  INFO  manager.ListenerWD - After Find Element---> By.id: name
13:12:58.319  INFO  manager.ListenerWD - Location of element ---> (1070, 258)
13:12:58.636  INFO  manager.ListenerWD - Before Find Element---> By.id: lastName
13:12:58.671  INFO  manager.ListenerWD - After Find Element---> By.id: lastName
13:12:58.693  INFO  manager.ListenerWD - Location of element ---> (1070, 332)
13:12:58.982  INFO  manager.ListenerWD - Before Find Element---> By.id: email
13:12:59.005  INFO  manager.ListenerWD - After Find Element---> By.id: email
13:12:59.023  INFO  manager.ListenerWD - Location of element ---> (1070, 406)
13:12:59.439  INFO  manager.ListenerWD - Before Find Element---> By.id: password
13:12:59.461  INFO  manager.ListenerWD - After Find Element---> By.id: password
13:12:59.476  INFO  manager.ListenerWD - Location of element ---> (1070, 480)
13:12:59.817  INFO  manager.ListenerWD - Before Find Element---> By.xpath: //button[@type='submit']
13:12:59.844  INFO  manager.ListenerWD - After Find Element---> By.xpath: //button[@type='submit']
13:12:59.864  INFO  manager.ListenerWD - Location of element ---> (1070, 582)
13:12:59.927  INFO  manager.ListenerWD - Before Find Element---> By.xpath: //button[@disabled]
13:12:59.951  INFO  manager.ListenerWD - After Find Element---> By.xpath: //button[@disabled]
13:12:59.951  INFO  manager.ListenerWD - List of elements is ---> 1
13:12:59.951  INFO  manager.ListenerWD - Before Find Element---> By.cssSelector: button[type = 'submit']
13:12:59.975  INFO  manager.ListenerWD - After Find Element---> By.cssSelector: button[type = 'submit']
13:12:59.988  INFO  manager.ListenerWD - Location of element ---> (1070, 582)
13:13:00.009  INFO  manager.ListenerWD - Before Find Element---> By.cssSelector: .dialog-container
13:13:05.029  INFO  manager.ListenerWD - After Find Element---> By.cssSelector: .dialog-container
13:13:05.029  INFO  manager.ListenerWD - List of elements is ---> 0
13:13:05.030  INFO  tests.TestBase - Name of method ---> registrationRegisteredUser
13:13:08.043  INFO  manager.ListenerWD - Before Find Element---> By.xpath: //a[text()=' Logout ']
13:13:13.089  INFO  manager.ListenerWD - After Find Element---> By.xpath: //a[text()=' Logout ']
13:13:13.089  INFO  manager.ListenerWD - List of elements is ---> 0
13:13:13.090  INFO  manager.ListenerWD - Before Find Element---> By.xpath: //a[text()=' Sign up ']
13:13:13.115  INFO  manager.ListenerWD - After Find Element---> By.xpath: //a[text()=' Sign up ']
13:13:13.132  INFO  manager.ListenerWD - Location of element ---> (1166, 24)
13:13:13.204  INFO  manager.ListenerWD - Before Find Element---> By.id: name
13:13:13.231  INFO  manager.ListenerWD - After Find Element---> By.id: name
13:13:13.247  INFO  manager.ListenerWD - Location of element ---> (1070, 258)
13:13:13.532  INFO  manager.ListenerWD - Before Find Element---> By.id: lastName
13:13:13.556  INFO  manager.ListenerWD - After Find Element---> By.id: lastName
13:13:13.568  INFO  manager.ListenerWD - Location of element ---> (1070, 332)
13:13:13.822  INFO  manager.ListenerWD - Before Find Element---> By.id: email
13:13:13.843  INFO  manager.ListenerWD - After Find Element---> By.id: email
13:13:13.855  INFO  manager.ListenerWD - Location of element ---> (1070, 406)
13:13:14.187  INFO  manager.ListenerWD - Before Find Element---> By.id: password
13:13:14.210  INFO  manager.ListenerWD - After Find Element---> By.id: password
13:13:14.222  INFO  manager.ListenerWD - Location of element ---> (1070, 480)
13:13:14.542  INFO  manager.ListenerWD - Before Find Element---> By.id: terms-of-use
13:13:14.577  INFO  manager.ListenerWD - After Find Element---> By.id: terms-of-use
13:13:14.595  INFO  manager.ListenerWD - Location of element ---> (1074, 541)
13:13:14.626  INFO  manager.ListenerWD - Before Find Element---> By.cssSelector: label[for='terms-of-use']
13:13:14.655  INFO  manager.ListenerWD - After Find Element---> By.cssSelector: label[for='terms-of-use']
13:13:14.672  INFO  manager.ListenerWD - Location of element ---> (1070, 538)
13:13:14.876  INFO  manager.ListenerWD - Before Find Element---> By.xpath: //button[@type='submit']
13:13:14.902  INFO  manager.ListenerWD - After Find Element---> By.xpath: //button[@type='submit']
13:13:14.915  INFO  manager.ListenerWD - Location of element ---> (1070, 582)
13:13:14.975  INFO  manager.ListenerWD - Before Find Element---> By.cssSelector: .dialog-container
13:13:15.817  INFO  manager.ListenerWD - After Find Element---> By.cssSelector: .dialog-container
13:13:15.836  INFO  manager.ListenerWD - Location of element ---> (618, 312)
13:13:15.869  INFO  manager.ListenerWD - Before Find Element---> By.cssSelector: .dialog-container>h2
13:13:15.906  INFO  manager.ListenerWD - After Find Element---> By.cssSelector: .dialog-container>h2
13:13:15.926  INFO  manager.ListenerWD - Location of element ---> (585, 345)
13:13:15.956  INFO  manager.ListenerWD - Before Find Element---> By.cssSelector: .dialog-container
13:13:15.991  INFO  manager.ListenerWD - After Find Element---> By.cssSelector: .dialog-container
13:13:15.991  INFO  manager.ListenerWD - List of elements is ---> 1
13:13:15.991  INFO  manager.ListenerWD - Before Find Element---> By.xpath: //button[text()='Ok']
13:13:16.031  INFO  manager.ListenerWD - After Find Element---> By.xpath: //button[text()='Ok']
13:13:16.051  INFO  manager.ListenerWD - Location of element ---> (793, 398)
13:13:16.137  INFO  tests.TestBase - Name of method ---> registrationSuccess
13:13:19.140  INFO  manager.ListenerWD - Before Find Element---> By.xpath: //a[text()=' Logout ']
13:13:24.168  INFO  manager.ListenerWD - After Find Element---> By.xpath: //a[text()=' Logout ']
13:13:24.168  INFO  manager.ListenerWD - List of elements is ---> 0
13:13:24.169  INFO  manager.ListenerWD - Before Find Element---> By.xpath: //a[text()=' Sign up ']
13:13:24.194  INFO  manager.ListenerWD - After Find Element---> By.xpath: //a[text()=' Sign up ']
13:13:24.211  INFO  manager.ListenerWD - Location of element ---> (1166, 24)
13:13:24.281  INFO  manager.ListenerWD - Before Find Element---> By.id: name
13:13:24.310  INFO  manager.ListenerWD - After Find Element---> By.id: name
13:13:24.325  INFO  manager.ListenerWD - Location of element ---> (1070, 258)
13:13:24.601  INFO  manager.ListenerWD - Before Find Element---> By.id: lastName
13:13:24.622  INFO  manager.ListenerWD - After Find Element---> By.id: lastName
13:13:24.634  INFO  manager.ListenerWD - Location of element ---> (1070, 332)
13:13:24.921  INFO  manager.ListenerWD - Before Find Element---> By.id: email
13:13:24.942  INFO  manager.ListenerWD - After Find Element---> By.id: email
13:13:24.954  INFO  manager.ListenerWD - Location of element ---> (1070, 406)
13:13:25.311  INFO  manager.ListenerWD - Before Find Element---> By.id: password
13:13:25.331  INFO  manager.ListenerWD - After Find Element---> By.id: password
13:13:25.343  INFO  manager.ListenerWD - Location of element ---> (1070, 480)
13:13:25.630  INFO  manager.ListenerWD - Before Find Element---> By.id: terms-of-use
13:13:25.650  INFO  manager.ListenerWD - After Find Element---> By.id: terms-of-use
13:13:25.663  INFO  manager.ListenerWD - Location of element ---> (1074, 541)
13:13:25.677  INFO  manager.ListenerWD - Before Find Element---> By.xpath: //button[@type='submit']
13:13:25.705  INFO  manager.ListenerWD - After Find Element---> By.xpath: //button[@type='submit']
13:13:25.718  INFO  manager.ListenerWD - Location of element ---> (1070, 582)
13:13:25.780  INFO  manager.ListenerWD - Before Find Element---> By.cssSelector: .dialog-container
13:13:26.492  INFO  manager.ListenerWD - After Find Element---> By.cssSelector: .dialog-container
13:13:26.511  INFO  manager.ListenerWD - Location of element ---> (618, 312)
13:13:26.545  INFO  manager.ListenerWD - Before Find Element---> By.cssSelector: .dialog-container>h2
13:13:26.570  INFO  manager.ListenerWD - After Find Element---> By.cssSelector: .dialog-container>h2
13:13:26.588  INFO  manager.ListenerWD - Location of element ---> (587, 345)
13:13:26.616  INFO  manager.ListenerWD - Before Find Element---> By.cssSelector: .dialog-container
13:13:26.644  INFO  manager.ListenerWD - After Find Element---> By.cssSelector: .dialog-container
13:13:26.644  INFO  manager.ListenerWD - List of elements is ---> 1
13:13:26.644  INFO  manager.ListenerWD - Before Find Element---> By.xpath: //button[text()='Ok']
13:13:26.671  INFO  manager.ListenerWD - After Find Element---> By.xpath: //button[text()='Ok']
13:13:26.689  INFO  manager.ListenerWD - Location of element ---> (793, 398)
13:13:26.755  INFO  tests.TestBase - Name of method ---> registrationWrongEmail
13:13:29.772  INFO  manager.ListenerWD - Before Find Element---> By.xpath: //a[text()=' Logout ']
13:13:29.798  INFO  manager.ListenerWD - After Find Element---> By.xpath: //a[text()=' Logout ']
13:13:29.799  INFO  manager.ListenerWD - List of elements is ---> 1
13:13:29.799  INFO  manager.ListenerWD - Before Find Element---> By.xpath: //a[text()=' Logout ']
13:13:29.844  INFO  manager.ListenerWD - After Find Element---> By.xpath: //a[text()=' Logout ']
13:13:29.862  INFO  manager.ListenerWD - Location of element ---> (1099, 24)
13:13:29.968  INFO  manager.ListenerWD - Before Find Element---> By.xpath: //a[text()=' Sign up ']
13:13:29.999  INFO  manager.ListenerWD - After Find Element---> By.xpath: //a[text()=' Sign up ']
13:13:30.022  INFO  manager.ListenerWD - Location of element ---> (1166, 24)
13:13:30.122  INFO  manager.ListenerWD - Before Find Element---> By.id: name
13:13:30.149  INFO  manager.ListenerWD - After Find Element---> By.id: name
13:13:30.167  INFO  manager.ListenerWD - Location of element ---> (1070, 258)
13:13:30.503  INFO  manager.ListenerWD - Before Find Element---> By.id: lastName
13:13:30.531  INFO  manager.ListenerWD - After Find Element---> By.id: lastName
13:13:30.552  INFO  manager.ListenerWD - Location of element ---> (1070, 332)
13:13:30.885  INFO  manager.ListenerWD - Before Find Element---> By.id: email
13:13:30.912  INFO  manager.ListenerWD - After Find Element---> By.id: email
13:13:30.931  INFO  manager.ListenerWD - Location of element ---> (1070, 406)
13:13:31.365  INFO  manager.ListenerWD - Before Find Element---> By.id: password
13:13:31.390  INFO  manager.ListenerWD - After Find Element---> By.id: password
13:13:31.408  INFO  manager.ListenerWD - Location of element ---> (1070, 480)
13:13:31.744  INFO  manager.ListenerWD - Before Find Element---> By.id: terms-of-use
13:13:31.772  INFO  manager.ListenerWD - After Find Element---> By.id: terms-of-use
13:13:31.792  INFO  manager.ListenerWD - Location of element ---> (1074, 579)
13:13:31.814  INFO  manager.ListenerWD - Before Find Element---> By.cssSelector: label[for='terms-of-use']
13:13:31.837  INFO  manager.ListenerWD - After Find Element---> By.cssSelector: label[for='terms-of-use']
13:13:31.855  INFO  manager.ListenerWD - Location of element ---> (1070, 576)
13:13:32.022  INFO  manager.ListenerWD - Before Find Element---> By.xpath: //button[@type='submit']
13:13:32.067  INFO  manager.ListenerWD - After Find Element---> By.xpath: //button[@type='submit']
13:13:32.086  INFO  manager.ListenerWD - Location of element ---> (1070, 621)
13:13:32.157  INFO  manager.ListenerWD - Before Find Element---> By.cssSelector: .error
13:13:32.193  INFO  manager.ListenerWD - After Find Element---> By.cssSelector: .error
13:13:32.213  INFO  manager.ListenerWD - Location of element ---> (1070, 450)
13:13:32.246  INFO  manager.ListenerWD - Before Find Element---> By.xpath: //button[@disabled]
13:13:32.280  INFO  manager.ListenerWD - After Find Element---> By.xpath: //button[@disabled]
13:13:32.280  INFO  manager.ListenerWD - List of elements is ---> 1
13:13:32.280  INFO  manager.ListenerWD - Before Find Element---> By.cssSelector: button[type = 'submit']
13:13:32.314  INFO  manager.ListenerWD - After Find Element---> By.cssSelector: button[type = 'submit']
13:13:32.328  INFO  manager.ListenerWD - Location of element ---> (1070, 621)
13:13:32.349  INFO  manager.ListenerWD - Before Find Element---> By.cssSelector: .dialog-container
13:13:37.404  INFO  manager.ListenerWD - After Find Element---> By.cssSelector: .dialog-container
13:13:37.405  INFO  manager.ListenerWD - List of elements is ---> 0
13:13:37.406  INFO  tests.TestBase - Name of method ---> registrationWrongLastName
13:13:40.416  INFO  manager.ListenerWD - Before Find Element---> By.xpath: //a[text()=' Logout ']
13:13:45.481  INFO  manager.ListenerWD - After Find Element---> By.xpath: //a[text()=' Logout ']
13:13:45.482  INFO  manager.ListenerWD - List of elements is ---> 0
13:13:45.482  INFO  manager.ListenerWD - Before Find Element---> By.xpath: //a[text()=' Sign up ']
13:13:45.504  INFO  manager.ListenerWD - After Find Element---> By.xpath: //a[text()=' Sign up ']
13:13:45.515  INFO  manager.ListenerWD - Location of element ---> (1166, 24)
13:13:45.575  INFO  manager.ListenerWD - Before Find Element---> By.id: name
13:13:45.607  INFO  manager.ListenerWD - After Find Element---> By.id: name
13:13:45.619  INFO  manager.ListenerWD - Location of element ---> (1070, 258)
13:13:45.864  INFO  manager.ListenerWD - Before Find Element---> By.id: lastName
13:13:45.885  INFO  manager.ListenerWD - After Find Element---> By.id: lastName
13:13:45.898  INFO  manager.ListenerWD - Location of element ---> (1070, 332)
13:13:46.136  INFO  manager.ListenerWD - Before Find Element---> By.id: email
13:13:46.158  INFO  manager.ListenerWD - After Find Element---> By.id: email
13:13:46.173  INFO  manager.ListenerWD - Location of element ---> (1070, 425)
13:13:46.534  INFO  manager.ListenerWD - Before Find Element---> By.id: password
13:13:46.557  INFO  manager.ListenerWD - After Find Element---> By.id: password
13:13:46.571  INFO  manager.ListenerWD - Location of element ---> (1070, 499)
13:13:46.869  INFO  manager.ListenerWD - Before Find Element---> By.id: terms-of-use
13:13:46.890  INFO  manager.ListenerWD - After Find Element---> By.id: terms-of-use
13:13:46.902  INFO  manager.ListenerWD - Location of element ---> (1074, 560)
13:13:46.914  INFO  manager.ListenerWD - Before Find Element---> By.xpath: //button[@type='submit']
13:13:46.937  INFO  manager.ListenerWD - After Find Element---> By.xpath: //button[@type='submit']
13:13:46.950  INFO  manager.ListenerWD - Location of element ---> (1070, 602)
13:13:46.994  INFO  manager.ListenerWD - Before Find Element---> By.cssSelector: .error
13:13:47.017  INFO  manager.ListenerWD - After Find Element---> By.cssSelector: .error
13:13:47.036  INFO  manager.ListenerWD - Location of element ---> (1070, 376)
13:13:47.064  INFO  manager.ListenerWD - Before Find Element---> By.xpath: //button[@disabled]
13:13:47.090  INFO  manager.ListenerWD - After Find Element---> By.xpath: //button[@disabled]
13:13:47.090  INFO  manager.ListenerWD - List of elements is ---> 1
13:13:47.090  INFO  manager.ListenerWD - Before Find Element---> By.cssSelector: button[type = 'submit']
13:13:47.117  INFO  manager.ListenerWD - After Find Element---> By.cssSelector: button[type = 'submit']
13:13:47.129  INFO  manager.ListenerWD - Location of element ---> (1070, 602)
13:13:47.140  INFO  manager.ListenerWD - Before Find Element---> By.cssSelector: .dialog-container
13:13:52.167  INFO  manager.ListenerWD - After Find Element---> By.cssSelector: .dialog-container
13:13:52.168  INFO  manager.ListenerWD - List of elements is ---> 0
13:13:52.170  INFO  tests.TestBase - Name of method ---> registrationWrongName
13:13:55.174  INFO  manager.ListenerWD - Before Find Element---> By.xpath: //a[text()=' Logout ']
13:14:00.180  INFO  manager.ListenerWD - After Find Element---> By.xpath: //a[text()=' Logout ']
13:14:00.180  INFO  manager.ListenerWD - List of elements is ---> 0
13:14:00.181  INFO  manager.ListenerWD - Before Find Element---> By.xpath: //a[text()=' Sign up ']
13:14:00.213  INFO  manager.ListenerWD - After Find Element---> By.xpath: //a[text()=' Sign up ']
13:14:00.227  INFO  manager.ListenerWD - Location of element ---> (1166, 24)
13:14:00.295  INFO  manager.ListenerWD - Before Find Element---> By.id: name
13:14:00.322  INFO  manager.ListenerWD - After Find Element---> By.id: name
13:14:00.335  INFO  manager.ListenerWD - Location of element ---> (1070, 258)
13:14:00.568  INFO  manager.ListenerWD - Before Find Element---> By.id: lastName
13:14:00.590  INFO  manager.ListenerWD - After Find Element---> By.id: lastName
13:14:00.602  INFO  manager.ListenerWD - Location of element ---> (1070, 351)
13:14:00.870  INFO  manager.ListenerWD - Before Find Element---> By.id: email
13:14:00.892  INFO  manager.ListenerWD - After Find Element---> By.id: email
13:14:00.905  INFO  manager.ListenerWD - Location of element ---> (1070, 425)
13:14:01.241  INFO  manager.ListenerWD - Before Find Element---> By.id: password
13:14:01.264  INFO  manager.ListenerWD - After Find Element---> By.id: password
13:14:01.278  INFO  manager.ListenerWD - Location of element ---> (1070, 499)
13:14:01.586  INFO  manager.ListenerWD - Before Find Element---> By.id: terms-of-use
13:14:01.610  INFO  manager.ListenerWD - After Find Element---> By.id: terms-of-use
13:14:01.624  INFO  manager.ListenerWD - Location of element ---> (1074, 560)
13:14:01.638  INFO  manager.ListenerWD - Before Find Element---> By.xpath: //button[@type='submit']
13:14:01.668  INFO  manager.ListenerWD - After Find Element---> By.xpath: //button[@type='submit']
13:14:01.681  INFO  manager.ListenerWD - Location of element ---> (1070, 602)
13:14:01.730  INFO  manager.ListenerWD - Before Find Element---> By.cssSelector: .error
13:14:01.757  INFO  manager.ListenerWD - After Find Element---> By.cssSelector: .error
13:14:01.774  INFO  manager.ListenerWD - Location of element ---> (1070, 302)
13:14:01.798  INFO  manager.ListenerWD - Before Find Element---> By.xpath: //button[@disabled]
13:14:01.824  INFO  manager.ListenerWD - After Find Element---> By.xpath: //button[@disabled]
13:14:01.824  INFO  manager.ListenerWD - List of elements is ---> 1
13:14:01.824  INFO  manager.ListenerWD - Before Find Element---> By.cssSelector: button[type = 'submit']
13:14:01.849  INFO  manager.ListenerWD - After Find Element---> By.cssSelector: button[type = 'submit']
13:14:01.861  INFO  manager.ListenerWD - Location of element ---> (1070, 602)
13:14:01.876  INFO  manager.ListenerWD - Before Find Element---> By.cssSelector: .dialog-container
13:14:06.903  INFO  manager.ListenerWD - After Find Element---> By.cssSelector: .dialog-container
13:14:06.903  INFO  manager.ListenerWD - List of elements is ---> 0
13:14:06.905  INFO  tests.TestBase - Name of method ---> registrationWrongPassword
13:14:09.907  INFO  manager.ListenerWD - Before Find Element---> By.xpath: //a[text()=' Logout ']
13:14:14.966  INFO  manager.ListenerWD - After Find Element---> By.xpath: //a[text()=' Logout ']
13:14:14.966  INFO  manager.ListenerWD - List of elements is ---> 0
13:14:14.967  INFO  manager.ListenerWD - Before Find Element---> By.xpath: //a[text()=' Sign up ']
13:14:14.988  INFO  manager.ListenerWD - After Find Element---> By.xpath: //a[text()=' Sign up ']
13:14:15.001  INFO  manager.ListenerWD - Location of element ---> (1166, 24)
13:14:15.064  INFO  manager.ListenerWD - Before Find Element---> By.id: name
13:14:15.094  INFO  manager.ListenerWD - After Find Element---> By.id: name
13:14:15.107  INFO  manager.ListenerWD - Location of element ---> (1070, 258)
13:14:15.427  INFO  manager.ListenerWD - Before Find Element---> By.id: lastName
13:14:15.453  INFO  manager.ListenerWD - After Find Element---> By.id: lastName
13:14:15.473  INFO  manager.ListenerWD - Location of element ---> (1070, 332)
13:14:15.761  INFO  manager.ListenerWD - Before Find Element---> By.id: email
13:14:15.782  INFO  manager.ListenerWD - After Find Element---> By.id: email
13:14:15.796  INFO  manager.ListenerWD - Location of element ---> (1070, 406)
13:14:16.131  INFO  manager.ListenerWD - Before Find Element---> By.id: password
13:14:16.157  INFO  manager.ListenerWD - After Find Element---> By.id: password
13:14:16.170  INFO  manager.ListenerWD - Location of element ---> (1070, 480)
13:14:16.482  INFO  manager.ListenerWD - Before Find Element---> By.id: terms-of-use
13:14:16.504  INFO  manager.ListenerWD - After Find Element---> By.id: terms-of-use
13:14:16.517  INFO  manager.ListenerWD - Location of element ---> (1074, 617)
13:14:16.529  INFO  manager.ListenerWD - Before Find Element---> By.xpath: //button[@type='submit']
13:14:16.550  INFO  manager.ListenerWD - After Find Element---> By.xpath: //button[@type='submit']
13:14:16.563  INFO  manager.ListenerWD - Location of element ---> (1070, 659)
13:14:16.606  INFO  manager.ListenerWD - Before Find Element---> By.cssSelector: .error
13:14:16.627  INFO  manager.ListenerWD - After Find Element---> By.cssSelector: .error
13:14:16.644  INFO  manager.ListenerWD - Location of element ---> (1070, 524)
13:14:16.672  INFO  manager.ListenerWD - Before Find Element---> By.xpath: //button[@disabled]
13:14:16.693  INFO  manager.ListenerWD - After Find Element---> By.xpath: //button[@disabled]
13:14:16.693  INFO  manager.ListenerWD - List of elements is ---> 1
13:14:16.693  INFO  manager.ListenerWD - Before Find Element---> By.cssSelector: button[type = 'submit']
13:14:16.714  INFO  manager.ListenerWD - After Find Element---> By.cssSelector: button[type = 'submit']
13:14:16.726  INFO  manager.ListenerWD - Location of element ---> (1070, 659)
13:14:16.740  INFO  manager.ListenerWD - Before Find Element---> By.cssSelector: .dialog-container
13:14:21.768  INFO  manager.ListenerWD - After Find Element---> By.cssSelector: .dialog-container
13:14:21.768  INFO  manager.ListenerWD - List of elements is ---> 0
13:14:21.770  INFO  tests.TestBase - Name of method ---> negativeSearch
13:14:21.771  INFO  manager.ListenerWD - Before Find Element---> By.cssSelector: a.logo
13:14:21.804  INFO  manager.ListenerWD - After Find Element---> By.cssSelector: a.logo
13:14:21.821  INFO  manager.ListenerWD - Location of element ---> (153, 16)
13:14:22.462  INFO  manager.ListenerWD - Before Find Element---> By.id: city
13:14:22.498  INFO  manager.ListenerWD - After Find Element---> By.id: city
13:14:22.524  INFO  manager.ListenerWD - Location of element ---> (153, 234)
13:14:22.911  INFO  manager.ListenerWD - Before Find Element---> By.cssSelector: .pac-item
13:14:23.416  INFO  manager.ListenerWD - After Find Element---> By.cssSelector: .pac-item
13:14:23.433  INFO  manager.ListenerWD - Location of element ---> (154, 279)
13:14:23.523  INFO  manager.ListenerWD - Before Find Element---> By.id: dates
13:14:23.556  INFO  manager.ListenerWD - After Find Element---> By.id: dates
13:14:23.574  INFO  manager.ListenerWD - Location of element ---> (153, 308)
13:14:23.720  INFO  manager.ListenerWD - Before Find Element---> By.id: dates
13:14:23.746  INFO  manager.ListenerWD - After Find Element---> By.id: dates
13:14:23.760  INFO  manager.ListenerWD - Location of element ---> (153, 308)
13:14:23.875  INFO  manager.ListenerWD - Before Find Element---> By.id: city
13:14:23.900  INFO  manager.ListenerWD - After Find Element---> By.id: city
13:14:23.914  INFO  manager.ListenerWD - Location of element ---> (153, 234)
13:14:24.027  INFO  manager.ListenerWD - Before Find Element---> By.xpath: //button[@type='submit']
13:14:24.055  INFO  manager.ListenerWD - After Find Element---> By.xpath: //button[@type='submit']
13:14:24.072  INFO  manager.ListenerWD - Location of element ---> (153, 385)
13:14:24.129  INFO  manager.ListenerWD - Before Find Element---> By.cssSelector: .error
13:14:24.153  INFO  manager.ListenerWD - After Find Element---> By.cssSelector: .error
13:14:24.171  INFO  manager.ListenerWD - Location of element ---> (153, 352)
13:14:24.199  INFO  tests.TestBase - Name of method ---> negativeSearchMy
13:14:24.199  INFO  manager.ListenerWD - Before Find Element---> By.cssSelector: a.logo
13:14:24.221  INFO  manager.ListenerWD - After Find Element---> By.cssSelector: a.logo
13:14:24.238  INFO  manager.ListenerWD - Location of element ---> (153, 16)
13:14:24.715  INFO  manager.ListenerWD - Before Find Element---> By.id: city
13:14:24.740  INFO  manager.ListenerWD - After Find Element---> By.id: city
13:14:24.760  INFO  manager.ListenerWD - Location of element ---> (153, 234)
13:14:25.191  INFO  manager.ListenerWD - Before Find Element---> By.cssSelector: .pac-item
13:14:25.659  INFO  manager.ListenerWD - After Find Element---> By.cssSelector: .pac-item
13:14:25.676  INFO  manager.ListenerWD - Location of element ---> (154, 279)
13:14:25.750  INFO  manager.ListenerWD - Before Find Element---> By.id: dates
13:14:25.772  INFO  manager.ListenerWD - After Find Element---> By.id: dates
13:14:25.789  INFO  manager.ListenerWD - Location of element ---> (153, 308)
13:14:25.937  INFO  manager.ListenerWD - Before Find Element---> By.id: dates
13:14:25.960  INFO  manager.ListenerWD - After Find Element---> By.id: dates
13:14:25.975  INFO  manager.ListenerWD - Location of element ---> (153, 308)
13:14:26.079  INFO  manager.ListenerWD - Before Find Element---> By.id: city
13:14:26.099  INFO  manager.ListenerWD - After Find Element---> By.id: city
13:14:26.110  INFO  manager.ListenerWD - Location of element ---> (153, 234)
13:14:26.171  INFO  manager.ListenerWD - Before Find Element---> By.xpath: //button[@type='submit']
13:14:26.196  INFO  manager.ListenerWD - After Find Element---> By.xpath: //button[@type='submit']
13:14:26.213  INFO  manager.ListenerWD - Location of element ---> (153, 385)
13:14:26.273  INFO  manager.ListenerWD - Before Find Element---> By.xpath: //button[@disabled]
13:14:26.294  INFO  manager.ListenerWD - After Find Element---> By.xpath: //button[@disabled]
13:14:26.294  INFO  manager.ListenerWD - List of elements is ---> 1
13:14:26.295  INFO  manager.ListenerWD - Before Find Element---> By.cssSelector: button[type = 'submit']
13:14:26.315  INFO  manager.ListenerWD - After Find Element---> By.cssSelector: button[type = 'submit']
13:14:26.328  INFO  manager.ListenerWD - Location of element ---> (153, 385)
13:14:26.347  INFO  manager.ListenerWD - Before Find Element---> By.className: error
13:14:26.376  INFO  manager.ListenerWD - After Find Element---> By.className: error
13:14:26.376  INFO  manager.ListenerWD - List of elements is ---> 1
13:14:26.377  INFO  tests.TestBase - Name of method ---> searchAnyPeriodSuccess
13:14:26.378  INFO  manager.ListenerWD - Before Find Element---> By.cssSelector: a.logo
13:14:26.399  INFO  manager.ListenerWD - After Find Element---> By.cssSelector: a.logo
13:14:26.415  INFO  manager.ListenerWD - Location of element ---> (153, 16)
13:14:26.858  INFO  manager.ListenerWD - Before Find Element---> By.id: city
13:14:26.887  INFO  manager.ListenerWD - After Find Element---> By.id: city
13:14:26.907  INFO  manager.ListenerWD - Location of element ---> (153, 234)
13:14:27.315  INFO  manager.ListenerWD - Before Find Element---> By.cssSelector: .pac-item
13:14:27.717  INFO  manager.ListenerWD - After Find Element---> By.cssSelector: .pac-item
13:14:27.735  INFO  manager.ListenerWD - Location of element ---> (154, 279)
13:14:27.812  INFO  manager.ListenerWD - Before Find Element---> By.id: dates
13:14:27.834  INFO  manager.ListenerWD - After Find Element---> By.id: dates
13:14:27.852  INFO  manager.ListenerWD - Location of element ---> (153, 308)
13:14:27.990  INFO  manager.ListenerWD - Before Find Element---> By.id: dates
13:14:28.011  INFO  manager.ListenerWD - After Find Element---> By.id: dates
13:14:28.024  INFO  manager.ListenerWD - Location of element ---> (153, 308)
13:14:28.236  INFO  manager.ListenerWD - Before Find Element---> By.cssSelector: [aria-label='Next month']
13:14:28.271  INFO  manager.ListenerWD - After Find Element---> By.cssSelector: [aria-label='Next month']
13:14:28.293  INFO  manager.ListenerWD - Location of element ---> (404, 367)
13:14:28.406  INFO  manager.ListenerWD - Before Find Element---> By.cssSelector: [aria-label='Next month']
13:14:28.429  INFO  manager.ListenerWD - After Find Element---> By.cssSelector: [aria-label='Next month']
13:14:28.443  INFO  manager.ListenerWD - Location of element ---> (404, 368)
13:14:28.542  INFO  manager.ListenerWD - Before Find Element---> By.cssSelector: [aria-label='Next month']
13:14:28.567  INFO  manager.ListenerWD - After Find Element---> By.cssSelector: [aria-label='Next month']
13:14:28.579  INFO  manager.ListenerWD - Location of element ---> (404, 368)
13:14:28.672  INFO  manager.ListenerWD - Before Find Element---> By.cssSelector: [aria-label='Next month']
13:14:28.696  INFO  manager.ListenerWD - After Find Element---> By.cssSelector: [aria-label='Next month']
13:14:28.710  INFO  manager.ListenerWD - Location of element ---> (404, 368)
13:14:28.801  INFO  manager.ListenerWD - Before Find Element---> By.cssSelector: [aria-label='Next month']
13:14:28.825  INFO  manager.ListenerWD - After Find Element---> By.cssSelector: [aria-label='Next month']
13:14:28.839  INFO  manager.ListenerWD - Location of element ---> (404, 368)
13:14:28.940  INFO  manager.ListenerWD - Before Find Element---> By.xpath: //div[text()=' 27 ']
13:14:28.973  INFO  manager.ListenerWD - After Find Element---> By.xpath: //div[text()=' 27 ']
13:14:28.994  INFO  manager.ListenerWD - Location of element ---> (363, 612)
13:14:29.125  INFO  manager.ListenerWD - Before Find Element---> By.cssSelector: [aria-label='Next month']
13:14:29.154  INFO  manager.ListenerWD - After Find Element---> By.cssSelector: [aria-label='Next month']
13:14:29.167  INFO  manager.ListenerWD - Location of element ---> (404, 368)
13:14:29.252  INFO  manager.ListenerWD - Before Find Element---> By.cssSelector: [aria-label='Next month']
13:14:29.277  INFO  manager.ListenerWD - After Find Element---> By.cssSelector: [aria-label='Next month']
13:14:29.290  INFO  manager.ListenerWD - Location of element ---> (404, 368)
13:14:29.391  INFO  manager.ListenerWD - Before Find Element---> By.cssSelector: [aria-label='Next month']
13:14:29.419  INFO  manager.ListenerWD - After Find Element---> By.cssSelector: [aria-label='Next month']
13:14:29.434  INFO  manager.ListenerWD - Location of element ---> (404, 368)
13:14:29.535  INFO  manager.ListenerWD - Before Find Element---> By.cssSelector: [aria-label='Next month']
13:14:29.560  INFO  manager.ListenerWD - After Find Element---> By.cssSelector: [aria-label='Next month']
13:14:29.573  INFO  manager.ListenerWD - Location of element ---> (404, 368)
13:14:29.666  INFO  manager.ListenerWD - Before Find Element---> By.cssSelector: [aria-label='Next month']
13:14:29.691  INFO  manager.ListenerWD - After Find Element---> By.cssSelector: [aria-label='Next month']
13:14:29.705  INFO  manager.ListenerWD - Location of element ---> (404, 368)
13:14:29.917  INFO  manager.ListenerWD - Before Find Element---> By.cssSelector: [aria-label='Next month']
13:14:29.939  INFO  manager.ListenerWD - After Find Element---> By.cssSelector: [aria-label='Next month']
13:14:29.952  INFO  manager.ListenerWD - Location of element ---> (404, 368)
13:14:30.067  INFO  manager.ListenerWD - Before Find Element---> By.xpath: //div[text()=' 20 ']
13:14:30.138  INFO  manager.ListenerWD - After Find Element---> By.xpath: //div[text()=' 20 ']
13:14:30.155  INFO  manager.ListenerWD - Location of element ---> (403, 572)
13:14:30.255  INFO  manager.ListenerWD - Before Find Element---> By.xpath: //button[@type='submit']
13:14:30.275  INFO  manager.ListenerWD - After Find Element---> By.xpath: //button[@type='submit']
13:14:30.291  INFO  manager.ListenerWD - Location of element ---> (153, 366)
13:14:30.447  INFO  manager.ListenerWD - Before Find Element---> By.cssSelector: .car-container
13:14:36.671  INFO  manager.ListenerWD - After Find Element---> By.cssSelector: .car-container
13:14:36.671  INFO  manager.ListenerWD - List of elements is ---> 516
13:14:36.672  INFO  tests.TestBase - Name of method ---> searchCurrentYearSuccess
13:14:36.673  INFO  manager.ListenerWD - Before Find Element---> By.cssSelector: a.logo
13:14:36.694  INFO  manager.ListenerWD - After Find Element---> By.cssSelector: a.logo
13:14:36.710  INFO  manager.ListenerWD - Location of element ---> (153, 16)
13:14:37.295  INFO  manager.ListenerWD - Before Find Element---> By.id: city
13:14:37.329  INFO  manager.ListenerWD - After Find Element---> By.id: city
13:14:37.349  INFO  manager.ListenerWD - Location of element ---> (153, 234)
13:14:37.816  INFO  manager.ListenerWD - Before Find Element---> By.cssSelector: .pac-item
13:14:37.837  INFO  manager.ListenerWD - After Find Element---> By.cssSelector: .pac-item
13:14:37.851  INFO  manager.ListenerWD - Location of element ---> (154, 279)
13:14:37.924  INFO  manager.ListenerWD - Before Find Element---> By.id: dates
13:14:37.947  INFO  manager.ListenerWD - After Find Element---> By.id: dates
13:14:37.965  INFO  manager.ListenerWD - Location of element ---> (153, 308)
13:14:38.113  INFO  manager.ListenerWD - Before Find Element---> By.id: dates
13:14:38.133  INFO  manager.ListenerWD - After Find Element---> By.id: dates
13:14:38.146  INFO  manager.ListenerWD - Location of element ---> (153, 308)
13:14:38.311  INFO  manager.ListenerWD - Before Find Element---> By.cssSelector: [aria-label='Next month']
13:14:38.337  INFO  manager.ListenerWD - After Find Element---> By.cssSelector: [aria-label='Next month']
13:14:38.362  INFO  manager.ListenerWD - Location of element ---> (404, 366)
13:14:38.498  INFO  manager.ListenerWD - Before Find Element---> By.xpath: //div[text()=' 27 ']
13:14:38.527  INFO  manager.ListenerWD - After Find Element---> By.xpath: //div[text()=' 27 ']
13:14:38.547  INFO  manager.ListenerWD - Location of element ---> (243, 612)
13:14:38.670  INFO  manager.ListenerWD - Before Find Element---> By.cssSelector: [aria-label='Next month']
13:14:38.696  INFO  manager.ListenerWD - After Find Element---> By.cssSelector: [aria-label='Next month']
13:14:38.715  INFO  manager.ListenerWD - Location of element ---> (404, 368)
13:14:38.819  INFO  manager.ListenerWD - Before Find Element---> By.cssSelector: [aria-label='Next month']
13:14:38.841  INFO  manager.ListenerWD - After Find Element---> By.cssSelector: [aria-label='Next month']
13:14:38.855  INFO  manager.ListenerWD - Location of element ---> (404, 368)
13:14:38.947  INFO  manager.ListenerWD - Before Find Element---> By.cssSelector: [aria-label='Next month']
13:14:38.970  INFO  manager.ListenerWD - After Find Element---> By.cssSelector: [aria-label='Next month']
13:14:38.984  INFO  manager.ListenerWD - Location of element ---> (404, 368)
13:14:39.075  INFO  manager.ListenerWD - Before Find Element---> By.cssSelector: [aria-label='Next month']
13:14:39.098  INFO  manager.ListenerWD - After Find Element---> By.cssSelector: [aria-label='Next month']
13:14:39.113  INFO  manager.ListenerWD - Location of element ---> (404, 368)
13:14:39.210  INFO  manager.ListenerWD - Before Find Element---> By.xpath: //div[text()=' 28 ']
13:14:39.246  INFO  manager.ListenerWD - After Find Element---> By.xpath: //div[text()=' 28 ']
13:14:39.265  INFO  manager.ListenerWD - Location of element ---> (403, 612)
13:14:39.389  INFO  manager.ListenerWD - Before Find Element---> By.xpath: //button[@type='submit']
13:14:39.418  INFO  manager.ListenerWD - After Find Element---> By.xpath: //button[@type='submit']
13:14:39.446  INFO  manager.ListenerWD - Location of element ---> (153, 366)
13:14:39.639  INFO  manager.ListenerWD - Before Find Element---> By.cssSelector: .car-container
13:14:45.769  INFO  manager.ListenerWD - After Find Element---> By.cssSelector: .car-container
13:14:45.769  INFO  manager.ListenerWD - List of elements is ---> 516
