21:31:27.227  INFO  manager.ApplicationManager - All tests run in Chrome Browser
21:31:29.652  INFO  manager.ApplicationManager - The link --->https://ilcarro.web.app/search
21:31:29.717  INFO  tests.TestBase - Name of method ---> negativeSearch
21:31:29.721  INFO  manager.ListenerWD - Before Find Element---> By.cssSelector: a.logo
21:31:29.788  INFO  manager.ListenerWD - After Find Element---> By.cssSelector: a.logo
21:31:29.811  INFO  manager.ListenerWD - Location of element ---> (153, 16)
21:31:30.206  INFO  manager.ListenerWD - Before Find Element---> By.id: city
21:31:30.253  INFO  manager.ListenerWD - After Find Element---> By.id: city
21:31:30.272  INFO  manager.ListenerWD - Location of element ---> (153, 234)
21:31:30.552  INFO  manager.ListenerWD - Before Find Element---> By.cssSelector: .pac-item
21:31:30.904  INFO  manager.ListenerWD - After Find Element---> By.cssSelector: .pac-item
21:31:30.921  INFO  manager.ListenerWD - Location of element ---> (154, 279)
21:31:30.985  INFO  manager.ListenerWD - Before Find Element---> By.id: dates
21:31:31.028  INFO  manager.ListenerWD - After Find Element---> By.id: dates
21:31:31.044  INFO  manager.ListenerWD - Location of element ---> (153, 327)
21:31:31.164  INFO  manager.ListenerWD - Before Find Element---> By.id: dates
21:31:31.198  INFO  manager.ListenerWD - After Find Element---> By.id: dates
21:31:31.214  INFO  manager.ListenerWD - Location of element ---> (153, 308)
21:31:31.309  INFO  manager.ListenerWD - Before Find Element---> By.id: city
21:31:31.345  INFO  manager.ListenerWD - After Find Element---> By.id: city
21:31:31.361  INFO  manager.ListenerWD - Location of element ---> (153, 234)
21:31:31.448  INFO  manager.ListenerWD - Before Find Element---> By.xpath: //button[@type='submit']
21:31:31.495  INFO  manager.ListenerWD - After Find Element---> By.xpath: //button[@type='submit']
21:31:31.513  INFO  manager.ListenerWD - Location of element ---> (153, 385)
21:31:31.572  INFO  manager.ListenerWD - Before Find Element---> By.xpath: //button[@disabled]
21:31:31.623  INFO  manager.ListenerWD - After Find Element---> By.xpath: //button[@disabled]
21:31:31.628  INFO  manager.ListenerWD - List of elements is ---> 1
21:31:31.629  INFO  manager.ListenerWD - Before Find Element---> By.cssSelector: button[type = 'submit']
21:31:31.671  INFO  manager.ListenerWD - After Find Element---> By.cssSelector: button[type = 'submit']
21:31:31.685  INFO  manager.ListenerWD - Location of element ---> (153, 385)
21:31:31.707  INFO  manager.ListenerWD - Before Find Element---> By.className: error
21:31:31.748  INFO  manager.ListenerWD - After Find Element---> By.className: error
21:31:31.748  INFO  manager.ListenerWD - List of elements is ---> 1
21:31:31.757  INFO  tests.TestBase - Name of method ---> searchAnyPeriodSuccess
21:31:31.758  INFO  manager.ListenerWD - Before Find Element---> By.cssSelector: a.logo
21:31:31.793  INFO  manager.ListenerWD - After Find Element---> By.cssSelector: a.logo
21:31:31.814  INFO  manager.ListenerWD - Location of element ---> (153, 16)
21:31:32.261  INFO  manager.ListenerWD - Before Find Element---> By.id: city
21:31:32.292  INFO  manager.ListenerWD - After Find Element---> By.id: city
21:31:32.312  INFO  manager.ListenerWD - Location of element ---> (153, 234)
21:31:32.544  INFO  manager.ListenerWD - Before Find Element---> By.cssSelector: .pac-item
21:31:32.880  INFO  manager.ListenerWD - After Find Element---> By.cssSelector: .pac-item
21:31:32.896  INFO  manager.ListenerWD - Location of element ---> (154, 279)
21:31:32.952  INFO  manager.ListenerWD - Before Find Element---> By.id: dates
21:31:32.983  INFO  manager.ListenerWD - After Find Element---> By.id: dates
21:31:32.999  INFO  manager.ListenerWD - Location of element ---> (153, 327)
21:31:33.111  INFO  manager.ListenerWD - Before Find Element---> By.id: dates
21:31:33.139  INFO  manager.ListenerWD - After Find Element---> By.id: dates
21:31:33.153  INFO  manager.ListenerWD - Location of element ---> (153, 308)
21:31:33.318  INFO  manager.ListenerWD - Before Find Element---> By.cssSelector: [aria-label='Next month']
21:31:33.360  INFO  manager.ListenerWD - After Find Element---> By.cssSelector: [aria-label='Next month']
21:31:33.383  INFO  manager.ListenerWD - Location of element ---> (404, 366)
21:31:33.499  INFO  manager.ListenerWD - Before Find Element---> By.cssSelector: [aria-label='Next month']
21:31:33.530  INFO  manager.ListenerWD - After Find Element---> By.cssSelector: [aria-label='Next month']
21:31:33.544  INFO  manager.ListenerWD - Location of element ---> (404, 368)
21:31:33.630  INFO  manager.ListenerWD - Before Find Element---> By.cssSelector: [aria-label='Next month']
21:31:33.658  INFO  manager.ListenerWD - After Find Element---> By.cssSelector: [aria-label='Next month']
21:31:33.672  INFO  manager.ListenerWD - Location of element ---> (404, 368)
21:31:33.751  INFO  manager.ListenerWD - Before Find Element---> By.cssSelector: [aria-label='Next month']
21:31:33.778  INFO  manager.ListenerWD - After Find Element---> By.cssSelector: [aria-label='Next month']
21:31:33.790  INFO  manager.ListenerWD - Location of element ---> (404, 368)
21:31:33.862  INFO  manager.ListenerWD - Before Find Element---> By.cssSelector: [aria-label='Next month']
21:31:33.888  INFO  manager.ListenerWD - After Find Element---> By.cssSelector: [aria-label='Next month']
21:31:33.899  INFO  manager.ListenerWD - Location of element ---> (404, 368)
21:31:33.992  INFO  manager.ListenerWD - Before Find Element---> By.cssSelector: [aria-label='Next month']
21:31:34.019  INFO  manager.ListenerWD - After Find Element---> By.cssSelector: [aria-label='Next month']
21:31:34.031  INFO  manager.ListenerWD - Location of element ---> (404, 368)
21:31:34.106  INFO  manager.ListenerWD - Before Find Element---> By.xpath: //div[text()=' 27 ']
21:31:34.137  INFO  manager.ListenerWD - After Find Element---> By.xpath: //div[text()=' 27 ']
21:31:34.152  INFO  manager.ListenerWD - Location of element ---> (363, 612)
21:31:34.247  INFO  manager.ListenerWD - Before Find Element---> By.cssSelector: [aria-label='Next month']
21:31:34.276  INFO  manager.ListenerWD - After Find Element---> By.cssSelector: [aria-label='Next month']
21:31:34.289  INFO  manager.ListenerWD - Location of element ---> (404, 368)
21:31:34.366  INFO  manager.ListenerWD - Before Find Element---> By.cssSelector: [aria-label='Next month']
21:31:34.391  INFO  manager.ListenerWD - After Find Element---> By.cssSelector: [aria-label='Next month']
21:31:34.403  INFO  manager.ListenerWD - Location of element ---> (404, 368)
21:31:34.474  INFO  manager.ListenerWD - Before Find Element---> By.cssSelector: [aria-label='Next month']
21:31:34.497  INFO  manager.ListenerWD - After Find Element---> By.cssSelector: [aria-label='Next month']
21:31:34.510  INFO  manager.ListenerWD - Location of element ---> (404, 368)
21:31:34.635  INFO  manager.ListenerWD - Before Find Element---> By.cssSelector: [aria-label='Next month']
21:31:34.662  INFO  manager.ListenerWD - After Find Element---> By.cssSelector: [aria-label='Next month']
21:31:34.676  INFO  manager.ListenerWD - Location of element ---> (404, 368)
21:31:34.756  INFO  manager.ListenerWD - Before Find Element---> By.cssSelector: [aria-label='Next month']
21:31:34.780  INFO  manager.ListenerWD - After Find Element---> By.cssSelector: [aria-label='Next month']
21:31:34.795  INFO  manager.ListenerWD - Location of element ---> (404, 368)
21:31:34.880  INFO  manager.ListenerWD - Before Find Element---> By.cssSelector: [aria-label='Next month']
21:31:34.909  INFO  manager.ListenerWD - After Find Element---> By.cssSelector: [aria-label='Next month']
21:31:34.925  INFO  manager.ListenerWD - Location of element ---> (404, 368)
21:31:35.004  INFO  manager.ListenerWD - Before Find Element---> By.xpath: //div[text()=' 20 ']
21:31:35.056  INFO  manager.ListenerWD - After Find Element---> By.xpath: //div[text()=' 20 ']
21:31:35.074  INFO  manager.ListenerWD - Location of element ---> (403, 572)
21:31:35.184  INFO  manager.ListenerWD - Before Find Element---> By.xpath: //button[@type='submit']
21:31:35.210  INFO  manager.ListenerWD - After Find Element---> By.xpath: //button[@type='submit']
21:31:35.227  INFO  manager.ListenerWD - Location of element ---> (153, 366)
21:31:35.372  INFO  manager.ListenerWD - Before Find Element---> By.cssSelector: .car-container
21:31:41.681  INFO  manager.ListenerWD - After Find Element---> By.cssSelector: .car-container
21:31:41.682  INFO  manager.ListenerWD - List of elements is ---> 470
21:31:41.685  INFO  tests.TestBase - Name of method ---> searchCurrentMonthSuccess
21:31:41.686  INFO  manager.ListenerWD - Before Find Element---> By.cssSelector: a.logo
21:31:41.711  INFO  manager.ListenerWD - After Find Element---> By.cssSelector: a.logo
21:31:41.727  INFO  manager.ListenerWD - Location of element ---> (153, 16)
21:31:42.176  INFO  manager.ListenerWD - Before Find Element---> By.id: city
21:31:42.204  INFO  manager.ListenerWD - After Find Element---> By.id: city
21:31:42.222  INFO  manager.ListenerWD - Location of element ---> (153, 234)
21:31:42.587  INFO  manager.ListenerWD - Before Find Element---> By.cssSelector: .pac-item
21:31:42.727  INFO  manager.ListenerWD - After Find Element---> By.cssSelector: .pac-item
21:31:42.742  INFO  manager.ListenerWD - Location of element ---> (154, 279)
21:31:42.800  INFO  manager.ListenerWD - Before Find Element---> By.id: dates
21:31:42.823  INFO  manager.ListenerWD - After Find Element---> By.id: dates
21:31:42.839  INFO  manager.ListenerWD - Location of element ---> (153, 308)
21:31:42.952  INFO  manager.ListenerWD - Before Find Element---> By.id: dates
21:31:42.975  INFO  manager.ListenerWD - After Find Element---> By.id: dates
21:31:42.987  INFO  manager.ListenerWD - Location of element ---> (153, 308)
21:31:43.126  INFO  manager.ListenerWD - Before Find Element---> By.xpath: //div[text()=' 27 ']
21:31:43.153  INFO  manager.ListenerWD - After Find Element---> By.xpath: //div[text()=' 27 ']
21:31:43.170  INFO  manager.ListenerWD - Location of element ---> (323, 600)
21:31:43.272  INFO  manager.ListenerWD - Before Find Element---> By.xpath: //div[text()=' 30 ']
21:31:43.301  INFO  manager.ListenerWD - After Find Element---> By.xpath: //div[text()=' 30 ']
21:31:43.319  INFO  manager.ListenerWD - Location of element ---> (163, 652)
21:31:43.417  INFO  manager.ListenerWD - Before Find Element---> By.xpath: //button[@type='submit']
21:31:43.440  INFO  manager.ListenerWD - After Find Element---> By.xpath: //button[@type='submit']
21:31:43.461  INFO  manager.ListenerWD - Location of element ---> (153, 366)
21:31:43.589  INFO  manager.ListenerWD - Before Find Element---> By.cssSelector: .car-container
21:31:48.275  INFO  manager.ListenerWD - After Find Element---> By.cssSelector: .car-container
21:31:48.275  INFO  manager.ListenerWD - List of elements is ---> 470
21:31:48.278  INFO  tests.TestBase - Name of method ---> searchCurrentYearSuccess
21:31:48.280  INFO  manager.ListenerWD - Before Find Element---> By.cssSelector: a.logo
21:31:48.301  INFO  manager.ListenerWD - After Find Element---> By.cssSelector: a.logo
21:31:48.317  INFO  manager.ListenerWD - Location of element ---> (153, 16)
21:31:48.869  INFO  manager.ListenerWD - Before Find Element---> By.id: city
21:31:48.905  INFO  manager.ListenerWD - After Find Element---> By.id: city
21:31:48.924  INFO  manager.ListenerWD - Location of element ---> (153, 234)
21:31:49.297  INFO  manager.ListenerWD - Before Find Element---> By.cssSelector: .pac-item
21:31:49.445  INFO  manager.ListenerWD - After Find Element---> By.cssSelector: .pac-item
21:31:49.459  INFO  manager.ListenerWD - Location of element ---> (154, 279)
21:31:49.516  INFO  manager.ListenerWD - Before Find Element---> By.id: dates
21:31:49.535  INFO  manager.ListenerWD - After Find Element---> By.id: dates
21:31:49.550  INFO  manager.ListenerWD - Location of element ---> (153, 308)
21:31:49.678  INFO  manager.ListenerWD - Before Find Element---> By.id: dates
21:31:49.719  INFO  manager.ListenerWD - After Find Element---> By.id: dates
21:31:49.732  INFO  manager.ListenerWD - Location of element ---> (153, 308)
21:31:49.845  INFO  manager.ListenerWD - Before Find Element---> By.cssSelector: [aria-label='Next month']
21:31:49.867  INFO  manager.ListenerWD - After Find Element---> By.cssSelector: [aria-label='Next month']
21:31:49.884  INFO  manager.ListenerWD - Location of element ---> (404, 366)
21:31:49.980  INFO  manager.ListenerWD - Before Find Element---> By.cssSelector: [aria-label='Next month']
21:31:50.000  INFO  manager.ListenerWD - After Find Element---> By.cssSelector: [aria-label='Next month']
21:31:50.012  INFO  manager.ListenerWD - Location of element ---> (404, 368)
21:31:50.122  INFO  manager.ListenerWD - Before Find Element---> By.xpath: //div[text()=' 27 ']
21:31:50.143  INFO  manager.ListenerWD - After Find Element---> By.xpath: //div[text()=' 27 ']
21:31:50.157  INFO  manager.ListenerWD - Location of element ---> (243, 612)
21:31:50.256  INFO  manager.ListenerWD - Before Find Element---> By.cssSelector: [aria-label='Next month']
21:31:50.275  INFO  manager.ListenerWD - After Find Element---> By.cssSelector: [aria-label='Next month']
21:31:50.287  INFO  manager.ListenerWD - Location of element ---> (404, 368)
21:31:50.373  INFO  manager.ListenerWD - Before Find Element---> By.cssSelector: [aria-label='Next month']
21:31:50.392  INFO  manager.ListenerWD - After Find Element---> By.cssSelector: [aria-label='Next month']
21:31:50.403  INFO  manager.ListenerWD - Location of element ---> (404, 368)
21:31:50.473  INFO  manager.ListenerWD - Before Find Element---> By.cssSelector: [aria-label='Next month']
21:31:50.490  INFO  manager.ListenerWD - After Find Element---> By.cssSelector: [aria-label='Next month']
21:31:50.501  INFO  manager.ListenerWD - Location of element ---> (404, 368)
21:31:50.573  INFO  manager.ListenerWD - Before Find Element---> By.cssSelector: [aria-label='Next month']
21:31:50.592  INFO  manager.ListenerWD - After Find Element---> By.cssSelector: [aria-label='Next month']
21:31:50.603  INFO  manager.ListenerWD - Location of element ---> (404, 368)
21:31:50.681  INFO  manager.ListenerWD - Before Find Element---> By.xpath: //div[text()=' 28 ']
21:31:50.707  INFO  manager.ListenerWD - After Find Element---> By.xpath: //div[text()=' 28 ']
21:31:50.721  INFO  manager.ListenerWD - Location of element ---> (403, 612)
21:31:50.808  INFO  manager.ListenerWD - Before Find Element---> By.xpath: //button[@type='submit']
21:31:50.829  INFO  manager.ListenerWD - After Find Element---> By.xpath: //button[@type='submit']
21:31:50.844  INFO  manager.ListenerWD - Location of element ---> (153, 366)
21:31:51.005  INFO  manager.ListenerWD - Before Find Element---> By.cssSelector: .car-container
21:31:55.202  INFO  manager.ListenerWD - After Find Element---> By.cssSelector: .car-container
21:31:55.203  INFO  manager.ListenerWD - List of elements is ---> 470
