19:04:22.903  INFO  manager.ApplicationManager - All tests run in Chrome Browser
19:04:25.717  INFO  manager.ApplicationManager - The link --->https://ilcarro.web.app/search
19:04:25.785  INFO  tests.TestBase - Name of method ---> searchCurrentMonthSuccess
19:04:25.790  INFO  manager.ListenerWD - Before Find Element---> By.cssSelector: a.logo
19:04:25.867  INFO  manager.ListenerWD - After Find Element---> By.cssSelector: a.logo
19:04:25.894  INFO  manager.ListenerWD - Location of element ---> (153, 16)
19:04:26.475  INFO  manager.ListenerWD - Before Find Element---> By.id: city
19:04:26.529  INFO  manager.ListenerWD - After Find Element---> By.id: city
19:04:26.554  INFO  manager.ListenerWD - Location of element ---> (153, 234)
19:04:26.846  INFO  manager.ListenerWD - Before Find Element---> By.cssSelector: .pac-item
19:04:27.216  INFO  manager.ListenerWD - After Find Element---> By.cssSelector: .pac-item
19:04:27.234  INFO  manager.ListenerWD - Location of element ---> (154, 279)
19:04:27.300  INFO  manager.ListenerWD - Before Find Element---> By.id: dates
19:04:27.340  INFO  manager.ListenerWD - After Find Element---> By.id: dates
19:04:27.356  INFO  manager.ListenerWD - Location of element ---> (153, 327)
19:04:27.474  INFO  manager.ListenerWD - Before Find Element---> By.id: dates
19:04:27.508  INFO  manager.ListenerWD - After Find Element---> By.id: dates
19:04:27.521  INFO  manager.ListenerWD - Location of element ---> (153, 308)
19:04:27.724  INFO  manager.ListenerWD - Before Find Element---> By.xpath: //div[text()=' 27 ']
19:04:27.782  INFO  manager.ListenerWD - After Find Element---> By.xpath: //div[text()=' 27 ']
19:04:27.812  INFO  manager.ListenerWD - Location of element ---> (323, 611)
19:04:27.934  INFO  manager.ListenerWD - Before Find Element---> By.xpath: //div[text()=' 30 ']
19:04:27.977  INFO  manager.ListenerWD - After Find Element---> By.xpath: //div[text()=' 30 ']
19:04:27.994  INFO  manager.ListenerWD - Location of element ---> (163, 652)
19:04:28.106  INFO  manager.ListenerWD - Before Find Element---> By.xpath: //button[@type='submit']
19:04:28.153  INFO  manager.ListenerWD - After Find Element---> By.xpath: //button[@type='submit']
19:04:28.173  INFO  manager.ListenerWD - Location of element ---> (153, 366)
19:04:28.363  INFO  manager.ListenerWD - Before Find Element---> By.cssSelector: .car-container
19:04:35.473  INFO  manager.ListenerWD - After Find Element---> By.cssSelector: .car-container
19:04:35.479  INFO  manager.ListenerWD - List of elements is ---> 454
