20:47:33.269  INFO  manager.ApplicationManager - All tests run in Chrome Browser
20:47:36.004  INFO  manager.ApplicationManager - The link --->https://ilcarro.web.app/search
20:47:36.070  INFO  tests.TestBase - Name of method ---> negativeSearch
20:47:36.075  INFO  manager.ListenerWD - Before Find Element---> By.cssSelector: a.logo
20:47:36.143  INFO  manager.ListenerWD - After Find Element---> By.cssSelector: a.logo
20:47:36.175  INFO  manager.ListenerWD - Location of element ---> (153, 16)
20:47:36.814  INFO  manager.ListenerWD - Before Find Element---> By.id: city
20:47:36.871  INFO  manager.ListenerWD - After Find Element---> By.id: city
20:47:36.896  INFO  manager.ListenerWD - Location of element ---> (153, 234)
20:47:37.204  INFO  manager.ListenerWD - Before Find Element---> By.cssSelector: .pac-item
20:47:37.527  INFO  manager.ListenerWD - After Find Element---> By.cssSelector: .pac-item
20:47:37.549  INFO  manager.ListenerWD - Location of element ---> (154, 279)
20:47:37.621  INFO  manager.ListenerWD - Before Find Element---> By.id: dates
20:47:37.669  INFO  manager.ListenerWD - After Find Element---> By.id: dates
20:47:37.688  INFO  manager.ListenerWD - Location of element ---> (153, 327)
20:47:37.822  INFO  manager.ListenerWD - Before Find Element---> By.id: dates
20:47:37.858  INFO  manager.ListenerWD - After Find Element---> By.id: dates
20:47:37.873  INFO  manager.ListenerWD - Location of element ---> (153, 308)
20:47:37.985  INFO  manager.ListenerWD - Before Find Element---> By.id: city
20:47:38.024  INFO  manager.ListenerWD - After Find Element---> By.id: city
20:47:38.039  INFO  manager.ListenerWD - Location of element ---> (153, 234)
20:47:38.139  INFO  manager.ListenerWD - Before Find Element---> By.xpath: //button[@type='submit']
20:47:38.195  INFO  manager.ListenerWD - After Find Element---> By.xpath: //button[@type='submit']
20:47:38.214  INFO  manager.ListenerWD - Location of element ---> (153, 385)
20:47:38.271  INFO  manager.ListenerWD - Before Find Element---> By.xpath: //button[@disabled]
20:47:38.324  INFO  manager.ListenerWD - After Find Element---> By.xpath: //button[@disabled]
20:47:38.329  INFO  manager.ListenerWD - List of elements is ---> 1
20:47:38.330  INFO  manager.ListenerWD - Before Find Element---> By.cssSelector: button[type = 'submit']
20:47:38.373  INFO  manager.ListenerWD - After Find Element---> By.cssSelector: button[type = 'submit']
20:47:38.388  INFO  manager.ListenerWD - Location of element ---> (153, 385)
20:47:38.417  INFO  manager.ListenerWD - Before Find Element---> By.cssSelector: .error
20:47:38.462  INFO  manager.ListenerWD - After Find Element---> By.cssSelector: .error
20:47:38.483  INFO  manager.ListenerWD - Location of element ---> (153, 352)
