21:27:42.411  INFO  manager.ApplicationManager - All tests run in Chrome Browser
21:27:44.838  INFO  manager.ApplicationManager - The link --->https://ilcarro.web.app/search
21:27:44.911  INFO  tests.TestBase - Name of method ---> negativeSearch
21:27:44.914  INFO  manager.ListenerWD - Before Find Element---> By.cssSelector: a.logo
21:27:44.987  INFO  manager.ListenerWD - After Find Element---> By.cssSelector: a.logo
21:27:45.016  INFO  manager.ListenerWD - Location of element ---> (153, 16)
21:27:45.602  INFO  manager.ListenerWD - Before Find Element---> By.id: dates
21:27:45.650  INFO  manager.ListenerWD - After Find Element---> By.id: dates
21:27:45.668  INFO  manager.ListenerWD - Location of element ---> (153, 308)
21:27:45.798  INFO  manager.ListenerWD - Before Find Element---> By.id: dates
21:27:45.833  INFO  manager.ListenerWD - After Find Element---> By.id: dates
21:27:45.848  INFO  manager.ListenerWD - Location of element ---> (153, 308)
21:27:45.965  INFO  manager.ListenerWD - Before Find Element---> By.id: city
21:27:46.008  INFO  manager.ListenerWD - After Find Element---> By.id: city
21:27:46.028  INFO  manager.ListenerWD - Location of element ---> (153, 234)
21:27:46.315  INFO  manager.ListenerWD - Before Find Element---> By.cssSelector: .pac-item
21:27:46.726  INFO  manager.ListenerWD - After Find Element---> By.cssSelector: .pac-item
21:27:46.743  INFO  manager.ListenerWD - Location of element ---> (154, 279)
21:27:49.821  INFO  manager.ListenerWD - Before Find Element---> By.xpath: //button[@type='submit']
21:27:49.862  INFO  manager.ListenerWD - After Find Element---> By.xpath: //button[@type='submit']
21:27:49.879  INFO  manager.ListenerWD - Location of element ---> (153, 404)
21:27:49.938  INFO  manager.ListenerWD - Before Find Element---> By.xpath: //button[@disabled]
21:27:49.987  INFO  manager.ListenerWD - After Find Element---> By.xpath: //button[@disabled]
21:27:49.991  INFO  manager.ListenerWD - List of elements is ---> 1
21:27:49.992  INFO  manager.ListenerWD - Before Find Element---> By.cssSelector: button[type = 'submit']
21:27:50.030  INFO  manager.ListenerWD - After Find Element---> By.cssSelector: button[type = 'submit']
21:27:50.043  INFO  manager.ListenerWD - Location of element ---> (153, 404)
21:27:50.065  INFO  manager.ListenerWD - Before Find Element---> By.className: error
21:27:50.139  INFO  manager.ListenerWD - After Find Element---> By.className: error
21:27:50.140  INFO  manager.ListenerWD - List of elements is ---> 2
