21:14:02.853  INFO  manager.ApplicationManager - All tests run in Chrome Browser
21:14:05.709  INFO  manager.ApplicationManager - The link --->https://ilcarro.web.app/search
21:14:05.782  INFO  tests.TestBase - Name of method ---> loginSuccess
21:14:05.786  INFO  manager.ListenerWD - Before Find Element---> By.xpath: //a[text()=' Logout ']
21:14:10.848  INFO  manager.ListenerWD - After Find Element---> By.xpath: //a[text()=' Logout ']
21:14:10.855  INFO  manager.ListenerWD - List of elements is ---> 0
21:14:11.525  INFO  manager.HelperBase - Refresh
21:14:11.530  INFO  tests.TestBase - Start test name 'loginSuccess'
21:14:11.531  INFO  tests.TestBase - Test data ---> email: 'ssa@gmail.com' & password: 'Ssa12345$'
21:14:11.533  INFO  manager.ListenerWD - Before Find Element---> By.xpath: //*[text()=' Log in ']
21:14:11.592  INFO  manager.ListenerWD - After Find Element---> By.xpath: //*[text()=' Log in ']
21:14:11.618  INFO  manager.ListenerWD - Location of element ---> (1287, 24)
21:14:11.765  INFO  manager.ListenerWD - Before Find Element---> By.cssSelector: #email
21:14:11.818  INFO  manager.ListenerWD - After Find Element---> By.cssSelector: #email
21:14:11.835  INFO  manager.ListenerWD - Location of element ---> (1070, 258)
21:14:12.120  INFO  manager.ListenerWD - Before Find Element---> By.id: password
21:14:12.167  INFO  manager.ListenerWD - After Find Element---> By.id: password
21:14:12.186  INFO  manager.ListenerWD - Location of element ---> (1070, 332)
21:14:12.389  INFO  manager.ListenerWD - Before Find Element---> By.xpath: //button[@type='submit']
21:14:12.438  INFO  manager.ListenerWD - After Find Element---> By.xpath: //button[@type='submit']
21:14:12.461  INFO  manager.ListenerWD - Location of element ---> (1070, 401)
21:14:12.554  INFO  manager.ListenerWD - Before Find Element---> By.cssSelector: .dialog-container
21:14:13.531  INFO  manager.ListenerWD - After Find Element---> By.cssSelector: .dialog-container
21:14:13.553  INFO  manager.ListenerWD - Location of element ---> (600, 306)
21:14:13.623  INFO  manager.ListenerWD - Before Find Element---> By.cssSelector: .dialog-container>h2
21:14:13.673  INFO  manager.ListenerWD - After Find Element---> By.cssSelector: .dialog-container>h2
21:14:13.693  INFO  manager.ListenerWD - Location of element ---> (583, 344)
21:14:13.723  INFO  tests.TestBase - Assert check is Element present with text 'Logged in success'
21:14:13.729  INFO  manager.ListenerWD - Before Find Element---> By.cssSelector: .dialog-container
21:14:13.770  INFO  manager.ListenerWD - After Find Element---> By.cssSelector: .dialog-container
21:14:13.771  INFO  manager.ListenerWD - List of elements is ---> 1
21:14:13.771  INFO  manager.ListenerWD - Before Find Element---> By.xpath: //button[text()='Ok']
21:14:13.820  INFO  manager.ListenerWD - After Find Element---> By.xpath: //button[text()='Ok']
21:14:13.839  INFO  manager.ListenerWD - Location of element ---> (793, 398)
21:14:13.912  INFO  tests.TestBase - The window is closed
21:14:13.929  INFO  tests.TestBase - Name of method ---> loginSuccess1
21:14:13.931  INFO  manager.ListenerWD - Before Find Element---> By.xpath: //a[text()=' Logout ']
21:14:13.966  INFO  manager.ListenerWD - After Find Element---> By.xpath: //a[text()=' Logout ']
21:14:13.966  INFO  manager.ListenerWD - List of elements is ---> 1
21:14:13.967  INFO  manager.ListenerWD - Before Find Element---> By.xpath: //a[text()=' Logout ']
21:14:14.018  INFO  manager.ListenerWD - After Find Element---> By.xpath: //a[text()=' Logout ']
21:14:14.072  INFO  manager.ListenerWD - Location of element ---> (1099, 24)
21:14:14.184  INFO  tests.TestBase - Before method finish logout
21:14:14.216  INFO  tests.TestBase - Test data from object --->User{firstName='null', lastName='null', email='ssa@gmail.com', password='Ssa12345$'}
21:14:14.216  INFO  manager.ListenerWD - Before Find Element---> By.xpath: //*[text()=' Log in ']
21:14:14.249  INFO  manager.ListenerWD - After Find Element---> By.xpath: //*[text()=' Log in ']
21:14:14.267  INFO  manager.ListenerWD - Location of element ---> (1287, 24)
21:14:14.362  INFO  manager.ListenerWD - Before Find Element---> By.cssSelector: #email
21:14:14.397  INFO  manager.ListenerWD - After Find Element---> By.cssSelector: #email
21:14:14.418  INFO  manager.ListenerWD - Location of element ---> (1070, 258)
21:14:14.655  INFO  manager.ListenerWD - Before Find Element---> By.id: password
21:14:14.686  INFO  manager.ListenerWD - After Find Element---> By.id: password
21:14:14.703  INFO  manager.ListenerWD - Location of element ---> (1070, 332)
21:14:14.897  INFO  manager.ListenerWD - Before Find Element---> By.xpath: //button[@type='submit']
21:14:14.930  INFO  manager.ListenerWD - After Find Element---> By.xpath: //button[@type='submit']
21:14:14.950  INFO  manager.ListenerWD - Location of element ---> (1070, 401)
21:14:15.019  INFO  manager.ListenerWD - Before Find Element---> By.cssSelector: .dialog-container
21:14:15.318  INFO  manager.ListenerWD - After Find Element---> By.cssSelector: .dialog-container
21:14:15.339  INFO  manager.ListenerWD - Location of element ---> (608, 308)
21:14:15.382  INFO  manager.ListenerWD - Before Find Element---> By.cssSelector: .dialog-container>h2
21:14:15.413  INFO  manager.ListenerWD - After Find Element---> By.cssSelector: .dialog-container>h2
21:14:15.425  INFO  manager.ListenerWD - Location of element ---> (585, 345)
21:14:15.464  INFO  tests.TestBase - Assert check is Element present with text 'Logged in success'
21:14:15.467  INFO  manager.ListenerWD - Before Find Element---> By.cssSelector: .dialog-container
21:14:15.499  INFO  manager.ListenerWD - After Find Element---> By.cssSelector: .dialog-container
21:14:15.500  INFO  manager.ListenerWD - List of elements is ---> 1
21:14:15.500  INFO  manager.ListenerWD - Before Find Element---> By.xpath: //button[text()='Ok']
21:14:15.538  INFO  manager.ListenerWD - After Find Element---> By.xpath: //button[text()='Ok']
21:14:15.560  INFO  manager.ListenerWD - Location of element ---> (793, 398)
21:14:15.666  INFO  tests.TestBase - The window is closed
21:14:15.669  INFO  tests.TestBase - Name of method ---> loginSuccess1
21:14:15.671  INFO  manager.ListenerWD - Before Find Element---> By.xpath: //a[text()=' Logout ']
21:14:15.709  INFO  manager.ListenerWD - After Find Element---> By.xpath: //a[text()=' Logout ']
21:14:15.710  INFO  manager.ListenerWD - List of elements is ---> 1
21:14:15.712  INFO  manager.ListenerWD - Before Find Element---> By.xpath: //a[text()=' Logout ']
21:14:15.750  INFO  manager.ListenerWD - After Find Element---> By.xpath: //a[text()=' Logout ']
21:14:15.835  INFO  manager.ListenerWD - Location of element ---> (1099, 24)
21:14:15.970  INFO  tests.TestBase - Before method finish logout
21:14:15.971  INFO  tests.TestBase - Test data from object --->User{firstName='null', lastName='null', email='saa@gmail.com', password='Saa12345$'}
21:14:15.972  INFO  manager.ListenerWD - Before Find Element---> By.xpath: //*[text()=' Log in ']
21:14:16.015  INFO  manager.ListenerWD - After Find Element---> By.xpath: //*[text()=' Log in ']
21:14:16.040  INFO  manager.ListenerWD - Location of element ---> (1287, 24)
21:14:16.156  INFO  manager.ListenerWD - Before Find Element---> By.cssSelector: #email
21:14:16.187  INFO  manager.ListenerWD - After Find Element---> By.cssSelector: #email
21:14:16.204  INFO  manager.ListenerWD - Location of element ---> (1070, 258)
21:14:16.470  INFO  manager.ListenerWD - Before Find Element---> By.id: password
21:14:16.498  INFO  manager.ListenerWD - After Find Element---> By.id: password
21:14:16.516  INFO  manager.ListenerWD - Location of element ---> (1070, 332)
21:14:16.716  INFO  manager.ListenerWD - Before Find Element---> By.xpath: //button[@type='submit']
21:14:16.766  INFO  manager.ListenerWD - After Find Element---> By.xpath: //button[@type='submit']
21:14:16.785  INFO  manager.ListenerWD - Location of element ---> (1070, 401)
21:14:16.871  INFO  manager.ListenerWD - Before Find Element---> By.cssSelector: .dialog-container
21:14:17.479  INFO  manager.ListenerWD - After Find Element---> By.cssSelector: .dialog-container
21:14:17.498  INFO  manager.ListenerWD - Location of element ---> (607, 308)
21:14:17.528  INFO  manager.ListenerWD - Before Find Element---> By.cssSelector: .dialog-container>h2
21:14:17.556  INFO  manager.ListenerWD - After Find Element---> By.cssSelector: .dialog-container>h2
21:14:17.576  INFO  manager.ListenerWD - Location of element ---> (585, 345)
21:14:17.608  INFO  tests.TestBase - Assert check is Element present with text 'Logged in success'
21:14:17.610  INFO  manager.ListenerWD - Before Find Element---> By.cssSelector: .dialog-container
21:14:17.642  INFO  manager.ListenerWD - After Find Element---> By.cssSelector: .dialog-container
21:14:17.643  INFO  manager.ListenerWD - List of elements is ---> 1
21:14:17.643  INFO  manager.ListenerWD - Before Find Element---> By.xpath: //button[text()='Ok']
21:14:17.669  INFO  manager.ListenerWD - After Find Element---> By.xpath: //button[text()='Ok']
21:14:17.686  INFO  manager.ListenerWD - Location of element ---> (793, 398)
21:14:17.749  INFO  tests.TestBase - The window is closed
21:14:17.753  INFO  tests.TestBase - Name of method ---> loginSuccess1DataFromFile
21:14:17.755  INFO  manager.ListenerWD - Before Find Element---> By.xpath: //a[text()=' Logout ']
21:14:17.785  INFO  manager.ListenerWD - After Find Element---> By.xpath: //a[text()=' Logout ']
21:14:17.786  INFO  manager.ListenerWD - List of elements is ---> 1
21:14:17.786  INFO  manager.ListenerWD - Before Find Element---> By.xpath: //a[text()=' Logout ']
21:14:17.815  INFO  manager.ListenerWD - After Find Element---> By.xpath: //a[text()=' Logout ']
21:14:17.834  INFO  manager.ListenerWD - Location of element ---> (1099, 24)
21:14:17.967  INFO  tests.TestBase - Before method finish logout
21:14:17.969  INFO  tests.TestBase - Test data from object --->User{firstName='null', lastName='null', email='ssa@gmail.com', password='Ssa12345$'}
21:14:17.970  INFO  manager.ListenerWD - Before Find Element---> By.xpath: //*[text()=' Log in ']
21:14:17.994  INFO  manager.ListenerWD - After Find Element---> By.xpath: //*[text()=' Log in ']
21:14:18.011  INFO  manager.ListenerWD - Location of element ---> (1287, 24)
21:14:18.101  INFO  manager.ListenerWD - Before Find Element---> By.cssSelector: #email
21:14:18.129  INFO  manager.ListenerWD - After Find Element---> By.cssSelector: #email
21:14:18.147  INFO  manager.ListenerWD - Location of element ---> (1070, 258)
21:14:18.381  INFO  manager.ListenerWD - Before Find Element---> By.id: password
21:14:18.407  INFO  manager.ListenerWD - After Find Element---> By.id: password
21:14:18.430  INFO  manager.ListenerWD - Location of element ---> (1070, 332)
21:14:18.624  INFO  manager.ListenerWD - Before Find Element---> By.xpath: //button[@type='submit']
21:14:18.651  INFO  manager.ListenerWD - After Find Element---> By.xpath: //button[@type='submit']
21:14:18.668  INFO  manager.ListenerWD - Location of element ---> (1070, 401)
21:14:18.737  INFO  manager.ListenerWD - Before Find Element---> By.cssSelector: .dialog-container
21:14:19.031  INFO  manager.ListenerWD - After Find Element---> By.cssSelector: .dialog-container
21:14:19.050  INFO  manager.ListenerWD - Location of element ---> (608, 308)
21:14:19.077  INFO  manager.ListenerWD - Before Find Element---> By.cssSelector: .dialog-container>h2
21:14:19.108  INFO  manager.ListenerWD - After Find Element---> By.cssSelector: .dialog-container>h2
21:14:19.129  INFO  manager.ListenerWD - Location of element ---> (587, 345)
21:14:19.163  INFO  tests.TestBase - Assert check is Element present with text 'Logged in success'
21:14:19.165  INFO  manager.ListenerWD - Before Find Element---> By.cssSelector: .dialog-container
21:14:19.190  INFO  manager.ListenerWD - After Find Element---> By.cssSelector: .dialog-container
21:14:19.191  INFO  manager.ListenerWD - List of elements is ---> 1
21:14:19.191  INFO  manager.ListenerWD - Before Find Element---> By.xpath: //button[text()='Ok']
21:14:19.222  INFO  manager.ListenerWD - After Find Element---> By.xpath: //button[text()='Ok']
21:14:19.243  INFO  manager.ListenerWD - Location of element ---> (793, 398)
21:14:19.309  INFO  tests.TestBase - The window is closed
21:14:19.310  INFO  tests.TestBase - Name of method ---> loginSuccess1DataFromFile
21:14:19.312  INFO  manager.ListenerWD - Before Find Element---> By.xpath: //a[text()=' Logout ']
21:14:19.337  INFO  manager.ListenerWD - After Find Element---> By.xpath: //a[text()=' Logout ']
21:14:19.337  INFO  manager.ListenerWD - List of elements is ---> 1
21:14:19.337  INFO  manager.ListenerWD - Before Find Element---> By.xpath: //a[text()=' Logout ']
21:14:19.363  INFO  manager.ListenerWD - After Find Element---> By.xpath: //a[text()=' Logout ']
21:14:19.382  INFO  manager.ListenerWD - Location of element ---> (1099, 24)
21:14:19.517  INFO  tests.TestBase - Before method finish logout
21:14:19.518  INFO  tests.TestBase - Test data from object --->User{firstName='null', lastName='null', email='saa@gmail.com', password='Saa12345$'}
21:14:19.519  INFO  manager.ListenerWD - Before Find Element---> By.xpath: //*[text()=' Log in ']
21:14:19.546  INFO  manager.ListenerWD - After Find Element---> By.xpath: //*[text()=' Log in ']
21:14:19.562  INFO  manager.ListenerWD - Location of element ---> (1287, 24)
21:14:19.655  INFO  manager.ListenerWD - Before Find Element---> By.cssSelector: #email
21:14:19.684  INFO  manager.ListenerWD - After Find Element---> By.cssSelector: #email
21:14:19.703  INFO  manager.ListenerWD - Location of element ---> (1070, 258)
21:14:19.966  INFO  manager.ListenerWD - Before Find Element---> By.id: password
21:14:20.014  INFO  manager.ListenerWD - After Find Element---> By.id: password
21:14:20.032  INFO  manager.ListenerWD - Location of element ---> (1070, 332)
21:14:20.217  INFO  manager.ListenerWD - Before Find Element---> By.xpath: //button[@type='submit']
21:14:20.248  INFO  manager.ListenerWD - After Find Element---> By.xpath: //button[@type='submit']
21:14:20.267  INFO  manager.ListenerWD - Location of element ---> (1070, 401)
21:14:20.335  INFO  manager.ListenerWD - Before Find Element---> By.cssSelector: .dialog-container
21:14:20.623  INFO  manager.ListenerWD - After Find Element---> By.cssSelector: .dialog-container
21:14:20.644  INFO  manager.ListenerWD - Location of element ---> (618, 312)
21:14:20.670  INFO  manager.ListenerWD - Before Find Element---> By.cssSelector: .dialog-container>h2
21:14:20.698  INFO  manager.ListenerWD - After Find Element---> By.cssSelector: .dialog-container>h2
21:14:20.716  INFO  manager.ListenerWD - Location of element ---> (587, 345)
21:14:20.745  INFO  tests.TestBase - Assert check is Element present with text 'Logged in success'
21:14:20.747  INFO  manager.ListenerWD - Before Find Element---> By.cssSelector: .dialog-container
21:14:20.777  INFO  manager.ListenerWD - After Find Element---> By.cssSelector: .dialog-container
21:14:20.778  INFO  manager.ListenerWD - List of elements is ---> 1
21:14:20.778  INFO  manager.ListenerWD - Before Find Element---> By.xpath: //button[text()='Ok']
21:14:20.806  INFO  manager.ListenerWD - After Find Element---> By.xpath: //button[text()='Ok']
21:14:20.824  INFO  manager.ListenerWD - Location of element ---> (793, 398)
21:14:20.901  INFO  tests.TestBase - The window is closed
21:14:20.906  INFO  tests.TestBase - Name of method ---> loginSuccessModel
21:14:20.907  INFO  manager.ListenerWD - Before Find Element---> By.xpath: //a[text()=' Logout ']
21:14:20.937  INFO  manager.ListenerWD - After Find Element---> By.xpath: //a[text()=' Logout ']
21:14:20.938  INFO  manager.ListenerWD - List of elements is ---> 1
21:14:20.938  INFO  manager.ListenerWD - Before Find Element---> By.xpath: //a[text()=' Logout ']
21:14:20.962  INFO  manager.ListenerWD - After Find Element---> By.xpath: //a[text()=' Logout ']
21:14:20.978  INFO  manager.ListenerWD - Location of element ---> (1099, 24)
21:14:21.110  INFO  tests.TestBase - Before method finish logout
21:14:21.111  INFO  tests.TestBase - Test data ---> email: 'ssa@gmail.com' & password: 'Ssa12345$'
21:14:21.112  INFO  manager.ListenerWD - Before Find Element---> By.xpath: //*[text()=' Log in ']
21:14:21.135  INFO  manager.ListenerWD - After Find Element---> By.xpath: //*[text()=' Log in ']
21:14:21.150  INFO  manager.ListenerWD - Location of element ---> (1287, 24)
21:14:21.232  INFO  manager.ListenerWD - Before Find Element---> By.cssSelector: #email
21:14:21.254  INFO  manager.ListenerWD - After Find Element---> By.cssSelector: #email
21:14:21.269  INFO  manager.ListenerWD - Location of element ---> (1070, 258)
21:14:21.507  INFO  manager.ListenerWD - Before Find Element---> By.id: password
21:14:21.533  INFO  manager.ListenerWD - After Find Element---> By.id: password
21:14:21.556  INFO  manager.ListenerWD - Location of element ---> (1070, 332)
21:14:21.759  INFO  manager.ListenerWD - Before Find Element---> By.xpath: //button[@type='submit']
21:14:21.784  INFO  manager.ListenerWD - After Find Element---> By.xpath: //button[@type='submit']
21:14:21.804  INFO  manager.ListenerWD - Location of element ---> (1070, 401)
21:14:21.877  INFO  manager.ListenerWD - Before Find Element---> By.cssSelector: .dialog-container
21:14:22.171  INFO  manager.ListenerWD - After Find Element---> By.cssSelector: .dialog-container
21:14:22.192  INFO  manager.ListenerWD - Location of element ---> (618, 312)
21:14:22.215  INFO  manager.ListenerWD - Before Find Element---> By.cssSelector: .dialog-container>h2
21:14:22.243  INFO  manager.ListenerWD - After Find Element---> By.cssSelector: .dialog-container>h2
21:14:22.259  INFO  manager.ListenerWD - Location of element ---> (590, 345)
21:14:22.283  INFO  tests.TestBase - Assert check is Element present with text 'Logged in success'
21:14:22.284  INFO  manager.ListenerWD - Before Find Element---> By.cssSelector: .dialog-container
21:14:22.308  INFO  manager.ListenerWD - After Find Element---> By.cssSelector: .dialog-container
21:14:22.308  INFO  manager.ListenerWD - List of elements is ---> 1
21:14:22.308  INFO  manager.ListenerWD - Before Find Element---> By.xpath: //button[text()='Ok']
21:14:22.331  INFO  manager.ListenerWD - After Find Element---> By.xpath: //button[text()='Ok']
21:14:22.348  INFO  manager.ListenerWD - Location of element ---> (793, 398)
21:14:22.409  INFO  tests.TestBase - The window is closed
21:14:22.411  INFO  tests.TestBase - Name of method ---> loginUnregisteredUser
21:14:22.412  INFO  manager.ListenerWD - Before Find Element---> By.xpath: //a[text()=' Logout ']
21:14:22.436  INFO  manager.ListenerWD - After Find Element---> By.xpath: //a[text()=' Logout ']
21:14:22.436  INFO  manager.ListenerWD - List of elements is ---> 1
21:14:22.438  INFO  manager.ListenerWD - Before Find Element---> By.xpath: //a[text()=' Logout ']
21:14:22.466  INFO  manager.ListenerWD - After Find Element---> By.xpath: //a[text()=' Logout ']
21:14:22.482  INFO  manager.ListenerWD - Location of element ---> (1099, 24)
21:14:22.608  INFO  tests.TestBase - Before method finish logout
21:14:22.609  INFO  tests.TestBase - Test data ---> email: 'abc@gmail.com' & password: 'Abc12345$'
21:14:22.610  INFO  manager.ListenerWD - Before Find Element---> By.xpath: //*[text()=' Log in ']
21:14:22.632  INFO  manager.ListenerWD - After Find Element---> By.xpath: //*[text()=' Log in ']
21:14:22.647  INFO  manager.ListenerWD - Location of element ---> (1287, 24)
21:14:22.726  INFO  manager.ListenerWD - Before Find Element---> By.cssSelector: #email
21:14:22.749  INFO  manager.ListenerWD - After Find Element---> By.cssSelector: #email
21:14:22.765  INFO  manager.ListenerWD - Location of element ---> (1070, 258)
21:14:23.035  INFO  manager.ListenerWD - Before Find Element---> By.id: password
21:14:23.060  INFO  manager.ListenerWD - After Find Element---> By.id: password
21:14:23.077  INFO  manager.ListenerWD - Location of element ---> (1070, 332)
21:14:23.272  INFO  manager.ListenerWD - Before Find Element---> By.xpath: //button[@type='submit']
21:14:23.297  INFO  manager.ListenerWD - After Find Element---> By.xpath: //button[@type='submit']
21:14:23.315  INFO  manager.ListenerWD - Location of element ---> (1070, 401)
21:14:23.391  INFO  manager.ListenerWD - Before Find Element---> By.cssSelector: .dialog-container
21:14:23.793  INFO  manager.ListenerWD - After Find Element---> By.cssSelector: .dialog-container
21:14:23.812  INFO  manager.ListenerWD - Location of element ---> (608, 309)
21:14:23.836  INFO  manager.ListenerWD - Before Find Element---> By.cssSelector: .dialog-container>h2
21:14:23.862  INFO  manager.ListenerWD - After Find Element---> By.cssSelector: .dialog-container>h2
21:14:23.879  INFO  manager.ListenerWD - Location of element ---> (585, 345)
21:14:23.902  INFO  tests.TestBase - Assert check is Error present with text '"Login or Password incorrect"'
21:14:23.904  INFO  manager.ListenerWD - Before Find Element---> By.cssSelector: .dialog-container
21:14:23.926  INFO  manager.ListenerWD - After Find Element---> By.cssSelector: .dialog-container
21:14:23.926  INFO  manager.ListenerWD - List of elements is ---> 1
21:14:23.926  INFO  manager.ListenerWD - Before Find Element---> By.xpath: //button[text()='Ok']
21:14:23.953  INFO  manager.ListenerWD - After Find Element---> By.xpath: //button[text()='Ok']
21:14:23.973  INFO  manager.ListenerWD - Location of element ---> (793, 398)
21:14:24.034  INFO  tests.TestBase - The window is closed
21:14:24.038  INFO  tests.TestBase - Name of method ---> loginWrongEmail
21:14:24.040  INFO  manager.ListenerWD - Before Find Element---> By.xpath: //a[text()=' Logout ']
21:14:29.093  INFO  manager.ListenerWD - After Find Element---> By.xpath: //a[text()=' Logout ']
21:14:29.093  INFO  manager.ListenerWD - List of elements is ---> 0
21:14:29.792  INFO  manager.HelperBase - Refresh
21:14:29.794  INFO  tests.TestBase - Test data --->User{firstName='null', lastName='null', email='ssagmail.com', password='Ssa12345$'}
21:14:29.795  INFO  manager.ListenerWD - Before Find Element---> By.xpath: //*[text()=' Log in ']
21:14:29.822  INFO  manager.ListenerWD - After Find Element---> By.xpath: //*[text()=' Log in ']
21:14:29.848  INFO  manager.ListenerWD - Location of element ---> (1287, 24)
21:14:29.929  INFO  manager.ListenerWD - Before Find Element---> By.cssSelector: #email
21:14:29.994  INFO  manager.ListenerWD - After Find Element---> By.cssSelector: #email
21:14:30.010  INFO  manager.ListenerWD - Location of element ---> (1070, 258)
21:14:30.232  INFO  manager.ListenerWD - Before Find Element---> By.id: password
21:14:30.258  INFO  manager.ListenerWD - After Find Element---> By.id: password
21:14:30.274  INFO  manager.ListenerWD - Location of element ---> (1070, 332)
21:14:30.492  INFO  manager.ListenerWD - Before Find Element---> By.xpath: //button[@type='submit']
21:14:30.519  INFO  manager.ListenerWD - After Find Element---> By.xpath: //button[@type='submit']
21:14:30.536  INFO  manager.ListenerWD - Location of element ---> (1070, 421)
21:14:30.596  INFO  manager.ListenerWD - Before Find Element---> By.cssSelector: .error
21:14:30.629  INFO  manager.ListenerWD - After Find Element---> By.cssSelector: .error
21:14:30.645  INFO  manager.ListenerWD - Location of element ---> (1070, 302)
21:14:30.671  INFO  tests.TestBase - Assert check is Error present with text 'It'snot look like email'
21:14:30.673  INFO  manager.ListenerWD - Before Find Element---> By.xpath: //button[@disabled]
21:14:30.702  INFO  manager.ListenerWD - After Find Element---> By.xpath: //button[@disabled]
21:14:30.702  INFO  manager.ListenerWD - List of elements is ---> 1
21:14:30.702  INFO  manager.ListenerWD - Before Find Element---> By.cssSelector: button[type = 'submit']
21:14:30.729  INFO  manager.ListenerWD - After Find Element---> By.cssSelector: button[type = 'submit']
21:14:30.740  INFO  manager.ListenerWD - Location of element ---> (1070, 421)
21:14:30.755  INFO  tests.TestBase - Assert check is Element button 'Yalla' not clickable
21:14:30.756  INFO  manager.ListenerWD - Before Find Element---> By.cssSelector: .dialog-container
21:14:35.796  INFO  manager.ListenerWD - After Find Element---> By.cssSelector: .dialog-container
21:14:35.797  INFO  manager.ListenerWD - List of elements is ---> 0
21:14:35.798  INFO  tests.TestBase - Name of method ---> loginWrongEmail
21:14:35.800  INFO  manager.ListenerWD - Before Find Element---> By.xpath: //a[text()=' Logout ']
21:14:40.830  INFO  manager.ListenerWD - After Find Element---> By.xpath: //a[text()=' Logout ']
21:14:40.830  INFO  manager.ListenerWD - List of elements is ---> 0
21:14:41.211  INFO  manager.HelperBase - Refresh
21:14:41.212  INFO  tests.TestBase - Test data --->User{firstName='null', lastName='null', email='@gmail.com', password='Ssa12345$'}
21:14:41.213  INFO  manager.ListenerWD - Before Find Element---> By.xpath: //*[text()=' Log in ']
21:14:41.246  INFO  manager.ListenerWD - After Find Element---> By.xpath: //*[text()=' Log in ']
21:14:41.267  INFO  manager.ListenerWD - Location of element ---> (1287, 24)
21:14:41.357  INFO  manager.ListenerWD - Before Find Element---> By.cssSelector: #email
21:14:41.398  INFO  manager.ListenerWD - After Find Element---> By.cssSelector: #email
21:14:41.415  INFO  manager.ListenerWD - Location of element ---> (1070, 258)
21:14:41.645  INFO  manager.ListenerWD - Before Find Element---> By.id: password
21:14:41.669  INFO  manager.ListenerWD - After Find Element---> By.id: password
21:14:41.686  INFO  manager.ListenerWD - Location of element ---> (1070, 332)
21:14:41.902  INFO  manager.ListenerWD - Before Find Element---> By.xpath: //button[@type='submit']
21:14:41.930  INFO  manager.ListenerWD - After Find Element---> By.xpath: //button[@type='submit']
21:14:41.951  INFO  manager.ListenerWD - Location of element ---> (1070, 421)
21:14:42.010  INFO  manager.ListenerWD - Before Find Element---> By.cssSelector: .error
21:14:42.034  INFO  manager.ListenerWD - After Find Element---> By.cssSelector: .error
21:14:42.050  INFO  manager.ListenerWD - Location of element ---> (1070, 302)
21:14:42.076  INFO  tests.TestBase - Assert check is Error present with text 'It'snot look like email'
21:14:42.076  INFO  manager.ListenerWD - Before Find Element---> By.xpath: //button[@disabled]
21:14:42.099  INFO  manager.ListenerWD - After Find Element---> By.xpath: //button[@disabled]
21:14:42.099  INFO  manager.ListenerWD - List of elements is ---> 1
21:14:42.099  INFO  manager.ListenerWD - Before Find Element---> By.cssSelector: button[type = 'submit']
21:14:42.118  INFO  manager.ListenerWD - After Find Element---> By.cssSelector: button[type = 'submit']
21:14:42.128  INFO  manager.ListenerWD - Location of element ---> (1070, 421)
21:14:42.143  INFO  tests.TestBase - Assert check is Element button 'Yalla' not clickable
21:14:42.145  INFO  manager.ListenerWD - Before Find Element---> By.cssSelector: .dialog-container
21:14:47.204  INFO  manager.ListenerWD - After Find Element---> By.cssSelector: .dialog-container
21:14:47.204  INFO  manager.ListenerWD - List of elements is ---> 0
21:14:47.207  INFO  tests.TestBase - Name of method ---> loginWrongEmailEmpty
21:14:47.209  INFO  manager.ListenerWD - Before Find Element---> By.xpath: //a[text()=' Logout ']
21:14:52.245  INFO  manager.ListenerWD - After Find Element---> By.xpath: //a[text()=' Logout ']
21:14:52.245  INFO  manager.ListenerWD - List of elements is ---> 0
21:14:52.598  INFO  manager.HelperBase - Refresh
21:14:52.599  INFO  tests.TestBase - Test data --->User{firstName='null', lastName='null', email='', password='Ssa12345$'}
21:14:52.600  INFO  manager.ListenerWD - Before Find Element---> By.xpath: //*[text()=' Log in ']
21:14:52.634  INFO  manager.ListenerWD - After Find Element---> By.xpath: //*[text()=' Log in ']
21:14:52.654  INFO  manager.ListenerWD - Location of element ---> (1287, 24)
21:14:52.751  INFO  manager.ListenerWD - Before Find Element---> By.cssSelector: #email
21:14:52.789  INFO  manager.ListenerWD - After Find Element---> By.cssSelector: #email
21:14:52.804  INFO  manager.ListenerWD - Location of element ---> (1070, 258)
21:14:52.997  INFO  manager.ListenerWD - Before Find Element---> By.id: password
21:14:53.019  INFO  manager.ListenerWD - After Find Element---> By.id: password
21:14:53.035  INFO  manager.ListenerWD - Location of element ---> (1070, 332)
21:14:53.229  INFO  manager.ListenerWD - Before Find Element---> By.xpath: //button[@type='submit']
21:14:53.254  INFO  manager.ListenerWD - After Find Element---> By.xpath: //button[@type='submit']
21:14:53.272  INFO  manager.ListenerWD - Location of element ---> (1070, 421)
21:14:53.337  INFO  manager.ListenerWD - Before Find Element---> By.cssSelector: .error
21:14:53.360  INFO  manager.ListenerWD - After Find Element---> By.cssSelector: .error
21:14:53.377  INFO  manager.ListenerWD - Location of element ---> (1070, 302)
21:14:53.402  INFO  tests.TestBase - Assert check is Error present with text 'Email is required'
21:14:53.403  INFO  manager.ListenerWD - Before Find Element---> By.cssSelector: .dialog-container
21:14:58.438  INFO  manager.ListenerWD - After Find Element---> By.cssSelector: .dialog-container
21:14:58.439  INFO  manager.ListenerWD - List of elements is ---> 0
21:14:58.440  INFO  tests.TestBase - Name of method ---> loginWrongPassword
21:14:58.442  INFO  manager.ListenerWD - Before Find Element---> By.xpath: //a[text()=' Logout ']
21:15:03.464  INFO  manager.ListenerWD - After Find Element---> By.xpath: //a[text()=' Logout ']
21:15:03.464  INFO  manager.ListenerWD - List of elements is ---> 0
21:15:03.843  INFO  manager.HelperBase - Refresh
21:15:03.844  INFO  tests.TestBase - Test data ---> email: 'ssa@gmail.com' & password: 'Ssa'
21:15:03.844  INFO  manager.ListenerWD - Before Find Element---> By.xpath: //*[text()=' Log in ']
21:15:03.873  INFO  manager.ListenerWD - After Find Element---> By.xpath: //*[text()=' Log in ']
21:15:03.897  INFO  manager.ListenerWD - Location of element ---> (1287, 24)
21:15:04.007  INFO  manager.ListenerWD - Before Find Element---> By.cssSelector: #email
21:15:04.051  INFO  manager.ListenerWD - After Find Element---> By.cssSelector: #email
21:15:04.072  INFO  manager.ListenerWD - Location of element ---> (1070, 258)
21:15:04.309  INFO  manager.ListenerWD - Before Find Element---> By.id: password
21:15:04.332  INFO  manager.ListenerWD - After Find Element---> By.id: password
21:15:04.350  INFO  manager.ListenerWD - Location of element ---> (1070, 332)
21:15:04.541  INFO  manager.ListenerWD - Before Find Element---> By.xpath: //button[@type='submit']
21:15:04.564  INFO  manager.ListenerWD - After Find Element---> By.xpath: //button[@type='submit']
21:15:04.580  INFO  manager.ListenerWD - Location of element ---> (1070, 401)
21:15:04.657  INFO  manager.ListenerWD - Before Find Element---> By.cssSelector: .dialog-container
21:15:05.374  INFO  manager.ListenerWD - After Find Element---> By.cssSelector: .dialog-container
21:15:05.393  INFO  manager.ListenerWD - Location of element ---> (608, 309)
21:15:05.420  INFO  manager.ListenerWD - Before Find Element---> By.cssSelector: .dialog-container>h2
21:15:05.445  INFO  manager.ListenerWD - After Find Element---> By.cssSelector: .dialog-container>h2
21:15:05.462  INFO  manager.ListenerWD - Location of element ---> (585, 345)
21:15:05.491  INFO  tests.TestBase - Assert check is Error present with text '"Login or Password incorrect"'
21:15:05.493  INFO  manager.ListenerWD - Before Find Element---> By.cssSelector: .dialog-container
21:15:05.523  INFO  manager.ListenerWD - After Find Element---> By.cssSelector: .dialog-container
21:15:05.523  INFO  manager.ListenerWD - List of elements is ---> 1
21:15:05.524  INFO  manager.ListenerWD - Before Find Element---> By.xpath: //button[text()='Ok']
21:15:05.548  INFO  manager.ListenerWD - After Find Element---> By.xpath: //button[text()='Ok']
21:15:05.564  INFO  manager.ListenerWD - Location of element ---> (793, 398)
21:15:05.627  INFO  tests.TestBase - The window is closed
21:15:05.630  INFO  tests.TestBase - Name of method ---> loginWrongPasswordEmpty
21:15:05.631  INFO  manager.ListenerWD - Before Find Element---> By.xpath: //a[text()=' Logout ']
21:15:10.660  INFO  manager.ListenerWD - After Find Element---> By.xpath: //a[text()=' Logout ']
21:15:10.660  INFO  manager.ListenerWD - List of elements is ---> 0
21:15:11.084  INFO  manager.HelperBase - Refresh
21:15:11.085  INFO  tests.TestBase - Test data ---> email: 'ssa@gmail.com' & password: ''
21:15:11.085  INFO  manager.ListenerWD - Before Find Element---> By.xpath: //*[text()=' Log in ']
21:15:11.115  INFO  manager.ListenerWD - After Find Element---> By.xpath: //*[text()=' Log in ']
21:15:11.138  INFO  manager.ListenerWD - Location of element ---> (1287, 24)
21:15:11.212  INFO  manager.ListenerWD - Before Find Element---> By.cssSelector: #email
21:15:11.263  INFO  manager.ListenerWD - After Find Element---> By.cssSelector: #email
21:15:11.280  INFO  manager.ListenerWD - Location of element ---> (1070, 258)
21:15:11.508  INFO  manager.ListenerWD - Before Find Element---> By.id: password
21:15:11.530  INFO  manager.ListenerWD - After Find Element---> By.id: password
21:15:11.545  INFO  manager.ListenerWD - Location of element ---> (1070, 332)
21:15:11.715  INFO  manager.ListenerWD - Before Find Element---> By.xpath: //button[@type='submit']
21:15:11.743  INFO  manager.ListenerWD - After Find Element---> By.xpath: //button[@type='submit']
21:15:11.760  INFO  manager.ListenerWD - Location of element ---> (1070, 401)
21:15:11.827  INFO  manager.ListenerWD - Before Find Element---> By.xpath: //button[@disabled]
21:15:11.852  INFO  manager.ListenerWD - After Find Element---> By.xpath: //button[@disabled]
21:15:11.852  INFO  manager.ListenerWD - List of elements is ---> 1
21:15:11.853  INFO  manager.ListenerWD - Before Find Element---> By.cssSelector: button[type = 'submit']
21:15:11.874  INFO  manager.ListenerWD - After Find Element---> By.cssSelector: button[type = 'submit']
21:15:11.886  INFO  manager.ListenerWD - Location of element ---> (1070, 401)
21:15:11.903  INFO  tests.TestBase - Assert check is Element button 'Yalla' not clickable
21:15:11.903  INFO  manager.ListenerWD - Before Find Element---> By.cssSelector: .dialog-container
21:15:16.931  INFO  manager.ListenerWD - After Find Element---> By.cssSelector: .dialog-container
21:15:16.931  INFO  manager.ListenerWD - List of elements is ---> 0
