21:30:57.587  INFO  manager.ApplicationManager - All tests run in Chrome Browser
21:31:00.341  INFO  manager.ApplicationManager - The link --->https://ilcarro.web.app/search
21:31:00.405  INFO  tests.TestBase - Name of method ---> negativeSearch
21:31:00.409  INFO  manager.ListenerWD - Before Find Element---> By.cssSelector: a.logo
21:31:00.476  INFO  manager.ListenerWD - After Find Element---> By.cssSelector: a.logo
21:31:00.504  INFO  manager.ListenerWD - Location of element ---> (153, 16)
21:31:01.110  INFO  manager.ListenerWD - Before Find Element---> By.id: city
21:31:01.163  INFO  manager.ListenerWD - After Find Element---> By.id: city
21:31:01.185  INFO  manager.ListenerWD - Location of element ---> (153, 234)
21:31:01.497  INFO  manager.ListenerWD - Before Find Element---> By.cssSelector: .pac-item
21:31:01.849  INFO  manager.ListenerWD - After Find Element---> By.cssSelector: .pac-item
21:31:01.866  INFO  manager.ListenerWD - Location of element ---> (154, 279)
21:31:01.933  INFO  manager.ListenerWD - Before Find Element---> By.id: dates
21:31:01.972  INFO  manager.ListenerWD - After Find Element---> By.id: dates
21:31:01.988  INFO  manager.ListenerWD - Location of element ---> (153, 327)
21:31:02.110  INFO  manager.ListenerWD - Before Find Element---> By.id: dates
21:31:02.143  INFO  manager.ListenerWD - After Find Element---> By.id: dates
21:31:02.156  INFO  manager.ListenerWD - Location of element ---> (153, 308)
21:31:02.255  INFO  manager.ListenerWD - Before Find Element---> By.id: city
21:31:02.289  INFO  manager.ListenerWD - After Find Element---> By.id: city
21:31:02.305  INFO  manager.ListenerWD - Location of element ---> (153, 234)
21:31:02.393  INFO  manager.ListenerWD - Before Find Element---> By.xpath: //button[@type='submit']
21:31:02.450  INFO  manager.ListenerWD - After Find Element---> By.xpath: //button[@type='submit']
21:31:02.467  INFO  manager.ListenerWD - Location of element ---> (153, 385)
21:31:02.521  INFO  manager.ListenerWD - Before Find Element---> By.xpath: //button[@disabled]
21:31:02.567  INFO  manager.ListenerWD - After Find Element---> By.xpath: //button[@disabled]
21:31:02.572  INFO  manager.ListenerWD - List of elements is ---> 1
21:31:02.573  INFO  manager.ListenerWD - Before Find Element---> By.cssSelector: button[type = 'submit']
21:31:02.612  INFO  manager.ListenerWD - After Find Element---> By.cssSelector: button[type = 'submit']
21:31:02.626  INFO  manager.ListenerWD - Location of element ---> (153, 385)
21:31:02.648  INFO  manager.ListenerWD - Before Find Element---> By.className: error
21:31:02.687  INFO  manager.ListenerWD - After Find Element---> By.className: error
21:31:02.687  INFO  manager.ListenerWD - List of elements is ---> 1
21:31:02.698  INFO  tests.TestBase - Name of method ---> searchAnyPeriodSuccess
21:31:02.700  INFO  manager.ListenerWD - Before Find Element---> By.cssSelector: a.logo
21:31:02.733  INFO  manager.ListenerWD - After Find Element---> By.cssSelector: a.logo
21:31:02.752  INFO  manager.ListenerWD - Location of element ---> (153, 16)
21:31:03.180  INFO  manager.ListenerWD - Before Find Element---> By.id: city
21:31:03.222  INFO  manager.ListenerWD - After Find Element---> By.id: city
21:31:03.242  INFO  manager.ListenerWD - Location of element ---> (153, 234)
21:31:03.491  INFO  manager.ListenerWD - Before Find Element---> By.cssSelector: .pac-item
21:31:03.823  INFO  manager.ListenerWD - After Find Element---> By.cssSelector: .pac-item
21:31:03.838  INFO  manager.ListenerWD - Location of element ---> (154, 279)
21:31:03.899  INFO  manager.ListenerWD - Before Find Element---> By.id: dates
21:31:03.930  INFO  manager.ListenerWD - After Find Element---> By.id: dates
21:31:03.947  INFO  manager.ListenerWD - Location of element ---> (153, 327)
21:31:04.058  INFO  manager.ListenerWD - Before Find Element---> By.id: dates
21:31:04.090  INFO  manager.ListenerWD - After Find Element---> By.id: dates
21:31:04.106  INFO  manager.ListenerWD - Location of element ---> (153, 308)
21:31:04.278  INFO  manager.ListenerWD - Before Find Element---> By.cssSelector: [aria-label='Next month']
21:31:04.315  INFO  manager.ListenerWD - After Find Element---> By.cssSelector: [aria-label='Next month']
21:31:04.338  INFO  manager.ListenerWD - Location of element ---> (404, 367)
21:31:04.458  INFO  manager.ListenerWD - Before Find Element---> By.cssSelector: [aria-label='Next month']
21:31:04.490  INFO  manager.ListenerWD - After Find Element---> By.cssSelector: [aria-label='Next month']
21:31:04.506  INFO  manager.ListenerWD - Location of element ---> (404, 368)
21:31:04.594  INFO  manager.ListenerWD - Before Find Element---> By.cssSelector: [aria-label='Next month']
21:31:04.623  INFO  manager.ListenerWD - After Find Element---> By.cssSelector: [aria-label='Next month']
21:31:04.639  INFO  manager.ListenerWD - Location of element ---> (404, 368)
21:31:04.719  INFO  manager.ListenerWD - Before Find Element---> By.cssSelector: [aria-label='Next month']
21:31:04.752  INFO  manager.ListenerWD - After Find Element---> By.cssSelector: [aria-label='Next month']
21:31:04.763  INFO  manager.ListenerWD - Location of element ---> (404, 368)
21:31:04.836  INFO  manager.ListenerWD - Before Find Element---> By.cssSelector: [aria-label='Next month']
21:31:04.861  INFO  manager.ListenerWD - After Find Element---> By.cssSelector: [aria-label='Next month']
21:31:04.873  INFO  manager.ListenerWD - Location of element ---> (404, 368)
21:31:04.942  INFO  manager.ListenerWD - Before Find Element---> By.cssSelector: [aria-label='Next month']
21:31:04.967  INFO  manager.ListenerWD - After Find Element---> By.cssSelector: [aria-label='Next month']
21:31:04.979  INFO  manager.ListenerWD - Location of element ---> (404, 368)
21:31:05.058  INFO  manager.ListenerWD - Before Find Element---> By.xpath: //div[text()=' 27 ']
21:31:05.090  INFO  manager.ListenerWD - After Find Element---> By.xpath: //div[text()=' 27 ']
21:31:05.106  INFO  manager.ListenerWD - Location of element ---> (363, 612)
21:31:05.199  INFO  manager.ListenerWD - Before Find Element---> By.cssSelector: [aria-label='Next month']
21:31:05.223  INFO  manager.ListenerWD - After Find Element---> By.cssSelector: [aria-label='Next month']
21:31:05.236  INFO  manager.ListenerWD - Location of element ---> (404, 368)
21:31:05.319  INFO  manager.ListenerWD - Before Find Element---> By.cssSelector: [aria-label='Next month']
21:31:05.345  INFO  manager.ListenerWD - After Find Element---> By.cssSelector: [aria-label='Next month']
21:31:05.361  INFO  manager.ListenerWD - Location of element ---> (404, 368)
21:31:05.444  INFO  manager.ListenerWD - Before Find Element---> By.cssSelector: [aria-label='Next month']
21:31:05.471  INFO  manager.ListenerWD - After Find Element---> By.cssSelector: [aria-label='Next month']
21:31:05.484  INFO  manager.ListenerWD - Location of element ---> (404, 368)
21:31:05.558  INFO  manager.ListenerWD - Before Find Element---> By.cssSelector: [aria-label='Next month']
21:31:05.586  INFO  manager.ListenerWD - After Find Element---> By.cssSelector: [aria-label='Next month']
21:31:05.603  INFO  manager.ListenerWD - Location of element ---> (404, 368)
21:31:05.687  INFO  manager.ListenerWD - Before Find Element---> By.cssSelector: [aria-label='Next month']
21:31:05.711  INFO  manager.ListenerWD - After Find Element---> By.cssSelector: [aria-label='Next month']
21:31:05.724  INFO  manager.ListenerWD - Location of element ---> (404, 368)
21:31:05.794  INFO  manager.ListenerWD - Before Find Element---> By.cssSelector: [aria-label='Next month']
21:31:05.820  INFO  manager.ListenerWD - After Find Element---> By.cssSelector: [aria-label='Next month']
21:31:05.832  INFO  manager.ListenerWD - Location of element ---> (404, 368)
21:31:05.905  INFO  manager.ListenerWD - Before Find Element---> By.xpath: //div[text()=' 20 ']
21:31:05.942  INFO  manager.ListenerWD - After Find Element---> By.xpath: //div[text()=' 20 ']
21:31:05.960  INFO  manager.ListenerWD - Location of element ---> (403, 572)
21:31:06.058  INFO  manager.ListenerWD - Before Find Element---> By.xpath: //button[@type='submit']
21:31:06.096  INFO  manager.ListenerWD - After Find Element---> By.xpath: //button[@type='submit']
21:31:06.113  INFO  manager.ListenerWD - Location of element ---> (153, 366)
21:31:06.266  INFO  manager.ListenerWD - Before Find Element---> By.cssSelector: .car-container
21:31:11.809  INFO  manager.ListenerWD - After Find Element---> By.cssSelector: .car-container
21:31:11.809  INFO  manager.ListenerWD - List of elements is ---> 0
21:31:11.816  INFO  tests.TestBase - Name of method ---> searchCurrentMonthSuccess
21:31:11.818  INFO  manager.ListenerWD - Before Find Element---> By.cssSelector: a.logo
21:31:11.850  INFO  manager.ListenerWD - After Find Element---> By.cssSelector: a.logo
21:31:11.868  INFO  manager.ListenerWD - Location of element ---> (153, 16)
21:31:12.959  INFO  manager.ListenerWD - Huston we have a problem
21:31:12.960  INFO  manager.ListenerWD - Object target ---> [[ChromeDriver: chrome on WINDOWS (727bac887a8a2ca1778d355d7313f680)] -> css selector: a.logo]
21:31:12.961  INFO  manager.ListenerWD - ********************
21:31:12.962  INFO  manager.ListenerWD - Method name--->click
21:31:12.963  INFO  manager.ListenerWD - ********************
21:31:12.963  INFO  manager.ListenerWD - ********************
21:31:12.963  INFO  manager.ListenerWD - ********************
21:31:12.963  INFO  manager.ListenerWD - ********************
21:31:12.967  INFO  manager.ListenerWD - InvocationTargetException3org.openqa.selenium.ElementClickInterceptedException: element click intercepted: Element <a _ngcontent-jor-c44="" href="/" class="logo">...</a> is not clickable at point (245, 34). Other element would receive the click: <div class="cdk-overlay-backdrop cdk-overlay-dark-backdrop cdk-overlay-backdrop-showing"></div>
  (Session info: chrome=112.0.5615.138)
Build info: version: '4.7.0', revision: '0a5b49d16f'
System info: os.name: 'Windows 10', os.arch: 'amd64', os.version: '10.0', java.version: '11.0.18'
Driver info: org.openqa.selenium.chrome.ChromeDriver
Command: [727bac887a8a2ca1778d355d7313f680, clickElement {id=8a917c0f-254e-4f39-971c-913abd2c8405}]
Capabilities {acceptInsecureCerts: false, browserName: chrome, browserVersion: 112.0.5615.138, chrome: {chromedriverVersion: 112.0.5615.49 (bd2a7bcb881c..., userDataDir: C:\Users\honor\AppData\Loca...}, goog:chromeOptions: {debuggerAddress: localhost:56597}, networkConnectionEnabled: false, pageLoadStrategy: normal, platformName: WINDOWS, proxy: Proxy(), se:cdp: ws://localhost:56597/devtoo..., se:cdpVersion: 112.0.5615.138, setWindowRect: true, strictFileInteractability: false, timeouts: {implicit: 0, pageLoad: 300000, script: 30000}, unhandledPromptBehavior: dismiss and notify, webauthn:extension:credBlob: true, webauthn:extension:largeBlob: true, webauthn:extension:minPinLength: true, webauthn:extension:prf: true, webauthn:virtualAuthenticators: true}
Element: [[ChromeDriver: chrome on WINDOWS (727bac887a8a2ca1778d355d7313f680)] -> css selector: a.logo]
Session ID: 727bac887a8a2ca1778d355d7313f680
21:31:12.967  INFO  manager.ListenerWD - ********************
21:31:12.974  INFO  manager.ListenerWD - Screen with error is--->src/test/screenshots/screen-319.png
