21:23:47.474  INFO  manager.ApplicationManager - All tests run in Chrome Browser
21:23:50.365  INFO  manager.ApplicationManager - The link --->https://ilcarro.web.app/search
21:23:50.439  INFO  tests.TestBase - Name of method ---> negativeSearch
21:23:50.444  INFO  manager.ListenerWD - Before Find Element---> By.cssSelector: a.logo
21:23:50.512  INFO  manager.ListenerWD - After Find Element---> By.cssSelector: a.logo
21:23:50.536  INFO  manager.ListenerWD - Location of element ---> (153, 16)
21:23:50.984  INFO  manager.ListenerWD - Before Find Element---> By.id: dates
21:23:51.035  INFO  manager.ListenerWD - After Find Element---> By.id: dates
21:23:51.053  INFO  manager.ListenerWD - Location of element ---> (153, 308)
21:23:51.193  INFO  manager.ListenerWD - Before Find Element---> By.id: dates
21:23:51.233  INFO  manager.ListenerWD - After Find Element---> By.id: dates
21:23:51.251  INFO  manager.ListenerWD - Location of element ---> (153, 308)
21:23:51.373  INFO  manager.ListenerWD - Before Find Element---> By.id: city
21:23:51.423  INFO  manager.ListenerWD - After Find Element---> By.id: city
21:23:51.441  INFO  manager.ListenerWD - Location of element ---> (153, 234)
21:23:51.724  INFO  manager.ListenerWD - Before Find Element---> By.cssSelector: .pac-item
21:23:52.385  INFO  manager.ListenerWD - After Find Element---> By.cssSelector: .pac-item
21:23:52.401  INFO  manager.ListenerWD - Location of element ---> (154, 279)
21:23:52.467  INFO  manager.ListenerWD - Before Find Element---> By.xpath: //button[@type='submit']
21:23:52.508  INFO  manager.ListenerWD - After Find Element---> By.xpath: //button[@type='submit']
21:23:52.524  INFO  manager.ListenerWD - Location of element ---> (153, 404)
21:23:52.576  INFO  manager.ListenerWD - Before Find Element---> By.xpath: //button[@disabled]
21:23:52.624  INFO  manager.ListenerWD - After Find Element---> By.xpath: //button[@disabled]
21:23:52.629  INFO  manager.ListenerWD - List of elements is ---> 1
21:23:52.630  INFO  manager.ListenerWD - Before Find Element---> By.cssSelector: button[type = 'submit']
21:23:52.666  INFO  manager.ListenerWD - After Find Element---> By.cssSelector: button[type = 'submit']
21:23:52.683  INFO  manager.ListenerWD - Location of element ---> (153, 404)
21:23:52.714  INFO  manager.ListenerWD - Before Find Element---> By.className: error
21:23:52.781  INFO  manager.ListenerWD - After Find Element---> By.className: error
21:23:52.782  INFO  manager.ListenerWD - List of elements is ---> 2
