17:18:19.998  INFO  manager.ApplicationManager - All tests run in Chrome Browser
17:18:22.929  INFO  manager.ApplicationManager - The link --->https://ilcarro.web.app/search
17:18:22.965  INFO  manager.ListenerWD - Before Find Element---> By.xpath: //a[text()=' Logout ']
17:18:27.987  INFO  manager.ListenerWD - After Find Element---> By.xpath: //a[text()=' Logout ']
17:18:27.987  INFO  manager.ListenerWD - List of elements is ---> 0
17:18:27.988  INFO  manager.ListenerWD - Before Find Element---> By.xpath: //*[text()=' Log in ']
17:18:28.041  INFO  manager.ListenerWD - After Find Element---> By.xpath: //*[text()=' Log in ']
17:18:28.060  INFO  manager.ListenerWD - Location of element ---> (1287, 24)
17:18:28.175  INFO  manager.ListenerWD - Before Find Element---> By.cssSelector: #email
17:18:28.227  INFO  manager.ListenerWD - After Find Element---> By.cssSelector: #email
17:18:28.245  INFO  manager.ListenerWD - Location of element ---> (1070, 258)
17:18:28.494  INFO  manager.ListenerWD - Before Find Element---> By.id: password
17:18:28.566  INFO  manager.ListenerWD - After Find Element---> By.id: password
17:18:28.583  INFO  manager.ListenerWD - Location of element ---> (1070, 332)
17:18:28.783  INFO  manager.ListenerWD - Before Find Element---> By.xpath: //button[@type='submit']
17:18:28.829  INFO  manager.ListenerWD - After Find Element---> By.xpath: //button[@type='submit']
17:18:28.846  INFO  manager.ListenerWD - Location of element ---> (1070, 401)
17:18:28.933  INFO  manager.ListenerWD - Before Find Element---> By.xpath: //button[text()='Ok']
17:18:31.049  INFO  manager.ListenerWD - After Find Element---> By.xpath: //button[text()='Ok']
17:18:31.069  INFO  manager.ListenerWD - Location of element ---> (788, 392)
17:18:31.132  INFO  tests.TestBase - Before class logged in account with data ---> email: 'ssa@gmail.com', password: 'Ssa12345$'
17:18:31.160  INFO  tests.TestBase - Name of method ---> addNewCarSuccess
17:18:31.170  INFO  tests.TestBase - Test data ---> location: 'Tel Aviv, Israel', manufacture: 'Nissan', model: 'A2', year: '2004', fuel: 'Petrol', seats: '5', carClass: 'C', carRegNumber: 198-72613-1916, price: '50'
17:18:31.672  INFO  manager.ListenerWD - Before Find Element---> By.xpath: //a[text()=' Let the car work ']
17:18:31.723  INFO  manager.ListenerWD - After Find Element---> By.xpath: //a[text()=' Let the car work ']
17:18:31.740  INFO  manager.ListenerWD - Location of element ---> (753, 24)
17:18:31.864  INFO  manager.ListenerWD - Before Find Element---> By.id: pickUpPlace
17:18:31.906  INFO  manager.ListenerWD - After Find Element---> By.id: pickUpPlace
17:18:31.924  INFO  manager.ListenerWD - Location of element ---> (138, 324)
17:18:32.183  INFO  manager.ListenerWD - Before Find Element---> By.cssSelector: .pac-item
17:18:32.815  INFO  manager.ListenerWD - After Find Element---> By.cssSelector: .pac-item
17:18:32.837  INFO  manager.ListenerWD - Location of element ---> (138, 368)
17:18:32.903  INFO  manager.ListenerWD - Before Find Element---> By.id: make
17:18:32.937  INFO  manager.ListenerWD - After Find Element---> By.id: make
17:18:32.952  INFO  manager.ListenerWD - Location of element ---> (138, 505)
17:18:33.141  INFO  manager.ListenerWD - Before Find Element---> By.cssSelector: #model
17:18:33.181  INFO  manager.ListenerWD - After Find Element---> By.cssSelector: #model
17:18:33.198  INFO  manager.ListenerWD - Location of element ---> (138, 585)
17:18:33.375  INFO  manager.ListenerWD - Before Find Element---> By.cssSelector: #year
17:18:33.413  INFO  manager.ListenerWD - After Find Element---> By.cssSelector: #year
17:18:33.429  INFO  manager.ListenerWD - Location of element ---> (138, 659)
17:18:33.640  INFO  manager.ListenerWD - Before Find Element---> By.id: fuel
17:18:33.682  INFO  manager.ListenerWD - After Find Element---> By.id: fuel
17:18:33.702  INFO  manager.ListenerWD - Location of element ---> (138, 733)
17:18:33.858  INFO  manager.ListenerWD - Before Find Element---> By.id: seats
17:18:33.895  INFO  manager.ListenerWD - After Find Element---> By.id: seats
17:18:33.912  INFO  manager.ListenerWD - Location of element ---> (138, 808)
17:18:34.101  INFO  manager.ListenerWD - Before Find Element---> By.id: class
17:18:34.154  INFO  manager.ListenerWD - After Find Element---> By.id: class
17:18:34.172  INFO  manager.ListenerWD - Location of element ---> (138, 882)
17:18:34.350  INFO  manager.ListenerWD - Before Find Element---> By.id: serialNumber
17:18:34.386  INFO  manager.ListenerWD - After Find Element---> By.id: serialNumber
17:18:34.403  INFO  manager.ListenerWD - Location of element ---> (138, 956)
17:18:34.625  INFO  manager.ListenerWD - Before Find Element---> By.id: price
17:18:34.668  INFO  manager.ListenerWD - After Find Element---> By.id: price
17:18:34.688  INFO  manager.ListenerWD - Location of element ---> (138, 1030)
17:18:34.891  INFO  manager.ListenerWD - Before Find Element---> By.id: about
17:18:34.928  INFO  manager.ListenerWD - After Find Element---> By.id: about
17:18:34.946  INFO  manager.ListenerWD - Location of element ---> (138, 1137)
17:18:35.056  INFO  manager.ListenerWD - Before Find Element---> By.xpath: //button[@type='submit']
17:18:35.087  INFO  manager.ListenerWD - After Find Element---> By.xpath: //button[@type='submit']
17:18:35.102  INFO  manager.ListenerWD - Location of element ---> (138, 1512)
17:18:35.192  INFO  manager.ListenerWD - Before Find Element---> By.cssSelector: .dialog-container
17:18:35.749  INFO  manager.ListenerWD - After Find Element---> By.cssSelector: .dialog-container
17:18:35.767  INFO  manager.ListenerWD - Location of element ---> (618, 312)
17:18:35.829  INFO  manager.ListenerWD - Before Find Element---> By.cssSelector: .dialog-container>h2
17:18:35.861  INFO  manager.ListenerWD - After Find Element---> By.cssSelector: .dialog-container>h2
17:18:35.885  INFO  manager.ListenerWD - Location of element ---> (583, 344)
17:18:35.914  INFO  tests.TestBase - Assert check is Element with text 'added successful' present
17:18:35.915  INFO  manager.ListenerWD - Before Find Element---> By.cssSelector: .dialog-container
17:18:35.939  INFO  manager.ListenerWD - After Find Element---> By.cssSelector: .dialog-container
17:18:35.952  INFO  manager.ListenerWD - Location of element ---> (583, 301)
17:18:35.983  INFO  manager.ListenerWD - Before Find Element---> By.cssSelector: .dialog-container>h2
17:18:36.006  INFO  manager.ListenerWD - After Find Element---> By.cssSelector: .dialog-container>h2
17:18:36.017  INFO  manager.ListenerWD - Location of element ---> (583, 344)
17:18:36.042  INFO  manager.ListenerWD - Before Find Element---> By.xpath: //button[text()='Search cars']
17:18:36.070  INFO  manager.ListenerWD - After Find Element---> By.xpath: //button[text()='Search cars']
17:18:36.086  INFO  manager.ListenerWD - Location of element ---> (729, 398)
17:18:36.147  INFO  tests.TestBase - Assert check is home page displayed
17:18:36.158  INFO  tests.TestBase - Name of method ---> addNewCarSuccessAll
17:18:36.159  INFO  tests.TestBase - Test data ---> Car(location=Tel Aviv, Israel, manufacture=Mazda, model=M3, year=2022, fuel=Petrol, seats=5, carClass=C, carRegNumber=198-72613-004, price=50.0, about=Very nice car)
17:18:36.667  INFO  manager.ListenerWD - Before Find Element---> By.xpath: //a[text()=' Let the car work ']
17:18:36.689  INFO  manager.ListenerWD - After Find Element---> By.xpath: //a[text()=' Let the car work ']
17:18:36.703  INFO  manager.ListenerWD - Location of element ---> (753, 24)
17:18:36.801  INFO  manager.ListenerWD - Before Find Element---> By.id: pickUpPlace
17:18:36.826  INFO  manager.ListenerWD - After Find Element---> By.id: pickUpPlace
17:18:36.840  INFO  manager.ListenerWD - Location of element ---> (138, 324)
17:18:37.086  INFO  manager.ListenerWD - Before Find Element---> By.cssSelector: .pac-item
17:18:37.306  INFO  manager.ListenerWD - After Find Element---> By.cssSelector: .pac-item
17:18:37.322  INFO  manager.ListenerWD - Location of element ---> (138, 368)
17:18:37.387  INFO  manager.ListenerWD - Before Find Element---> By.id: make
17:18:37.412  INFO  manager.ListenerWD - After Find Element---> By.id: make
17:18:37.426  INFO  manager.ListenerWD - Location of element ---> (138, 505)
17:18:37.626  INFO  manager.ListenerWD - Before Find Element---> By.cssSelector: #model
17:18:37.651  INFO  manager.ListenerWD - After Find Element---> By.cssSelector: #model
17:18:37.669  INFO  manager.ListenerWD - Location of element ---> (138, 585)
17:18:37.857  INFO  manager.ListenerWD - Before Find Element---> By.cssSelector: #year
17:18:37.881  INFO  manager.ListenerWD - After Find Element---> By.cssSelector: #year
17:18:37.897  INFO  manager.ListenerWD - Location of element ---> (138, 659)
17:18:38.083  INFO  manager.ListenerWD - Before Find Element---> By.id: fuel
17:18:38.109  INFO  manager.ListenerWD - After Find Element---> By.id: fuel
17:18:38.124  INFO  manager.ListenerWD - Location of element ---> (138, 733)
17:18:38.262  INFO  manager.ListenerWD - Before Find Element---> By.id: seats
17:18:38.285  INFO  manager.ListenerWD - After Find Element---> By.id: seats
17:18:38.301  INFO  manager.ListenerWD - Location of element ---> (138, 808)
17:18:38.490  INFO  manager.ListenerWD - Before Find Element---> By.id: class
17:18:38.516  INFO  manager.ListenerWD - After Find Element---> By.id: class
17:18:38.531  INFO  manager.ListenerWD - Location of element ---> (138, 882)
17:18:38.714  INFO  manager.ListenerWD - Before Find Element---> By.id: serialNumber
17:18:38.748  INFO  manager.ListenerWD - After Find Element---> By.id: serialNumber
17:18:38.764  INFO  manager.ListenerWD - Location of element ---> (138, 956)
17:18:38.978  INFO  manager.ListenerWD - Before Find Element---> By.id: price
17:18:39.000  INFO  manager.ListenerWD - After Find Element---> By.id: price
17:18:39.015  INFO  manager.ListenerWD - Location of element ---> (138, 1030)
17:18:39.229  INFO  manager.ListenerWD - Before Find Element---> By.id: about
17:18:39.255  INFO  manager.ListenerWD - After Find Element---> By.id: about
17:18:39.270  INFO  manager.ListenerWD - Location of element ---> (138, 1137)
17:18:39.451  INFO  manager.ListenerWD - Before Find Element---> By.cssSelector: #photos
17:18:39.478  INFO  manager.ListenerWD - After Find Element---> By.cssSelector: #photos
17:18:39.491  INFO  manager.ListenerWD - Location of element ---> (138, 1467)
17:18:39.570  INFO  manager.ListenerWD - Before Find Element---> By.xpath: //button[@type='submit']
17:18:39.596  INFO  manager.ListenerWD - After Find Element---> By.xpath: //button[@type='submit']
17:18:39.611  INFO  manager.ListenerWD - Location of element ---> (138, 1563)
17:18:39.675  INFO  manager.ListenerWD - Before Find Element---> By.cssSelector: .dialog-container
17:18:40.600  INFO  manager.ListenerWD - After Find Element---> By.cssSelector: .dialog-container
17:18:40.615  INFO  manager.ListenerWD - Location of element ---> (618, 303)
17:18:40.635  INFO  manager.ListenerWD - Before Find Element---> By.cssSelector: .dialog-container>h2
17:18:40.661  INFO  manager.ListenerWD - After Find Element---> By.cssSelector: .dialog-container>h2
17:18:40.678  INFO  manager.ListenerWD - Location of element ---> (590, 334)
17:18:40.705  INFO  manager.ListenerWD - Before Find Element---> By.xpath: //button[text()='Search cars']
17:18:45.750  INFO  manager.ListenerWD - Huston we have a problem
17:18:45.750  INFO  manager.ListenerWD - Object target ---> ChromeDriver: chrome on WINDOWS (3afba8a62efb36a90338ae441f37e652)
17:18:45.750  INFO  manager.ListenerWD - ********************
17:18:45.751  INFO  manager.ListenerWD - Method name--->findElement
17:18:45.751  INFO  manager.ListenerWD - ********************
17:18:45.751  INFO  manager.ListenerWD - ********************
17:18:45.751  INFO  manager.ListenerWD - ********************
17:18:45.751  INFO  manager.ListenerWD - ********************
17:18:45.753  INFO  manager.ListenerWD - InvocationTargetException3org.openqa.selenium.NoSuchElementException: no such element: Unable to locate element: {"method":"xpath","selector":"//button[text()='Search cars']"}
  (Session info: chrome=112.0.5615.138)
For documentation on this error, please visit: https://selenium.dev/exceptions/#no_such_element
Build info: version: '4.7.0', revision: '0a5b49d16f'
System info: os.name: 'Windows 10', os.arch: 'amd64', os.version: '10.0', java.version: '1.8.0_361'
Driver info: org.openqa.selenium.chrome.ChromeDriver
Command: [3afba8a62efb36a90338ae441f37e652, findElement {using=xpath, value=//button[text()='Search cars']}]
Capabilities {acceptInsecureCerts: false, browserName: chrome, browserVersion: 112.0.5615.138, chrome: {chromedriverVersion: 112.0.5615.49 (bd2a7bcb881c..., userDataDir: C:\Users\honor\AppData\Loca...}, goog:chromeOptions: {debuggerAddress: localhost:59247}, networkConnectionEnabled: false, pageLoadStrategy: normal, platformName: WINDOWS, proxy: Proxy(), se:cdp: ws://localhost:59247/devtoo..., se:cdpVersion: 112.0.5615.138, setWindowRect: true, strictFileInteractability: false, timeouts: {implicit: 0, pageLoad: 300000, script: 30000}, unhandledPromptBehavior: dismiss and notify, webauthn:extension:credBlob: true, webauthn:extension:largeBlob: true, webauthn:extension:minPinLength: true, webauthn:extension:prf: true, webauthn:virtualAuthenticators: true}
Session ID: 3afba8a62efb36a90338ae441f37e652
17:18:45.754  INFO  manager.ListenerWD - ********************
17:18:45.754  INFO  manager.ListenerWD - Screen with error is--->src/test/screenshots/screen-479.png
17:18:46.022  INFO  tests.TestBase - Name of method ---> loginSuccess
17:18:46.023  INFO  manager.ListenerWD - Before Find Element---> By.xpath: //a[text()=' Logout ']
17:18:46.047  INFO  manager.ListenerWD - After Find Element---> By.xpath: //a[text()=' Logout ']
17:18:46.048  INFO  manager.ListenerWD - List of elements is ---> 1
17:18:46.048  INFO  manager.ListenerWD - Before Find Element---> By.xpath: //a[text()=' Logout ']
17:18:46.077  INFO  manager.ListenerWD - After Find Element---> By.xpath: //a[text()=' Logout ']
17:18:46.091  INFO  manager.ListenerWD - Location of element ---> (1099, -859)
17:18:51.156  INFO  manager.ListenerWD - Huston we have a problem
17:18:51.156  INFO  manager.ListenerWD - Object target ---> [[ChromeDriver: chrome on WINDOWS (3afba8a62efb36a90338ae441f37e652)] -> xpath: //a[text()=' Logout ']]
17:18:51.157  INFO  manager.ListenerWD - ********************
17:18:51.157  INFO  manager.ListenerWD - Method name--->click
17:18:51.157  INFO  manager.ListenerWD - ********************
17:18:51.157  INFO  manager.ListenerWD - ********************
17:18:51.157  INFO  manager.ListenerWD - ********************
17:18:51.157  INFO  manager.ListenerWD - ********************
17:18:51.158  INFO  manager.ListenerWD - InvocationTargetException3org.openqa.selenium.ElementNotInteractableException: element not interactable
  (Session info: chrome=112.0.5615.138)
Build info: version: '4.7.0', revision: '0a5b49d16f'
System info: os.name: 'Windows 10', os.arch: 'amd64', os.version: '10.0', java.version: '1.8.0_361'
Driver info: org.openqa.selenium.chrome.ChromeDriver
Command: [3afba8a62efb36a90338ae441f37e652, clickElement {id=ac07c356-95a0-4cf8-a265-7b8381901659}]
Capabilities {acceptInsecureCerts: false, browserName: chrome, browserVersion: 112.0.5615.138, chrome: {chromedriverVersion: 112.0.5615.49 (bd2a7bcb881c..., userDataDir: C:\Users\honor\AppData\Loca...}, goog:chromeOptions: {debuggerAddress: localhost:59247}, networkConnectionEnabled: false, pageLoadStrategy: normal, platformName: WINDOWS, proxy: Proxy(), se:cdp: ws://localhost:59247/devtoo..., se:cdpVersion: 112.0.5615.138, setWindowRect: true, strictFileInteractability: false, timeouts: {implicit: 0, pageLoad: 300000, script: 30000}, unhandledPromptBehavior: dismiss and notify, webauthn:extension:credBlob: true, webauthn:extension:largeBlob: true, webauthn:extension:minPinLength: true, webauthn:extension:prf: true, webauthn:virtualAuthenticators: true}
Element: [[ChromeDriver: chrome on WINDOWS (3afba8a62efb36a90338ae441f37e652)] -> xpath: //a[text()=' Logout ']]
Session ID: 3afba8a62efb36a90338ae441f37e652
17:18:51.159  INFO  manager.ListenerWD - ********************
17:18:51.167  INFO  manager.ListenerWD - Screen with error is--->src/test/screenshots/screen-291.png
17:18:51.216  INFO  tests.TestBase - Name of method ---> registrationCheckboxUnchecked
17:18:54.224  INFO  manager.ListenerWD - Before Find Element---> By.xpath: //a[text()=' Logout ']
17:18:54.249  INFO  manager.ListenerWD - After Find Element---> By.xpath: //a[text()=' Logout ']
17:18:54.249  INFO  manager.ListenerWD - List of elements is ---> 1
17:18:54.250  INFO  manager.ListenerWD - Before Find Element---> By.xpath: //a[text()=' Logout ']
17:18:54.270  INFO  manager.ListenerWD - After Find Element---> By.xpath: //a[text()=' Logout ']
17:18:54.281  INFO  manager.ListenerWD - Location of element ---> (1099, -859)
17:18:59.316  INFO  manager.ListenerWD - Huston we have a problem
17:18:59.317  INFO  manager.ListenerWD - Object target ---> [[ChromeDriver: chrome on WINDOWS (3afba8a62efb36a90338ae441f37e652)] -> xpath: //a[text()=' Logout ']]
17:18:59.318  INFO  manager.ListenerWD - ********************
17:18:59.318  INFO  manager.ListenerWD - Method name--->click
17:18:59.324  INFO  manager.ListenerWD - ********************
17:18:59.324  INFO  manager.ListenerWD - ********************
17:18:59.324  INFO  manager.ListenerWD - ********************
17:18:59.325  INFO  manager.ListenerWD - ********************
17:18:59.325  INFO  manager.ListenerWD - InvocationTargetException3org.openqa.selenium.ElementNotInteractableException: element not interactable
  (Session info: chrome=112.0.5615.138)
Build info: version: '4.7.0', revision: '0a5b49d16f'
System info: os.name: 'Windows 10', os.arch: 'amd64', os.version: '10.0', java.version: '1.8.0_361'
Driver info: org.openqa.selenium.chrome.ChromeDriver
Command: [3afba8a62efb36a90338ae441f37e652, clickElement {id=ac07c356-95a0-4cf8-a265-7b8381901659}]
Capabilities {acceptInsecureCerts: false, browserName: chrome, browserVersion: 112.0.5615.138, chrome: {chromedriverVersion: 112.0.5615.49 (bd2a7bcb881c..., userDataDir: C:\Users\honor\AppData\Loca...}, goog:chromeOptions: {debuggerAddress: localhost:59247}, networkConnectionEnabled: false, pageLoadStrategy: normal, platformName: WINDOWS, proxy: Proxy(), se:cdp: ws://localhost:59247/devtoo..., se:cdpVersion: 112.0.5615.138, setWindowRect: true, strictFileInteractability: false, timeouts: {implicit: 0, pageLoad: 300000, script: 30000}, unhandledPromptBehavior: dismiss and notify, webauthn:extension:credBlob: true, webauthn:extension:largeBlob: true, webauthn:extension:minPinLength: true, webauthn:extension:prf: true, webauthn:virtualAuthenticators: true}
Element: [[ChromeDriver: chrome on WINDOWS (3afba8a62efb36a90338ae441f37e652)] -> xpath: //a[text()=' Logout ']]
Session ID: 3afba8a62efb36a90338ae441f37e652
17:18:59.326  INFO  manager.ListenerWD - ********************
17:18:59.326  INFO  manager.ListenerWD - Screen with error is--->src/test/screenshots/screen-988.png
17:18:59.354  INFO  tests.TestBase - Name of method ---> negativeSearch
17:18:59.355  INFO  manager.ListenerWD - Before Find Element---> By.cssSelector: a.logo
17:18:59.389  INFO  manager.ListenerWD - After Find Element---> By.cssSelector: a.logo
17:18:59.403  INFO  manager.ListenerWD - Location of element ---> (153, -868)
17:19:04.463  INFO  manager.ListenerWD - Huston we have a problem
17:19:04.464  INFO  manager.ListenerWD - Object target ---> [[ChromeDriver: chrome on WINDOWS (3afba8a62efb36a90338ae441f37e652)] -> css selector: a.logo]
17:19:04.464  INFO  manager.ListenerWD - ********************
17:19:04.464  INFO  manager.ListenerWD - Method name--->click
17:19:04.464  INFO  manager.ListenerWD - ********************
17:19:04.464  INFO  manager.ListenerWD - ********************
17:19:04.464  INFO  manager.ListenerWD - ********************
17:19:04.465  INFO  manager.ListenerWD - ********************
17:19:04.468  INFO  manager.ListenerWD - InvocationTargetException3org.openqa.selenium.ElementNotInteractableException: element not interactable
  (Session info: chrome=112.0.5615.138)
Build info: version: '4.7.0', revision: '0a5b49d16f'
System info: os.name: 'Windows 10', os.arch: 'amd64', os.version: '10.0', java.version: '1.8.0_361'
Driver info: org.openqa.selenium.chrome.ChromeDriver
Command: [3afba8a62efb36a90338ae441f37e652, clickElement {id=abb94449-3cf1-47d3-aedc-15f628414768}]
Capabilities {acceptInsecureCerts: false, browserName: chrome, browserVersion: 112.0.5615.138, chrome: {chromedriverVersion: 112.0.5615.49 (bd2a7bcb881c..., userDataDir: C:\Users\honor\AppData\Loca...}, goog:chromeOptions: {debuggerAddress: localhost:59247}, networkConnectionEnabled: false, pageLoadStrategy: normal, platformName: WINDOWS, proxy: Proxy(), se:cdp: ws://localhost:59247/devtoo..., se:cdpVersion: 112.0.5615.138, setWindowRect: true, strictFileInteractability: false, timeouts: {implicit: 0, pageLoad: 300000, script: 30000}, unhandledPromptBehavior: dismiss and notify, webauthn:extension:credBlob: true, webauthn:extension:largeBlob: true, webauthn:extension:minPinLength: true, webauthn:extension:prf: true, webauthn:virtualAuthenticators: true}
Element: [[ChromeDriver: chrome on WINDOWS (3afba8a62efb36a90338ae441f37e652)] -> css selector: a.logo]
Session ID: 3afba8a62efb36a90338ae441f37e652
17:19:04.468  INFO  manager.ListenerWD - ********************
17:19:04.468  INFO  manager.ListenerWD - Screen with error is--->src/test/screenshots/screen-249.png
