12:31:57.915  INFO  manager.ApplicationManager - All tests run in Chrome Browser
12:32:00.743  INFO  manager.ApplicationManager - The link --->https://ilcarro.web.app/search
12:32:00.814  INFO  tests.TestBase - Name of method ---> loginSuccess1
12:32:00.820  INFO  manager.ListenerWD - Before Find Element---> By.xpath: //a[text()=' Logout ']
12:32:05.901  INFO  manager.ListenerWD - After Find Element---> By.xpath: //a[text()=' Logout ']
12:32:05.905  INFO  manager.ListenerWD - List of elements is ---> 0
12:32:06.587  INFO  manager.HelperBase - Refresh
12:32:06.592  INFO  tests.TestBase - Test data from object ---> email: 'ssa@gmail.com' & password: 'Ssa12345$'
12:32:06.596  INFO  manager.ListenerWD - Before Find Element---> By.xpath: //*[text()=' Log in ']
12:32:06.656  INFO  manager.ListenerWD - After Find Element---> By.xpath: //*[text()=' Log in ']
12:32:06.684  INFO  manager.ListenerWD - Location of element ---> (1287, 24)
12:32:06.845  INFO  manager.ListenerWD - Before Find Element---> By.cssSelector: #email
12:32:06.901  INFO  manager.ListenerWD - After Find Element---> By.cssSelector: #email
12:32:06.923  INFO  manager.ListenerWD - Location of element ---> (1070, 258)
12:32:07.207  INFO  manager.ListenerWD - Before Find Element---> By.id: passwor
12:32:12.417  INFO  manager.ListenerWD - Huston we have a problem
12:32:12.420  INFO  manager.ListenerWD - Object target ---> ChromeDriver: chrome on WINDOWS (04ea25fdd645fe9a5776edfafd463f4e)
12:32:12.421  INFO  manager.ListenerWD - ********************
12:32:12.422  INFO  manager.ListenerWD - Method name--->findElement
12:32:12.423  INFO  manager.ListenerWD - ********************
12:32:12.423  INFO  manager.ListenerWD - ********************
12:32:12.423  INFO  manager.ListenerWD - ********************
12:32:12.424  INFO  manager.ListenerWD - ********************
12:32:12.429  INFO  manager.ListenerWD - InvocationTargetException3org.openqa.selenium.NoSuchElementException: no such element: Unable to locate element: {"method":"css selector","selector":"#passwor"}
  (Session info: chrome=112.0.5615.137)
For documentation on this error, please visit: https://selenium.dev/exceptions/#no_such_element
Build info: version: '4.7.0', revision: '0a5b49d16f'
System info: os.name: 'Windows 10', os.arch: 'amd64', os.version: '10.0', java.version: '11.0.18'
Driver info: org.openqa.selenium.chrome.ChromeDriver
Command: [04ea25fdd645fe9a5776edfafd463f4e, findElement {using=id, value=passwor}]
Capabilities {acceptInsecureCerts: false, browserName: chrome, browserVersion: 112.0.5615.137, chrome: {chromedriverVersion: 112.0.5615.49 (bd2a7bcb881c..., userDataDir: C:\Users\honor\AppData\Loca...}, goog:chromeOptions: {debuggerAddress: localhost:50441}, networkConnectionEnabled: false, pageLoadStrategy: normal, platformName: WINDOWS, proxy: Proxy(), se:cdp: ws://localhost:50441/devtoo..., se:cdpVersion: 112.0.5615.137, setWindowRect: true, strictFileInteractability: false, timeouts: {implicit: 0, pageLoad: 300000, script: 30000}, unhandledPromptBehavior: dismiss and notify, webauthn:extension:credBlob: true, webauthn:extension:largeBlob: true, webauthn:extension:minPinLength: true, webauthn:extension:prf: true, webauthn:virtualAuthenticators: true}
Session ID: 04ea25fdd645fe9a5776edfafd463f4e
12:32:12.434  INFO  manager.ListenerWD - ********************
12:32:12.456  INFO  manager.ListenerWD - Screen with error is--->src/test/screenshots/screen-95.png
12:32:13.707  INFO  manager.ListenerWD - Before Find Element---> By.cssSelector: .dialog-container
12:32:18.727  INFO  manager.ListenerWD - After Find Element---> By.cssSelector: .dialog-container
12:32:18.728  INFO  manager.ListenerWD - List of elements is ---> 0
