14:18:32.963  INFO  manager.ApplicationManager - All tests run in Chrome Browser
14:18:35.768  INFO  manager.ApplicationManager - The link --->https://ilcarro.web.app/search
14:18:35.841  INFO  tests.TestBase - Name of method ---> negativeSearch
14:18:35.848  INFO  manager.ListenerWD - Before Find Element---> By.cssSelector: a.logo
14:18:35.925  INFO  manager.ListenerWD - After Find Element---> By.cssSelector: a.logo
14:18:35.955  INFO  manager.ListenerWD - Location of element ---> (153, 16)
14:18:36.420  INFO  manager.ListenerWD - Before Find Element---> By.id: city
14:18:36.475  INFO  manager.ListenerWD - After Find Element---> By.id: city
14:18:36.498  INFO  manager.ListenerWD - Location of element ---> (153, 234)
14:18:36.852  INFO  manager.ListenerWD - Before Find Element---> By.cssSelector: .pac-item
14:18:37.174  INFO  manager.ListenerWD - After Find Element---> By.cssSelector: .pac-item
14:18:37.196  INFO  manager.ListenerWD - Location of element ---> (154, 279)
14:18:37.277  INFO  manager.ListenerWD - Before Find Element---> By.id: dates
14:18:37.334  INFO  manager.ListenerWD - After Find Element---> By.id: dates
14:18:37.354  INFO  manager.ListenerWD - Location of element ---> (153, 327)
14:18:37.493  INFO  manager.ListenerWD - Before Find Element---> By.id: dates
14:18:37.535  INFO  manager.ListenerWD - After Find Element---> By.id: dates
14:18:37.552  INFO  manager.ListenerWD - Location of element ---> (153, 308)
14:18:37.665  INFO  manager.ListenerWD - Before Find Element---> By.id: city
14:18:37.704  INFO  manager.ListenerWD - After Find Element---> By.id: city
14:18:37.723  INFO  manager.ListenerWD - Location of element ---> (153, 234)
14:18:37.835  INFO  manager.ListenerWD - Before Find Element---> By.xpath: //button[@type='submit']
14:18:37.886  INFO  manager.ListenerWD - After Find Element---> By.xpath: //button[@type='submit']
14:18:37.903  INFO  manager.ListenerWD - Location of element ---> (153, 385)
14:18:37.960  INFO  manager.ListenerWD - Before Find Element---> By.cssSelector: .error
14:18:37.999  INFO  manager.ListenerWD - After Find Element---> By.cssSelector: .error
14:18:38.019  INFO  manager.ListenerWD - Location of element ---> (153, 352)
14:18:38.063  INFO  tests.TestBase - Name of method ---> negativeSearchMy
14:18:38.065  INFO  manager.ListenerWD - Before Find Element---> By.cssSelector: a.logo
14:18:38.100  INFO  manager.ListenerWD - After Find Element---> By.cssSelector: a.logo
14:18:38.118  INFO  manager.ListenerWD - Location of element ---> (153, 16)
14:18:38.628  INFO  manager.ListenerWD - Before Find Element---> By.id: city
14:18:38.672  INFO  manager.ListenerWD - After Find Element---> By.id: city
14:18:38.700  INFO  manager.ListenerWD - Location of element ---> (153, 234)
14:18:39.012  INFO  manager.ListenerWD - Before Find Element---> By.cssSelector: .pac-item
14:18:39.316  INFO  manager.ListenerWD - After Find Element---> By.cssSelector: .pac-item
14:18:39.336  INFO  manager.ListenerWD - Location of element ---> (154, 279)
14:18:39.405  INFO  manager.ListenerWD - Before Find Element---> By.id: dates
14:18:39.440  INFO  manager.ListenerWD - After Find Element---> By.id: dates
14:18:39.461  INFO  manager.ListenerWD - Location of element ---> (153, 327)
14:18:39.602  INFO  manager.ListenerWD - Before Find Element---> By.id: dates
14:18:39.642  INFO  manager.ListenerWD - After Find Element---> By.id: dates
14:18:39.664  INFO  manager.ListenerWD - Location of element ---> (153, 308)
14:18:39.783  INFO  manager.ListenerWD - Before Find Element---> By.id: city
14:18:39.818  INFO  manager.ListenerWD - After Find Element---> By.id: city
14:18:39.833  INFO  manager.ListenerWD - Location of element ---> (153, 234)
14:18:39.889  INFO  manager.ListenerWD - Before Find Element---> By.xpath: //button[@type='submit']
14:18:39.927  INFO  manager.ListenerWD - After Find Element---> By.xpath: //button[@type='submit']
14:18:39.948  INFO  manager.ListenerWD - Location of element ---> (153, 385)
14:18:40.010  INFO  manager.ListenerWD - Before Find Element---> By.xpath: //button[@disabled]
14:18:40.069  INFO  manager.ListenerWD - After Find Element---> By.xpath: //button[@disabled]
14:18:40.076  INFO  manager.ListenerWD - List of elements is ---> 1
14:18:40.078  INFO  manager.ListenerWD - Before Find Element---> By.cssSelector: button[type = 'submit']
14:18:40.113  INFO  manager.ListenerWD - After Find Element---> By.cssSelector: button[type = 'submit']
14:18:40.130  INFO  manager.ListenerWD - Location of element ---> (153, 385)
14:18:40.151  INFO  manager.ListenerWD - Before Find Element---> By.className: error
14:18:40.189  INFO  manager.ListenerWD - After Find Element---> By.className: error
14:18:40.190  INFO  manager.ListenerWD - List of elements is ---> 1
14:18:40.193  INFO  tests.TestBase - Name of method ---> searchAnyPeriodSuccess
14:18:40.195  INFO  manager.ListenerWD - Before Find Element---> By.cssSelector: a.logo
14:18:40.238  INFO  manager.ListenerWD - After Find Element---> By.cssSelector: a.logo
14:18:40.264  INFO  manager.ListenerWD - Location of element ---> (153, 16)
14:18:40.665  INFO  manager.ListenerWD - Before Find Element---> By.id: city
14:18:40.706  INFO  manager.ListenerWD - After Find Element---> By.id: city
14:18:40.728  INFO  manager.ListenerWD - Location of element ---> (153, 234)
14:18:40.996  INFO  manager.ListenerWD - Before Find Element---> By.cssSelector: .pac-item
14:18:41.351  INFO  manager.ListenerWD - After Find Element---> By.cssSelector: .pac-item
14:18:41.370  INFO  manager.ListenerWD - Location of element ---> (154, 279)
14:18:41.449  INFO  manager.ListenerWD - Before Find Element---> By.id: dates
14:18:41.480  INFO  manager.ListenerWD - After Find Element---> By.id: dates
14:18:41.499  INFO  manager.ListenerWD - Location of element ---> (153, 327)
14:18:41.630  INFO  manager.ListenerWD - Before Find Element---> By.id: dates
14:18:41.661  INFO  manager.ListenerWD - After Find Element---> By.id: dates
14:18:41.677  INFO  manager.ListenerWD - Location of element ---> (153, 308)
14:18:41.873  INFO  manager.ListenerWD - Before Find Element---> By.cssSelector: [aria-label='Next month']
14:18:41.914  INFO  manager.ListenerWD - After Find Element---> By.cssSelector: [aria-label='Next month']
14:18:41.948  INFO  manager.ListenerWD - Location of element ---> (404, 367)
14:18:42.092  INFO  manager.ListenerWD - Before Find Element---> By.cssSelector: [aria-label='Next month']
14:18:42.128  INFO  manager.ListenerWD - After Find Element---> By.cssSelector: [aria-label='Next month']
14:18:42.145  INFO  manager.ListenerWD - Location of element ---> (404, 368)
14:18:42.234  INFO  manager.ListenerWD - Before Find Element---> By.cssSelector: [aria-label='Next month']
14:18:42.269  INFO  manager.ListenerWD - After Find Element---> By.cssSelector: [aria-label='Next month']
14:18:42.284  INFO  manager.ListenerWD - Location of element ---> (404, 368)
14:18:42.362  INFO  manager.ListenerWD - Before Find Element---> By.cssSelector: [aria-label='Next month']
14:18:42.390  INFO  manager.ListenerWD - After Find Element---> By.cssSelector: [aria-label='Next month']
14:18:42.403  INFO  manager.ListenerWD - Location of element ---> (404, 368)
14:18:42.485  INFO  manager.ListenerWD - Before Find Element---> By.cssSelector: [aria-label='Next month']
14:18:42.512  INFO  manager.ListenerWD - After Find Element---> By.cssSelector: [aria-label='Next month']
14:18:42.528  INFO  manager.ListenerWD - Location of element ---> (404, 368)
14:18:42.644  INFO  manager.ListenerWD - Before Find Element---> By.cssSelector: [aria-label='Next month']
14:18:42.687  INFO  manager.ListenerWD - After Find Element---> By.cssSelector: [aria-label='Next month']
14:18:42.700  INFO  manager.ListenerWD - Location of element ---> (404, 368)
14:18:42.774  INFO  manager.ListenerWD - Before Find Element---> By.xpath: //div[text()=' 27 ']
14:18:42.809  INFO  manager.ListenerWD - After Find Element---> By.xpath: //div[text()=' 27 ']
14:18:42.830  INFO  manager.ListenerWD - Location of element ---> (363, 612)
14:18:42.944  INFO  manager.ListenerWD - Before Find Element---> By.cssSelector: [aria-label='Next month']
14:18:42.972  INFO  manager.ListenerWD - After Find Element---> By.cssSelector: [aria-label='Next month']
14:18:42.999  INFO  manager.ListenerWD - Location of element ---> (404, 368)
14:18:43.098  INFO  manager.ListenerWD - Before Find Element---> By.cssSelector: [aria-label='Next month']
14:18:43.130  INFO  manager.ListenerWD - After Find Element---> By.cssSelector: [aria-label='Next month']
14:18:43.148  INFO  manager.ListenerWD - Location of element ---> (404, 368)
14:18:43.243  INFO  manager.ListenerWD - Before Find Element---> By.cssSelector: [aria-label='Next month']
14:18:43.270  INFO  manager.ListenerWD - After Find Element---> By.cssSelector: [aria-label='Next month']
14:18:43.285  INFO  manager.ListenerWD - Location of element ---> (404, 368)
14:18:43.381  INFO  manager.ListenerWD - Before Find Element---> By.cssSelector: [aria-label='Next month']
14:18:43.407  INFO  manager.ListenerWD - After Find Element---> By.cssSelector: [aria-label='Next month']
14:18:43.424  INFO  manager.ListenerWD - Location of element ---> (404, 368)
14:18:43.522  INFO  manager.ListenerWD - Before Find Element---> By.cssSelector: [aria-label='Next month']
14:18:43.550  INFO  manager.ListenerWD - After Find Element---> By.cssSelector: [aria-label='Next month']
14:18:43.563  INFO  manager.ListenerWD - Location of element ---> (404, 368)
14:18:43.647  INFO  manager.ListenerWD - Before Find Element---> By.cssSelector: [aria-label='Next month']
14:18:43.677  INFO  manager.ListenerWD - After Find Element---> By.cssSelector: [aria-label='Next month']
14:18:43.692  INFO  manager.ListenerWD - Location of element ---> (404, 368)
14:18:43.783  INFO  manager.ListenerWD - Before Find Element---> By.xpath: //div[text()=' 20 ']
14:18:43.821  INFO  manager.ListenerWD - After Find Element---> By.xpath: //div[text()=' 20 ']
14:18:43.844  INFO  manager.ListenerWD - Location of element ---> (403, 572)
14:18:43.963  INFO  manager.ListenerWD - Before Find Element---> By.xpath: //button[@type='submit']
14:18:43.992  INFO  manager.ListenerWD - After Find Element---> By.xpath: //button[@type='submit']
14:18:44.014  INFO  manager.ListenerWD - Location of element ---> (153, 366)
14:18:44.173  INFO  manager.ListenerWD - Before Find Element---> By.cssSelector: .car-container
14:18:50.806  INFO  manager.ListenerWD - After Find Element---> By.cssSelector: .car-container
14:18:50.807  INFO  manager.ListenerWD - List of elements is ---> 491
14:18:50.810  INFO  tests.TestBase - Name of method ---> searchCurrentMonthSuccess
14:18:50.811  INFO  manager.ListenerWD - Before Find Element---> By.cssSelector: a.logo
14:18:50.837  INFO  manager.ListenerWD - After Find Element---> By.cssSelector: a.logo
14:18:50.855  INFO  manager.ListenerWD - Location of element ---> (153, 16)
14:18:51.396  INFO  manager.ListenerWD - Before Find Element---> By.id: city
14:18:51.425  INFO  manager.ListenerWD - After Find Element---> By.id: city
14:18:51.443  INFO  manager.ListenerWD - Location of element ---> (153, 234)
14:18:51.749  INFO  manager.ListenerWD - Before Find Element---> By.cssSelector: .pac-item
14:18:51.849  INFO  manager.ListenerWD - After Find Element---> By.cssSelector: .pac-item
14:18:51.884  INFO  manager.ListenerWD - Huston we have a problem
14:18:51.885  INFO  manager.ListenerWD - Object target ---> [[ChromeDriver: chrome on WINDOWS (e2d2661bb216e53a858c726ca0bcb808)] -> css selector: .pac-item]
14:18:51.886  INFO  manager.ListenerWD - ********************
14:18:51.886  INFO  manager.ListenerWD - Method name--->getLocation
14:18:51.887  INFO  manager.ListenerWD - ********************
14:18:51.887  INFO  manager.ListenerWD - ********************
14:18:51.887  INFO  manager.ListenerWD - ********************
14:18:51.887  INFO  manager.ListenerWD - ********************
14:18:51.892  INFO  manager.ListenerWD - InvocationTargetException3org.openqa.selenium.StaleElementReferenceException: stale element reference: element is not attached to the page document
  (Session info: chrome=112.0.5615.138)
For documentation on this error, please visit: https://selenium.dev/exceptions/#stale_element_reference
Build info: version: '4.7.0', revision: '0a5b49d16f'
System info: os.name: 'Windows 10', os.arch: 'amd64', os.version: '10.0', java.version: '11.0.18'
Driver info: org.openqa.selenium.chrome.ChromeDriver
Command: [e2d2661bb216e53a858c726ca0bcb808, getElementRect {id=6812c55c-6e65-4af6-b488-5fdd2cdae6b0}]
Capabilities {acceptInsecureCerts: false, browserName: chrome, browserVersion: 112.0.5615.138, chrome: {chromedriverVersion: 112.0.5615.49 (bd2a7bcb881c..., userDataDir: C:\Users\honor\AppData\Loca...}, goog:chromeOptions: {debuggerAddress: localhost:53498}, networkConnectionEnabled: false, pageLoadStrategy: normal, platformName: WINDOWS, proxy: Proxy(), se:cdp: ws://localhost:53498/devtoo..., se:cdpVersion: 112.0.5615.138, setWindowRect: true, strictFileInteractability: false, timeouts: {implicit: 0, pageLoad: 300000, script: 30000}, unhandledPromptBehavior: dismiss and notify, webauthn:extension:credBlob: true, webauthn:extension:largeBlob: true, webauthn:extension:minPinLength: true, webauthn:extension:prf: true, webauthn:virtualAuthenticators: true}
Element: [[ChromeDriver: chrome on WINDOWS (e2d2661bb216e53a858c726ca0bcb808)] -> css selector: .pac-item]
Session ID: e2d2661bb216e53a858c726ca0bcb808
14:18:51.893  INFO  manager.ListenerWD - ********************
14:18:51.904  INFO  manager.ListenerWD - Screen with error is--->src/test/screenshots/screen-378.png
14:18:51.942  INFO  manager.ListenerWD - Huston we have a problem
14:18:51.943  INFO  manager.ListenerWD - Object target ---> [[ChromeDriver: chrome on WINDOWS (e2d2661bb216e53a858c726ca0bcb808)] -> css selector: .pac-item]
14:18:51.943  INFO  manager.ListenerWD - ********************
14:18:51.944  INFO  manager.ListenerWD - Method name--->click
14:18:51.944  INFO  manager.ListenerWD - ********************
14:18:51.944  INFO  manager.ListenerWD - ********************
14:18:51.944  INFO  manager.ListenerWD - ********************
14:18:51.944  INFO  manager.ListenerWD - ********************
14:18:51.945  INFO  manager.ListenerWD - InvocationTargetException3org.openqa.selenium.StaleElementReferenceException: stale element reference: element is not attached to the page document
  (Session info: chrome=112.0.5615.138)
For documentation on this error, please visit: https://selenium.dev/exceptions/#stale_element_reference
Build info: version: '4.7.0', revision: '0a5b49d16f'
System info: os.name: 'Windows 10', os.arch: 'amd64', os.version: '10.0', java.version: '11.0.18'
Driver info: org.openqa.selenium.chrome.ChromeDriver
Command: [e2d2661bb216e53a858c726ca0bcb808, clickElement {id=6812c55c-6e65-4af6-b488-5fdd2cdae6b0}]
Capabilities {acceptInsecureCerts: false, browserName: chrome, browserVersion: 112.0.5615.138, chrome: {chromedriverVersion: 112.0.5615.49 (bd2a7bcb881c..., userDataDir: C:\Users\honor\AppData\Loca...}, goog:chromeOptions: {debuggerAddress: localhost:53498}, networkConnectionEnabled: false, pageLoadStrategy: normal, platformName: WINDOWS, proxy: Proxy(), se:cdp: ws://localhost:53498/devtoo..., se:cdpVersion: 112.0.5615.138, setWindowRect: true, strictFileInteractability: false, timeouts: {implicit: 0, pageLoad: 300000, script: 30000}, unhandledPromptBehavior: dismiss and notify, webauthn:extension:credBlob: true, webauthn:extension:largeBlob: true, webauthn:extension:minPinLength: true, webauthn:extension:prf: true, webauthn:virtualAuthenticators: true}
Element: [[ChromeDriver: chrome on WINDOWS (e2d2661bb216e53a858c726ca0bcb808)] -> css selector: .pac-item]
Session ID: e2d2661bb216e53a858c726ca0bcb808
14:18:51.945  INFO  manager.ListenerWD - ********************
14:18:51.946  INFO  manager.ListenerWD - Screen with error is--->src/test/screenshots/screen-652.png
14:18:51.954  INFO  tests.TestBase - Name of method ---> searchCurrentYearSuccess
14:18:51.956  INFO  manager.ListenerWD - Before Find Element---> By.cssSelector: a.logo
14:18:51.987  INFO  manager.ListenerWD - After Find Element---> By.cssSelector: a.logo
14:18:52.016  INFO  manager.ListenerWD - Location of element ---> (153, 16)
14:18:52.478  INFO  manager.ListenerWD - Before Find Element---> By.id: city
14:18:52.518  INFO  manager.ListenerWD - After Find Element---> By.id: city
14:18:52.540  INFO  manager.ListenerWD - Location of element ---> (153, 234)
14:18:52.861  INFO  manager.ListenerWD - Before Find Element---> By.cssSelector: .pac-item
14:18:52.957  INFO  manager.ListenerWD - After Find Element---> By.cssSelector: .pac-item
14:18:52.976  INFO  manager.ListenerWD - Huston we have a problem
14:18:52.976  INFO  manager.ListenerWD - Object target ---> [[ChromeDriver: chrome on WINDOWS (e2d2661bb216e53a858c726ca0bcb808)] -> css selector: .pac-item]
14:18:52.976  INFO  manager.ListenerWD - ********************
14:18:52.977  INFO  manager.ListenerWD - Method name--->getLocation
14:18:52.977  INFO  manager.ListenerWD - ********************
14:18:52.977  INFO  manager.ListenerWD - ********************
14:18:52.977  INFO  manager.ListenerWD - ********************
14:18:52.977  INFO  manager.ListenerWD - ********************
14:18:52.978  INFO  manager.ListenerWD - InvocationTargetException3org.openqa.selenium.StaleElementReferenceException: stale element reference: element is not attached to the page document
  (Session info: chrome=112.0.5615.138)
For documentation on this error, please visit: https://selenium.dev/exceptions/#stale_element_reference
Build info: version: '4.7.0', revision: '0a5b49d16f'
System info: os.name: 'Windows 10', os.arch: 'amd64', os.version: '10.0', java.version: '11.0.18'
Driver info: org.openqa.selenium.chrome.ChromeDriver
Command: [e2d2661bb216e53a858c726ca0bcb808, getElementRect {id=667b1033-2dc2-4e88-b6a5-9503f2927648}]
Capabilities {acceptInsecureCerts: false, browserName: chrome, browserVersion: 112.0.5615.138, chrome: {chromedriverVersion: 112.0.5615.49 (bd2a7bcb881c..., userDataDir: C:\Users\honor\AppData\Loca...}, goog:chromeOptions: {debuggerAddress: localhost:53498}, networkConnectionEnabled: false, pageLoadStrategy: normal, platformName: WINDOWS, proxy: Proxy(), se:cdp: ws://localhost:53498/devtoo..., se:cdpVersion: 112.0.5615.138, setWindowRect: true, strictFileInteractability: false, timeouts: {implicit: 0, pageLoad: 300000, script: 30000}, unhandledPromptBehavior: dismiss and notify, webauthn:extension:credBlob: true, webauthn:extension:largeBlob: true, webauthn:extension:minPinLength: true, webauthn:extension:prf: true, webauthn:virtualAuthenticators: true}
Element: [[ChromeDriver: chrome on WINDOWS (e2d2661bb216e53a858c726ca0bcb808)] -> css selector: .pac-item]
Session ID: e2d2661bb216e53a858c726ca0bcb808
14:18:52.978  INFO  manager.ListenerWD - ********************
14:18:52.978  INFO  manager.ListenerWD - Screen with error is--->src/test/screenshots/screen-169.png
14:18:53.019  INFO  manager.ListenerWD - Huston we have a problem
14:18:53.019  INFO  manager.ListenerWD - Object target ---> [[ChromeDriver: chrome on WINDOWS (e2d2661bb216e53a858c726ca0bcb808)] -> css selector: .pac-item]
14:18:53.020  INFO  manager.ListenerWD - ********************
14:18:53.020  INFO  manager.ListenerWD - Method name--->click
14:18:53.020  INFO  manager.ListenerWD - ********************
14:18:53.020  INFO  manager.ListenerWD - ********************
14:18:53.020  INFO  manager.ListenerWD - ********************
14:18:53.020  INFO  manager.ListenerWD - ********************
14:18:53.021  INFO  manager.ListenerWD - InvocationTargetException3org.openqa.selenium.StaleElementReferenceException: stale element reference: element is not attached to the page document
  (Session info: chrome=112.0.5615.138)
For documentation on this error, please visit: https://selenium.dev/exceptions/#stale_element_reference
Build info: version: '4.7.0', revision: '0a5b49d16f'
System info: os.name: 'Windows 10', os.arch: 'amd64', os.version: '10.0', java.version: '11.0.18'
Driver info: org.openqa.selenium.chrome.ChromeDriver
Command: [e2d2661bb216e53a858c726ca0bcb808, clickElement {id=667b1033-2dc2-4e88-b6a5-9503f2927648}]
Capabilities {acceptInsecureCerts: false, browserName: chrome, browserVersion: 112.0.5615.138, chrome: {chromedriverVersion: 112.0.5615.49 (bd2a7bcb881c..., userDataDir: C:\Users\honor\AppData\Loca...}, goog:chromeOptions: {debuggerAddress: localhost:53498}, networkConnectionEnabled: false, pageLoadStrategy: normal, platformName: WINDOWS, proxy: Proxy(), se:cdp: ws://localhost:53498/devtoo..., se:cdpVersion: 112.0.5615.138, setWindowRect: true, strictFileInteractability: false, timeouts: {implicit: 0, pageLoad: 300000, script: 30000}, unhandledPromptBehavior: dismiss and notify, webauthn:extension:credBlob: true, webauthn:extension:largeBlob: true, webauthn:extension:minPinLength: true, webauthn:extension:prf: true, webauthn:virtualAuthenticators: true}
Element: [[ChromeDriver: chrome on WINDOWS (e2d2661bb216e53a858c726ca0bcb808)] -> css selector: .pac-item]
Session ID: e2d2661bb216e53a858c726ca0bcb808
14:18:53.022  INFO  manager.ListenerWD - ********************
14:18:53.022  INFO  manager.ListenerWD - Screen with error is--->src/test/screenshots/screen-52.png
