14:03:32.335  INFO  manager.ApplicationManager - All tests run in Chrome Browser
14:03:33.926  INFO  manager.ApplicationManager - The link --->https://ilcarro.web.app/search
14:03:33.991  INFO  tests.TestBase - Name of method ---> loginSuccess
14:03:39.690  INFO  tests.TestBase - Start test name 'loginSuccess'
14:03:39.691  INFO  tests.TestBase - Test data ---> email: 'ssa@gmail.com' & password: 'Ssa12345$'
14:03:42.675  INFO  tests.TestBase - Assert check is Element present with text 'Logged in success'
14:03:42.785  INFO  tests.TestBase - The popup is closed
14:03:42.791  INFO  tests.TestBase - Name of method ---> loginSuccess1
14:03:42.959  INFO  tests.TestBase - Before method finish logout
14:03:42.962  INFO  tests.TestBase - Test data from object ---> email: 'ssa@gmail.com' & password: 'Ssa12345$'
14:03:44.011  INFO  tests.TestBase - Assert check is Element present with text 'Logged in success'
14:03:44.093  INFO  tests.TestBase - The popup is closed
14:03:44.096  INFO  tests.TestBase - Name of method ---> loginSuccessModel
14:03:44.219  INFO  tests.TestBase - Before method finish logout
14:03:45.256  INFO  tests.TestBase - The popup is closed
14:03:45.258  INFO  tests.TestBase - Name of method ---> loginUnregisteredUser
14:03:45.384  INFO  tests.TestBase - Before method finish logout
14:03:45.386  INFO  tests.TestBase - Test data ---> email: 'abc@gmail.com' & password: 'Abc12345$'
14:03:46.567  INFO  tests.TestBase - Assert check is Error present with text '"Login or Password incorrect"'
14:03:46.648  INFO  tests.TestBase - The popup is closed
14:03:46.651  INFO  tests.TestBase - Name of method ---> loginWrongEmail
14:03:52.619  INFO  tests.TestBase - Test data ---> email: 'ssagmail.com' & password: 'Ssa12345$'
14:03:53.250  INFO  tests.TestBase - Assert check is Error present with text 'It'snot look like email'
14:03:53.302  INFO  tests.TestBase - Assert check is Element button not clickable
14:03:58.358  INFO  tests.TestBase - Name of method ---> loginWrongEmailEmpty
14:04:03.669  INFO  tests.TestBase - Test data ---> email: '' & password: 'Ssa12345$'
14:04:04.258  INFO  tests.TestBase - Assert check is Error present with text 'Email is required'
14:04:09.275  INFO  tests.TestBase - Name of method ---> loginWrongPassword
14:04:14.673  INFO  tests.TestBase - Test data ---> email: 'ssa@gmail.com' & password: 'Ssa'
14:04:15.717  INFO  tests.TestBase - Assert check is Error present with text '"Login or Password incorrect"'
14:04:15.800  INFO  tests.TestBase - The popup is closed
14:04:15.802  INFO  tests.TestBase - Name of method ---> loginWrongPasswordEmpty
14:04:21.130  INFO  tests.TestBase - Test data ---> email: 'ssa@gmail.com' & password: ''
14:04:21.752  INFO  tests.TestBase - Assert check is Element button not clickable
