18:44:06.936  INFO  manager.ApplicationManager - All tests run in Chrome Browser
18:44:09.492  INFO  manager.ApplicationManager - The link --->https://ilcarro.web.app/search
18:44:09.557  INFO  tests.TestBase - Name of method ---> searchAnyPeriodSuccess
18:44:09.560  INFO  manager.ListenerWD - Before Find Element---> By.cssSelector: a.logo
18:44:09.625  INFO  manager.ListenerWD - After Find Element---> By.cssSelector: a.logo
18:44:09.651  INFO  manager.ListenerWD - Location of element ---> (153, 16)
18:44:10.034  INFO  manager.ListenerWD - Before Find Element---> By.id: city
18:44:10.083  INFO  manager.ListenerWD - After Find Element---> By.id: city
18:44:10.102  INFO  manager.ListenerWD - Location of element ---> (153, 234)
18:44:10.380  INFO  manager.ListenerWD - Before Find Element---> By.cssSelector: .pac-item
18:44:10.696  INFO  manager.ListenerWD - After Find Element---> By.cssSelector: .pac-item
18:44:10.714  INFO  manager.ListenerWD - Location of element ---> (154, 279)
18:44:10.784  INFO  manager.ListenerWD - Before Find Element---> By.id: dates
18:44:10.830  INFO  manager.ListenerWD - After Find Element---> By.id: dates
18:44:10.852  INFO  manager.ListenerWD - Location of element ---> (153, 327)
18:44:11.054  INFO  manager.ListenerWD - Before Find Element---> By.cssSelector: [aria-label='Next month']
18:44:11.108  INFO  manager.ListenerWD - After Find Element---> By.cssSelector: [aria-label='Next month']
18:44:11.126  INFO  manager.ListenerWD - Location of element ---> (404, 33)
18:44:11.240  INFO  manager.ListenerWD - Before Find Element---> By.cssSelector: [aria-label='Next month']
18:44:11.281  INFO  manager.ListenerWD - After Find Element---> By.cssSelector: [aria-label='Next month']
18:44:11.293  INFO  manager.ListenerWD - Location of element ---> (404, 30)
18:44:11.387  INFO  manager.ListenerWD - Before Find Element---> By.cssSelector: [aria-label='Next month']
18:44:11.418  INFO  manager.ListenerWD - After Find Element---> By.cssSelector: [aria-label='Next month']
18:44:11.436  INFO  manager.ListenerWD - Location of element ---> (404, 30)
18:44:11.513  INFO  manager.ListenerWD - Before Find Element---> By.cssSelector: [aria-label='Next month']
18:44:11.544  INFO  manager.ListenerWD - After Find Element---> By.cssSelector: [aria-label='Next month']
18:44:11.560  INFO  manager.ListenerWD - Location of element ---> (404, 30)
18:44:11.646  INFO  manager.ListenerWD - Before Find Element---> By.cssSelector: [aria-label='Next month']
18:44:11.690  INFO  manager.ListenerWD - After Find Element---> By.cssSelector: [aria-label='Next month']
18:44:11.703  INFO  manager.ListenerWD - Location of element ---> (404, 30)
18:44:11.772  INFO  manager.ListenerWD - Before Find Element---> By.cssSelector: [aria-label='Next month']
18:44:11.802  INFO  manager.ListenerWD - After Find Element---> By.cssSelector: [aria-label='Next month']
18:44:11.817  INFO  manager.ListenerWD - Location of element ---> (404, 30)
18:44:11.897  INFO  manager.ListenerWD - Before Find Element---> By.xpath: //div[text()=' 27 ']
18:44:11.938  INFO  manager.ListenerWD - After Find Element---> By.xpath: //div[text()=' 27 ']
18:44:11.954  INFO  manager.ListenerWD - Location of element ---> (363, 274)
18:44:12.050  INFO  manager.ListenerWD - Before Find Element---> By.cssSelector: [aria-label='Next month']
18:44:12.078  INFO  manager.ListenerWD - After Find Element---> By.cssSelector: [aria-label='Next month']
18:44:12.092  INFO  manager.ListenerWD - Location of element ---> (404, 30)
18:44:12.171  INFO  manager.ListenerWD - Before Find Element---> By.cssSelector: [aria-label='Next month']
18:44:12.199  INFO  manager.ListenerWD - After Find Element---> By.cssSelector: [aria-label='Next month']
18:44:12.210  INFO  manager.ListenerWD - Location of element ---> (404, 30)
18:44:12.283  INFO  manager.ListenerWD - Before Find Element---> By.cssSelector: [aria-label='Next month']
18:44:12.309  INFO  manager.ListenerWD - After Find Element---> By.cssSelector: [aria-label='Next month']
18:44:12.322  INFO  manager.ListenerWD - Location of element ---> (404, 30)
18:44:12.408  INFO  manager.ListenerWD - Before Find Element---> By.cssSelector: [aria-label='Next month']
18:44:12.438  INFO  manager.ListenerWD - After Find Element---> By.cssSelector: [aria-label='Next month']
18:44:12.451  INFO  manager.ListenerWD - Location of element ---> (404, 30)
18:44:12.520  INFO  manager.ListenerWD - Before Find Element---> By.cssSelector: [aria-label='Next month']
18:44:12.546  INFO  manager.ListenerWD - After Find Element---> By.cssSelector: [aria-label='Next month']
18:44:12.559  INFO  manager.ListenerWD - Location of element ---> (404, 30)
18:44:12.633  INFO  manager.ListenerWD - Before Find Element---> By.cssSelector: [aria-label='Next month']
18:44:12.668  INFO  manager.ListenerWD - After Find Element---> By.cssSelector: [aria-label='Next month']
18:44:12.684  INFO  manager.ListenerWD - Location of element ---> (404, 30)
18:44:12.765  INFO  manager.ListenerWD - Before Find Element---> By.cssSelector: [aria-label='Next month']
18:44:12.793  INFO  manager.ListenerWD - After Find Element---> By.cssSelector: [aria-label='Next month']
18:44:12.807  INFO  manager.ListenerWD - Location of element ---> (404, 30)
18:44:12.851  INFO  manager.ListenerWD - Before Find Element---> By.cssSelector: [aria-label='Next month']
18:44:12.877  INFO  manager.ListenerWD - After Find Element---> By.cssSelector: [aria-label='Next month']
18:44:12.890  INFO  manager.ListenerWD - Location of element ---> (404, 30)
18:44:12.926  INFO  manager.ListenerWD - Before Find Element---> By.cssSelector: [aria-label='Next month']
18:44:12.954  INFO  manager.ListenerWD - After Find Element---> By.cssSelector: [aria-label='Next month']
18:44:12.969  INFO  manager.ListenerWD - Location of element ---> (404, 30)
18:44:13.009  INFO  manager.ListenerWD - Before Find Element---> By.cssSelector: [aria-label='Next month']
18:44:13.035  INFO  manager.ListenerWD - After Find Element---> By.cssSelector: [aria-label='Next month']
18:44:13.048  INFO  manager.ListenerWD - Location of element ---> (404, 30)
18:44:13.084  INFO  manager.ListenerWD - Before Find Element---> By.cssSelector: [aria-label='Next month']
18:44:13.107  INFO  manager.ListenerWD - After Find Element---> By.cssSelector: [aria-label='Next month']
18:44:13.122  INFO  manager.ListenerWD - Location of element ---> (404, 30)
18:44:13.157  INFO  manager.ListenerWD - Before Find Element---> By.xpath: //div[text()=' 28 ']
18:44:13.191  INFO  manager.ListenerWD - After Find Element---> By.xpath: //div[text()=' 28 ']
18:44:13.207  INFO  manager.ListenerWD - Location of element ---> (163, 314)
18:44:13.270  INFO  manager.ListenerWD - Before Find Element---> By.xpath: //button[@type='submit']
18:44:13.305  INFO  manager.ListenerWD - After Find Element---> By.xpath: //button[@type='submit']
18:44:13.323  INFO  manager.ListenerWD - Location of element ---> (153, 385)
18:44:14.458  INFO  manager.ListenerWD - Huston we have a problem
18:44:14.459  INFO  manager.ListenerWD - Object target ---> [[ChromeDriver: chrome on WINDOWS (b386bd71928b33e18ed17217a0e26c5d)] -> xpath: //button[@type='submit']]
18:44:14.459  INFO  manager.ListenerWD - ********************
18:44:14.460  INFO  manager.ListenerWD - Method name--->click
18:44:14.460  INFO  manager.ListenerWD - ********************
18:44:14.460  INFO  manager.ListenerWD - ********************
18:44:14.460  INFO  manager.ListenerWD - ********************
18:44:14.461  INFO  manager.ListenerWD - ********************
18:44:14.464  INFO  manager.ListenerWD - InvocationTargetException3org.openqa.selenium.ElementClickInterceptedException: element click intercepted: Element <button _ngcontent-dlo-c106="" type="submit" disabled="">...</button> is not clickable at point (220, 400). Other element would receive the click: <div class="cdk-overlay-backdrop mat-overlay-transparent-backdrop cdk-overlay-backdrop-showing"></div>
  (Session info: chrome=112.0.5615.138)
Build info: version: '4.7.0', revision: '0a5b49d16f'
System info: os.name: 'Windows 10', os.arch: 'amd64', os.version: '10.0', java.version: '11.0.18'
Driver info: org.openqa.selenium.chrome.ChromeDriver
Command: [b386bd71928b33e18ed17217a0e26c5d, clickElement {id=b4c12f4a-92dd-4871-ab7b-bb4ea69ecff2}]
Capabilities {acceptInsecureCerts: false, browserName: chrome, browserVersion: 112.0.5615.138, chrome: {chromedriverVersion: 112.0.5615.49 (bd2a7bcb881c..., userDataDir: C:\Users\honor\AppData\Loca...}, goog:chromeOptions: {debuggerAddress: localhost:50522}, networkConnectionEnabled: false, pageLoadStrategy: normal, platformName: WINDOWS, proxy: Proxy(), se:cdp: ws://localhost:50522/devtoo..., se:cdpVersion: 112.0.5615.138, setWindowRect: true, strictFileInteractability: false, timeouts: {implicit: 0, pageLoad: 300000, script: 30000}, unhandledPromptBehavior: dismiss and notify, webauthn:extension:credBlob: true, webauthn:extension:largeBlob: true, webauthn:extension:minPinLength: true, webauthn:extension:prf: true, webauthn:virtualAuthenticators: true}
Element: [[ChromeDriver: chrome on WINDOWS (b386bd71928b33e18ed17217a0e26c5d)] -> xpath: //button[@type='submit']]
Session ID: b386bd71928b33e18ed17217a0e26c5d
18:44:14.465  INFO  manager.ListenerWD - ********************
18:44:14.475  INFO  manager.ListenerWD - Screen with error is--->src/test/screenshots/screen-563.png
18:44:14.496  INFO  tests.TestBase - Name of method ---> searchCurrentMonthSuccess
18:44:14.497  INFO  manager.ListenerWD - Before Find Element---> By.cssSelector: a.logo
18:44:14.528  INFO  manager.ListenerWD - After Find Element---> By.cssSelector: a.logo
18:44:14.550  INFO  manager.ListenerWD - Location of element ---> (153, 16)
18:44:15.647  INFO  manager.ListenerWD - Huston we have a problem
18:44:15.647  INFO  manager.ListenerWD - Object target ---> [[ChromeDriver: chrome on WINDOWS (b386bd71928b33e18ed17217a0e26c5d)] -> css selector: a.logo]
18:44:15.647  INFO  manager.ListenerWD - ********************
18:44:15.647  INFO  manager.ListenerWD - Method name--->click
18:44:15.647  INFO  manager.ListenerWD - ********************
18:44:15.647  INFO  manager.ListenerWD - ********************
18:44:15.648  INFO  manager.ListenerWD - ********************
18:44:15.648  INFO  manager.ListenerWD - ********************
18:44:15.649  INFO  manager.ListenerWD - InvocationTargetException3org.openqa.selenium.ElementClickInterceptedException: element click intercepted: Element <a _ngcontent-dlo-c44="" href="/" class="logo">...</a> is not clickable at point (245, 34). Other element would receive the click: <button mat-button="" type="button" cdkarialive="polite" class="mat-focus-indicator mat-calendar-period-button mat-button mat-button-base" ng-reflect-politeness="polite" aria-label="Choose month and year">...</button>
  (Session info: chrome=112.0.5615.138)
Build info: version: '4.7.0', revision: '0a5b49d16f'
System info: os.name: 'Windows 10', os.arch: 'amd64', os.version: '10.0', java.version: '11.0.18'
Driver info: org.openqa.selenium.chrome.ChromeDriver
Command: [b386bd71928b33e18ed17217a0e26c5d, clickElement {id=1015256d-41e4-43be-8e24-ab2121eab504}]
Capabilities {acceptInsecureCerts: false, browserName: chrome, browserVersion: 112.0.5615.138, chrome: {chromedriverVersion: 112.0.5615.49 (bd2a7bcb881c..., userDataDir: C:\Users\honor\AppData\Loca...}, goog:chromeOptions: {debuggerAddress: localhost:50522}, networkConnectionEnabled: false, pageLoadStrategy: normal, platformName: WINDOWS, proxy: Proxy(), se:cdp: ws://localhost:50522/devtoo..., se:cdpVersion: 112.0.5615.138, setWindowRect: true, strictFileInteractability: false, timeouts: {implicit: 0, pageLoad: 300000, script: 30000}, unhandledPromptBehavior: dismiss and notify, webauthn:extension:credBlob: true, webauthn:extension:largeBlob: true, webauthn:extension:minPinLength: true, webauthn:extension:prf: true, webauthn:virtualAuthenticators: true}
Element: [[ChromeDriver: chrome on WINDOWS (b386bd71928b33e18ed17217a0e26c5d)] -> css selector: a.logo]
Session ID: b386bd71928b33e18ed17217a0e26c5d
18:44:15.650  INFO  manager.ListenerWD - ********************
18:44:15.650  INFO  manager.ListenerWD - Screen with error is--->src/test/screenshots/screen-341.png
