12:37:53.034  INFO  manager.ApplicationManager - All tests run in Chrome Browser
12:37:55.571  INFO  manager.ApplicationManager - The link --->https://ilcarro.web.app/search
12:37:55.654  INFO  tests.TestBase - Name of method ---> loginWrongEmailEmpty
12:37:55.658  INFO  manager.ListenerWD - Before Find Element---> By.xpath: //a[text()=' Logout ']
12:38:00.692  INFO  manager.ListenerWD - After Find Element---> By.xpath: //a[text()=' Logout ']
12:38:00.697  INFO  manager.ListenerWD - List of elements is ---> 0
12:38:02.188  INFO  manager.HelperBase - Refresh
12:38:02.229  INFO  tests.TestBase - Test data --->User{firstName='null', lastName='null', email='', password='Ssa12345$'}
12:38:02.231  INFO  manager.ListenerWD - Before Find Element---> By.xpath: //*[text()=' Log in ']
12:38:02.316  INFO  manager.ListenerWD - After Find Element---> By.xpath: //*[text()=' Log in ']
12:38:02.352  INFO  manager.ListenerWD - Location of element ---> (1287, 24)
12:38:02.516  INFO  manager.ListenerWD - Before Find Element---> By.cssSelector: #email
12:38:02.571  INFO  manager.ListenerWD - After Find Element---> By.cssSelector: #email
12:38:02.589  INFO  manager.ListenerWD - Location of element ---> (1070, 258)
12:38:02.809  INFO  manager.ListenerWD - Before Find Element---> By.id: password
12:38:02.859  INFO  manager.ListenerWD - After Find Element---> By.id: password
12:38:02.878  INFO  manager.ListenerWD - Location of element ---> (1070, 332)
12:38:03.085  INFO  manager.ListenerWD - Before Find Element---> By.xpath: //button[@type='submit']
12:38:03.135  INFO  manager.ListenerWD - After Find Element---> By.xpath: //button[@type='submit']
12:38:03.154  INFO  manager.ListenerWD - Location of element ---> (1070, 421)
12:38:03.212  INFO  manager.ListenerWD - Before Find Element---> By.cssSelector: .error
12:38:03.251  INFO  manager.ListenerWD - After Find Element---> By.cssSelector: .error
12:38:03.268  INFO  manager.ListenerWD - Location of element ---> (1070, 302)
12:38:03.304  INFO  tests.TestBase - Assert check is Error present with text 'Email is required'
12:38:03.309  INFO  manager.ListenerWD - Before Find Element---> By.cssSelector: .dialog-container
12:38:08.326  INFO  manager.ListenerWD - After Find Element---> By.cssSelector: .dialog-container
12:38:08.326  INFO  manager.ListenerWD - List of elements is ---> 0
