19:12:53.504  INFO  manager.ApplicationManager - All tests run in Chrome Browser
19:12:56.159  INFO  manager.ApplicationManager - The link --->https://ilcarro.web.app/search
19:12:56.235  INFO  tests.TestBase - Name of method ---> searchAnyPeriodSuccess
19:12:56.241  INFO  manager.ListenerWD - Before Find Element---> By.cssSelector: a.logo
19:12:56.305  INFO  manager.ListenerWD - After Find Element---> By.cssSelector: a.logo
19:12:56.328  INFO  manager.ListenerWD - Location of element ---> (153, 16)
19:12:56.701  INFO  manager.ListenerWD - Before Find Element---> By.id: city
19:12:56.751  INFO  manager.ListenerWD - After Find Element---> By.id: city
19:12:56.769  INFO  manager.ListenerWD - Location of element ---> (153, 234)
19:12:57.051  INFO  manager.ListenerWD - Before Find Element---> By.cssSelector: .pac-item
19:12:57.977  INFO  manager.ListenerWD - After Find Element---> By.cssSelector: .pac-item
19:12:57.994  INFO  manager.ListenerWD - Location of element ---> (154, 279)
19:12:58.060  INFO  manager.ListenerWD - Before Find Element---> By.id: dates
19:12:58.103  INFO  manager.ListenerWD - After Find Element---> By.id: dates
19:12:58.121  INFO  manager.ListenerWD - Location of element ---> (153, 327)
19:12:58.246  INFO  manager.ListenerWD - Before Find Element---> By.id: dates
19:12:58.286  INFO  manager.ListenerWD - After Find Element---> By.id: dates
19:12:58.301  INFO  manager.ListenerWD - Location of element ---> (153, 308)
19:12:58.490  INFO  manager.ListenerWD - Before Find Element---> By.cssSelector: [aria-label='Next month']
19:12:58.541  INFO  manager.ListenerWD - After Find Element---> By.cssSelector: [aria-label='Next month']
19:12:58.569  INFO  manager.ListenerWD - Location of element ---> (404, 367)
19:12:58.696  INFO  manager.ListenerWD - Before Find Element---> By.cssSelector: [aria-label='Next month']
19:12:58.739  INFO  manager.ListenerWD - After Find Element---> By.cssSelector: [aria-label='Next month']
19:12:58.757  INFO  manager.ListenerWD - Location of element ---> (404, 368)
19:12:58.841  INFO  manager.ListenerWD - Before Find Element---> By.cssSelector: [aria-label='Next month']
19:12:58.874  INFO  manager.ListenerWD - After Find Element---> By.cssSelector: [aria-label='Next month']
19:12:58.891  INFO  manager.ListenerWD - Location of element ---> (404, 368)
19:12:58.974  INFO  manager.ListenerWD - Before Find Element---> By.cssSelector: [aria-label='Next month']
19:12:59.007  INFO  manager.ListenerWD - After Find Element---> By.cssSelector: [aria-label='Next month']
19:12:59.022  INFO  manager.ListenerWD - Location of element ---> (404, 368)
19:12:59.107  INFO  manager.ListenerWD - Before Find Element---> By.cssSelector: [aria-label='Next month']
19:12:59.139  INFO  manager.ListenerWD - After Find Element---> By.cssSelector: [aria-label='Next month']
19:12:59.156  INFO  manager.ListenerWD - Location of element ---> (404, 368)
19:12:59.243  INFO  manager.ListenerWD - Before Find Element---> By.cssSelector: [aria-label='Next month']
19:12:59.274  INFO  manager.ListenerWD - After Find Element---> By.cssSelector: [aria-label='Next month']
19:12:59.288  INFO  manager.ListenerWD - Location of element ---> (404, 368)
19:12:59.373  INFO  manager.ListenerWD - Before Find Element---> By.xpath: //div[text()=' 27 ']
19:12:59.414  INFO  manager.ListenerWD - After Find Element---> By.xpath: //div[text()=' 27 ']
19:12:59.431  INFO  manager.ListenerWD - Location of element ---> (363, 612)
19:12:59.526  INFO  manager.ListenerWD - Before Find Element---> By.cssSelector: [aria-label='Next month']
19:12:59.557  INFO  manager.ListenerWD - After Find Element---> By.cssSelector: [aria-label='Next month']
19:12:59.573  INFO  manager.ListenerWD - Location of element ---> (404, 368)
19:12:59.660  INFO  manager.ListenerWD - Before Find Element---> By.cssSelector: [aria-label='Next month']
19:12:59.691  INFO  manager.ListenerWD - After Find Element---> By.cssSelector: [aria-label='Next month']
19:12:59.704  INFO  manager.ListenerWD - Location of element ---> (404, 368)
19:12:59.785  INFO  manager.ListenerWD - Before Find Element---> By.cssSelector: [aria-label='Next month']
19:12:59.814  INFO  manager.ListenerWD - After Find Element---> By.cssSelector: [aria-label='Next month']
19:12:59.828  INFO  manager.ListenerWD - Location of element ---> (404, 368)
19:12:59.912  INFO  manager.ListenerWD - Before Find Element---> By.cssSelector: [aria-label='Next month']
19:12:59.942  INFO  manager.ListenerWD - After Find Element---> By.cssSelector: [aria-label='Next month']
19:12:59.958  INFO  manager.ListenerWD - Location of element ---> (404, 368)
19:13:00.029  INFO  manager.ListenerWD - Before Find Element---> By.cssSelector: [aria-label='Next month']
19:13:00.056  INFO  manager.ListenerWD - After Find Element---> By.cssSelector: [aria-label='Next month']
19:13:00.072  INFO  manager.ListenerWD - Location of element ---> (404, 368)
19:13:00.152  INFO  manager.ListenerWD - Before Find Element---> By.cssSelector: [aria-label='Next month']
19:13:00.185  INFO  manager.ListenerWD - After Find Element---> By.cssSelector: [aria-label='Next month']
19:13:00.202  INFO  manager.ListenerWD - Location of element ---> (404, 368)
19:13:00.284  INFO  manager.ListenerWD - Before Find Element---> By.xpath: //div[text()=' 20 ']
19:13:00.322  INFO  manager.ListenerWD - After Find Element---> By.xpath: //div[text()=' 20 ']
19:13:00.341  INFO  manager.ListenerWD - Location of element ---> (403, 572)
19:13:00.455  INFO  manager.ListenerWD - Before Find Element---> By.xpath: //button[@type='submit']
19:13:00.493  INFO  manager.ListenerWD - After Find Element---> By.xpath: //button[@type='submit']
19:13:00.512  INFO  manager.ListenerWD - Location of element ---> (153, 366)
19:13:00.695  INFO  manager.ListenerWD - Before Find Element---> By.cssSelector: .car-container
19:13:06.680  INFO  manager.ListenerWD - After Find Element---> By.cssSelector: .car-container
19:13:06.686  INFO  manager.ListenerWD - List of elements is ---> 454
19:13:06.701  INFO  tests.TestBase - Name of method ---> searchCurrentMonthSuccess
19:13:06.703  INFO  manager.ListenerWD - Before Find Element---> By.cssSelector: a.logo
19:13:06.727  INFO  manager.ListenerWD - After Find Element---> By.cssSelector: a.logo
19:13:06.744  INFO  manager.ListenerWD - Location of element ---> (153, 16)
19:13:07.183  INFO  manager.ListenerWD - Before Find Element---> By.id: city
19:13:07.217  INFO  manager.ListenerWD - After Find Element---> By.id: city
19:13:07.234  INFO  manager.ListenerWD - Location of element ---> (153, 234)
19:13:07.549  INFO  manager.ListenerWD - Before Find Element---> By.cssSelector: .pac-item
19:13:07.696  INFO  manager.ListenerWD - After Find Element---> By.cssSelector: .pac-item
19:13:07.712  INFO  manager.ListenerWD - Location of element ---> (154, 279)
19:13:07.772  INFO  manager.ListenerWD - Before Find Element---> By.id: dates
19:13:07.794  INFO  manager.ListenerWD - After Find Element---> By.id: dates
19:13:07.809  INFO  manager.ListenerWD - Location of element ---> (153, 308)
19:13:07.926  INFO  manager.ListenerWD - Before Find Element---> By.id: dates
19:13:07.949  INFO  manager.ListenerWD - After Find Element---> By.id: dates
19:13:07.965  INFO  manager.ListenerWD - Location of element ---> (153, 308)
19:13:08.096  INFO  manager.ListenerWD - Before Find Element---> By.xpath: //div[text()=' 27 ']
19:13:08.122  INFO  manager.ListenerWD - After Find Element---> By.xpath: //div[text()=' 27 ']
19:13:08.143  INFO  manager.ListenerWD - Location of element ---> (323, 600)
19:13:08.267  INFO  manager.ListenerWD - Before Find Element---> By.xpath: //div[text()=' 30 ']
19:13:08.298  INFO  manager.ListenerWD - After Find Element---> By.xpath: //div[text()=' 30 ']
19:13:08.314  INFO  manager.ListenerWD - Location of element ---> (163, 652)
19:13:08.406  INFO  manager.ListenerWD - Before Find Element---> By.xpath: //button[@type='submit']
19:13:08.430  INFO  manager.ListenerWD - After Find Element---> By.xpath: //button[@type='submit']
19:13:08.449  INFO  manager.ListenerWD - Location of element ---> (153, 366)
19:13:08.579  INFO  manager.ListenerWD - Before Find Element---> By.cssSelector: .car-container
19:13:12.650  INFO  manager.ListenerWD - After Find Element---> By.cssSelector: .car-container
19:13:12.651  INFO  manager.ListenerWD - List of elements is ---> 454
19:13:12.652  INFO  tests.TestBase - Name of method ---> searchCurrentYearSuccess
19:13:12.654  INFO  manager.ListenerWD - Before Find Element---> By.cssSelector: a.logo
19:13:32.442  INFO  manager.ListenerWD - After Find Element---> By.cssSelector: a.logo
19:13:32.457  INFO  manager.ListenerWD - Location of element ---> (153, 16)
19:13:32.918  INFO  manager.ListenerWD - Before Find Element---> By.id: city
19:13:32.947  INFO  manager.ListenerWD - After Find Element---> By.id: city
19:13:32.962  INFO  manager.ListenerWD - Location of element ---> (153, 234)
19:13:33.296  INFO  manager.ListenerWD - Before Find Element---> By.cssSelector: .pac-item
19:13:33.438  INFO  manager.ListenerWD - After Find Element---> By.cssSelector: .pac-item
19:13:33.453  INFO  manager.ListenerWD - Location of element ---> (154, 279)
19:13:33.509  INFO  manager.ListenerWD - Before Find Element---> By.id: dates
19:13:33.529  INFO  manager.ListenerWD - After Find Element---> By.id: dates
19:13:33.543  INFO  manager.ListenerWD - Location of element ---> (153, 308)
19:13:33.653  INFO  manager.ListenerWD - Before Find Element---> By.id: dates
19:13:33.671  INFO  manager.ListenerWD - After Find Element---> By.id: dates
19:13:33.681  INFO  manager.ListenerWD - Location of element ---> (153, 308)
19:13:33.802  INFO  manager.ListenerWD - Before Find Element---> By.cssSelector: [aria-label='Next month']
19:13:33.825  INFO  manager.ListenerWD - After Find Element---> By.cssSelector: [aria-label='Next month']
19:13:33.844  INFO  manager.ListenerWD - Location of element ---> (404, 366)
19:13:33.946  INFO  manager.ListenerWD - Before Find Element---> By.cssSelector: [aria-label='Next month']
19:13:33.966  INFO  manager.ListenerWD - After Find Element---> By.cssSelector: [aria-label='Next month']
19:13:33.976  INFO  manager.ListenerWD - Location of element ---> (404, 368)
19:13:34.065  INFO  manager.ListenerWD - Before Find Element---> By.xpath: //div[text()=' 27 ']
19:13:34.086  INFO  manager.ListenerWD - After Find Element---> By.xpath: //div[text()=' 27 ']
19:13:34.103  INFO  manager.ListenerWD - Location of element ---> (243, 612)
19:13:34.217  INFO  manager.ListenerWD - Before Find Element---> By.cssSelector: [aria-label='Next month']
19:13:34.236  INFO  manager.ListenerWD - After Find Element---> By.cssSelector: [aria-label='Next month']
19:13:34.247  INFO  manager.ListenerWD - Location of element ---> (404, 368)
19:13:34.330  INFO  manager.ListenerWD - Before Find Element---> By.cssSelector: [aria-label='Next month']
19:13:34.350  INFO  manager.ListenerWD - After Find Element---> By.cssSelector: [aria-label='Next month']
19:13:34.361  INFO  manager.ListenerWD - Location of element ---> (404, 368)
19:13:34.439  INFO  manager.ListenerWD - Before Find Element---> By.cssSelector: [aria-label='Next month']
19:13:34.461  INFO  manager.ListenerWD - After Find Element---> By.cssSelector: [aria-label='Next month']
19:13:34.474  INFO  manager.ListenerWD - Location of element ---> (404, 368)
19:13:34.553  INFO  manager.ListenerWD - Before Find Element---> By.cssSelector: [aria-label='Next month']
19:13:34.573  INFO  manager.ListenerWD - After Find Element---> By.cssSelector: [aria-label='Next month']
19:13:34.583  INFO  manager.ListenerWD - Location of element ---> (404, 368)
19:13:34.665  INFO  manager.ListenerWD - Before Find Element---> By.xpath: //div[text()=' 28 ']
19:13:34.691  INFO  manager.ListenerWD - After Find Element---> By.xpath: //div[text()=' 28 ']
19:13:34.706  INFO  manager.ListenerWD - Location of element ---> (403, 612)
19:13:34.807  INFO  manager.ListenerWD - Before Find Element---> By.xpath: //button[@type='submit']
19:13:34.827  INFO  manager.ListenerWD - After Find Element---> By.xpath: //button[@type='submit']
19:13:34.843  INFO  manager.ListenerWD - Location of element ---> (153, 366)
19:13:34.972  INFO  manager.ListenerWD - Before Find Element---> By.cssSelector: .car-container
19:13:38.523  INFO  manager.ListenerWD - After Find Element---> By.cssSelector: .car-container
19:13:38.523  INFO  manager.ListenerWD - List of elements is ---> 454
