18:45:56.877  INFO  manager.ApplicationManager - All tests run in Chrome Browser
18:45:59.417  INFO  manager.ApplicationManager - The link --->https://ilcarro.web.app/search
18:45:59.480  INFO  tests.TestBase - Name of method ---> searchAnyPeriodSuccess
18:45:59.484  INFO  manager.ListenerWD - Before Find Element---> By.cssSelector: a.logo
18:45:59.544  INFO  manager.ListenerWD - After Find Element---> By.cssSelector: a.logo
18:45:59.569  INFO  manager.ListenerWD - Location of element ---> (153, 16)
18:46:00.145  INFO  manager.ListenerWD - Before Find Element---> By.id: city
18:46:00.192  INFO  manager.ListenerWD - After Find Element---> By.id: city
18:46:00.210  INFO  manager.ListenerWD - Location of element ---> (153, 234)
18:46:00.471  INFO  manager.ListenerWD - Before Find Element---> By.cssSelector: .pac-item
18:46:00.831  INFO  manager.ListenerWD - After Find Element---> By.cssSelector: .pac-item
18:46:00.848  INFO  manager.ListenerWD - Location of element ---> (154, 279)
18:46:00.916  INFO  manager.ListenerWD - Before Find Element---> By.id: dates
18:46:00.960  INFO  manager.ListenerWD - After Find Element---> By.id: dates
18:46:00.977  INFO  manager.ListenerWD - Location of element ---> (153, 327)
18:46:01.185  INFO  manager.ListenerWD - Before Find Element---> By.cssSelector: [aria-label='Next month']
18:46:01.232  INFO  manager.ListenerWD - After Find Element---> By.cssSelector: [aria-label='Next month']
18:46:01.256  INFO  manager.ListenerWD - Location of element ---> (404, 38)
18:46:01.393  INFO  manager.ListenerWD - Before Find Element---> By.cssSelector: [aria-label='Next month']
18:46:01.430  INFO  manager.ListenerWD - After Find Element---> By.cssSelector: [aria-label='Next month']
18:46:01.444  INFO  manager.ListenerWD - Location of element ---> (404, 30)
18:46:01.535  INFO  manager.ListenerWD - Before Find Element---> By.cssSelector: [aria-label='Next month']
18:46:01.568  INFO  manager.ListenerWD - After Find Element---> By.cssSelector: [aria-label='Next month']
18:46:01.581  INFO  manager.ListenerWD - Location of element ---> (404, 30)
18:46:01.655  INFO  manager.ListenerWD - Before Find Element---> By.cssSelector: [aria-label='Next month']
18:46:01.686  INFO  manager.ListenerWD - After Find Element---> By.cssSelector: [aria-label='Next month']
18:46:01.700  INFO  manager.ListenerWD - Location of element ---> (404, 30)
18:46:01.778  INFO  manager.ListenerWD - Before Find Element---> By.cssSelector: [aria-label='Next month']
18:46:01.826  INFO  manager.ListenerWD - After Find Element---> By.cssSelector: [aria-label='Next month']
18:46:01.841  INFO  manager.ListenerWD - Location of element ---> (404, 30)
18:46:01.918  INFO  manager.ListenerWD - Before Find Element---> By.cssSelector: [aria-label='Next month']
18:46:01.947  INFO  manager.ListenerWD - After Find Element---> By.cssSelector: [aria-label='Next month']
18:46:01.963  INFO  manager.ListenerWD - Location of element ---> (404, 30)
18:46:02.039  INFO  manager.ListenerWD - Before Find Element---> By.xpath: //div[text()=' 27 ']
18:46:02.083  INFO  manager.ListenerWD - After Find Element---> By.xpath: //div[text()=' 27 ']
18:46:02.100  INFO  manager.ListenerWD - Location of element ---> (363, 274)
18:46:02.189  INFO  manager.ListenerWD - Before Find Element---> By.cssSelector: [aria-label='Next month']
18:46:02.219  INFO  manager.ListenerWD - After Find Element---> By.cssSelector: [aria-label='Next month']
18:46:02.237  INFO  manager.ListenerWD - Location of element ---> (404, 30)
18:46:02.310  INFO  manager.ListenerWD - Before Find Element---> By.cssSelector: [aria-label='Next month']
18:46:02.338  INFO  manager.ListenerWD - After Find Element---> By.cssSelector: [aria-label='Next month']
18:46:02.354  INFO  manager.ListenerWD - Location of element ---> (404, 30)
18:46:02.439  INFO  manager.ListenerWD - Before Find Element---> By.cssSelector: [aria-label='Next month']
18:46:02.467  INFO  manager.ListenerWD - After Find Element---> By.cssSelector: [aria-label='Next month']
18:46:02.480  INFO  manager.ListenerWD - Location of element ---> (404, 30)
18:46:02.556  INFO  manager.ListenerWD - Before Find Element---> By.cssSelector: [aria-label='Next month']
18:46:02.583  INFO  manager.ListenerWD - After Find Element---> By.cssSelector: [aria-label='Next month']
18:46:02.599  INFO  manager.ListenerWD - Location of element ---> (404, 30)
18:46:02.671  INFO  manager.ListenerWD - Before Find Element---> By.cssSelector: [aria-label='Next month']
18:46:02.703  INFO  manager.ListenerWD - After Find Element---> By.cssSelector: [aria-label='Next month']
18:46:02.718  INFO  manager.ListenerWD - Location of element ---> (404, 30)
18:46:02.791  INFO  manager.ListenerWD - Before Find Element---> By.cssSelector: [aria-label='Next month']
18:46:02.818  INFO  manager.ListenerWD - After Find Element---> By.cssSelector: [aria-label='Next month']
18:46:02.832  INFO  manager.ListenerWD - Location of element ---> (404, 30)
18:46:02.908  INFO  manager.ListenerWD - Before Find Element---> By.cssSelector: [aria-label='Next month']
18:46:02.939  INFO  manager.ListenerWD - After Find Element---> By.cssSelector: [aria-label='Next month']
18:46:02.955  INFO  manager.ListenerWD - Location of element ---> (404, 30)
18:46:03.000  INFO  manager.ListenerWD - Before Find Element---> By.cssSelector: [aria-label='Next month']
18:46:03.027  INFO  manager.ListenerWD - After Find Element---> By.cssSelector: [aria-label='Next month']
18:46:03.041  INFO  manager.ListenerWD - Location of element ---> (404, 30)
18:46:03.082  INFO  manager.ListenerWD - Before Find Element---> By.cssSelector: [aria-label='Next month']
18:46:03.109  INFO  manager.ListenerWD - After Find Element---> By.cssSelector: [aria-label='Next month']
18:46:03.123  INFO  manager.ListenerWD - Location of element ---> (404, 30)
18:46:03.170  INFO  manager.ListenerWD - Before Find Element---> By.cssSelector: [aria-label='Next month']
18:46:03.204  INFO  manager.ListenerWD - After Find Element---> By.cssSelector: [aria-label='Next month']
18:46:03.222  INFO  manager.ListenerWD - Location of element ---> (404, 30)
18:46:03.268  INFO  manager.ListenerWD - Before Find Element---> By.cssSelector: [aria-label='Next month']
18:46:03.294  INFO  manager.ListenerWD - After Find Element---> By.cssSelector: [aria-label='Next month']
18:46:03.307  INFO  manager.ListenerWD - Location of element ---> (404, 30)
18:46:03.342  INFO  manager.ListenerWD - Before Find Element---> By.xpath: //div[text()=' 28 ']
18:46:03.374  INFO  manager.ListenerWD - After Find Element---> By.xpath: //div[text()=' 28 ']
18:46:03.391  INFO  manager.ListenerWD - Location of element ---> (163, 314)
18:46:03.450  INFO  manager.ListenerWD - Before Find Element---> By.xpath: //button[@type='submit']
18:46:03.485  INFO  manager.ListenerWD - After Find Element---> By.xpath: //button[@type='submit']
18:46:03.504  INFO  manager.ListenerWD - Location of element ---> (153, 385)
18:46:04.639  INFO  manager.ListenerWD - Huston we have a problem
18:46:04.640  INFO  manager.ListenerWD - Object target ---> [[ChromeDriver: chrome on WINDOWS (619cf3a9b8ebac70b6d06451dc6156da)] -> xpath: //button[@type='submit']]
18:46:04.640  INFO  manager.ListenerWD - ********************
18:46:04.641  INFO  manager.ListenerWD - Method name--->click
18:46:04.641  INFO  manager.ListenerWD - ********************
18:46:04.642  INFO  manager.ListenerWD - ********************
18:46:04.642  INFO  manager.ListenerWD - ********************
18:46:04.642  INFO  manager.ListenerWD - ********************
18:46:04.646  INFO  manager.ListenerWD - InvocationTargetException3org.openqa.selenium.ElementClickInterceptedException: element click intercepted: Element <button _ngcontent-tyf-c106="" type="submit" disabled="">...</button> is not clickable at point (220, 400). Other element would receive the click: <div class="cdk-overlay-backdrop mat-overlay-transparent-backdrop cdk-overlay-backdrop-showing"></div>
  (Session info: chrome=112.0.5615.138)
Build info: version: '4.7.0', revision: '0a5b49d16f'
System info: os.name: 'Windows 10', os.arch: 'amd64', os.version: '10.0', java.version: '11.0.18'
Driver info: org.openqa.selenium.chrome.ChromeDriver
Command: [619cf3a9b8ebac70b6d06451dc6156da, clickElement {id=e7a9dffb-47b5-4745-bc6c-8664c99e758f}]
Capabilities {acceptInsecureCerts: false, browserName: chrome, browserVersion: 112.0.5615.138, chrome: {chromedriverVersion: 112.0.5615.49 (bd2a7bcb881c..., userDataDir: C:\Users\honor\AppData\Loca...}, goog:chromeOptions: {debuggerAddress: localhost:50639}, networkConnectionEnabled: false, pageLoadStrategy: normal, platformName: WINDOWS, proxy: Proxy(), se:cdp: ws://localhost:50639/devtoo..., se:cdpVersion: 112.0.5615.138, setWindowRect: true, strictFileInteractability: false, timeouts: {implicit: 0, pageLoad: 300000, script: 30000}, unhandledPromptBehavior: dismiss and notify, webauthn:extension:credBlob: true, webauthn:extension:largeBlob: true, webauthn:extension:minPinLength: true, webauthn:extension:prf: true, webauthn:virtualAuthenticators: true}
Element: [[ChromeDriver: chrome on WINDOWS (619cf3a9b8ebac70b6d06451dc6156da)] -> xpath: //button[@type='submit']]
Session ID: 619cf3a9b8ebac70b6d06451dc6156da
18:46:04.648  INFO  manager.ListenerWD - ********************
18:46:04.658  INFO  manager.ListenerWD - Screen with error is--->src/test/screenshots/screen-825.png
18:46:04.676  INFO  tests.TestBase - Name of method ---> searchCurrentMonthSuccess
18:46:04.678  INFO  manager.ListenerWD - Before Find Element---> By.cssSelector: a.logo
18:46:04.713  INFO  manager.ListenerWD - After Find Element---> By.cssSelector: a.logo
18:46:04.733  INFO  manager.ListenerWD - Location of element ---> (153, 16)
18:46:05.828  INFO  manager.ListenerWD - Huston we have a problem
18:46:05.829  INFO  manager.ListenerWD - Object target ---> [[ChromeDriver: chrome on WINDOWS (619cf3a9b8ebac70b6d06451dc6156da)] -> css selector: a.logo]
18:46:05.829  INFO  manager.ListenerWD - ********************
18:46:05.829  INFO  manager.ListenerWD - Method name--->click
18:46:05.830  INFO  manager.ListenerWD - ********************
18:46:05.830  INFO  manager.ListenerWD - ********************
18:46:05.830  INFO  manager.ListenerWD - ********************
18:46:05.831  INFO  manager.ListenerWD - ********************
18:46:05.831  INFO  manager.ListenerWD - InvocationTargetException3org.openqa.selenium.ElementClickInterceptedException: element click intercepted: Element <a _ngcontent-tyf-c44="" href="/" class="logo">...</a> is not clickable at point (245, 34). Other element would receive the click: <button mat-button="" type="button" cdkarialive="polite" class="mat-focus-indicator mat-calendar-period-button mat-button mat-button-base" ng-reflect-politeness="polite" aria-label="Choose month and year">...</button>
  (Session info: chrome=112.0.5615.138)
Build info: version: '4.7.0', revision: '0a5b49d16f'
System info: os.name: 'Windows 10', os.arch: 'amd64', os.version: '10.0', java.version: '11.0.18'
Driver info: org.openqa.selenium.chrome.ChromeDriver
Command: [619cf3a9b8ebac70b6d06451dc6156da, clickElement {id=c2787ce8-17a2-48cf-b6ff-bbe751d64602}]
Capabilities {acceptInsecureCerts: false, browserName: chrome, browserVersion: 112.0.5615.138, chrome: {chromedriverVersion: 112.0.5615.49 (bd2a7bcb881c..., userDataDir: C:\Users\honor\AppData\Loca...}, goog:chromeOptions: {debuggerAddress: localhost:50639}, networkConnectionEnabled: false, pageLoadStrategy: normal, platformName: WINDOWS, proxy: Proxy(), se:cdp: ws://localhost:50639/devtoo..., se:cdpVersion: 112.0.5615.138, setWindowRect: true, strictFileInteractability: false, timeouts: {implicit: 0, pageLoad: 300000, script: 30000}, unhandledPromptBehavior: dismiss and notify, webauthn:extension:credBlob: true, webauthn:extension:largeBlob: true, webauthn:extension:minPinLength: true, webauthn:extension:prf: true, webauthn:virtualAuthenticators: true}
Element: [[ChromeDriver: chrome on WINDOWS (619cf3a9b8ebac70b6d06451dc6156da)] -> css selector: a.logo]
Session ID: 619cf3a9b8ebac70b6d06451dc6156da
18:46:05.832  INFO  manager.ListenerWD - ********************
18:46:05.833  INFO  manager.ListenerWD - Screen with error is--->src/test/screenshots/screen-678.png
