18:41:13.526  INFO  manager.ApplicationManager - All tests run in Chrome Browser
18:41:16.014  INFO  manager.ApplicationManager - The link --->https://ilcarro.web.app/search
18:41:16.082  INFO  tests.TestBase - Name of method ---> searchAnyPeriodSuccess
18:41:16.086  INFO  manager.ListenerWD - Before Find Element---> By.cssSelector: a.logo
18:41:16.159  INFO  manager.ListenerWD - After Find Element---> By.cssSelector: a.logo
18:41:16.190  INFO  manager.ListenerWD - Location of element ---> (153, 16)
18:41:16.589  INFO  manager.ListenerWD - Before Find Element---> By.id: city
18:41:16.640  INFO  manager.ListenerWD - After Find Element---> By.id: city
18:41:16.664  INFO  manager.ListenerWD - Location of element ---> (153, 234)
18:41:17.005  INFO  manager.ListenerWD - Before Find Element---> By.cssSelector: .pac-item
18:41:17.678  INFO  manager.ListenerWD - After Find Element---> By.cssSelector: .pac-item
18:41:17.698  INFO  manager.ListenerWD - Location of element ---> (154, 279)
18:41:17.767  INFO  manager.ListenerWD - Before Find Element---> By.id: dates
18:41:17.808  INFO  manager.ListenerWD - After Find Element---> By.id: dates
18:41:17.826  INFO  manager.ListenerWD - Location of element ---> (153, 327)
18:41:18.030  INFO  manager.ListenerWD - Before Find Element---> By.cssSelector: [aria-label='Next month']
18:41:18.075  INFO  manager.ListenerWD - After Find Element---> By.cssSelector: [aria-label='Next month']
18:41:18.094  INFO  manager.ListenerWD - Location of element ---> (404, 38)
18:41:18.207  INFO  manager.ListenerWD - Before Find Element---> By.cssSelector: [aria-label='Next month']
18:41:18.244  INFO  manager.ListenerWD - After Find Element---> By.cssSelector: [aria-label='Next month']
18:41:18.257  INFO  manager.ListenerWD - Location of element ---> (404, 30)
18:41:18.351  INFO  manager.ListenerWD - Before Find Element---> By.cssSelector: [aria-label='Next month']
18:41:18.382  INFO  manager.ListenerWD - After Find Element---> By.cssSelector: [aria-label='Next month']
18:41:18.396  INFO  manager.ListenerWD - Location of element ---> (404, 30)
18:41:18.476  INFO  manager.ListenerWD - Before Find Element---> By.cssSelector: [aria-label='Next month']
18:41:18.507  INFO  manager.ListenerWD - After Find Element---> By.cssSelector: [aria-label='Next month']
18:41:18.520  INFO  manager.ListenerWD - Location of element ---> (404, 30)
18:41:18.598  INFO  manager.ListenerWD - Before Find Element---> By.cssSelector: [aria-label='Next month']
18:41:18.637  INFO  manager.ListenerWD - After Find Element---> By.cssSelector: [aria-label='Next month']
18:41:18.652  INFO  manager.ListenerWD - Location of element ---> (404, 30)
18:41:18.732  INFO  manager.ListenerWD - Before Find Element---> By.cssSelector: [aria-label='Next month']
18:41:18.766  INFO  manager.ListenerWD - After Find Element---> By.cssSelector: [aria-label='Next month']
18:41:18.782  INFO  manager.ListenerWD - Location of element ---> (404, 30)
18:41:18.860  INFO  manager.ListenerWD - Before Find Element---> By.xpath: //div[text()=' 27 ']
18:41:18.904  INFO  manager.ListenerWD - After Find Element---> By.xpath: //div[text()=' 27 ']
18:41:18.925  INFO  manager.ListenerWD - Location of element ---> (363, 274)
18:41:19.021  INFO  manager.ListenerWD - Before Find Element---> By.xpath: //div[text()=' 28 ']
18:41:19.058  INFO  manager.ListenerWD - After Find Element---> By.xpath: //div[text()=' 28 ']
18:41:19.076  INFO  manager.ListenerWD - Location of element ---> (403, 274)
18:41:19.170  INFO  manager.ListenerWD - Before Find Element---> By.xpath: //button[@type='submit']
18:41:19.213  INFO  manager.ListenerWD - After Find Element---> By.xpath: //button[@type='submit']
18:41:19.231  INFO  manager.ListenerWD - Location of element ---> (153, 366)
18:41:19.408  INFO  manager.ListenerWD - Before Find Element---> By.cssSelector: .car-container
18:41:25.683  INFO  manager.ListenerWD - After Find Element---> By.cssSelector: .car-container
18:41:25.690  INFO  manager.ListenerWD - List of elements is ---> 454
18:41:25.706  INFO  tests.TestBase - Name of method ---> searchCurrentMonthSuccess
18:41:25.708  INFO  manager.ListenerWD - Before Find Element---> By.cssSelector: a.logo
18:41:25.746  INFO  manager.ListenerWD - After Find Element---> By.cssSelector: a.logo
18:41:25.767  INFO  manager.ListenerWD - Location of element ---> (153, 16)
18:41:26.306  INFO  manager.ListenerWD - Before Find Element---> By.id: city
18:41:26.332  INFO  manager.ListenerWD - After Find Element---> By.id: city
18:41:26.350  INFO  manager.ListenerWD - Location of element ---> (153, 234)
18:41:26.652  INFO  manager.ListenerWD - Before Find Element---> By.cssSelector: .pac-item
18:41:26.746  INFO  manager.ListenerWD - After Find Element---> By.cssSelector: .pac-item
18:41:26.777  INFO  manager.ListenerWD - Huston we have a problem
18:41:26.779  INFO  manager.ListenerWD - Object target ---> [[ChromeDriver: chrome on WINDOWS (336af369cd5605f2b08512833ad24e0f)] -> css selector: .pac-item]
18:41:26.779  INFO  manager.ListenerWD - ********************
18:41:26.780  INFO  manager.ListenerWD - Method name--->getLocation
18:41:26.780  INFO  manager.ListenerWD - ********************
18:41:26.781  INFO  manager.ListenerWD - ********************
18:41:26.781  INFO  manager.ListenerWD - ********************
18:41:26.782  INFO  manager.ListenerWD - ********************
18:41:26.786  INFO  manager.ListenerWD - InvocationTargetException3org.openqa.selenium.StaleElementReferenceException: stale element reference: element is not attached to the page document
  (Session info: chrome=112.0.5615.138)
For documentation on this error, please visit: https://selenium.dev/exceptions/#stale_element_reference
Build info: version: '4.7.0', revision: '0a5b49d16f'
System info: os.name: 'Windows 10', os.arch: 'amd64', os.version: '10.0', java.version: '11.0.18'
Driver info: org.openqa.selenium.chrome.ChromeDriver
Command: [336af369cd5605f2b08512833ad24e0f, getElementRect {id=67653a6d-4076-499d-be90-2dce30ea5840}]
Capabilities {acceptInsecureCerts: false, browserName: chrome, browserVersion: 112.0.5615.138, chrome: {chromedriverVersion: 112.0.5615.49 (bd2a7bcb881c..., userDataDir: C:\Users\honor\AppData\Loca...}, goog:chromeOptions: {debuggerAddress: localhost:50285}, networkConnectionEnabled: false, pageLoadStrategy: normal, platformName: WINDOWS, proxy: Proxy(), se:cdp: ws://localhost:50285/devtoo..., se:cdpVersion: 112.0.5615.138, setWindowRect: true, strictFileInteractability: false, timeouts: {implicit: 0, pageLoad: 300000, script: 30000}, unhandledPromptBehavior: dismiss and notify, webauthn:extension:credBlob: true, webauthn:extension:largeBlob: true, webauthn:extension:minPinLength: true, webauthn:extension:prf: true, webauthn:virtualAuthenticators: true}
Element: [[ChromeDriver: chrome on WINDOWS (336af369cd5605f2b08512833ad24e0f)] -> css selector: .pac-item]
Session ID: 336af369cd5605f2b08512833ad24e0f
18:41:26.789  INFO  manager.ListenerWD - ********************
18:41:26.800  INFO  manager.ListenerWD - Screen with error is--->src/test/screenshots/screen-698.png
18:41:26.887  INFO  manager.ListenerWD - Huston we have a problem
18:41:26.888  INFO  manager.ListenerWD - Object target ---> [[ChromeDriver: chrome on WINDOWS (336af369cd5605f2b08512833ad24e0f)] -> css selector: .pac-item]
18:41:26.888  INFO  manager.ListenerWD - ********************
18:41:26.888  INFO  manager.ListenerWD - Method name--->click
18:41:26.889  INFO  manager.ListenerWD - ********************
18:41:26.889  INFO  manager.ListenerWD - ********************
18:41:26.890  INFO  manager.ListenerWD - ********************
18:41:26.890  INFO  manager.ListenerWD - ********************
18:41:26.890  INFO  manager.ListenerWD - InvocationTargetException3org.openqa.selenium.StaleElementReferenceException: stale element reference: element is not attached to the page document
  (Session info: chrome=112.0.5615.138)
For documentation on this error, please visit: https://selenium.dev/exceptions/#stale_element_reference
Build info: version: '4.7.0', revision: '0a5b49d16f'
System info: os.name: 'Windows 10', os.arch: 'amd64', os.version: '10.0', java.version: '11.0.18'
Driver info: org.openqa.selenium.chrome.ChromeDriver
Command: [336af369cd5605f2b08512833ad24e0f, clickElement {id=67653a6d-4076-499d-be90-2dce30ea5840}]
Capabilities {acceptInsecureCerts: false, browserName: chrome, browserVersion: 112.0.5615.138, chrome: {chromedriverVersion: 112.0.5615.49 (bd2a7bcb881c..., userDataDir: C:\Users\honor\AppData\Loca...}, goog:chromeOptions: {debuggerAddress: localhost:50285}, networkConnectionEnabled: false, pageLoadStrategy: normal, platformName: WINDOWS, proxy: Proxy(), se:cdp: ws://localhost:50285/devtoo..., se:cdpVersion: 112.0.5615.138, setWindowRect: true, strictFileInteractability: false, timeouts: {implicit: 0, pageLoad: 300000, script: 30000}, unhandledPromptBehavior: dismiss and notify, webauthn:extension:credBlob: true, webauthn:extension:largeBlob: true, webauthn:extension:minPinLength: true, webauthn:extension:prf: true, webauthn:virtualAuthenticators: true}
Element: [[ChromeDriver: chrome on WINDOWS (336af369cd5605f2b08512833ad24e0f)] -> css selector: .pac-item]
Session ID: 336af369cd5605f2b08512833ad24e0f
18:41:26.891  INFO  manager.ListenerWD - ********************
18:41:26.892  INFO  manager.ListenerWD - Screen with error is--->src/test/screenshots/screen-56.png
18:41:26.903  INFO  tests.TestBase - Name of method ---> searchCurrentYearSuccess
18:41:26.905  INFO  manager.ListenerWD - Before Find Element---> By.cssSelector: a.logo
18:41:26.972  INFO  manager.ListenerWD - After Find Element---> By.cssSelector: a.logo
18:41:27.061  INFO  manager.ListenerWD - Location of element ---> (153, 16)
18:41:27.626  INFO  manager.ListenerWD - Before Find Element---> By.id: city
18:41:27.674  INFO  manager.ListenerWD - After Find Element---> By.id: city
18:41:27.701  INFO  manager.ListenerWD - Location of element ---> (153, 234)
18:41:28.041  INFO  manager.ListenerWD - Before Find Element---> By.cssSelector: .pac-item
18:41:28.194  INFO  manager.ListenerWD - After Find Element---> By.cssSelector: .pac-item
18:41:28.211  INFO  manager.ListenerWD - Location of element ---> (154, 279)
18:41:28.278  INFO  manager.ListenerWD - Before Find Element---> By.id: dates
18:41:28.301  INFO  manager.ListenerWD - After Find Element---> By.id: dates
18:41:28.317  INFO  manager.ListenerWD - Location of element ---> (153, 308)
18:41:28.463  INFO  manager.ListenerWD - Before Find Element---> By.cssSelector: [aria-label='Next month']
18:41:28.488  INFO  manager.ListenerWD - After Find Element---> By.cssSelector: [aria-label='Next month']
18:41:28.505  INFO  manager.ListenerWD - Location of element ---> (404, 366)
18:41:28.607  INFO  manager.ListenerWD - Before Find Element---> By.cssSelector: [aria-label='Next month']
18:41:28.628  INFO  manager.ListenerWD - After Find Element---> By.cssSelector: [aria-label='Next month']
18:41:28.642  INFO  manager.ListenerWD - Location of element ---> (404, 368)
18:41:28.727  INFO  manager.ListenerWD - Before Find Element---> By.xpath: //div[text()=' 27 ']
18:41:28.749  INFO  manager.ListenerWD - After Find Element---> By.xpath: //div[text()=' 27 ']
18:41:28.765  INFO  manager.ListenerWD - Location of element ---> (283, 612)
18:41:28.871  INFO  manager.ListenerWD - Before Find Element---> By.cssSelector: [aria-label='Next month']
18:41:28.893  INFO  manager.ListenerWD - After Find Element---> By.cssSelector: [aria-label='Next month']
18:41:28.906  INFO  manager.ListenerWD - Location of element ---> (404, 368)
18:41:28.991  INFO  manager.ListenerWD - Before Find Element---> By.cssSelector: [aria-label='Next month']
18:41:29.012  INFO  manager.ListenerWD - After Find Element---> By.cssSelector: [aria-label='Next month']
18:41:29.025  INFO  manager.ListenerWD - Location of element ---> (404, 368)
18:41:29.102  INFO  manager.ListenerWD - Before Find Element---> By.cssSelector: [aria-label='Next month']
18:41:29.124  INFO  manager.ListenerWD - After Find Element---> By.cssSelector: [aria-label='Next month']
18:41:29.138  INFO  manager.ListenerWD - Location of element ---> (404, 368)
18:41:29.220  INFO  manager.ListenerWD - Before Find Element---> By.cssSelector: [aria-label='Next month']
18:41:29.240  INFO  manager.ListenerWD - After Find Element---> By.cssSelector: [aria-label='Next month']
18:41:29.254  INFO  manager.ListenerWD - Location of element ---> (404, 368)
18:41:29.346  INFO  manager.ListenerWD - Before Find Element---> By.xpath: //div[text()=' 28 ']
18:41:29.372  INFO  manager.ListenerWD - After Find Element---> By.xpath: //div[text()=' 28 ']
18:41:29.395  INFO  manager.ListenerWD - Location of element ---> (163, 652)
18:41:29.477  INFO  manager.ListenerWD - Before Find Element---> By.xpath: //button[@type='submit']
18:41:29.502  INFO  manager.ListenerWD - After Find Element---> By.xpath: //button[@type='submit']
18:41:29.522  INFO  manager.ListenerWD - Location of element ---> (153, 366)
18:41:30.650  INFO  manager.ListenerWD - Huston we have a problem
18:41:30.651  INFO  manager.ListenerWD - Object target ---> [[ChromeDriver: chrome on WINDOWS (336af369cd5605f2b08512833ad24e0f)] -> xpath: //button[@type='submit']]
18:41:30.651  INFO  manager.ListenerWD - ********************
18:41:30.651  INFO  manager.ListenerWD - Method name--->click
18:41:30.651  INFO  manager.ListenerWD - ********************
18:41:30.652  INFO  manager.ListenerWD - ********************
18:41:30.652  INFO  manager.ListenerWD - ********************
18:41:30.652  INFO  manager.ListenerWD - ********************
18:41:30.653  INFO  manager.ListenerWD - InvocationTargetException3org.openqa.selenium.ElementClickInterceptedException: element click intercepted: Element <button _ngcontent-fda-c106="" type="submit">...</button> is not clickable at point (220, 381). Other element would receive the click: <span class="mat-button-wrapper">...</span>
  (Session info: chrome=112.0.5615.138)
Build info: version: '4.7.0', revision: '0a5b49d16f'
System info: os.name: 'Windows 10', os.arch: 'amd64', os.version: '10.0', java.version: '11.0.18'
Driver info: org.openqa.selenium.chrome.ChromeDriver
Command: [336af369cd5605f2b08512833ad24e0f, clickElement {id=740d04e9-78ec-4541-a502-0d6c65044ce2}]
Capabilities {acceptInsecureCerts: false, browserName: chrome, browserVersion: 112.0.5615.138, chrome: {chromedriverVersion: 112.0.5615.49 (bd2a7bcb881c..., userDataDir: C:\Users\honor\AppData\Loca...}, goog:chromeOptions: {debuggerAddress: localhost:50285}, networkConnectionEnabled: false, pageLoadStrategy: normal, platformName: WINDOWS, proxy: Proxy(), se:cdp: ws://localhost:50285/devtoo..., se:cdpVersion: 112.0.5615.138, setWindowRect: true, strictFileInteractability: false, timeouts: {implicit: 0, pageLoad: 300000, script: 30000}, unhandledPromptBehavior: dismiss and notify, webauthn:extension:credBlob: true, webauthn:extension:largeBlob: true, webauthn:extension:minPinLength: true, webauthn:extension:prf: true, webauthn:virtualAuthenticators: true}
Element: [[ChromeDriver: chrome on WINDOWS (336af369cd5605f2b08512833ad24e0f)] -> xpath: //button[@type='submit']]
Session ID: 336af369cd5605f2b08512833ad24e0f
18:41:30.653  INFO  manager.ListenerWD - ********************
18:41:30.653  INFO  manager.ListenerWD - Screen with error is--->src/test/screenshots/screen-135.png
